[0.783s] Invoking command in '/home/april/mobilerobotics_ws/build/aruco_opencv_msgs': CMAKE_PREFIX_PATH=/opt/ros/foxy /usr/bin/cmake --build /home/april/mobilerobotics_ws/build/aruco_opencv_msgs -- -j2 -l2
[2.298s] [  2%] Built target aruco_opencv_msgs__cpp
[2.298s] [ 12%] Built target aruco_opencv_msgs__rosidl_generator_c
[2.299s] [ 23%] Built target aruco_opencv_msgs__rosidl_typesupport_introspection_cpp
[2.299s] [ 34%] Built target aruco_opencv_msgs__rosidl_typesupport_c
[2.300s] [ 44%] Built target aruco_opencv_msgs__rosidl_typesupport_fastrtps_cpp
[2.300s] [ 55%] Built target aruco_opencv_msgs__rosidl_typesupport_introspection_c
[2.300s] [ 65%] Built target aruco_opencv_msgs__rosidl_typesupport_cpp
[2.301s] [ 76%] Built target aruco_opencv_msgs__rosidl_typesupport_fastrtps_c
[2.301s] [ 76%] Built target aruco_opencv_msgs
[2.303s] [ 78%] Built target aruco_opencv_msgs__py
[2.303s] [ 87%] Built target aruco_opencv_msgs__python
[2.432s] [ 91%] Built target aruco_opencv_msgs__rosidl_typesupport_introspection_c__pyext
[2.521s] [ 95%] Built target aruco_opencv_msgs__rosidl_typesupport_fastrtps_c__pyext
[2.560s] [100%] Built target aruco_opencv_msgs__rosidl_typesupport_c__pyext
[2.614s] Invoked command in '/home/april/mobilerobotics_ws/build/aruco_opencv_msgs' returned '0': CMAKE_PREFIX_PATH=/opt/ros/foxy /usr/bin/cmake --build /home/april/mobilerobotics_ws/build/aruco_opencv_msgs -- -j2 -l2
[3.282s] Invoking command in '/home/april/mobilerobotics_ws/build/aruco_opencv_msgs': CMAKE_PREFIX_PATH=/opt/ros/foxy /usr/bin/cmake --install /home/april/mobilerobotics_ws/build/aruco_opencv_msgs
[3.366s] -- Install configuration: ""
[3.366s] -- Up-to-date: /home/april/mobilerobotics_ws/install/aruco_opencv_msgs/share/ament_index/resource_index/rosidl_interfaces/aruco_opencv_msgs
[3.367s] -- Up-to-date: /home/april/mobilerobotics_ws/install/aruco_opencv_msgs/include/aruco_opencv_msgs
[3.368s] -- Up-to-date: /home/april/mobilerobotics_ws/install/aruco_opencv_msgs/include/aruco_opencv_msgs/msg
[3.369s] -- Up-to-date: /home/april/mobilerobotics_ws/install/aruco_opencv_msgs/include/aruco_opencv_msgs/msg/rosidl_generator_c__visibility_control.h
[3.370s] -- Up-to-date: /home/april/mobilerobotics_ws/install/aruco_opencv_msgs/include/aruco_opencv_msgs/msg/detail
[3.371s] -- Up-to-date: /home/april/mobilerobotics_ws/install/aruco_opencv_msgs/include/aruco_opencv_msgs/msg/detail/aruco_detection__struct.h
[3.372s] -- Up-to-date: /home/april/mobilerobotics_ws/install/aruco_opencv_msgs/include/aruco_opencv_msgs/msg/detail/aruco_detection__functions.h
[3.373s] -- Up-to-date: /home/april/mobilerobotics_ws/install/aruco_opencv_msgs/include/aruco_opencv_msgs/msg/detail/board_pose__functions.h
[3.374s] -- Up-to-date: /home/april/mobilerobotics_ws/install/aruco_opencv_msgs/include/aruco_opencv_msgs/msg/detail/board_pose__functions.c
[3.374s] -- Up-to-date: /home/april/mobilerobotics_ws/install/aruco_opencv_msgs/include/aruco_opencv_msgs/msg/detail/marker_pose__struct.h
[3.376s] -- Up-to-date: /home/april/mobilerobotics_ws/install/aruco_opencv_msgs/include/aruco_opencv_msgs/msg/detail/marker_pose__functions.h
[3.377s] -- Up-to-date: /home/april/mobilerobotics_ws/install/aruco_opencv_msgs/include/aruco_opencv_msgs/msg/detail/board_pose__type_support.h
[3.378s] -- Up-to-date: /home/april/mobilerobotics_ws/install/aruco_opencv_msgs/include/aruco_opencv_msgs/msg/detail/marker_pose__type_support.h
[3.379s] -- Up-to-date: /home/april/mobilerobotics_ws/install/aruco_opencv_msgs/include/aruco_opencv_msgs/msg/detail/marker_pose__functions.c
[3.379s] -- Up-to-date: /home/april/mobilerobotics_ws/install/aruco_opencv_msgs/include/aruco_opencv_msgs/msg/detail/board_pose__struct.h
[3.380s] -- Up-to-date: /home/april/mobilerobotics_ws/install/aruco_opencv_msgs/include/aruco_opencv_msgs/msg/detail/aruco_detection__functions.c
[3.381s] -- Up-to-date: /home/april/mobilerobotics_ws/install/aruco_opencv_msgs/include/aruco_opencv_msgs/msg/detail/aruco_detection__type_support.h
[3.383s] -- Up-to-date: /home/april/mobilerobotics_ws/install/aruco_opencv_msgs/include/aruco_opencv_msgs/msg/aruco_detection.h
[3.384s] -- Up-to-date: /home/april/mobilerobotics_ws/install/aruco_opencv_msgs/include/aruco_opencv_msgs/msg/marker_pose.h
[3.385s] -- Up-to-date: /home/april/mobilerobotics_ws/install/aruco_opencv_msgs/include/aruco_opencv_msgs/msg/board_pose.h
[3.390s] -- Up-to-date: /home/april/mobilerobotics_ws/install/aruco_opencv_msgs/share/aruco_opencv_msgs/environment/library_path.sh
[3.392s] -- Up-to-date: /home/april/mobilerobotics_ws/install/aruco_opencv_msgs/share/aruco_opencv_msgs/environment/library_path.dsv
[3.392s] -- Up-to-date: /home/april/mobilerobotics_ws/install/aruco_opencv_msgs/lib/libaruco_opencv_msgs__rosidl_generator_c.so
[3.401s] -- Up-to-date: /home/april/mobilerobotics_ws/install/aruco_opencv_msgs/include/aruco_opencv_msgs
[3.401s] -- Up-to-date: /home/april/mobilerobotics_ws/install/aruco_opencv_msgs/include/aruco_opencv_msgs/msg
[3.402s] -- Up-to-date: /home/april/mobilerobotics_ws/install/aruco_opencv_msgs/include/aruco_opencv_msgs/msg/detail
[3.402s] -- Up-to-date: /home/april/mobilerobotics_ws/install/aruco_opencv_msgs/include/aruco_opencv_msgs/msg/detail/aruco_detection__rosidl_typesupport_fastrtps_c.h
[3.402s] -- Up-to-date: /home/april/mobilerobotics_ws/install/aruco_opencv_msgs/include/aruco_opencv_msgs/msg/detail/board_pose__rosidl_typesupport_fastrtps_c.h
[3.403s] -- Up-to-date: /home/april/mobilerobotics_ws/install/aruco_opencv_msgs/include/aruco_opencv_msgs/msg/detail/marker_pose__rosidl_typesupport_fastrtps_c.h
[3.403s] -- Up-to-date: /home/april/mobilerobotics_ws/install/aruco_opencv_msgs/include/aruco_opencv_msgs/msg/rosidl_typesupport_fastrtps_c__visibility_control.h
[3.404s] -- Up-to-date: /home/april/mobilerobotics_ws/install/aruco_opencv_msgs/lib/libaruco_opencv_msgs__rosidl_typesupport_fastrtps_c.so
[3.409s] -- Up-to-date: /home/april/mobilerobotics_ws/install/aruco_opencv_msgs/include/aruco_opencv_msgs
[3.410s] -- Up-to-date: /home/april/mobilerobotics_ws/install/aruco_opencv_msgs/include/aruco_opencv_msgs/msg
[3.411s] -- Up-to-date: /home/april/mobilerobotics_ws/install/aruco_opencv_msgs/include/aruco_opencv_msgs/msg/rosidl_typesupport_fastrtps_cpp__visibility_control.h
[3.411s] -- Up-to-date: /home/april/mobilerobotics_ws/install/aruco_opencv_msgs/include/aruco_opencv_msgs/msg/detail
[3.412s] -- Up-to-date: /home/april/mobilerobotics_ws/install/aruco_opencv_msgs/include/aruco_opencv_msgs/msg/detail/board_pose__rosidl_typesupport_fastrtps_cpp.hpp
[3.413s] -- Up-to-date: /home/april/mobilerobotics_ws/install/aruco_opencv_msgs/include/aruco_opencv_msgs/msg/detail/dds_fastrtps
[3.414s] -- Up-to-date: /home/april/mobilerobotics_ws/install/aruco_opencv_msgs/include/aruco_opencv_msgs/msg/detail/aruco_detection__rosidl_typesupport_fastrtps_cpp.hpp
[3.415s] -- Up-to-date: /home/april/mobilerobotics_ws/install/aruco_opencv_msgs/include/aruco_opencv_msgs/msg/detail/marker_pose__rosidl_typesupport_fastrtps_cpp.hpp
[3.422s] -- Up-to-date: /home/april/mobilerobotics_ws/install/aruco_opencv_msgs/lib/libaruco_opencv_msgs__rosidl_typesupport_fastrtps_cpp.so
[3.426s] -- Up-to-date: /home/april/mobilerobotics_ws/install/aruco_opencv_msgs/include/aruco_opencv_msgs
[3.430s] -- Up-to-date: /home/april/mobilerobotics_ws/install/aruco_opencv_msgs/include/aruco_opencv_msgs/msg
[3.431s] -- Up-to-date: /home/april/mobilerobotics_ws/install/aruco_opencv_msgs/include/aruco_opencv_msgs/msg/detail
[3.432s] -- Up-to-date: /home/april/mobilerobotics_ws/install/aruco_opencv_msgs/include/aruco_opencv_msgs/msg/detail/marker_pose__rosidl_typesupport_introspection_c.h
[3.433s] -- Up-to-date: /home/april/mobilerobotics_ws/install/aruco_opencv_msgs/include/aruco_opencv_msgs/msg/detail/board_pose__rosidl_typesupport_introspection_c.h
[3.434s] -- Up-to-date: /home/april/mobilerobotics_ws/install/aruco_opencv_msgs/include/aruco_opencv_msgs/msg/detail/aruco_detection__rosidl_typesupport_introspection_c.h
[3.437s] -- Up-to-date: /home/april/mobilerobotics_ws/install/aruco_opencv_msgs/include/aruco_opencv_msgs/msg/detail/aruco_detection__type_support.c
[3.438s] -- Up-to-date: /home/april/mobilerobotics_ws/install/aruco_opencv_msgs/include/aruco_opencv_msgs/msg/detail/marker_pose__type_support.c
[3.439s] -- Up-to-date: /home/april/mobilerobotics_ws/install/aruco_opencv_msgs/include/aruco_opencv_msgs/msg/detail/board_pose__type_support.c
[3.440s] -- Up-to-date: /home/april/mobilerobotics_ws/install/aruco_opencv_msgs/include/aruco_opencv_msgs/msg/rosidl_typesupport_introspection_c__visibility_control.h
[3.444s] -- Up-to-date: /home/april/mobilerobotics_ws/install/aruco_opencv_msgs/lib/libaruco_opencv_msgs__rosidl_typesupport_introspection_c.so
[3.450s] -- Up-to-date: /home/april/mobilerobotics_ws/install/aruco_opencv_msgs/lib/libaruco_opencv_msgs__rosidl_typesupport_c.so
[3.451s] -- Up-to-date: /home/april/mobilerobotics_ws/install/aruco_opencv_msgs/include/aruco_opencv_msgs
[3.451s] -- Up-to-date: /home/april/mobilerobotics_ws/install/aruco_opencv_msgs/include/aruco_opencv_msgs/msg
[3.452s] -- Up-to-date: /home/april/mobilerobotics_ws/install/aruco_opencv_msgs/include/aruco_opencv_msgs/msg/detail
[3.452s] -- Up-to-date: /home/april/mobilerobotics_ws/install/aruco_opencv_msgs/include/aruco_opencv_msgs/msg/detail/board_pose__traits.hpp
[3.452s] -- Up-to-date: /home/april/mobilerobotics_ws/install/aruco_opencv_msgs/include/aruco_opencv_msgs/msg/detail/board_pose__type_support.hpp
[3.453s] -- Up-to-date: /home/april/mobilerobotics_ws/install/aruco_opencv_msgs/include/aruco_opencv_msgs/msg/detail/aruco_detection__builder.hpp
[3.454s] -- Up-to-date: /home/april/mobilerobotics_ws/install/aruco_opencv_msgs/include/aruco_opencv_msgs/msg/detail/aruco_detection__type_support.hpp
[3.455s] -- Up-to-date: /home/april/mobilerobotics_ws/install/aruco_opencv_msgs/include/aruco_opencv_msgs/msg/detail/marker_pose__traits.hpp
[3.456s] -- Up-to-date: /home/april/mobilerobotics_ws/install/aruco_opencv_msgs/include/aruco_opencv_msgs/msg/detail/board_pose__builder.hpp
[3.456s] -- Up-to-date: /home/april/mobilerobotics_ws/install/aruco_opencv_msgs/include/aruco_opencv_msgs/msg/detail/marker_pose__builder.hpp
[3.457s] -- Up-to-date: /home/april/mobilerobotics_ws/install/aruco_opencv_msgs/include/aruco_opencv_msgs/msg/detail/marker_pose__struct.hpp
[3.459s] -- Up-to-date: /home/april/mobilerobotics_ws/install/aruco_opencv_msgs/include/aruco_opencv_msgs/msg/detail/board_pose__struct.hpp
[3.459s] -- Up-to-date: /home/april/mobilerobotics_ws/install/aruco_opencv_msgs/include/aruco_opencv_msgs/msg/detail/aruco_detection__traits.hpp
[3.460s] -- Up-to-date: /home/april/mobilerobotics_ws/install/aruco_opencv_msgs/include/aruco_opencv_msgs/msg/detail/aruco_detection__struct.hpp
[3.461s] -- Up-to-date: /home/april/mobilerobotics_ws/install/aruco_opencv_msgs/include/aruco_opencv_msgs/msg/detail/marker_pose__type_support.hpp
[3.462s] -- Up-to-date: /home/april/mobilerobotics_ws/install/aruco_opencv_msgs/include/aruco_opencv_msgs/msg/aruco_detection.hpp
[3.463s] -- Up-to-date: /home/april/mobilerobotics_ws/install/aruco_opencv_msgs/include/aruco_opencv_msgs/msg/rosidl_generator_cpp__visibility_control.hpp
[3.464s] -- Up-to-date: /home/april/mobilerobotics_ws/install/aruco_opencv_msgs/include/aruco_opencv_msgs/msg/board_pose.hpp
[3.465s] -- Up-to-date: /home/april/mobilerobotics_ws/install/aruco_opencv_msgs/include/aruco_opencv_msgs/msg/marker_pose.hpp
[3.466s] -- Up-to-date: /home/april/mobilerobotics_ws/install/aruco_opencv_msgs/include/aruco_opencv_msgs
[3.467s] -- Up-to-date: /home/april/mobilerobotics_ws/install/aruco_opencv_msgs/include/aruco_opencv_msgs/msg
[3.468s] -- Up-to-date: /home/april/mobilerobotics_ws/install/aruco_opencv_msgs/include/aruco_opencv_msgs/msg/detail
[3.469s] -- Up-to-date: /home/april/mobilerobotics_ws/install/aruco_opencv_msgs/include/aruco_opencv_msgs/msg/detail/aruco_detection__rosidl_typesupport_introspection_cpp.hpp
[3.470s] -- Up-to-date: /home/april/mobilerobotics_ws/install/aruco_opencv_msgs/include/aruco_opencv_msgs/msg/detail/marker_pose__rosidl_typesupport_introspection_cpp.hpp
[3.471s] -- Up-to-date: /home/april/mobilerobotics_ws/install/aruco_opencv_msgs/include/aruco_opencv_msgs/msg/detail/board_pose__rosidl_typesupport_introspection_cpp.hpp
[3.472s] -- Up-to-date: /home/april/mobilerobotics_ws/install/aruco_opencv_msgs/include/aruco_opencv_msgs/msg/detail/aruco_detection__type_support.cpp
[3.473s] -- Up-to-date: /home/april/mobilerobotics_ws/install/aruco_opencv_msgs/include/aruco_opencv_msgs/msg/detail/marker_pose__type_support.cpp
[3.473s] -- Up-to-date: /home/april/mobilerobotics_ws/install/aruco_opencv_msgs/include/aruco_opencv_msgs/msg/detail/board_pose__type_support.cpp
[3.479s] -- Up-to-date: /home/april/mobilerobotics_ws/install/aruco_opencv_msgs/lib/libaruco_opencv_msgs__rosidl_typesupport_introspection_cpp.so
[3.485s] -- Up-to-date: /home/april/mobilerobotics_ws/install/aruco_opencv_msgs/lib/libaruco_opencv_msgs__rosidl_typesupport_cpp.so
[3.489s] -- Up-to-date: /home/april/mobilerobotics_ws/install/aruco_opencv_msgs/share/aruco_opencv_msgs/environment/pythonpath.sh
[3.490s] -- Up-to-date: /home/april/mobilerobotics_ws/install/aruco_opencv_msgs/share/aruco_opencv_msgs/environment/pythonpath.dsv
[3.492s] -- Up-to-date: /home/april/mobilerobotics_ws/install/aruco_opencv_msgs/lib/python3.8/site-packages/aruco_opencv_msgs/__init__.py
[3.597s] -- Up-to-date: /home/april/mobilerobotics_ws/install/aruco_opencv_msgs/lib/python3.8/site-packages/aruco_opencv_msgs/msg
[3.598s] -- Up-to-date: /home/april/mobilerobotics_ws/install/aruco_opencv_msgs/lib/python3.8/site-packages/aruco_opencv_msgs/msg/_marker_pose.py
[3.598s] -- Up-to-date: /home/april/mobilerobotics_ws/install/aruco_opencv_msgs/lib/python3.8/site-packages/aruco_opencv_msgs/msg/_aruco_detection.py
[3.598s] -- Up-to-date: /home/april/mobilerobotics_ws/install/aruco_opencv_msgs/lib/python3.8/site-packages/aruco_opencv_msgs/msg/_board_pose_s.c
[3.598s] -- Up-to-date: /home/april/mobilerobotics_ws/install/aruco_opencv_msgs/lib/python3.8/site-packages/aruco_opencv_msgs/msg/__init__.py
[3.598s] -- Up-to-date: /home/april/mobilerobotics_ws/install/aruco_opencv_msgs/lib/python3.8/site-packages/aruco_opencv_msgs/msg/_aruco_detection_s.c
[3.598s] -- Up-to-date: /home/april/mobilerobotics_ws/install/aruco_opencv_msgs/lib/python3.8/site-packages/aruco_opencv_msgs/msg/_board_pose.py
[3.598s] -- Up-to-date: /home/april/mobilerobotics_ws/install/aruco_opencv_msgs/lib/python3.8/site-packages/aruco_opencv_msgs/msg/_marker_pose_s.c
[3.598s] -- Up-to-date: /home/april/mobilerobotics_ws/install/aruco_opencv_msgs/lib/python3.8/site-packages/aruco_opencv_msgs/aruco_opencv_msgs_s__rosidl_typesupport_fastrtps_c.cpython-38-x86_64-linux-gnu.so
[3.599s] -- Up-to-date: /home/april/mobilerobotics_ws/install/aruco_opencv_msgs/lib/python3.8/site-packages/aruco_opencv_msgs/aruco_opencv_msgs_s__rosidl_typesupport_introspection_c.cpython-38-x86_64-linux-gnu.so
[3.599s] -- Up-to-date: /home/april/mobilerobotics_ws/install/aruco_opencv_msgs/lib/python3.8/site-packages/aruco_opencv_msgs/aruco_opencv_msgs_s__rosidl_typesupport_c.cpython-38-x86_64-linux-gnu.so
[3.603s] -- Up-to-date: /home/april/mobilerobotics_ws/install/aruco_opencv_msgs/lib/libaruco_opencv_msgs__python.so
[3.607s] -- Up-to-date: /home/april/mobilerobotics_ws/install/aruco_opencv_msgs/share/aruco_opencv_msgs/msg/ArucoDetection.idl
[3.608s] -- Up-to-date: /home/april/mobilerobotics_ws/install/aruco_opencv_msgs/share/aruco_opencv_msgs/msg/BoardPose.idl
[3.609s] -- Up-to-date: /home/april/mobilerobotics_ws/install/aruco_opencv_msgs/share/aruco_opencv_msgs/msg/MarkerPose.idl
[3.610s] -- Up-to-date: /home/april/mobilerobotics_ws/install/aruco_opencv_msgs/share/aruco_opencv_msgs/msg/ArucoDetection.msg
[3.611s] -- Up-to-date: /home/april/mobilerobotics_ws/install/aruco_opencv_msgs/share/aruco_opencv_msgs/msg/BoardPose.msg
[3.612s] -- Up-to-date: /home/april/mobilerobotics_ws/install/aruco_opencv_msgs/share/aruco_opencv_msgs/msg/MarkerPose.msg
[3.613s] -- Up-to-date: /home/april/mobilerobotics_ws/install/aruco_opencv_msgs/share/ament_index/resource_index/package_run_dependencies/aruco_opencv_msgs
[3.614s] -- Up-to-date: /home/april/mobilerobotics_ws/install/aruco_opencv_msgs/share/ament_index/resource_index/parent_prefix_path/aruco_opencv_msgs
[3.615s] -- Up-to-date: /home/april/mobilerobotics_ws/install/aruco_opencv_msgs/share/aruco_opencv_msgs/environment/ament_prefix_path.sh
[3.615s] -- Up-to-date: /home/april/mobilerobotics_ws/install/aruco_opencv_msgs/share/aruco_opencv_msgs/environment/ament_prefix_path.dsv
[3.616s] -- Up-to-date: /home/april/mobilerobotics_ws/install/aruco_opencv_msgs/share/aruco_opencv_msgs/environment/path.sh
[3.617s] -- Up-to-date: /home/april/mobilerobotics_ws/install/aruco_opencv_msgs/share/aruco_opencv_msgs/environment/path.dsv
[3.618s] -- Up-to-date: /home/april/mobilerobotics_ws/install/aruco_opencv_msgs/share/aruco_opencv_msgs/local_setup.bash
[3.619s] -- Up-to-date: /home/april/mobilerobotics_ws/install/aruco_opencv_msgs/share/aruco_opencv_msgs/local_setup.sh
[3.620s] -- Up-to-date: /home/april/mobilerobotics_ws/install/aruco_opencv_msgs/share/aruco_opencv_msgs/local_setup.zsh
[3.622s] -- Up-to-date: /home/april/mobilerobotics_ws/install/aruco_opencv_msgs/share/aruco_opencv_msgs/local_setup.dsv
[3.623s] -- Installing: /home/april/mobilerobotics_ws/install/aruco_opencv_msgs/share/aruco_opencv_msgs/package.dsv
[3.629s] -- Up-to-date: /home/april/mobilerobotics_ws/install/aruco_opencv_msgs/share/ament_index/resource_index/packages/aruco_opencv_msgs
[3.630s] -- Up-to-date: /home/april/mobilerobotics_ws/install/aruco_opencv_msgs/share/aruco_opencv_msgs/cmake/aruco_opencv_msgs__rosidl_generator_cExport.cmake
[3.631s] -- Up-to-date: /home/april/mobilerobotics_ws/install/aruco_opencv_msgs/share/aruco_opencv_msgs/cmake/aruco_opencv_msgs__rosidl_generator_cExport-noconfig.cmake
[3.631s] -- Up-to-date: /home/april/mobilerobotics_ws/install/aruco_opencv_msgs/share/aruco_opencv_msgs/cmake/aruco_opencv_msgs__rosidl_typesupport_introspection_cExport.cmake
[3.632s] -- Up-to-date: /home/april/mobilerobotics_ws/install/aruco_opencv_msgs/share/aruco_opencv_msgs/cmake/aruco_opencv_msgs__rosidl_typesupport_introspection_cExport-noconfig.cmake
[3.632s] -- Up-to-date: /home/april/mobilerobotics_ws/install/aruco_opencv_msgs/share/aruco_opencv_msgs/cmake/aruco_opencv_msgs__rosidl_typesupport_cExport.cmake
[3.633s] -- Up-to-date: /home/april/mobilerobotics_ws/install/aruco_opencv_msgs/share/aruco_opencv_msgs/cmake/aruco_opencv_msgs__rosidl_typesupport_cExport-noconfig.cmake
[3.633s] -- Up-to-date: /home/april/mobilerobotics_ws/install/aruco_opencv_msgs/share/aruco_opencv_msgs/cmake/aruco_opencv_msgs__rosidl_generator_cppExport.cmake
[3.636s] -- Up-to-date: /home/april/mobilerobotics_ws/install/aruco_opencv_msgs/share/aruco_opencv_msgs/cmake/aruco_opencv_msgs__rosidl_typesupport_introspection_cppExport.cmake
[3.637s] -- Up-to-date: /home/april/mobilerobotics_ws/install/aruco_opencv_msgs/share/aruco_opencv_msgs/cmake/aruco_opencv_msgs__rosidl_typesupport_introspection_cppExport-noconfig.cmake
[3.639s] -- Up-to-date: /home/april/mobilerobotics_ws/install/aruco_opencv_msgs/share/aruco_opencv_msgs/cmake/aruco_opencv_msgs__rosidl_typesupport_cppExport.cmake
[3.640s] -- Up-to-date: /home/april/mobilerobotics_ws/install/aruco_opencv_msgs/share/aruco_opencv_msgs/cmake/aruco_opencv_msgs__rosidl_typesupport_cppExport-noconfig.cmake
[3.641s] -- Up-to-date: /home/april/mobilerobotics_ws/install/aruco_opencv_msgs/share/aruco_opencv_msgs/cmake/rosidl_cmake-extras.cmake
[3.642s] -- Up-to-date: /home/april/mobilerobotics_ws/install/aruco_opencv_msgs/share/aruco_opencv_msgs/cmake/ament_cmake_export_dependencies-extras.cmake
[3.643s] -- Up-to-date: /home/april/mobilerobotics_ws/install/aruco_opencv_msgs/share/aruco_opencv_msgs/cmake/ament_cmake_export_libraries-extras.cmake
[3.644s] -- Up-to-date: /home/april/mobilerobotics_ws/install/aruco_opencv_msgs/share/aruco_opencv_msgs/cmake/ament_cmake_export_targets-extras.cmake
[3.645s] -- Up-to-date: /home/april/mobilerobotics_ws/install/aruco_opencv_msgs/share/aruco_opencv_msgs/cmake/ament_cmake_export_include_directories-extras.cmake
[3.646s] -- Up-to-date: /home/april/mobilerobotics_ws/install/aruco_opencv_msgs/share/aruco_opencv_msgs/cmake/rosidl_cmake_export_typesupport_libraries-extras.cmake
[3.647s] -- Up-to-date: /home/april/mobilerobotics_ws/install/aruco_opencv_msgs/share/aruco_opencv_msgs/cmake/rosidl_cmake_export_typesupport_targets-extras.cmake
[3.648s] -- Up-to-date: /home/april/mobilerobotics_ws/install/aruco_opencv_msgs/share/aruco_opencv_msgs/cmake/aruco_opencv_msgsConfig.cmake
[3.649s] -- Up-to-date: /home/april/mobilerobotics_ws/install/aruco_opencv_msgs/share/aruco_opencv_msgs/cmake/aruco_opencv_msgsConfig-version.cmake
[3.650s] -- Up-to-date: /home/april/mobilerobotics_ws/install/aruco_opencv_msgs/share/aruco_opencv_msgs/package.xml
[3.664s] Invoked command in '/home/april/mobilerobotics_ws/build/aruco_opencv_msgs' returned '0': CMAKE_PREFIX_PATH=/opt/ros/foxy /usr/bin/cmake --install /home/april/mobilerobotics_ws/build/aruco_opencv_msgs
