[5.726s] DEBUG:colcon:Command line arguments: ['/usr/bin/colcon', 'build']
[5.726s] DEBUG:colcon:Parsed command line arguments: Namespace(allow_overriding=[], ament_cmake_args=None, base_paths=['.'], build_base='build', catkin_cmake_args=None, catkin_skip_building_tests=False, cmake_args=None, cmake_clean_cache=False, cmake_clean_first=False, cmake_force_configure=False, cmake_target=None, cmake_target_skip_unavailable=False, continue_on_error=False, event_handlers=None, executor='parallel', ignore_user_meta=False, install_base='install', log_base=None, log_level=None, main=<bound method BuildVerb.main of <colcon_core.verb.build.BuildVerb object at 0x7f46ed1d5910>>, merge_install=False, metas=['./colcon.meta'], packages_above=None, packages_above_and_dependencies=None, packages_above_depth=None, packages_end=None, packages_ignore=None, packages_ignore_regex=None, packages_select=None, packages_select_build_failed=False, packages_select_by_dep=None, packages_select_regex=None, packages_select_test_failures=False, packages_skip=None, packages_skip_build_finished=False, packages_skip_by_dep=None, packages_skip_regex=None, packages_skip_test_passed=False, packages_skip_up_to=None, packages_start=None, packages_up_to=None, packages_up_to_regex=None, parallel_workers=2, paths=None, symlink_install=False, test_result_base=None, verb_extension=<colcon_core.verb.build.BuildVerb object at 0x7f46ed1d5910>, verb_name='build', verb_parser=<colcon_defaults.argument_parser.defaults.DefaultArgumentsDecorator object at 0x7f46ecffa5b0>)
[5.984s] Level 1:colcon.colcon_core.package_discovery:discover_packages(colcon_meta) check parameters
[5.984s] Level 1:colcon.colcon_core.package_discovery:discover_packages(recursive) check parameters
[5.984s] Level 1:colcon.colcon_core.package_discovery:discover_packages(ignore) check parameters
[5.984s] Level 1:colcon.colcon_core.package_discovery:discover_packages(path) check parameters
[5.985s] Level 1:colcon.colcon_core.package_discovery:discover_packages(colcon_meta) discover
[5.985s] Level 1:colcon.colcon_core.package_discovery:discover_packages(recursive) discover
[5.985s] INFO:colcon.colcon_core.package_discovery:Crawling recursively for packages in '/home/april/mobilerobotics_ws'
[5.985s] Level 1:colcon.colcon_core.package_identification:_identify(.) by extensions ['ignore', 'ignore_ament_install']
[5.986s] Level 1:colcon.colcon_core.package_identification:_identify(.) by extension 'ignore'
[5.986s] Level 1:colcon.colcon_core.package_identification:_identify(.) by extension 'ignore_ament_install'
[5.986s] Level 1:colcon.colcon_core.package_identification:_identify(.) by extensions ['colcon_pkg']
[5.986s] Level 1:colcon.colcon_core.package_identification:_identify(.) by extension 'colcon_pkg'
[5.986s] Level 1:colcon.colcon_core.package_identification:_identify(.) by extensions ['colcon_meta']
[5.987s] Level 1:colcon.colcon_core.package_identification:_identify(.) by extension 'colcon_meta'
[5.987s] Level 1:colcon.colcon_core.package_identification:_identify(.) by extensions ['ros']
[5.987s] Level 1:colcon.colcon_core.package_identification:_identify(.) by extension 'ros'
[6.044s] Level 1:colcon.colcon_core.package_identification:_identify(.) by extensions ['cmake', 'python']
[6.045s] Level 1:colcon.colcon_core.package_identification:_identify(.) by extension 'cmake'
[6.045s] Level 1:colcon.colcon_core.package_identification:_identify(.) by extension 'python'
[6.046s] Level 1:colcon.colcon_core.package_identification:_identify(.) by extensions ['python_setup_py']
[6.046s] Level 1:colcon.colcon_core.package_identification:_identify(.) by extension 'python_setup_py'
[6.047s] Level 1:colcon.colcon_core.package_identification:_identify(build) by extensions ['ignore', 'ignore_ament_install']
[6.048s] Level 1:colcon.colcon_core.package_identification:_identify(build) by extension 'ignore'
[6.048s] Level 1:colcon.colcon_core.package_identification:_identify(build) ignored
[6.049s] Level 1:colcon.colcon_core.package_identification:_identify(install) by extensions ['ignore', 'ignore_ament_install']
[6.050s] Level 1:colcon.colcon_core.package_identification:_identify(install) by extension 'ignore'
[6.050s] Level 1:colcon.colcon_core.package_identification:_identify(install) ignored
[6.052s] Level 1:colcon.colcon_core.package_identification:_identify(log) by extensions ['ignore', 'ignore_ament_install']
[6.053s] Level 1:colcon.colcon_core.package_identification:_identify(log) by extension 'ignore'
[6.053s] Level 1:colcon.colcon_core.package_identification:_identify(log) ignored
[6.054s] Level 1:colcon.colcon_core.package_identification:_identify(src) by extensions ['ignore', 'ignore_ament_install']
[6.054s] Level 1:colcon.colcon_core.package_identification:_identify(src) by extension 'ignore'
[6.055s] Level 1:colcon.colcon_core.package_identification:_identify(src) by extension 'ignore_ament_install'
[6.056s] Level 1:colcon.colcon_core.package_identification:_identify(src) by extensions ['colcon_pkg']
[6.056s] Level 1:colcon.colcon_core.package_identification:_identify(src) by extension 'colcon_pkg'
[6.056s] Level 1:colcon.colcon_core.package_identification:_identify(src) by extensions ['colcon_meta']
[6.057s] Level 1:colcon.colcon_core.package_identification:_identify(src) by extension 'colcon_meta'
[6.057s] Level 1:colcon.colcon_core.package_identification:_identify(src) by extensions ['ros']
[6.058s] Level 1:colcon.colcon_core.package_identification:_identify(src) by extension 'ros'
[6.059s] Level 1:colcon.colcon_core.package_identification:_identify(src) by extensions ['cmake', 'python']
[6.059s] Level 1:colcon.colcon_core.package_identification:_identify(src) by extension 'cmake'
[6.060s] Level 1:colcon.colcon_core.package_identification:_identify(src) by extension 'python'
[6.060s] Level 1:colcon.colcon_core.package_identification:_identify(src) by extensions ['python_setup_py']
[6.060s] Level 1:colcon.colcon_core.package_identification:_identify(src) by extension 'python_setup_py'
[6.062s] Level 1:colcon.colcon_core.package_identification:_identify(src/pathing) by extensions ['ignore', 'ignore_ament_install']
[6.062s] Level 1:colcon.colcon_core.package_identification:_identify(src/pathing) by extension 'ignore'
[6.063s] Level 1:colcon.colcon_core.package_identification:_identify(src/pathing) by extension 'ignore_ament_install'
[6.063s] Level 1:colcon.colcon_core.package_identification:_identify(src/pathing) by extensions ['colcon_pkg']
[6.064s] Level 1:colcon.colcon_core.package_identification:_identify(src/pathing) by extension 'colcon_pkg'
[6.064s] Level 1:colcon.colcon_core.package_identification:_identify(src/pathing) by extensions ['colcon_meta']
[6.065s] Level 1:colcon.colcon_core.package_identification:_identify(src/pathing) by extension 'colcon_meta'
[6.065s] Level 1:colcon.colcon_core.package_identification:_identify(src/pathing) by extensions ['ros']
[6.066s] Level 1:colcon.colcon_core.package_identification:_identify(src/pathing) by extension 'ros'
[6.075s] DEBUG:colcon.colcon_core.package_identification:Package 'src/pathing' with type 'ros.ament_python' and name 'pathing'
[6.075s] Level 1:colcon.colcon_core.package_identification:_identify(src/ros_aruco_opencv) by extensions ['ignore', 'ignore_ament_install']
[6.076s] Level 1:colcon.colcon_core.package_identification:_identify(src/ros_aruco_opencv) by extension 'ignore'
[6.076s] Level 1:colcon.colcon_core.package_identification:_identify(src/ros_aruco_opencv) by extension 'ignore_ament_install'
[6.076s] Level 1:colcon.colcon_core.package_identification:_identify(src/ros_aruco_opencv) by extensions ['colcon_pkg']
[6.077s] Level 1:colcon.colcon_core.package_identification:_identify(src/ros_aruco_opencv) by extension 'colcon_pkg'
[6.077s] Level 1:colcon.colcon_core.package_identification:_identify(src/ros_aruco_opencv) by extensions ['colcon_meta']
[6.077s] Level 1:colcon.colcon_core.package_identification:_identify(src/ros_aruco_opencv) by extension 'colcon_meta'
[6.077s] Level 1:colcon.colcon_core.package_identification:_identify(src/ros_aruco_opencv) by extensions ['ros']
[6.077s] Level 1:colcon.colcon_core.package_identification:_identify(src/ros_aruco_opencv) by extension 'ros'
[6.078s] Level 1:colcon.colcon_core.package_identification:_identify(src/ros_aruco_opencv) by extensions ['cmake', 'python']
[6.078s] Level 1:colcon.colcon_core.package_identification:_identify(src/ros_aruco_opencv) by extension 'cmake'
[6.078s] Level 1:colcon.colcon_core.package_identification:_identify(src/ros_aruco_opencv) by extension 'python'
[6.078s] Level 1:colcon.colcon_core.package_identification:_identify(src/ros_aruco_opencv) by extensions ['python_setup_py']
[6.078s] Level 1:colcon.colcon_core.package_identification:_identify(src/ros_aruco_opencv) by extension 'python_setup_py'
[6.079s] Level 1:colcon.colcon_core.package_identification:_identify(src/ros_aruco_opencv/aruco_opencv_msgs) by extensions ['ignore', 'ignore_ament_install']
[6.079s] Level 1:colcon.colcon_core.package_identification:_identify(src/ros_aruco_opencv/aruco_opencv_msgs) by extension 'ignore'
[6.079s] Level 1:colcon.colcon_core.package_identification:_identify(src/ros_aruco_opencv/aruco_opencv_msgs) by extension 'ignore_ament_install'
[6.080s] Level 1:colcon.colcon_core.package_identification:_identify(src/ros_aruco_opencv/aruco_opencv_msgs) by extensions ['colcon_pkg']
[6.080s] Level 1:colcon.colcon_core.package_identification:_identify(src/ros_aruco_opencv/aruco_opencv_msgs) by extension 'colcon_pkg'
[6.080s] Level 1:colcon.colcon_core.package_identification:_identify(src/ros_aruco_opencv/aruco_opencv_msgs) by extensions ['colcon_meta']
[6.081s] Level 1:colcon.colcon_core.package_identification:_identify(src/ros_aruco_opencv/aruco_opencv_msgs) by extension 'colcon_meta'
[6.081s] Level 1:colcon.colcon_core.package_identification:_identify(src/ros_aruco_opencv/aruco_opencv_msgs) by extensions ['ros']
[6.081s] Level 1:colcon.colcon_core.package_identification:_identify(src/ros_aruco_opencv/aruco_opencv_msgs) by extension 'ros'
[6.082s] DEBUG:colcon.colcon_core.package_identification:Package 'src/ros_aruco_opencv/aruco_opencv_msgs' with type 'ros.ament_cmake' and name 'aruco_opencv_msgs'
[6.082s] Level 1:colcon.colcon_core.package_discovery:discover_packages(recursive) using defaults
[6.082s] Level 1:colcon.colcon_core.package_discovery:discover_packages(ignore) discover
[6.082s] Level 1:colcon.colcon_core.package_discovery:discover_packages(ignore) using defaults
[6.082s] Level 1:colcon.colcon_core.package_discovery:discover_packages(path) discover
[6.082s] Level 1:colcon.colcon_core.package_discovery:discover_packages(path) using defaults
[6.601s] Level 1:colcon.colcon_core.package_discovery:discover_packages(prefix_path) check parameters
[6.601s] Level 1:colcon.colcon_core.package_discovery:discover_packages(prefix_path) discover
[6.797s] DEBUG:colcon.colcon_installed_package_information.package_discovery:Found 258 installed packages in /opt/ros/foxy
[6.799s] Level 1:colcon.colcon_core.package_discovery:discover_packages(prefix_path) using defaults
[7.150s] Level 5:colcon.colcon_core.verb:set package 'aruco_opencv_msgs' build argument 'cmake_args' from command line to 'None'
[7.150s] Level 5:colcon.colcon_core.verb:set package 'aruco_opencv_msgs' build argument 'cmake_target' from command line to 'None'
[7.150s] Level 5:colcon.colcon_core.verb:set package 'aruco_opencv_msgs' build argument 'cmake_target_skip_unavailable' from command line to 'False'
[7.151s] Level 5:colcon.colcon_core.verb:set package 'aruco_opencv_msgs' build argument 'cmake_clean_cache' from command line to 'False'
[7.151s] Level 5:colcon.colcon_core.verb:set package 'aruco_opencv_msgs' build argument 'cmake_clean_first' from command line to 'False'
[7.151s] Level 5:colcon.colcon_core.verb:set package 'aruco_opencv_msgs' build argument 'cmake_force_configure' from command line to 'False'
[7.151s] Level 5:colcon.colcon_core.verb:set package 'aruco_opencv_msgs' build argument 'ament_cmake_args' from command line to 'None'
[7.151s] Level 5:colcon.colcon_core.verb:set package 'aruco_opencv_msgs' build argument 'catkin_cmake_args' from command line to 'None'
[7.151s] Level 5:colcon.colcon_core.verb:set package 'aruco_opencv_msgs' build argument 'catkin_skip_building_tests' from command line to 'False'
[7.152s] DEBUG:colcon.colcon_core.verb:Building package 'aruco_opencv_msgs' with the following arguments: {'ament_cmake_args': None, 'build_base': '/home/april/mobilerobotics_ws/build/aruco_opencv_msgs', 'catkin_cmake_args': None, 'catkin_skip_building_tests': False, 'cmake_args': None, 'cmake_clean_cache': False, 'cmake_clean_first': False, 'cmake_force_configure': False, 'cmake_target': None, 'cmake_target_skip_unavailable': False, 'install_base': '/home/april/mobilerobotics_ws/install/aruco_opencv_msgs', 'merge_install': False, 'path': '/home/april/mobilerobotics_ws/src/ros_aruco_opencv/aruco_opencv_msgs', 'symlink_install': False, 'test_result_base': None}
[7.238s] Level 5:colcon.colcon_core.verb:set package 'pathing' build argument 'cmake_args' from command line to 'None'
[7.238s] Level 5:colcon.colcon_core.verb:set package 'pathing' build argument 'cmake_target' from command line to 'None'
[7.238s] Level 5:colcon.colcon_core.verb:set package 'pathing' build argument 'cmake_target_skip_unavailable' from command line to 'False'
[7.238s] Level 5:colcon.colcon_core.verb:set package 'pathing' build argument 'cmake_clean_cache' from command line to 'False'
[7.239s] Level 5:colcon.colcon_core.verb:set package 'pathing' build argument 'cmake_clean_first' from command line to 'False'
[7.239s] Level 5:colcon.colcon_core.verb:set package 'pathing' build argument 'cmake_force_configure' from command line to 'False'
[7.239s] Level 5:colcon.colcon_core.verb:set package 'pathing' build argument 'ament_cmake_args' from command line to 'None'
[7.241s] Level 5:colcon.colcon_core.verb:set package 'pathing' build argument 'catkin_cmake_args' from command line to 'None'
[7.241s] Level 5:colcon.colcon_core.verb:set package 'pathing' build argument 'catkin_skip_building_tests' from command line to 'False'
[7.242s] DEBUG:colcon.colcon_core.verb:Building package 'pathing' with the following arguments: {'ament_cmake_args': None, 'build_base': '/home/april/mobilerobotics_ws/build/pathing', 'catkin_cmake_args': None, 'catkin_skip_building_tests': False, 'cmake_args': None, 'cmake_clean_cache': False, 'cmake_clean_first': False, 'cmake_force_configure': False, 'cmake_target': None, 'cmake_target_skip_unavailable': False, 'install_base': '/home/april/mobilerobotics_ws/install/pathing', 'merge_install': False, 'path': '/home/april/mobilerobotics_ws/src/pathing', 'symlink_install': False, 'test_result_base': None}
[7.353s] INFO:colcon.colcon_core.executor:Executing jobs using 'parallel' executor
[7.451s] DEBUG:colcon.colcon_parallel_executor.executor.parallel:run_until_complete
[7.452s] INFO:colcon.colcon_ros.task.ament_cmake.build:Building ROS package in '/home/april/mobilerobotics_ws/src/ros_aruco_opencv/aruco_opencv_msgs' with build type 'ament_cmake'
[7.452s] INFO:colcon.colcon_cmake.task.cmake.build:Building CMake package in '/home/april/mobilerobotics_ws/src/ros_aruco_opencv/aruco_opencv_msgs'
[7.531s] INFO:colcon.colcon_core.plugin_system:Skipping extension 'colcon_core.shell.bat': Not used on non-Windows systems
[7.532s] INFO:colcon.colcon_core.shell:Skip shell extension 'powershell' for command environment: Not usable outside of PowerShell
[7.532s] DEBUG:colcon.colcon_core.shell:Skip shell extension 'dsv' for command environment
[7.778s] INFO:colcon.colcon_ros.task.ament_python.build:Building ROS package in '/home/april/mobilerobotics_ws/src/pathing' with build type 'ament_python'
[7.782s] Level 1:colcon.colcon_core.shell:create_environment_hook('pathing', 'ament_prefix_path')
[7.886s] INFO:colcon.colcon_core.shell:Creating environment hook '/home/april/mobilerobotics_ws/install/pathing/share/pathing/hook/ament_prefix_path.ps1'
[7.889s] INFO:colcon.colcon_core.shell:Creating environment descriptor '/home/april/mobilerobotics_ws/install/pathing/share/pathing/hook/ament_prefix_path.dsv'
[7.889s] INFO:colcon.colcon_core.shell:Creating environment hook '/home/april/mobilerobotics_ws/install/pathing/share/pathing/hook/ament_prefix_path.sh'
[7.971s] INFO:colcon.colcon_core.shell:Skip shell extension 'powershell' for command environment: Not usable outside of PowerShell
[7.972s] DEBUG:colcon.colcon_core.shell:Skip shell extension 'dsv' for command environment
[8.230s] DEBUG:colcon.colcon_core.event_handler.log_command:Invoking command in '/home/april/mobilerobotics_ws/build/aruco_opencv_msgs': CMAKE_PREFIX_PATH=/opt/ros/foxy /usr/bin/cmake --build /home/april/mobilerobotics_ws/build/aruco_opencv_msgs -- -j2 -l2
[9.367s] INFO:colcon.colcon_core.task.python.build:Building Python package in '/home/april/mobilerobotics_ws/src/pathing'
[9.518s] INFO:colcon.colcon_core.shell:Skip shell extension 'powershell' for command environment: Not usable outside of PowerShell
[9.518s] DEBUG:colcon.colcon_core.shell:Skip shell extension 'dsv' for command environment
[10.279s] DEBUG:colcon.colcon_core.event_handler.log_command:Invoked command in '/home/april/mobilerobotics_ws/build/aruco_opencv_msgs' returned '0': CMAKE_PREFIX_PATH=/opt/ros/foxy /usr/bin/cmake --build /home/april/mobilerobotics_ws/build/aruco_opencv_msgs -- -j2 -l2
[11.007s] DEBUG:colcon.colcon_core.event_handler.log_command:Invoking command in '/home/april/mobilerobotics_ws/build/aruco_opencv_msgs': CMAKE_PREFIX_PATH=/opt/ros/foxy /usr/bin/cmake --install /home/april/mobilerobotics_ws/build/aruco_opencv_msgs
[11.348s] Level 1:colcon.colcon_core.environment:create_environment_scripts_only(aruco_opencv_msgs)
[11.349s] DEBUG:colcon.colcon_core.event_handler.log_command:Invoked command in '/home/april/mobilerobotics_ws/build/aruco_opencv_msgs' returned '0': CMAKE_PREFIX_PATH=/opt/ros/foxy /usr/bin/cmake --install /home/april/mobilerobotics_ws/build/aruco_opencv_msgs
[11.504s] Level 1:colcon.colcon_core.environment:checking '/home/april/mobilerobotics_ws/install/aruco_opencv_msgs' for CMake module files
[11.507s] Level 1:colcon.colcon_core.environment:checking '/home/april/mobilerobotics_ws/install/aruco_opencv_msgs' for CMake config files
[11.510s] Level 1:colcon.colcon_core.shell:create_environment_hook('aruco_opencv_msgs', 'cmake_prefix_path')
[11.602s] INFO:colcon.colcon_core.shell:Creating environment hook '/home/april/mobilerobotics_ws/install/aruco_opencv_msgs/share/aruco_opencv_msgs/hook/cmake_prefix_path.ps1'
[11.604s] INFO:colcon.colcon_core.shell:Creating environment descriptor '/home/april/mobilerobotics_ws/install/aruco_opencv_msgs/share/aruco_opencv_msgs/hook/cmake_prefix_path.dsv'
[11.606s] INFO:colcon.colcon_core.shell:Creating environment hook '/home/april/mobilerobotics_ws/install/aruco_opencv_msgs/share/aruco_opencv_msgs/hook/cmake_prefix_path.sh'
[11.610s] Level 1:colcon.colcon_core.environment:checking '/home/april/mobilerobotics_ws/install/aruco_opencv_msgs/lib'
[11.611s] Level 1:colcon.colcon_core.shell:create_environment_hook('aruco_opencv_msgs', 'ld_library_path_lib')
[11.749s] INFO:colcon.colcon_core.shell:Creating environment hook '/home/april/mobilerobotics_ws/install/aruco_opencv_msgs/share/aruco_opencv_msgs/hook/ld_library_path_lib.ps1'
[11.750s] INFO:colcon.colcon_core.shell:Creating environment descriptor '/home/april/mobilerobotics_ws/install/aruco_opencv_msgs/share/aruco_opencv_msgs/hook/ld_library_path_lib.dsv'
[11.752s] INFO:colcon.colcon_core.shell:Creating environment hook '/home/april/mobilerobotics_ws/install/aruco_opencv_msgs/share/aruco_opencv_msgs/hook/ld_library_path_lib.sh'
[11.752s] Level 1:colcon.colcon_core.environment:checking '/home/april/mobilerobotics_ws/install/aruco_opencv_msgs/bin'
[11.754s] Level 1:colcon.colcon_core.environment:checking '/home/april/mobilerobotics_ws/install/aruco_opencv_msgs/lib/pkgconfig/aruco_opencv_msgs.pc'
[11.755s] Level 1:colcon.colcon_core.environment:checking '/home/april/mobilerobotics_ws/install/aruco_opencv_msgs/lib/python3.8/site-packages'
[11.755s] Level 1:colcon.colcon_core.shell:create_environment_hook('aruco_opencv_msgs', 'pythonpath')
[11.839s] INFO:colcon.colcon_core.shell:Creating environment hook '/home/april/mobilerobotics_ws/install/aruco_opencv_msgs/share/aruco_opencv_msgs/hook/pythonpath.ps1'
[11.841s] INFO:colcon.colcon_core.shell:Creating environment descriptor '/home/april/mobilerobotics_ws/install/aruco_opencv_msgs/share/aruco_opencv_msgs/hook/pythonpath.dsv'
[11.843s] INFO:colcon.colcon_core.shell:Creating environment hook '/home/april/mobilerobotics_ws/install/aruco_opencv_msgs/share/aruco_opencv_msgs/hook/pythonpath.sh'
[11.845s] Level 1:colcon.colcon_core.environment:checking '/home/april/mobilerobotics_ws/install/aruco_opencv_msgs/bin'
[11.954s] INFO:colcon.colcon_core.shell:Creating package script '/home/april/mobilerobotics_ws/install/aruco_opencv_msgs/share/aruco_opencv_msgs/package.ps1'
[11.956s] INFO:colcon.colcon_core.shell:Creating package descriptor '/home/april/mobilerobotics_ws/install/aruco_opencv_msgs/share/aruco_opencv_msgs/package.dsv'
[11.956s] INFO:colcon.colcon_core.shell:Creating package script '/home/april/mobilerobotics_ws/install/aruco_opencv_msgs/share/aruco_opencv_msgs/package.sh'
[11.957s] INFO:colcon.colcon_core.shell:Creating package script '/home/april/mobilerobotics_ws/install/aruco_opencv_msgs/share/aruco_opencv_msgs/package.bash'
[11.958s] INFO:colcon.colcon_core.shell:Creating package script '/home/april/mobilerobotics_ws/install/aruco_opencv_msgs/share/aruco_opencv_msgs/package.zsh'
[11.959s] Level 1:colcon.colcon_core.environment:create_file_with_runtime_dependencies(/home/april/mobilerobotics_ws/install/aruco_opencv_msgs/share/colcon-core/packages/aruco_opencv_msgs)
[12.032s] DEBUG:colcon.colcon_core.event_handler.log_command:Invoking command in '/home/april/mobilerobotics_ws/src/pathing': PYTHONPATH=/home/april/mobilerobotics_ws/build/pathing/prefix_override:/home/april/mobilerobotics_ws/install/pathing/lib/python3.8/site-packages:${PYTHONPATH} /usr/bin/python3 setup.py egg_info --egg-base ../../build/pathing build --build-base /home/april/mobilerobotics_ws/build/pathing/build install --record /home/april/mobilerobotics_ws/build/pathing/install.log --single-version-externally-managed
[12.766s] Level 1:colcon.colcon_core.environment:create_environment_scripts_only(aruco_opencv_msgs)
[12.841s] Level 1:colcon.colcon_core.environment:checking '/home/april/mobilerobotics_ws/install/aruco_opencv_msgs' for CMake module files
[12.844s] Level 1:colcon.colcon_core.environment:checking '/home/april/mobilerobotics_ws/install/aruco_opencv_msgs' for CMake config files
[12.847s] Level 1:colcon.colcon_core.shell:create_environment_hook('aruco_opencv_msgs', 'cmake_prefix_path')
[12.956s] INFO:colcon.colcon_core.shell:Creating environment hook '/home/april/mobilerobotics_ws/install/aruco_opencv_msgs/share/aruco_opencv_msgs/hook/cmake_prefix_path.ps1'
[12.957s] INFO:colcon.colcon_core.shell:Creating environment descriptor '/home/april/mobilerobotics_ws/install/aruco_opencv_msgs/share/aruco_opencv_msgs/hook/cmake_prefix_path.dsv'
[12.958s] INFO:colcon.colcon_core.shell:Creating environment hook '/home/april/mobilerobotics_ws/install/aruco_opencv_msgs/share/aruco_opencv_msgs/hook/cmake_prefix_path.sh'
[12.960s] Level 1:colcon.colcon_core.environment:checking '/home/april/mobilerobotics_ws/install/aruco_opencv_msgs/lib'
[12.961s] Level 1:colcon.colcon_core.shell:create_environment_hook('aruco_opencv_msgs', 'ld_library_path_lib')
[13.098s] INFO:colcon.colcon_core.shell:Creating environment hook '/home/april/mobilerobotics_ws/install/aruco_opencv_msgs/share/aruco_opencv_msgs/hook/ld_library_path_lib.ps1'
[13.100s] INFO:colcon.colcon_core.shell:Creating environment descriptor '/home/april/mobilerobotics_ws/install/aruco_opencv_msgs/share/aruco_opencv_msgs/hook/ld_library_path_lib.dsv'
[13.101s] INFO:colcon.colcon_core.shell:Creating environment hook '/home/april/mobilerobotics_ws/install/aruco_opencv_msgs/share/aruco_opencv_msgs/hook/ld_library_path_lib.sh'
[13.103s] Level 1:colcon.colcon_core.environment:checking '/home/april/mobilerobotics_ws/install/aruco_opencv_msgs/bin'
[13.103s] Level 1:colcon.colcon_core.environment:checking '/home/april/mobilerobotics_ws/install/aruco_opencv_msgs/lib/pkgconfig/aruco_opencv_msgs.pc'
[13.105s] Level 1:colcon.colcon_core.environment:checking '/home/april/mobilerobotics_ws/install/aruco_opencv_msgs/lib/python3.8/site-packages'
[13.105s] Level 1:colcon.colcon_core.shell:create_environment_hook('aruco_opencv_msgs', 'pythonpath')
[13.185s] INFO:colcon.colcon_core.shell:Creating environment hook '/home/april/mobilerobotics_ws/install/aruco_opencv_msgs/share/aruco_opencv_msgs/hook/pythonpath.ps1'
[13.187s] INFO:colcon.colcon_core.shell:Creating environment descriptor '/home/april/mobilerobotics_ws/install/aruco_opencv_msgs/share/aruco_opencv_msgs/hook/pythonpath.dsv'
[13.189s] INFO:colcon.colcon_core.shell:Creating environment hook '/home/april/mobilerobotics_ws/install/aruco_opencv_msgs/share/aruco_opencv_msgs/hook/pythonpath.sh'
[13.191s] Level 1:colcon.colcon_core.environment:checking '/home/april/mobilerobotics_ws/install/aruco_opencv_msgs/bin'
[13.274s] INFO:colcon.colcon_core.shell:Creating package script '/home/april/mobilerobotics_ws/install/aruco_opencv_msgs/share/aruco_opencv_msgs/package.ps1'
[13.277s] INFO:colcon.colcon_core.shell:Creating package descriptor '/home/april/mobilerobotics_ws/install/aruco_opencv_msgs/share/aruco_opencv_msgs/package.dsv'
[13.278s] INFO:colcon.colcon_core.shell:Creating package script '/home/april/mobilerobotics_ws/install/aruco_opencv_msgs/share/aruco_opencv_msgs/package.sh'
[13.280s] INFO:colcon.colcon_core.shell:Creating package script '/home/april/mobilerobotics_ws/install/aruco_opencv_msgs/share/aruco_opencv_msgs/package.bash'
[13.282s] INFO:colcon.colcon_core.shell:Creating package script '/home/april/mobilerobotics_ws/install/aruco_opencv_msgs/share/aruco_opencv_msgs/package.zsh'
[13.284s] Level 1:colcon.colcon_core.environment:create_file_with_runtime_dependencies(/home/april/mobilerobotics_ws/install/aruco_opencv_msgs/share/colcon-core/packages/aruco_opencv_msgs)
[13.297s] DEBUG:colcon.colcon_core.event_handler.log_command:Invoked command in '/home/april/mobilerobotics_ws/src/pathing' returned '0': PYTHONPATH=/home/april/mobilerobotics_ws/build/pathing/prefix_override:/home/april/mobilerobotics_ws/install/pathing/lib/python3.8/site-packages:${PYTHONPATH} /usr/bin/python3 setup.py egg_info --egg-base ../../build/pathing build --build-base /home/april/mobilerobotics_ws/build/pathing/build install --record /home/april/mobilerobotics_ws/build/pathing/install.log --single-version-externally-managed
[13.413s] Level 1:colcon.colcon_core.environment:checking '/home/april/mobilerobotics_ws/install/pathing' for CMake module files
[13.415s] Level 1:colcon.colcon_core.environment:checking '/home/april/mobilerobotics_ws/install/pathing' for CMake config files
[13.419s] Level 1:colcon.colcon_core.environment:checking '/home/april/mobilerobotics_ws/install/pathing/lib'
[13.419s] Level 1:colcon.colcon_core.environment:checking '/home/april/mobilerobotics_ws/install/pathing/bin'
[13.419s] Level 1:colcon.colcon_core.environment:checking '/home/april/mobilerobotics_ws/install/pathing/lib/pkgconfig/pathing.pc'
[13.420s] Level 1:colcon.colcon_core.environment:checking '/home/april/mobilerobotics_ws/install/pathing/lib/python3.8/site-packages'
[13.420s] Level 1:colcon.colcon_core.shell:create_environment_hook('pathing', 'pythonpath')
[13.549s] INFO:colcon.colcon_core.shell:Creating environment hook '/home/april/mobilerobotics_ws/install/pathing/share/pathing/hook/pythonpath.ps1'
[13.551s] INFO:colcon.colcon_core.shell:Creating environment descriptor '/home/april/mobilerobotics_ws/install/pathing/share/pathing/hook/pythonpath.dsv'
[13.553s] INFO:colcon.colcon_core.shell:Creating environment hook '/home/april/mobilerobotics_ws/install/pathing/share/pathing/hook/pythonpath.sh'
[13.556s] Level 1:colcon.colcon_core.environment:checking '/home/april/mobilerobotics_ws/install/pathing/bin'
[13.556s] Level 1:colcon.colcon_core.environment:create_environment_scripts_only(pathing)
[13.638s] INFO:colcon.colcon_core.shell:Creating package script '/home/april/mobilerobotics_ws/install/pathing/share/pathing/package.ps1'
[13.639s] INFO:colcon.colcon_core.shell:Creating package descriptor '/home/april/mobilerobotics_ws/install/pathing/share/pathing/package.dsv'
[13.640s] INFO:colcon.colcon_core.shell:Creating package script '/home/april/mobilerobotics_ws/install/pathing/share/pathing/package.sh'
[13.640s] INFO:colcon.colcon_core.shell:Creating package script '/home/april/mobilerobotics_ws/install/pathing/share/pathing/package.bash'
[13.641s] INFO:colcon.colcon_core.shell:Creating package script '/home/april/mobilerobotics_ws/install/pathing/share/pathing/package.zsh'
[13.643s] Level 1:colcon.colcon_core.environment:create_file_with_runtime_dependencies(/home/april/mobilerobotics_ws/install/pathing/share/colcon-core/packages/pathing)
[13.644s] DEBUG:colcon.colcon_parallel_executor.executor.parallel:closing loop
[13.645s] DEBUG:colcon.colcon_parallel_executor.executor.parallel:loop closed
[13.646s] DEBUG:colcon.colcon_parallel_executor.executor.parallel:run_until_complete finished with '0'
[13.648s] DEBUG:colcon.colcon_core.event_reactor:joining thread
[13.799s] INFO:colcon.colcon_core.plugin_system:Skipping extension 'colcon_notification.desktop_notification.terminal_notifier': Not used on non-Darwin systems
[13.800s] INFO:colcon.colcon_core.plugin_system:Skipping extension 'colcon_notification.desktop_notification.win32': Not used on non-Windows systems
[13.800s] INFO:colcon.colcon_notification.desktop_notification:Sending desktop notification using 'notify2'
[13.859s] DEBUG:colcon.colcon_core.event_reactor:joined thread
[14.014s] INFO:colcon.colcon_core.shell:Creating prefix script '/home/april/mobilerobotics_ws/install/local_setup.ps1'
[14.015s] INFO:colcon.colcon_core.shell:Creating prefix util module '/home/april/mobilerobotics_ws/install/_local_setup_util_ps1.py'
[14.018s] INFO:colcon.colcon_core.shell:Creating prefix chain script '/home/april/mobilerobotics_ws/install/setup.ps1'
[14.166s] INFO:colcon.colcon_core.shell:Creating prefix script '/home/april/mobilerobotics_ws/install/local_setup.sh'
[14.168s] INFO:colcon.colcon_core.shell:Creating prefix util module '/home/april/mobilerobotics_ws/install/_local_setup_util_sh.py'
[14.170s] INFO:colcon.colcon_core.shell:Creating prefix chain script '/home/april/mobilerobotics_ws/install/setup.sh'
[14.291s] INFO:colcon.colcon_core.shell:Creating prefix script '/home/april/mobilerobotics_ws/install/local_setup.bash'
[14.293s] INFO:colcon.colcon_core.shell:Creating prefix chain script '/home/april/mobilerobotics_ws/install/setup.bash'
[14.404s] INFO:colcon.colcon_core.shell:Creating prefix script '/home/april/mobilerobotics_ws/install/local_setup.zsh'
[14.405s] INFO:colcon.colcon_core.shell:Creating prefix chain script '/home/april/mobilerobotics_ws/install/setup.zsh'
