[5.819s] DEBUG:colcon:Command line arguments: ['/usr/bin/colcon', 'build']
[5.819s] DEBUG:colcon:Parsed command line arguments: Namespace(allow_overriding=[], ament_cmake_args=None, base_paths=['.'], build_base='build', catkin_cmake_args=None, catkin_skip_building_tests=False, cmake_args=None, cmake_clean_cache=False, cmake_clean_first=False, cmake_force_configure=False, cmake_target=None, cmake_target_skip_unavailable=False, continue_on_error=False, event_handlers=None, executor='parallel', ignore_user_meta=False, install_base='install', log_base=None, log_level=None, main=<bound method BuildVerb.main of <colcon_core.verb.build.BuildVerb object at 0x7f81a1ca7e20>>, merge_install=False, metas=['./colcon.meta'], packages_above=None, packages_above_and_dependencies=None, packages_above_depth=None, packages_end=None, packages_ignore=None, packages_ignore_regex=None, packages_select=None, packages_select_build_failed=False, packages_select_by_dep=None, packages_select_regex=None, packages_select_test_failures=False, packages_skip=None, packages_skip_build_finished=False, packages_skip_by_dep=None, packages_skip_regex=None, packages_skip_test_passed=False, packages_skip_up_to=None, packages_start=None, packages_up_to=None, packages_up_to_regex=None, parallel_workers=2, paths=None, symlink_install=False, test_result_base=None, verb_extension=<colcon_core.verb.build.BuildVerb object at 0x7f81a1ca7e20>, verb_name='build', verb_parser=<colcon_defaults.argument_parser.defaults.DefaultArgumentsDecorator object at 0x7f81a1815370>)
[6.046s] Level 1:colcon.colcon_core.package_discovery:discover_packages(colcon_meta) check parameters
[6.047s] Level 1:colcon.colcon_core.package_discovery:discover_packages(recursive) check parameters
[6.047s] Level 1:colcon.colcon_core.package_discovery:discover_packages(ignore) check parameters
[6.047s] Level 1:colcon.colcon_core.package_discovery:discover_packages(path) check parameters
[6.048s] Level 1:colcon.colcon_core.package_discovery:discover_packages(colcon_meta) discover
[6.048s] Level 1:colcon.colcon_core.package_discovery:discover_packages(recursive) discover
[6.049s] INFO:colcon.colcon_core.package_discovery:Crawling recursively for packages in '/home/april/mobilerobotics_ws'
[6.050s] Level 1:colcon.colcon_core.package_identification:_identify(.) by extensions ['ignore', 'ignore_ament_install']
[6.050s] Level 1:colcon.colcon_core.package_identification:_identify(.) by extension 'ignore'
[6.051s] Level 1:colcon.colcon_core.package_identification:_identify(.) by extension 'ignore_ament_install'
[6.052s] Level 1:colcon.colcon_core.package_identification:_identify(.) by extensions ['colcon_pkg']
[6.052s] Level 1:colcon.colcon_core.package_identification:_identify(.) by extension 'colcon_pkg'
[6.053s] Level 1:colcon.colcon_core.package_identification:_identify(.) by extensions ['colcon_meta']
[6.053s] Level 1:colcon.colcon_core.package_identification:_identify(.) by extension 'colcon_meta'
[6.053s] Level 1:colcon.colcon_core.package_identification:_identify(.) by extensions ['ros']
[6.053s] Level 1:colcon.colcon_core.package_identification:_identify(.) by extension 'ros'
[6.080s] Level 1:colcon.colcon_core.package_identification:_identify(.) by extensions ['cmake', 'python']
[6.081s] Level 1:colcon.colcon_core.package_identification:_identify(.) by extension 'cmake'
[6.081s] Level 1:colcon.colcon_core.package_identification:_identify(.) by extension 'python'
[6.081s] Level 1:colcon.colcon_core.package_identification:_identify(.) by extensions ['python_setup_py']
[6.081s] Level 1:colcon.colcon_core.package_identification:_identify(.) by extension 'python_setup_py'
[6.082s] Level 1:colcon.colcon_core.package_identification:_identify(build) by extensions ['ignore', 'ignore_ament_install']
[6.082s] Level 1:colcon.colcon_core.package_identification:_identify(build) by extension 'ignore'
[6.082s] Level 1:colcon.colcon_core.package_identification:_identify(build) ignored
[6.082s] Level 1:colcon.colcon_core.package_identification:_identify(install) by extensions ['ignore', 'ignore_ament_install']
[6.082s] Level 1:colcon.colcon_core.package_identification:_identify(install) by extension 'ignore'
[6.082s] Level 1:colcon.colcon_core.package_identification:_identify(install) ignored
[6.083s] Level 1:colcon.colcon_core.package_identification:_identify(log) by extensions ['ignore', 'ignore_ament_install']
[6.083s] Level 1:colcon.colcon_core.package_identification:_identify(log) by extension 'ignore'
[6.083s] Level 1:colcon.colcon_core.package_identification:_identify(log) ignored
[6.083s] Level 1:colcon.colcon_core.package_identification:_identify(src) by extensions ['ignore', 'ignore_ament_install']
[6.083s] Level 1:colcon.colcon_core.package_identification:_identify(src) by extension 'ignore'
[6.083s] Level 1:colcon.colcon_core.package_identification:_identify(src) by extension 'ignore_ament_install'
[6.083s] Level 1:colcon.colcon_core.package_identification:_identify(src) by extensions ['colcon_pkg']
[6.083s] Level 1:colcon.colcon_core.package_identification:_identify(src) by extension 'colcon_pkg'
[6.083s] Level 1:colcon.colcon_core.package_identification:_identify(src) by extensions ['colcon_meta']
[6.083s] Level 1:colcon.colcon_core.package_identification:_identify(src) by extension 'colcon_meta'
[6.083s] Level 1:colcon.colcon_core.package_identification:_identify(src) by extensions ['ros']
[6.083s] Level 1:colcon.colcon_core.package_identification:_identify(src) by extension 'ros'
[6.083s] Level 1:colcon.colcon_core.package_identification:_identify(src) by extensions ['cmake', 'python']
[6.083s] Level 1:colcon.colcon_core.package_identification:_identify(src) by extension 'cmake'
[6.083s] Level 1:colcon.colcon_core.package_identification:_identify(src) by extension 'python'
[6.084s] Level 1:colcon.colcon_core.package_identification:_identify(src) by extensions ['python_setup_py']
[6.084s] Level 1:colcon.colcon_core.package_identification:_identify(src) by extension 'python_setup_py'
[6.084s] Level 1:colcon.colcon_core.package_identification:_identify(src/pathing) by extensions ['ignore', 'ignore_ament_install']
[6.085s] Level 1:colcon.colcon_core.package_identification:_identify(src/pathing) by extension 'ignore'
[6.085s] Level 1:colcon.colcon_core.package_identification:_identify(src/pathing) by extension 'ignore_ament_install'
[6.085s] Level 1:colcon.colcon_core.package_identification:_identify(src/pathing) by extensions ['colcon_pkg']
[6.085s] Level 1:colcon.colcon_core.package_identification:_identify(src/pathing) by extension 'colcon_pkg'
[6.085s] Level 1:colcon.colcon_core.package_identification:_identify(src/pathing) by extensions ['colcon_meta']
[6.086s] Level 1:colcon.colcon_core.package_identification:_identify(src/pathing) by extension 'colcon_meta'
[6.086s] Level 1:colcon.colcon_core.package_identification:_identify(src/pathing) by extensions ['ros']
[6.086s] Level 1:colcon.colcon_core.package_identification:_identify(src/pathing) by extension 'ros'
[6.092s] DEBUG:colcon.colcon_core.package_identification:Package 'src/pathing' with type 'ros.ament_python' and name 'pathing'
[6.093s] Level 1:colcon.colcon_core.package_identification:_identify(src/ros_aruco_opencv) by extensions ['ignore', 'ignore_ament_install']
[6.093s] Level 1:colcon.colcon_core.package_identification:_identify(src/ros_aruco_opencv) by extension 'ignore'
[6.094s] Level 1:colcon.colcon_core.package_identification:_identify(src/ros_aruco_opencv) by extension 'ignore_ament_install'
[6.094s] Level 1:colcon.colcon_core.package_identification:_identify(src/ros_aruco_opencv) by extensions ['colcon_pkg']
[6.094s] Level 1:colcon.colcon_core.package_identification:_identify(src/ros_aruco_opencv) by extension 'colcon_pkg'
[6.094s] Level 1:colcon.colcon_core.package_identification:_identify(src/ros_aruco_opencv) by extensions ['colcon_meta']
[6.094s] Level 1:colcon.colcon_core.package_identification:_identify(src/ros_aruco_opencv) by extension 'colcon_meta'
[6.095s] Level 1:colcon.colcon_core.package_identification:_identify(src/ros_aruco_opencv) by extensions ['ros']
[6.095s] Level 1:colcon.colcon_core.package_identification:_identify(src/ros_aruco_opencv) by extension 'ros'
[6.095s] Level 1:colcon.colcon_core.package_identification:_identify(src/ros_aruco_opencv) by extensions ['cmake', 'python']
[6.095s] Level 1:colcon.colcon_core.package_identification:_identify(src/ros_aruco_opencv) by extension 'cmake'
[6.096s] Level 1:colcon.colcon_core.package_identification:_identify(src/ros_aruco_opencv) by extension 'python'
[6.096s] Level 1:colcon.colcon_core.package_identification:_identify(src/ros_aruco_opencv) by extensions ['python_setup_py']
[6.096s] Level 1:colcon.colcon_core.package_identification:_identify(src/ros_aruco_opencv) by extension 'python_setup_py'
[6.096s] Level 1:colcon.colcon_core.package_identification:_identify(src/ros_aruco_opencv/aruco_opencv_msgs) by extensions ['ignore', 'ignore_ament_install']
[6.097s] Level 1:colcon.colcon_core.package_identification:_identify(src/ros_aruco_opencv/aruco_opencv_msgs) by extension 'ignore'
[6.097s] Level 1:colcon.colcon_core.package_identification:_identify(src/ros_aruco_opencv/aruco_opencv_msgs) by extension 'ignore_ament_install'
[6.097s] Level 1:colcon.colcon_core.package_identification:_identify(src/ros_aruco_opencv/aruco_opencv_msgs) by extensions ['colcon_pkg']
[6.097s] Level 1:colcon.colcon_core.package_identification:_identify(src/ros_aruco_opencv/aruco_opencv_msgs) by extension 'colcon_pkg'
[6.097s] Level 1:colcon.colcon_core.package_identification:_identify(src/ros_aruco_opencv/aruco_opencv_msgs) by extensions ['colcon_meta']
[6.097s] Level 1:colcon.colcon_core.package_identification:_identify(src/ros_aruco_opencv/aruco_opencv_msgs) by extension 'colcon_meta'
[6.097s] Level 1:colcon.colcon_core.package_identification:_identify(src/ros_aruco_opencv/aruco_opencv_msgs) by extensions ['ros']
[6.098s] Level 1:colcon.colcon_core.package_identification:_identify(src/ros_aruco_opencv/aruco_opencv_msgs) by extension 'ros'
[6.098s] DEBUG:colcon.colcon_core.package_identification:Package 'src/ros_aruco_opencv/aruco_opencv_msgs' with type 'ros.ament_cmake' and name 'aruco_opencv_msgs'
[6.098s] Level 1:colcon.colcon_core.package_discovery:discover_packages(recursive) using defaults
[6.098s] Level 1:colcon.colcon_core.package_discovery:discover_packages(ignore) discover
[6.098s] Level 1:colcon.colcon_core.package_discovery:discover_packages(ignore) using defaults
[6.098s] Level 1:colcon.colcon_core.package_discovery:discover_packages(path) discover
[6.098s] Level 1:colcon.colcon_core.package_discovery:discover_packages(path) using defaults
[6.628s] Level 1:colcon.colcon_core.package_discovery:discover_packages(prefix_path) check parameters
[6.628s] Level 1:colcon.colcon_core.package_discovery:discover_packages(prefix_path) discover
[6.836s] DEBUG:colcon.colcon_installed_package_information.package_discovery:Found 258 installed packages in /opt/ros/foxy
[6.839s] Level 1:colcon.colcon_core.package_discovery:discover_packages(prefix_path) using defaults
[7.320s] Level 5:colcon.colcon_core.verb:set package 'aruco_opencv_msgs' build argument 'cmake_args' from command line to 'None'
[7.320s] Level 5:colcon.colcon_core.verb:set package 'aruco_opencv_msgs' build argument 'cmake_target' from command line to 'None'
[7.320s] Level 5:colcon.colcon_core.verb:set package 'aruco_opencv_msgs' build argument 'cmake_target_skip_unavailable' from command line to 'False'
[7.320s] Level 5:colcon.colcon_core.verb:set package 'aruco_opencv_msgs' build argument 'cmake_clean_cache' from command line to 'False'
[7.320s] Level 5:colcon.colcon_core.verb:set package 'aruco_opencv_msgs' build argument 'cmake_clean_first' from command line to 'False'
[7.320s] Level 5:colcon.colcon_core.verb:set package 'aruco_opencv_msgs' build argument 'cmake_force_configure' from command line to 'False'
[7.321s] Level 5:colcon.colcon_core.verb:set package 'aruco_opencv_msgs' build argument 'ament_cmake_args' from command line to 'None'
[7.321s] Level 5:colcon.colcon_core.verb:set package 'aruco_opencv_msgs' build argument 'catkin_cmake_args' from command line to 'None'
[7.321s] Level 5:colcon.colcon_core.verb:set package 'aruco_opencv_msgs' build argument 'catkin_skip_building_tests' from command line to 'False'
[7.321s] DEBUG:colcon.colcon_core.verb:Building package 'aruco_opencv_msgs' with the following arguments: {'ament_cmake_args': None, 'build_base': '/home/april/mobilerobotics_ws/build/aruco_opencv_msgs', 'catkin_cmake_args': None, 'catkin_skip_building_tests': False, 'cmake_args': None, 'cmake_clean_cache': False, 'cmake_clean_first': False, 'cmake_force_configure': False, 'cmake_target': None, 'cmake_target_skip_unavailable': False, 'install_base': '/home/april/mobilerobotics_ws/install/aruco_opencv_msgs', 'merge_install': False, 'path': '/home/april/mobilerobotics_ws/src/ros_aruco_opencv/aruco_opencv_msgs', 'symlink_install': False, 'test_result_base': None}
[7.466s] Level 5:colcon.colcon_core.verb:set package 'pathing' build argument 'cmake_args' from command line to 'None'
[7.467s] Level 5:colcon.colcon_core.verb:set package 'pathing' build argument 'cmake_target' from command line to 'None'
[7.467s] Level 5:colcon.colcon_core.verb:set package 'pathing' build argument 'cmake_target_skip_unavailable' from command line to 'False'
[7.468s] Level 5:colcon.colcon_core.verb:set package 'pathing' build argument 'cmake_clean_cache' from command line to 'False'
[7.468s] Level 5:colcon.colcon_core.verb:set package 'pathing' build argument 'cmake_clean_first' from command line to 'False'
[7.468s] Level 5:colcon.colcon_core.verb:set package 'pathing' build argument 'cmake_force_configure' from command line to 'False'
[7.469s] Level 5:colcon.colcon_core.verb:set package 'pathing' build argument 'ament_cmake_args' from command line to 'None'
[7.469s] Level 5:colcon.colcon_core.verb:set package 'pathing' build argument 'catkin_cmake_args' from command line to 'None'
[7.469s] Level 5:colcon.colcon_core.verb:set package 'pathing' build argument 'catkin_skip_building_tests' from command line to 'False'
[7.470s] DEBUG:colcon.colcon_core.verb:Building package 'pathing' with the following arguments: {'ament_cmake_args': None, 'build_base': '/home/april/mobilerobotics_ws/build/pathing', 'catkin_cmake_args': None, 'catkin_skip_building_tests': False, 'cmake_args': None, 'cmake_clean_cache': False, 'cmake_clean_first': False, 'cmake_force_configure': False, 'cmake_target': None, 'cmake_target_skip_unavailable': False, 'install_base': '/home/april/mobilerobotics_ws/install/pathing', 'merge_install': False, 'path': '/home/april/mobilerobotics_ws/src/pathing', 'symlink_install': False, 'test_result_base': None}
[7.582s] INFO:colcon.colcon_core.executor:Executing jobs using 'parallel' executor
[7.688s] DEBUG:colcon.colcon_parallel_executor.executor.parallel:run_until_complete
[7.689s] INFO:colcon.colcon_ros.task.ament_cmake.build:Building ROS package in '/home/april/mobilerobotics_ws/src/ros_aruco_opencv/aruco_opencv_msgs' with build type 'ament_cmake'
[7.689s] INFO:colcon.colcon_cmake.task.cmake.build:Building CMake package in '/home/april/mobilerobotics_ws/src/ros_aruco_opencv/aruco_opencv_msgs'
[7.813s] INFO:colcon.colcon_core.plugin_system:Skipping extension 'colcon_core.shell.bat': Not used on non-Windows systems
[7.813s] INFO:colcon.colcon_core.shell:Skip shell extension 'powershell' for command environment: Not usable outside of PowerShell
[7.814s] DEBUG:colcon.colcon_core.shell:Skip shell extension 'dsv' for command environment
[7.998s] INFO:colcon.colcon_ros.task.ament_python.build:Building ROS package in '/home/april/mobilerobotics_ws/src/pathing' with build type 'ament_python'
[8.009s] Level 1:colcon.colcon_core.shell:create_environment_hook('pathing', 'ament_prefix_path')
[8.128s] INFO:colcon.colcon_core.shell:Creating environment hook '/home/april/mobilerobotics_ws/install/pathing/share/pathing/hook/ament_prefix_path.ps1'
[8.131s] INFO:colcon.colcon_core.shell:Creating environment descriptor '/home/april/mobilerobotics_ws/install/pathing/share/pathing/hook/ament_prefix_path.dsv'
[8.132s] INFO:colcon.colcon_core.shell:Creating environment hook '/home/april/mobilerobotics_ws/install/pathing/share/pathing/hook/ament_prefix_path.sh'
[8.196s] INFO:colcon.colcon_core.shell:Skip shell extension 'powershell' for command environment: Not usable outside of PowerShell
[8.196s] DEBUG:colcon.colcon_core.shell:Skip shell extension 'dsv' for command environment
[8.474s] DEBUG:colcon.colcon_core.event_handler.log_command:Invoking command in '/home/april/mobilerobotics_ws/build/aruco_opencv_msgs': CMAKE_PREFIX_PATH=/opt/ros/foxy /usr/bin/cmake --build /home/april/mobilerobotics_ws/build/aruco_opencv_msgs -- -j2 -l2
[9.599s] INFO:colcon.colcon_core.task.python.build:Building Python package in '/home/april/mobilerobotics_ws/src/pathing'
[9.719s] INFO:colcon.colcon_core.shell:Skip shell extension 'powershell' for command environment: Not usable outside of PowerShell
[9.720s] DEBUG:colcon.colcon_core.shell:Skip shell extension 'dsv' for command environment
[10.305s] DEBUG:colcon.colcon_core.event_handler.log_command:Invoked command in '/home/april/mobilerobotics_ws/build/aruco_opencv_msgs' returned '0': CMAKE_PREFIX_PATH=/opt/ros/foxy /usr/bin/cmake --build /home/april/mobilerobotics_ws/build/aruco_opencv_msgs -- -j2 -l2
[10.973s] DEBUG:colcon.colcon_core.event_handler.log_command:Invoking command in '/home/april/mobilerobotics_ws/build/aruco_opencv_msgs': CMAKE_PREFIX_PATH=/opt/ros/foxy /usr/bin/cmake --install /home/april/mobilerobotics_ws/build/aruco_opencv_msgs
[11.352s] Level 1:colcon.colcon_core.environment:create_environment_scripts_only(aruco_opencv_msgs)
[11.354s] DEBUG:colcon.colcon_core.event_handler.log_command:Invoked command in '/home/april/mobilerobotics_ws/build/aruco_opencv_msgs' returned '0': CMAKE_PREFIX_PATH=/opt/ros/foxy /usr/bin/cmake --install /home/april/mobilerobotics_ws/build/aruco_opencv_msgs
[11.495s] Level 1:colcon.colcon_core.environment:checking '/home/april/mobilerobotics_ws/install/aruco_opencv_msgs' for CMake module files
[11.496s] Level 1:colcon.colcon_core.environment:checking '/home/april/mobilerobotics_ws/install/aruco_opencv_msgs' for CMake config files
[11.498s] Level 1:colcon.colcon_core.shell:create_environment_hook('aruco_opencv_msgs', 'cmake_prefix_path')
[11.579s] INFO:colcon.colcon_core.shell:Creating environment hook '/home/april/mobilerobotics_ws/install/aruco_opencv_msgs/share/aruco_opencv_msgs/hook/cmake_prefix_path.ps1'
[11.582s] INFO:colcon.colcon_core.shell:Creating environment descriptor '/home/april/mobilerobotics_ws/install/aruco_opencv_msgs/share/aruco_opencv_msgs/hook/cmake_prefix_path.dsv'
[11.583s] INFO:colcon.colcon_core.shell:Creating environment hook '/home/april/mobilerobotics_ws/install/aruco_opencv_msgs/share/aruco_opencv_msgs/hook/cmake_prefix_path.sh'
[11.586s] Level 1:colcon.colcon_core.environment:checking '/home/april/mobilerobotics_ws/install/aruco_opencv_msgs/lib'
[11.586s] Level 1:colcon.colcon_core.shell:create_environment_hook('aruco_opencv_msgs', 'ld_library_path_lib')
[11.657s] INFO:colcon.colcon_core.shell:Creating environment hook '/home/april/mobilerobotics_ws/install/aruco_opencv_msgs/share/aruco_opencv_msgs/hook/ld_library_path_lib.ps1'
[11.658s] INFO:colcon.colcon_core.shell:Creating environment descriptor '/home/april/mobilerobotics_ws/install/aruco_opencv_msgs/share/aruco_opencv_msgs/hook/ld_library_path_lib.dsv'
[11.660s] INFO:colcon.colcon_core.shell:Creating environment hook '/home/april/mobilerobotics_ws/install/aruco_opencv_msgs/share/aruco_opencv_msgs/hook/ld_library_path_lib.sh'
[11.662s] Level 1:colcon.colcon_core.environment:checking '/home/april/mobilerobotics_ws/install/aruco_opencv_msgs/bin'
[11.662s] Level 1:colcon.colcon_core.environment:checking '/home/april/mobilerobotics_ws/install/aruco_opencv_msgs/lib/pkgconfig/aruco_opencv_msgs.pc'
[11.664s] Level 1:colcon.colcon_core.environment:checking '/home/april/mobilerobotics_ws/install/aruco_opencv_msgs/lib/python3.8/site-packages'
[11.665s] Level 1:colcon.colcon_core.shell:create_environment_hook('aruco_opencv_msgs', 'pythonpath')
[11.760s] INFO:colcon.colcon_core.shell:Creating environment hook '/home/april/mobilerobotics_ws/install/aruco_opencv_msgs/share/aruco_opencv_msgs/hook/pythonpath.ps1'
[11.761s] INFO:colcon.colcon_core.shell:Creating environment descriptor '/home/april/mobilerobotics_ws/install/aruco_opencv_msgs/share/aruco_opencv_msgs/hook/pythonpath.dsv'
[11.761s] INFO:colcon.colcon_core.shell:Creating environment hook '/home/april/mobilerobotics_ws/install/aruco_opencv_msgs/share/aruco_opencv_msgs/hook/pythonpath.sh'
[11.762s] Level 1:colcon.colcon_core.environment:checking '/home/april/mobilerobotics_ws/install/aruco_opencv_msgs/bin'
[11.863s] INFO:colcon.colcon_core.shell:Creating package script '/home/april/mobilerobotics_ws/install/aruco_opencv_msgs/share/aruco_opencv_msgs/package.ps1'
[11.864s] INFO:colcon.colcon_core.shell:Creating package descriptor '/home/april/mobilerobotics_ws/install/aruco_opencv_msgs/share/aruco_opencv_msgs/package.dsv'
[11.865s] INFO:colcon.colcon_core.shell:Creating package script '/home/april/mobilerobotics_ws/install/aruco_opencv_msgs/share/aruco_opencv_msgs/package.sh'
[11.866s] INFO:colcon.colcon_core.shell:Creating package script '/home/april/mobilerobotics_ws/install/aruco_opencv_msgs/share/aruco_opencv_msgs/package.bash'
[11.866s] INFO:colcon.colcon_core.shell:Creating package script '/home/april/mobilerobotics_ws/install/aruco_opencv_msgs/share/aruco_opencv_msgs/package.zsh'
[11.868s] Level 1:colcon.colcon_core.environment:create_file_with_runtime_dependencies(/home/april/mobilerobotics_ws/install/aruco_opencv_msgs/share/colcon-core/packages/aruco_opencv_msgs)
[11.940s] DEBUG:colcon.colcon_core.event_handler.log_command:Invoking command in '/home/april/mobilerobotics_ws/src/pathing': PYTHONPATH=/home/april/mobilerobotics_ws/build/pathing/prefix_override:/home/april/mobilerobotics_ws/install/pathing/lib/python3.8/site-packages:${PYTHONPATH} /usr/bin/python3 setup.py egg_info --egg-base ../../build/pathing build --build-base /home/april/mobilerobotics_ws/build/pathing/build install --record /home/april/mobilerobotics_ws/build/pathing/install.log --single-version-externally-managed
[12.663s] Level 1:colcon.colcon_core.environment:create_environment_scripts_only(aruco_opencv_msgs)
[12.733s] Level 1:colcon.colcon_core.environment:checking '/home/april/mobilerobotics_ws/install/aruco_opencv_msgs' for CMake module files
[12.734s] Level 1:colcon.colcon_core.environment:checking '/home/april/mobilerobotics_ws/install/aruco_opencv_msgs' for CMake config files
[12.735s] Level 1:colcon.colcon_core.shell:create_environment_hook('aruco_opencv_msgs', 'cmake_prefix_path')
[12.850s] INFO:colcon.colcon_core.shell:Creating environment hook '/home/april/mobilerobotics_ws/install/aruco_opencv_msgs/share/aruco_opencv_msgs/hook/cmake_prefix_path.ps1'
[12.852s] INFO:colcon.colcon_core.shell:Creating environment descriptor '/home/april/mobilerobotics_ws/install/aruco_opencv_msgs/share/aruco_opencv_msgs/hook/cmake_prefix_path.dsv'
[12.854s] INFO:colcon.colcon_core.shell:Creating environment hook '/home/april/mobilerobotics_ws/install/aruco_opencv_msgs/share/aruco_opencv_msgs/hook/cmake_prefix_path.sh'
[12.858s] Level 1:colcon.colcon_core.environment:checking '/home/april/mobilerobotics_ws/install/aruco_opencv_msgs/lib'
[12.858s] Level 1:colcon.colcon_core.shell:create_environment_hook('aruco_opencv_msgs', 'ld_library_path_lib')
[13.001s] INFO:colcon.colcon_core.shell:Creating environment hook '/home/april/mobilerobotics_ws/install/aruco_opencv_msgs/share/aruco_opencv_msgs/hook/ld_library_path_lib.ps1'
[13.004s] INFO:colcon.colcon_core.shell:Creating environment descriptor '/home/april/mobilerobotics_ws/install/aruco_opencv_msgs/share/aruco_opencv_msgs/hook/ld_library_path_lib.dsv'
[13.004s] INFO:colcon.colcon_core.shell:Creating environment hook '/home/april/mobilerobotics_ws/install/aruco_opencv_msgs/share/aruco_opencv_msgs/hook/ld_library_path_lib.sh'
[13.005s] Level 1:colcon.colcon_core.environment:checking '/home/april/mobilerobotics_ws/install/aruco_opencv_msgs/bin'
[13.005s] Level 1:colcon.colcon_core.environment:checking '/home/april/mobilerobotics_ws/install/aruco_opencv_msgs/lib/pkgconfig/aruco_opencv_msgs.pc'
[13.007s] Level 1:colcon.colcon_core.environment:checking '/home/april/mobilerobotics_ws/install/aruco_opencv_msgs/lib/python3.8/site-packages'
[13.007s] Level 1:colcon.colcon_core.shell:create_environment_hook('aruco_opencv_msgs', 'pythonpath')
[13.136s] INFO:colcon.colcon_core.shell:Creating environment hook '/home/april/mobilerobotics_ws/install/aruco_opencv_msgs/share/aruco_opencv_msgs/hook/pythonpath.ps1'
[13.137s] INFO:colcon.colcon_core.shell:Creating environment descriptor '/home/april/mobilerobotics_ws/install/aruco_opencv_msgs/share/aruco_opencv_msgs/hook/pythonpath.dsv'
[13.139s] INFO:colcon.colcon_core.shell:Creating environment hook '/home/april/mobilerobotics_ws/install/aruco_opencv_msgs/share/aruco_opencv_msgs/hook/pythonpath.sh'
[13.141s] Level 1:colcon.colcon_core.environment:checking '/home/april/mobilerobotics_ws/install/aruco_opencv_msgs/bin'
[13.311s] INFO:colcon.colcon_core.shell:Creating package script '/home/april/mobilerobotics_ws/install/aruco_opencv_msgs/share/aruco_opencv_msgs/package.ps1'
[13.312s] INFO:colcon.colcon_core.shell:Creating package descriptor '/home/april/mobilerobotics_ws/install/aruco_opencv_msgs/share/aruco_opencv_msgs/package.dsv'
[13.312s] INFO:colcon.colcon_core.shell:Creating package script '/home/april/mobilerobotics_ws/install/aruco_opencv_msgs/share/aruco_opencv_msgs/package.sh'
[13.313s] INFO:colcon.colcon_core.shell:Creating package script '/home/april/mobilerobotics_ws/install/aruco_opencv_msgs/share/aruco_opencv_msgs/package.bash'
[13.314s] INFO:colcon.colcon_core.shell:Creating package script '/home/april/mobilerobotics_ws/install/aruco_opencv_msgs/share/aruco_opencv_msgs/package.zsh'
[13.314s] Level 1:colcon.colcon_core.environment:create_file_with_runtime_dependencies(/home/april/mobilerobotics_ws/install/aruco_opencv_msgs/share/colcon-core/packages/aruco_opencv_msgs)
[13.336s] DEBUG:colcon.colcon_core.event_handler.log_command:Invoked command in '/home/april/mobilerobotics_ws/src/pathing' returned '0': PYTHONPATH=/home/april/mobilerobotics_ws/build/pathing/prefix_override:/home/april/mobilerobotics_ws/install/pathing/lib/python3.8/site-packages:${PYTHONPATH} /usr/bin/python3 setup.py egg_info --egg-base ../../build/pathing build --build-base /home/april/mobilerobotics_ws/build/pathing/build install --record /home/april/mobilerobotics_ws/build/pathing/install.log --single-version-externally-managed
[13.422s] Level 1:colcon.colcon_core.environment:checking '/home/april/mobilerobotics_ws/install/pathing' for CMake module files
[13.423s] Level 1:colcon.colcon_core.environment:checking '/home/april/mobilerobotics_ws/install/pathing' for CMake config files
[13.424s] Level 1:colcon.colcon_core.environment:checking '/home/april/mobilerobotics_ws/install/pathing/lib'
[13.424s] Level 1:colcon.colcon_core.environment:checking '/home/april/mobilerobotics_ws/install/pathing/bin'
[13.424s] Level 1:colcon.colcon_core.environment:checking '/home/april/mobilerobotics_ws/install/pathing/lib/pkgconfig/pathing.pc'
[13.425s] Level 1:colcon.colcon_core.environment:checking '/home/april/mobilerobotics_ws/install/pathing/lib/python3.8/site-packages'
[13.425s] Level 1:colcon.colcon_core.shell:create_environment_hook('pathing', 'pythonpath')
[13.516s] INFO:colcon.colcon_core.shell:Creating environment hook '/home/april/mobilerobotics_ws/install/pathing/share/pathing/hook/pythonpath.ps1'
[13.518s] INFO:colcon.colcon_core.shell:Creating environment descriptor '/home/april/mobilerobotics_ws/install/pathing/share/pathing/hook/pythonpath.dsv'
[13.519s] INFO:colcon.colcon_core.shell:Creating environment hook '/home/april/mobilerobotics_ws/install/pathing/share/pathing/hook/pythonpath.sh'
[13.521s] Level 1:colcon.colcon_core.environment:checking '/home/april/mobilerobotics_ws/install/pathing/bin'
[13.522s] Level 1:colcon.colcon_core.environment:create_environment_scripts_only(pathing)
[13.612s] INFO:colcon.colcon_core.shell:Creating package script '/home/april/mobilerobotics_ws/install/pathing/share/pathing/package.ps1'
[13.614s] INFO:colcon.colcon_core.shell:Creating package descriptor '/home/april/mobilerobotics_ws/install/pathing/share/pathing/package.dsv'
[13.616s] INFO:colcon.colcon_core.shell:Creating package script '/home/april/mobilerobotics_ws/install/pathing/share/pathing/package.sh'
[13.618s] INFO:colcon.colcon_core.shell:Creating package script '/home/april/mobilerobotics_ws/install/pathing/share/pathing/package.bash'
[13.619s] INFO:colcon.colcon_core.shell:Creating package script '/home/april/mobilerobotics_ws/install/pathing/share/pathing/package.zsh'
[13.619s] Level 1:colcon.colcon_core.environment:create_file_with_runtime_dependencies(/home/april/mobilerobotics_ws/install/pathing/share/colcon-core/packages/pathing)
[13.620s] DEBUG:colcon.colcon_parallel_executor.executor.parallel:closing loop
[13.622s] DEBUG:colcon.colcon_parallel_executor.executor.parallel:loop closed
[13.623s] DEBUG:colcon.colcon_parallel_executor.executor.parallel:run_until_complete finished with '0'
[13.624s] DEBUG:colcon.colcon_core.event_reactor:joining thread
[13.723s] INFO:colcon.colcon_core.plugin_system:Skipping extension 'colcon_notification.desktop_notification.terminal_notifier': Not used on non-Darwin systems
[13.723s] INFO:colcon.colcon_core.plugin_system:Skipping extension 'colcon_notification.desktop_notification.win32': Not used on non-Windows systems
[13.723s] INFO:colcon.colcon_notification.desktop_notification:Sending desktop notification using 'notify2'
[13.768s] DEBUG:colcon.colcon_core.event_reactor:joined thread
[13.966s] INFO:colcon.colcon_core.shell:Creating prefix script '/home/april/mobilerobotics_ws/install/local_setup.ps1'
[13.968s] INFO:colcon.colcon_core.shell:Creating prefix util module '/home/april/mobilerobotics_ws/install/_local_setup_util_ps1.py'
[13.969s] INFO:colcon.colcon_core.shell:Creating prefix chain script '/home/april/mobilerobotics_ws/install/setup.ps1'
[14.076s] INFO:colcon.colcon_core.shell:Creating prefix script '/home/april/mobilerobotics_ws/install/local_setup.sh'
[14.077s] INFO:colcon.colcon_core.shell:Creating prefix util module '/home/april/mobilerobotics_ws/install/_local_setup_util_sh.py'
[14.078s] INFO:colcon.colcon_core.shell:Creating prefix chain script '/home/april/mobilerobotics_ws/install/setup.sh'
[14.188s] INFO:colcon.colcon_core.shell:Creating prefix script '/home/april/mobilerobotics_ws/install/local_setup.bash'
[14.188s] INFO:colcon.colcon_core.shell:Creating prefix chain script '/home/april/mobilerobotics_ws/install/setup.bash'
[14.273s] INFO:colcon.colcon_core.shell:Creating prefix script '/home/april/mobilerobotics_ws/install/local_setup.zsh'
[14.273s] INFO:colcon.colcon_core.shell:Creating prefix chain script '/home/april/mobilerobotics_ws/install/setup.zsh'
