[1.039s] Invoking command in '/home/april/mobilerobotics_ws/build/aruco_opencv_msgs': CMAKE_PREFIX_PATH=${CMAKE_PREFIX_PATH}:/home/april/mobilerobotics_ws/install/pathing:/opt/ros/foxy /usr/bin/cmake --build /home/april/mobilerobotics_ws/build/aruco_opencv_msgs -- -j2 -l2
[1.373s] [  2%] Built target aruco_opencv_msgs__cpp
[1.494s] [ 12%] Built target aruco_opencv_msgs__rosidl_generator_c
[1.501s] [ 23%] Built target aruco_opencv_msgs__rosidl_typesupport_introspection_cpp
[1.686s] [ 34%] Built target aruco_opencv_msgs__rosidl_typesupport_c
[1.815s] [ 44%] Built target aruco_opencv_msgs__rosidl_typesupport_fastrtps_cpp
[1.823s] [ 55%] Built target aruco_opencv_msgs__rosidl_typesupport_introspection_c
[2.016s] [ 65%] Built target aruco_opencv_msgs__rosidl_typesupport_cpp
[2.035s] [ 76%] Built target aruco_opencv_msgs__rosidl_typesupport_fastrtps_c
[2.163s] [ 76%] Built target aruco_opencv_msgs
[2.292s] [ 78%] Built target aruco_opencv_msgs__py
[2.453s] [ 87%] Built target aruco_opencv_msgs__python
[2.673s] [ 91%] Built target aruco_opencv_msgs__rosidl_typesupport_introspection_c__pyext
[2.688s] [ 95%] Built target aruco_opencv_msgs__rosidl_typesupport_c__pyext
[2.808s] [100%] Built target aruco_opencv_msgs__rosidl_typesupport_fastrtps_c__pyext
[2.913s] Invoked command in '/home/april/mobilerobotics_ws/build/aruco_opencv_msgs' returned '0': CMAKE_PREFIX_PATH=${CMAKE_PREFIX_PATH}:/home/april/mobilerobotics_ws/install/pathing:/opt/ros/foxy /usr/bin/cmake --build /home/april/mobilerobotics_ws/build/aruco_opencv_msgs -- -j2 -l2
[3.631s] Invoking command in '/home/april/mobilerobotics_ws/build/aruco_opencv_msgs': CMAKE_PREFIX_PATH=${CMAKE_PREFIX_PATH}:/home/april/mobilerobotics_ws/install/pathing:/opt/ros/foxy /usr/bin/cmake --install /home/april/mobilerobotics_ws/build/aruco_opencv_msgs
[3.669s] -- Install configuration: ""
[3.670s] -- Up-to-date: /home/april/mobilerobotics_ws/install/aruco_opencv_msgs/share/ament_index/resource_index/rosidl_interfaces/aruco_opencv_msgs
[3.670s] -- Up-to-date: /home/april/mobilerobotics_ws/install/aruco_opencv_msgs/include/aruco_opencv_msgs
[3.671s] -- Up-to-date: /home/april/mobilerobotics_ws/install/aruco_opencv_msgs/include/aruco_opencv_msgs/msg
[3.671s] -- Up-to-date: /home/april/mobilerobotics_ws/install/aruco_opencv_msgs/include/aruco_opencv_msgs/msg/rosidl_generator_c__visibility_control.h
[3.671s] -- Up-to-date: /home/april/mobilerobotics_ws/install/aruco_opencv_msgs/include/aruco_opencv_msgs/msg/detail
[3.672s] -- Up-to-date: /home/april/mobilerobotics_ws/install/aruco_opencv_msgs/include/aruco_opencv_msgs/msg/detail/aruco_detection__struct.h
[3.672s] -- Up-to-date: /home/april/mobilerobotics_ws/install/aruco_opencv_msgs/include/aruco_opencv_msgs/msg/detail/aruco_detection__functions.h
[3.674s] -- Up-to-date: /home/april/mobilerobotics_ws/install/aruco_opencv_msgs/include/aruco_opencv_msgs/msg/detail/board_pose__functions.h
[3.675s] -- Up-to-date: /home/april/mobilerobotics_ws/install/aruco_opencv_msgs/include/aruco_opencv_msgs/msg/detail/board_pose__functions.c
[3.675s] -- Up-to-date: /home/april/mobilerobotics_ws/install/aruco_opencv_msgs/include/aruco_opencv_msgs/msg/detail/marker_pose__struct.h
[3.675s] -- Up-to-date: /home/april/mobilerobotics_ws/install/aruco_opencv_msgs/include/aruco_opencv_msgs/msg/detail/marker_pose__functions.h
[3.678s] -- Up-to-date: /home/april/mobilerobotics_ws/install/aruco_opencv_msgs/include/aruco_opencv_msgs/msg/detail/board_pose__type_support.h
[3.679s] -- Up-to-date: /home/april/mobilerobotics_ws/install/aruco_opencv_msgs/include/aruco_opencv_msgs/msg/detail/marker_pose__type_support.h
[3.680s] -- Up-to-date: /home/april/mobilerobotics_ws/install/aruco_opencv_msgs/include/aruco_opencv_msgs/msg/detail/marker_pose__functions.c
[3.683s] -- Up-to-date: /home/april/mobilerobotics_ws/install/aruco_opencv_msgs/include/aruco_opencv_msgs/msg/detail/board_pose__struct.h
[3.683s] -- Up-to-date: /home/april/mobilerobotics_ws/install/aruco_opencv_msgs/include/aruco_opencv_msgs/msg/detail/aruco_detection__functions.c
[3.683s] -- Up-to-date: /home/april/mobilerobotics_ws/install/aruco_opencv_msgs/include/aruco_opencv_msgs/msg/detail/aruco_detection__type_support.h
[3.685s] -- Up-to-date: /home/april/mobilerobotics_ws/install/aruco_opencv_msgs/include/aruco_opencv_msgs/msg/aruco_detection.h
[3.686s] -- Up-to-date: /home/april/mobilerobotics_ws/install/aruco_opencv_msgs/include/aruco_opencv_msgs/msg/marker_pose.h
[3.686s] -- Up-to-date: /home/april/mobilerobotics_ws/install/aruco_opencv_msgs/include/aruco_opencv_msgs/msg/board_pose.h
[3.686s] -- Up-to-date: /home/april/mobilerobotics_ws/install/aruco_opencv_msgs/share/aruco_opencv_msgs/environment/library_path.sh
[3.686s] -- Up-to-date: /home/april/mobilerobotics_ws/install/aruco_opencv_msgs/share/aruco_opencv_msgs/environment/library_path.dsv
[3.687s] -- Up-to-date: /home/april/mobilerobotics_ws/install/aruco_opencv_msgs/lib/libaruco_opencv_msgs__rosidl_generator_c.so
[3.687s] -- Up-to-date: /home/april/mobilerobotics_ws/install/aruco_opencv_msgs/include/aruco_opencv_msgs
[3.688s] -- Up-to-date: /home/april/mobilerobotics_ws/install/aruco_opencv_msgs/include/aruco_opencv_msgs/msg
[3.689s] -- Up-to-date: /home/april/mobilerobotics_ws/install/aruco_opencv_msgs/include/aruco_opencv_msgs/msg/detail
[3.691s] -- Up-to-date: /home/april/mobilerobotics_ws/install/aruco_opencv_msgs/include/aruco_opencv_msgs/msg/detail/aruco_detection__rosidl_typesupport_fastrtps_c.h
[3.692s] -- Up-to-date: /home/april/mobilerobotics_ws/install/aruco_opencv_msgs/include/aruco_opencv_msgs/msg/detail/board_pose__rosidl_typesupport_fastrtps_c.h
[3.693s] -- Up-to-date: /home/april/mobilerobotics_ws/install/aruco_opencv_msgs/include/aruco_opencv_msgs/msg/detail/marker_pose__rosidl_typesupport_fastrtps_c.h
[3.695s] -- Up-to-date: /home/april/mobilerobotics_ws/install/aruco_opencv_msgs/include/aruco_opencv_msgs/msg/rosidl_typesupport_fastrtps_c__visibility_control.h
[3.695s] -- Up-to-date: /home/april/mobilerobotics_ws/install/aruco_opencv_msgs/lib/libaruco_opencv_msgs__rosidl_typesupport_fastrtps_c.so
[3.696s] -- Up-to-date: /home/april/mobilerobotics_ws/install/aruco_opencv_msgs/include/aruco_opencv_msgs
[3.700s] -- Up-to-date: /home/april/mobilerobotics_ws/install/aruco_opencv_msgs/include/aruco_opencv_msgs/msg
[3.706s] -- Up-to-date: /home/april/mobilerobotics_ws/install/aruco_opencv_msgs/include/aruco_opencv_msgs/msg/rosidl_typesupport_fastrtps_cpp__visibility_control.h
[3.707s] -- Up-to-date: /home/april/mobilerobotics_ws/install/aruco_opencv_msgs/include/aruco_opencv_msgs/msg/detail
[3.708s] -- Up-to-date: /home/april/mobilerobotics_ws/install/aruco_opencv_msgs/include/aruco_opencv_msgs/msg/detail/board_pose__rosidl_typesupport_fastrtps_cpp.hpp
[3.710s] -- Up-to-date: /home/april/mobilerobotics_ws/install/aruco_opencv_msgs/include/aruco_opencv_msgs/msg/detail/dds_fastrtps
[3.711s] -- Up-to-date: /home/april/mobilerobotics_ws/install/aruco_opencv_msgs/include/aruco_opencv_msgs/msg/detail/aruco_detection__rosidl_typesupport_fastrtps_cpp.hpp
[3.712s] -- Up-to-date: /home/april/mobilerobotics_ws/install/aruco_opencv_msgs/include/aruco_opencv_msgs/msg/detail/marker_pose__rosidl_typesupport_fastrtps_cpp.hpp
[3.713s] -- Up-to-date: /home/april/mobilerobotics_ws/install/aruco_opencv_msgs/lib/libaruco_opencv_msgs__rosidl_typesupport_fastrtps_cpp.so
[3.713s] -- Up-to-date: /home/april/mobilerobotics_ws/install/aruco_opencv_msgs/include/aruco_opencv_msgs
[3.714s] -- Up-to-date: /home/april/mobilerobotics_ws/install/aruco_opencv_msgs/include/aruco_opencv_msgs/msg
[3.715s] -- Up-to-date: /home/april/mobilerobotics_ws/install/aruco_opencv_msgs/include/aruco_opencv_msgs/msg/detail
[3.715s] -- Up-to-date: /home/april/mobilerobotics_ws/install/aruco_opencv_msgs/include/aruco_opencv_msgs/msg/detail/marker_pose__rosidl_typesupport_introspection_c.h
[3.715s] -- Up-to-date: /home/april/mobilerobotics_ws/install/aruco_opencv_msgs/include/aruco_opencv_msgs/msg/detail/board_pose__rosidl_typesupport_introspection_c.h
[3.716s] -- Up-to-date: /home/april/mobilerobotics_ws/install/aruco_opencv_msgs/include/aruco_opencv_msgs/msg/detail/aruco_detection__rosidl_typesupport_introspection_c.h
[3.723s] -- Up-to-date: /home/april/mobilerobotics_ws/install/aruco_opencv_msgs/include/aruco_opencv_msgs/msg/detail/aruco_detection__type_support.c
[3.724s] -- Up-to-date: /home/april/mobilerobotics_ws/install/aruco_opencv_msgs/include/aruco_opencv_msgs/msg/detail/marker_pose__type_support.c
[3.725s] -- Up-to-date: /home/april/mobilerobotics_ws/install/aruco_opencv_msgs/include/aruco_opencv_msgs/msg/detail/board_pose__type_support.c
[3.726s] -- Up-to-date: /home/april/mobilerobotics_ws/install/aruco_opencv_msgs/include/aruco_opencv_msgs/msg/rosidl_typesupport_introspection_c__visibility_control.h
[3.727s] -- Up-to-date: /home/april/mobilerobotics_ws/install/aruco_opencv_msgs/lib/libaruco_opencv_msgs__rosidl_typesupport_introspection_c.so
[3.727s] -- Up-to-date: /home/april/mobilerobotics_ws/install/aruco_opencv_msgs/lib/libaruco_opencv_msgs__rosidl_typesupport_c.so
[3.728s] -- Up-to-date: /home/april/mobilerobotics_ws/install/aruco_opencv_msgs/include/aruco_opencv_msgs
[3.729s] -- Up-to-date: /home/april/mobilerobotics_ws/install/aruco_opencv_msgs/include/aruco_opencv_msgs/msg
[3.730s] -- Up-to-date: /home/april/mobilerobotics_ws/install/aruco_opencv_msgs/include/aruco_opencv_msgs/msg/detail
[3.740s] -- Up-to-date: /home/april/mobilerobotics_ws/install/aruco_opencv_msgs/include/aruco_opencv_msgs/msg/detail/board_pose__traits.hpp
[3.741s] -- Up-to-date: /home/april/mobilerobotics_ws/install/aruco_opencv_msgs/include/aruco_opencv_msgs/msg/detail/board_pose__type_support.hpp
[3.742s] -- Up-to-date: /home/april/mobilerobotics_ws/install/aruco_opencv_msgs/include/aruco_opencv_msgs/msg/detail/aruco_detection__builder.hpp
[3.743s] -- Up-to-date: /home/april/mobilerobotics_ws/install/aruco_opencv_msgs/include/aruco_opencv_msgs/msg/detail/aruco_detection__type_support.hpp
[3.744s] -- Up-to-date: /home/april/mobilerobotics_ws/install/aruco_opencv_msgs/include/aruco_opencv_msgs/msg/detail/marker_pose__traits.hpp
[3.744s] -- Up-to-date: /home/april/mobilerobotics_ws/install/aruco_opencv_msgs/include/aruco_opencv_msgs/msg/detail/board_pose__builder.hpp
[3.745s] -- Up-to-date: /home/april/mobilerobotics_ws/install/aruco_opencv_msgs/include/aruco_opencv_msgs/msg/detail/marker_pose__builder.hpp
[3.751s] -- Up-to-date: /home/april/mobilerobotics_ws/install/aruco_opencv_msgs/include/aruco_opencv_msgs/msg/detail/marker_pose__struct.hpp
[3.752s] -- Up-to-date: /home/april/mobilerobotics_ws/install/aruco_opencv_msgs/include/aruco_opencv_msgs/msg/detail/board_pose__struct.hpp
[3.752s] -- Up-to-date: /home/april/mobilerobotics_ws/install/aruco_opencv_msgs/include/aruco_opencv_msgs/msg/detail/aruco_detection__traits.hpp
[3.752s] -- Up-to-date: /home/april/mobilerobotics_ws/install/aruco_opencv_msgs/include/aruco_opencv_msgs/msg/detail/aruco_detection__struct.hpp
[3.753s] -- Up-to-date: /home/april/mobilerobotics_ws/install/aruco_opencv_msgs/include/aruco_opencv_msgs/msg/detail/marker_pose__type_support.hpp
[3.753s] -- Up-to-date: /home/april/mobilerobotics_ws/install/aruco_opencv_msgs/include/aruco_opencv_msgs/msg/aruco_detection.hpp
[3.753s] -- Up-to-date: /home/april/mobilerobotics_ws/install/aruco_opencv_msgs/include/aruco_opencv_msgs/msg/rosidl_generator_cpp__visibility_control.hpp
[3.754s] -- Up-to-date: /home/april/mobilerobotics_ws/install/aruco_opencv_msgs/include/aruco_opencv_msgs/msg/board_pose.hpp
[3.754s] -- Up-to-date: /home/april/mobilerobotics_ws/install/aruco_opencv_msgs/include/aruco_opencv_msgs/msg/marker_pose.hpp
[3.754s] -- Up-to-date: /home/april/mobilerobotics_ws/install/aruco_opencv_msgs/include/aruco_opencv_msgs
[3.755s] -- Up-to-date: /home/april/mobilerobotics_ws/install/aruco_opencv_msgs/include/aruco_opencv_msgs/msg
[3.755s] -- Up-to-date: /home/april/mobilerobotics_ws/install/aruco_opencv_msgs/include/aruco_opencv_msgs/msg/detail
[3.755s] -- Up-to-date: /home/april/mobilerobotics_ws/install/aruco_opencv_msgs/include/aruco_opencv_msgs/msg/detail/aruco_detection__rosidl_typesupport_introspection_cpp.hpp
[3.756s] -- Up-to-date: /home/april/mobilerobotics_ws/install/aruco_opencv_msgs/include/aruco_opencv_msgs/msg/detail/marker_pose__rosidl_typesupport_introspection_cpp.hpp
[3.756s] -- Up-to-date: /home/april/mobilerobotics_ws/install/aruco_opencv_msgs/include/aruco_opencv_msgs/msg/detail/board_pose__rosidl_typesupport_introspection_cpp.hpp
[3.756s] -- Up-to-date: /home/april/mobilerobotics_ws/install/aruco_opencv_msgs/include/aruco_opencv_msgs/msg/detail/aruco_detection__type_support.cpp
[3.757s] -- Up-to-date: /home/april/mobilerobotics_ws/install/aruco_opencv_msgs/include/aruco_opencv_msgs/msg/detail/marker_pose__type_support.cpp
[3.757s] -- Up-to-date: /home/april/mobilerobotics_ws/install/aruco_opencv_msgs/include/aruco_opencv_msgs/msg/detail/board_pose__type_support.cpp
[3.767s] -- Up-to-date: /home/april/mobilerobotics_ws/install/aruco_opencv_msgs/lib/libaruco_opencv_msgs__rosidl_typesupport_introspection_cpp.so
[3.767s] -- Up-to-date: /home/april/mobilerobotics_ws/install/aruco_opencv_msgs/lib/libaruco_opencv_msgs__rosidl_typesupport_cpp.so
[3.767s] -- Up-to-date: /home/april/mobilerobotics_ws/install/aruco_opencv_msgs/share/aruco_opencv_msgs/environment/pythonpath.sh
[3.768s] -- Up-to-date: /home/april/mobilerobotics_ws/install/aruco_opencv_msgs/share/aruco_opencv_msgs/environment/pythonpath.dsv
[3.768s] -- Up-to-date: /home/april/mobilerobotics_ws/install/aruco_opencv_msgs/lib/python3.8/site-packages/aruco_opencv_msgs/__init__.py
[3.843s] -- Up-to-date: /home/april/mobilerobotics_ws/install/aruco_opencv_msgs/lib/python3.8/site-packages/aruco_opencv_msgs/msg
[3.844s] -- Up-to-date: /home/april/mobilerobotics_ws/install/aruco_opencv_msgs/lib/python3.8/site-packages/aruco_opencv_msgs/msg/_marker_pose.py
[3.845s] -- Up-to-date: /home/april/mobilerobotics_ws/install/aruco_opencv_msgs/lib/python3.8/site-packages/aruco_opencv_msgs/msg/_aruco_detection.py
[3.846s] -- Up-to-date: /home/april/mobilerobotics_ws/install/aruco_opencv_msgs/lib/python3.8/site-packages/aruco_opencv_msgs/msg/_board_pose_s.c
[3.848s] -- Up-to-date: /home/april/mobilerobotics_ws/install/aruco_opencv_msgs/lib/python3.8/site-packages/aruco_opencv_msgs/msg/__init__.py
[3.849s] -- Up-to-date: /home/april/mobilerobotics_ws/install/aruco_opencv_msgs/lib/python3.8/site-packages/aruco_opencv_msgs/msg/_aruco_detection_s.c
[3.849s] -- Up-to-date: /home/april/mobilerobotics_ws/install/aruco_opencv_msgs/lib/python3.8/site-packages/aruco_opencv_msgs/msg/_board_pose.py
[3.849s] -- Up-to-date: /home/april/mobilerobotics_ws/install/aruco_opencv_msgs/lib/python3.8/site-packages/aruco_opencv_msgs/msg/_marker_pose_s.c
[3.850s] -- Up-to-date: /home/april/mobilerobotics_ws/install/aruco_opencv_msgs/lib/python3.8/site-packages/aruco_opencv_msgs/aruco_opencv_msgs_s__rosidl_typesupport_fastrtps_c.cpython-38-x86_64-linux-gnu.so
[3.850s] -- Up-to-date: /home/april/mobilerobotics_ws/install/aruco_opencv_msgs/lib/python3.8/site-packages/aruco_opencv_msgs/aruco_opencv_msgs_s__rosidl_typesupport_introspection_c.cpython-38-x86_64-linux-gnu.so
[3.851s] -- Up-to-date: /home/april/mobilerobotics_ws/install/aruco_opencv_msgs/lib/python3.8/site-packages/aruco_opencv_msgs/aruco_opencv_msgs_s__rosidl_typesupport_c.cpython-38-x86_64-linux-gnu.so
[3.853s] -- Up-to-date: /home/april/mobilerobotics_ws/install/aruco_opencv_msgs/lib/libaruco_opencv_msgs__python.so
[3.855s] -- Up-to-date: /home/april/mobilerobotics_ws/install/aruco_opencv_msgs/share/aruco_opencv_msgs/msg/ArucoDetection.idl
[3.857s] -- Up-to-date: /home/april/mobilerobotics_ws/install/aruco_opencv_msgs/share/aruco_opencv_msgs/msg/BoardPose.idl
[3.857s] -- Up-to-date: /home/april/mobilerobotics_ws/install/aruco_opencv_msgs/share/aruco_opencv_msgs/msg/MarkerPose.idl
[3.863s] -- Up-to-date: /home/april/mobilerobotics_ws/install/aruco_opencv_msgs/share/aruco_opencv_msgs/msg/ArucoDetection.msg
[3.864s] -- Up-to-date: /home/april/mobilerobotics_ws/install/aruco_opencv_msgs/share/aruco_opencv_msgs/msg/BoardPose.msg
[3.864s] -- Up-to-date: /home/april/mobilerobotics_ws/install/aruco_opencv_msgs/share/aruco_opencv_msgs/msg/MarkerPose.msg
[3.864s] -- Up-to-date: /home/april/mobilerobotics_ws/install/aruco_opencv_msgs/share/ament_index/resource_index/package_run_dependencies/aruco_opencv_msgs
[3.865s] -- Up-to-date: /home/april/mobilerobotics_ws/install/aruco_opencv_msgs/share/ament_index/resource_index/parent_prefix_path/aruco_opencv_msgs
[3.865s] -- Up-to-date: /home/april/mobilerobotics_ws/install/aruco_opencv_msgs/share/aruco_opencv_msgs/environment/ament_prefix_path.sh
[3.865s] -- Up-to-date: /home/april/mobilerobotics_ws/install/aruco_opencv_msgs/share/aruco_opencv_msgs/environment/ament_prefix_path.dsv
[3.866s] -- Up-to-date: /home/april/mobilerobotics_ws/install/aruco_opencv_msgs/share/aruco_opencv_msgs/environment/path.sh
[3.866s] -- Up-to-date: /home/april/mobilerobotics_ws/install/aruco_opencv_msgs/share/aruco_opencv_msgs/environment/path.dsv
[3.866s] -- Up-to-date: /home/april/mobilerobotics_ws/install/aruco_opencv_msgs/share/aruco_opencv_msgs/local_setup.bash
[3.867s] -- Up-to-date: /home/april/mobilerobotics_ws/install/aruco_opencv_msgs/share/aruco_opencv_msgs/local_setup.sh
[3.867s] -- Up-to-date: /home/april/mobilerobotics_ws/install/aruco_opencv_msgs/share/aruco_opencv_msgs/local_setup.zsh
[3.867s] -- Up-to-date: /home/april/mobilerobotics_ws/install/aruco_opencv_msgs/share/aruco_opencv_msgs/local_setup.dsv
[3.868s] -- Installing: /home/april/mobilerobotics_ws/install/aruco_opencv_msgs/share/aruco_opencv_msgs/package.dsv
[3.868s] -- Up-to-date: /home/april/mobilerobotics_ws/install/aruco_opencv_msgs/share/ament_index/resource_index/packages/aruco_opencv_msgs
[3.868s] -- Up-to-date: /home/april/mobilerobotics_ws/install/aruco_opencv_msgs/share/aruco_opencv_msgs/cmake/aruco_opencv_msgs__rosidl_generator_cExport.cmake
[3.869s] -- Up-to-date: /home/april/mobilerobotics_ws/install/aruco_opencv_msgs/share/aruco_opencv_msgs/cmake/aruco_opencv_msgs__rosidl_generator_cExport-noconfig.cmake
[3.871s] -- Up-to-date: /home/april/mobilerobotics_ws/install/aruco_opencv_msgs/share/aruco_opencv_msgs/cmake/aruco_opencv_msgs__rosidl_typesupport_introspection_cExport.cmake
[3.871s] -- Up-to-date: /home/april/mobilerobotics_ws/install/aruco_opencv_msgs/share/aruco_opencv_msgs/cmake/aruco_opencv_msgs__rosidl_typesupport_introspection_cExport-noconfig.cmake
[3.873s] -- Up-to-date: /home/april/mobilerobotics_ws/install/aruco_opencv_msgs/share/aruco_opencv_msgs/cmake/aruco_opencv_msgs__rosidl_typesupport_cExport.cmake
[3.874s] -- Up-to-date: /home/april/mobilerobotics_ws/install/aruco_opencv_msgs/share/aruco_opencv_msgs/cmake/aruco_opencv_msgs__rosidl_typesupport_cExport-noconfig.cmake
[3.877s] -- Up-to-date: /home/april/mobilerobotics_ws/install/aruco_opencv_msgs/share/aruco_opencv_msgs/cmake/aruco_opencv_msgs__rosidl_generator_cppExport.cmake
[3.879s] -- Up-to-date: /home/april/mobilerobotics_ws/install/aruco_opencv_msgs/share/aruco_opencv_msgs/cmake/aruco_opencv_msgs__rosidl_typesupport_introspection_cppExport.cmake
[3.879s] -- Up-to-date: /home/april/mobilerobotics_ws/install/aruco_opencv_msgs/share/aruco_opencv_msgs/cmake/aruco_opencv_msgs__rosidl_typesupport_introspection_cppExport-noconfig.cmake
[3.880s] -- Up-to-date: /home/april/mobilerobotics_ws/install/aruco_opencv_msgs/share/aruco_opencv_msgs/cmake/aruco_opencv_msgs__rosidl_typesupport_cppExport.cmake
[3.880s] -- Up-to-date: /home/april/mobilerobotics_ws/install/aruco_opencv_msgs/share/aruco_opencv_msgs/cmake/aruco_opencv_msgs__rosidl_typesupport_cppExport-noconfig.cmake
[3.880s] -- Up-to-date: /home/april/mobilerobotics_ws/install/aruco_opencv_msgs/share/aruco_opencv_msgs/cmake/rosidl_cmake-extras.cmake
[3.881s] -- Up-to-date: /home/april/mobilerobotics_ws/install/aruco_opencv_msgs/share/aruco_opencv_msgs/cmake/ament_cmake_export_dependencies-extras.cmake
[3.881s] -- Up-to-date: /home/april/mobilerobotics_ws/install/aruco_opencv_msgs/share/aruco_opencv_msgs/cmake/ament_cmake_export_libraries-extras.cmake
[3.881s] -- Up-to-date: /home/april/mobilerobotics_ws/install/aruco_opencv_msgs/share/aruco_opencv_msgs/cmake/ament_cmake_export_targets-extras.cmake
[3.882s] -- Up-to-date: /home/april/mobilerobotics_ws/install/aruco_opencv_msgs/share/aruco_opencv_msgs/cmake/ament_cmake_export_include_directories-extras.cmake
[3.884s] -- Up-to-date: /home/april/mobilerobotics_ws/install/aruco_opencv_msgs/share/aruco_opencv_msgs/cmake/rosidl_cmake_export_typesupport_libraries-extras.cmake
[3.884s] -- Up-to-date: /home/april/mobilerobotics_ws/install/aruco_opencv_msgs/share/aruco_opencv_msgs/cmake/rosidl_cmake_export_typesupport_targets-extras.cmake
[3.884s] -- Up-to-date: /home/april/mobilerobotics_ws/install/aruco_opencv_msgs/share/aruco_opencv_msgs/cmake/aruco_opencv_msgsConfig.cmake
[3.884s] -- Up-to-date: /home/april/mobilerobotics_ws/install/aruco_opencv_msgs/share/aruco_opencv_msgs/cmake/aruco_opencv_msgsConfig-version.cmake
[3.884s] -- Up-to-date: /home/april/mobilerobotics_ws/install/aruco_opencv_msgs/share/aruco_opencv_msgs/package.xml
[3.896s] Invoked command in '/home/april/mobilerobotics_ws/build/aruco_opencv_msgs' returned '0': CMAKE_PREFIX_PATH=${CMAKE_PREFIX_PATH}:/home/april/mobilerobotics_ws/install/pathing:/opt/ros/foxy /usr/bin/cmake --install /home/april/mobilerobotics_ws/build/aruco_opencv_msgs
