[3.956s] Invoking command in '/home/april/mobilerobotics_ws/src/pathing': PYTHONPATH=/home/april/mobilerobotics_ws/build/pathing/prefix_override:/home/april/mobilerobotics_ws/install/pathing/lib/python3.8/site-packages:${PYTHONPATH} /usr/bin/python3 setup.py egg_info --egg-base ../../build/pathing build --build-base /home/april/mobilerobotics_ws/build/pathing/build install --record /home/april/mobilerobotics_ws/build/pathing/install.log --single-version-externally-managed
[4.888s] running egg_info
[4.889s] writing ../../build/pathing/pathing.egg-info/PKG-INFO
[4.890s] writing dependency_links to ../../build/pathing/pathing.egg-info/dependency_links.txt
[4.891s] writing entry points to ../../build/pathing/pathing.egg-info/entry_points.txt
[4.893s] writing requirements to ../../build/pathing/pathing.egg-info/requires.txt
[4.894s] writing top-level names to ../../build/pathing/pathing.egg-info/top_level.txt
[5.016s] reading manifest file '../../build/pathing/pathing.egg-info/SOURCES.txt'
[5.018s] writing manifest file '../../build/pathing/pathing.egg-info/SOURCES.txt'
[5.019s] running build
[5.019s] running build_py
[5.020s] copying pathing/better_soccer.py -> /home/april/mobilerobotics_ws/build/pathing/build/lib/pathing
[5.020s] running install
[5.023s] running install_lib
[5.036s] copying /home/april/mobilerobotics_ws/build/pathing/build/lib/pathing/better_soccer.py -> /home/april/mobilerobotics_ws/install/pathing/lib/python3.8/site-packages/pathing
[5.038s] byte-compiling /home/april/mobilerobotics_ws/install/pathing/lib/python3.8/site-packages/pathing/better_soccer.py to better_soccer.cpython-38.pyc
[5.045s] running install_data
[5.047s] running install_egg_info
[5.051s] removing '/home/april/mobilerobotics_ws/install/pathing/lib/python3.8/site-packages/pathing-0.0.0-py3.8.egg-info' (and everything under it)
[5.052s] Copying ../../build/pathing/pathing.egg-info to /home/april/mobilerobotics_ws/install/pathing/lib/python3.8/site-packages/pathing-0.0.0-py3.8.egg-info
[5.057s] running install_scripts
[5.100s] Installing planner script to /home/april/mobilerobotics_ws/install/pathing/lib/pathing
[5.102s] writing list of installed files to '/home/april/mobilerobotics_ws/build/pathing/install.log'
[5.148s] Invoked command in '/home/april/mobilerobotics_ws/src/pathing' returned '0': PYTHONPATH=/home/april/mobilerobotics_ws/build/pathing/prefix_override:/home/april/mobilerobotics_ws/install/pathing/lib/python3.8/site-packages:${PYTHONPATH} /usr/bin/python3 setup.py egg_info --egg-base ../../build/pathing build --build-base /home/april/mobilerobotics_ws/build/pathing/build install --record /home/april/mobilerobotics_ws/build/pathing/install.log --single-version-externally-managed
