[6.032s] DEBUG:colcon:Command line arguments: ['/usr/bin/colcon', 'build']
[6.034s] DEBUG:colcon:Parsed command line arguments: Namespace(allow_overriding=[], ament_cmake_args=None, base_paths=['.'], build_base='build', catkin_cmake_args=None, catkin_skip_building_tests=False, cmake_args=None, cmake_clean_cache=False, cmake_clean_first=False, cmake_force_configure=False, cmake_target=None, cmake_target_skip_unavailable=False, continue_on_error=False, event_handlers=None, executor='parallel', ignore_user_meta=False, install_base='install', log_base=None, log_level=None, main=<bound method BuildVerb.main of <colcon_core.verb.build.BuildVerb object at 0x7f0314832490>>, merge_install=False, metas=['./colcon.meta'], packages_above=None, packages_above_and_dependencies=None, packages_above_depth=None, packages_end=None, packages_ignore=None, packages_ignore_regex=None, packages_select=None, packages_select_build_failed=False, packages_select_by_dep=None, packages_select_regex=None, packages_select_test_failures=False, packages_skip=None, packages_skip_build_finished=False, packages_skip_by_dep=None, packages_skip_regex=None, packages_skip_test_passed=False, packages_skip_up_to=None, packages_start=None, packages_up_to=None, packages_up_to_regex=None, parallel_workers=2, paths=None, symlink_install=False, test_result_base=None, verb_extension=<colcon_core.verb.build.BuildVerb object at 0x7f0314832490>, verb_name='build', verb_parser=<colcon_defaults.argument_parser.defaults.DefaultArgumentsDecorator object at 0x7f0314656670>)
[6.336s] Level 1:colcon.colcon_core.package_discovery:discover_packages(colcon_meta) check parameters
[6.336s] Level 1:colcon.colcon_core.package_discovery:discover_packages(recursive) check parameters
[6.336s] Level 1:colcon.colcon_core.package_discovery:discover_packages(ignore) check parameters
[6.337s] Level 1:colcon.colcon_core.package_discovery:discover_packages(path) check parameters
[6.337s] Level 1:colcon.colcon_core.package_discovery:discover_packages(colcon_meta) discover
[6.337s] Level 1:colcon.colcon_core.package_discovery:discover_packages(recursive) discover
[6.337s] INFO:colcon.colcon_core.package_discovery:Crawling recursively for packages in '/home/april/mobilerobotics_ws'
[6.337s] Level 1:colcon.colcon_core.package_identification:_identify(.) by extensions ['ignore', 'ignore_ament_install']
[6.338s] Level 1:colcon.colcon_core.package_identification:_identify(.) by extension 'ignore'
[6.338s] Level 1:colcon.colcon_core.package_identification:_identify(.) by extension 'ignore_ament_install'
[6.338s] Level 1:colcon.colcon_core.package_identification:_identify(.) by extensions ['colcon_pkg']
[6.338s] Level 1:colcon.colcon_core.package_identification:_identify(.) by extension 'colcon_pkg'
[6.339s] Level 1:colcon.colcon_core.package_identification:_identify(.) by extensions ['colcon_meta']
[6.339s] Level 1:colcon.colcon_core.package_identification:_identify(.) by extension 'colcon_meta'
[6.339s] Level 1:colcon.colcon_core.package_identification:_identify(.) by extensions ['ros']
[6.339s] Level 1:colcon.colcon_core.package_identification:_identify(.) by extension 'ros'
[6.362s] Level 1:colcon.colcon_core.package_identification:_identify(.) by extensions ['cmake', 'python']
[6.362s] Level 1:colcon.colcon_core.package_identification:_identify(.) by extension 'cmake'
[6.362s] Level 1:colcon.colcon_core.package_identification:_identify(.) by extension 'python'
[6.363s] Level 1:colcon.colcon_core.package_identification:_identify(.) by extensions ['python_setup_py']
[6.363s] Level 1:colcon.colcon_core.package_identification:_identify(.) by extension 'python_setup_py'
[6.363s] Level 1:colcon.colcon_core.package_identification:_identify(build) by extensions ['ignore', 'ignore_ament_install']
[6.363s] Level 1:colcon.colcon_core.package_identification:_identify(build) by extension 'ignore'
[6.363s] Level 1:colcon.colcon_core.package_identification:_identify(build) ignored
[6.363s] Level 1:colcon.colcon_core.package_identification:_identify(install) by extensions ['ignore', 'ignore_ament_install']
[6.363s] Level 1:colcon.colcon_core.package_identification:_identify(install) by extension 'ignore'
[6.363s] Level 1:colcon.colcon_core.package_identification:_identify(install) ignored
[6.363s] Level 1:colcon.colcon_core.package_identification:_identify(log) by extensions ['ignore', 'ignore_ament_install']
[6.363s] Level 1:colcon.colcon_core.package_identification:_identify(log) by extension 'ignore'
[6.363s] Level 1:colcon.colcon_core.package_identification:_identify(log) ignored
[6.364s] Level 1:colcon.colcon_core.package_identification:_identify(src) by extensions ['ignore', 'ignore_ament_install']
[6.364s] Level 1:colcon.colcon_core.package_identification:_identify(src) by extension 'ignore'
[6.364s] Level 1:colcon.colcon_core.package_identification:_identify(src) by extension 'ignore_ament_install'
[6.364s] Level 1:colcon.colcon_core.package_identification:_identify(src) by extensions ['colcon_pkg']
[6.364s] Level 1:colcon.colcon_core.package_identification:_identify(src) by extension 'colcon_pkg'
[6.364s] Level 1:colcon.colcon_core.package_identification:_identify(src) by extensions ['colcon_meta']
[6.364s] Level 1:colcon.colcon_core.package_identification:_identify(src) by extension 'colcon_meta'
[6.364s] Level 1:colcon.colcon_core.package_identification:_identify(src) by extensions ['ros']
[6.364s] Level 1:colcon.colcon_core.package_identification:_identify(src) by extension 'ros'
[6.364s] Level 1:colcon.colcon_core.package_identification:_identify(src) by extensions ['cmake', 'python']
[6.364s] Level 1:colcon.colcon_core.package_identification:_identify(src) by extension 'cmake'
[6.364s] Level 1:colcon.colcon_core.package_identification:_identify(src) by extension 'python'
[6.365s] Level 1:colcon.colcon_core.package_identification:_identify(src) by extensions ['python_setup_py']
[6.365s] Level 1:colcon.colcon_core.package_identification:_identify(src) by extension 'python_setup_py'
[6.365s] Level 1:colcon.colcon_core.package_identification:_identify(src/pathing) by extensions ['ignore', 'ignore_ament_install']
[6.365s] Level 1:colcon.colcon_core.package_identification:_identify(src/pathing) by extension 'ignore'
[6.365s] Level 1:colcon.colcon_core.package_identification:_identify(src/pathing) by extension 'ignore_ament_install'
[6.365s] Level 1:colcon.colcon_core.package_identification:_identify(src/pathing) by extensions ['colcon_pkg']
[6.365s] Level 1:colcon.colcon_core.package_identification:_identify(src/pathing) by extension 'colcon_pkg'
[6.365s] Level 1:colcon.colcon_core.package_identification:_identify(src/pathing) by extensions ['colcon_meta']
[6.365s] Level 1:colcon.colcon_core.package_identification:_identify(src/pathing) by extension 'colcon_meta'
[6.366s] Level 1:colcon.colcon_core.package_identification:_identify(src/pathing) by extensions ['ros']
[6.366s] Level 1:colcon.colcon_core.package_identification:_identify(src/pathing) by extension 'ros'
[6.369s] DEBUG:colcon.colcon_core.package_identification:Package 'src/pathing' with type 'ros.ament_python' and name 'pathing'
[6.371s] Level 1:colcon.colcon_core.package_identification:_identify(src/ros_aruco_opencv) by extensions ['ignore', 'ignore_ament_install']
[6.371s] Level 1:colcon.colcon_core.package_identification:_identify(src/ros_aruco_opencv) by extension 'ignore'
[6.371s] Level 1:colcon.colcon_core.package_identification:_identify(src/ros_aruco_opencv) by extension 'ignore_ament_install'
[6.371s] Level 1:colcon.colcon_core.package_identification:_identify(src/ros_aruco_opencv) by extensions ['colcon_pkg']
[6.372s] Level 1:colcon.colcon_core.package_identification:_identify(src/ros_aruco_opencv) by extension 'colcon_pkg'
[6.372s] Level 1:colcon.colcon_core.package_identification:_identify(src/ros_aruco_opencv) by extensions ['colcon_meta']
[6.372s] Level 1:colcon.colcon_core.package_identification:_identify(src/ros_aruco_opencv) by extension 'colcon_meta'
[6.372s] Level 1:colcon.colcon_core.package_identification:_identify(src/ros_aruco_opencv) by extensions ['ros']
[6.372s] Level 1:colcon.colcon_core.package_identification:_identify(src/ros_aruco_opencv) by extension 'ros'
[6.372s] Level 1:colcon.colcon_core.package_identification:_identify(src/ros_aruco_opencv) by extensions ['cmake', 'python']
[6.372s] Level 1:colcon.colcon_core.package_identification:_identify(src/ros_aruco_opencv) by extension 'cmake'
[6.372s] Level 1:colcon.colcon_core.package_identification:_identify(src/ros_aruco_opencv) by extension 'python'
[6.372s] Level 1:colcon.colcon_core.package_identification:_identify(src/ros_aruco_opencv) by extensions ['python_setup_py']
[6.372s] Level 1:colcon.colcon_core.package_identification:_identify(src/ros_aruco_opencv) by extension 'python_setup_py'
[6.373s] Level 1:colcon.colcon_core.package_identification:_identify(src/ros_aruco_opencv/aruco_opencv_msgs) by extensions ['ignore', 'ignore_ament_install']
[6.373s] Level 1:colcon.colcon_core.package_identification:_identify(src/ros_aruco_opencv/aruco_opencv_msgs) by extension 'ignore'
[6.374s] Level 1:colcon.colcon_core.package_identification:_identify(src/ros_aruco_opencv/aruco_opencv_msgs) by extension 'ignore_ament_install'
[6.374s] Level 1:colcon.colcon_core.package_identification:_identify(src/ros_aruco_opencv/aruco_opencv_msgs) by extensions ['colcon_pkg']
[6.374s] Level 1:colcon.colcon_core.package_identification:_identify(src/ros_aruco_opencv/aruco_opencv_msgs) by extension 'colcon_pkg'
[6.374s] Level 1:colcon.colcon_core.package_identification:_identify(src/ros_aruco_opencv/aruco_opencv_msgs) by extensions ['colcon_meta']
[6.374s] Level 1:colcon.colcon_core.package_identification:_identify(src/ros_aruco_opencv/aruco_opencv_msgs) by extension 'colcon_meta'
[6.375s] Level 1:colcon.colcon_core.package_identification:_identify(src/ros_aruco_opencv/aruco_opencv_msgs) by extensions ['ros']
[6.375s] Level 1:colcon.colcon_core.package_identification:_identify(src/ros_aruco_opencv/aruco_opencv_msgs) by extension 'ros'
[6.377s] DEBUG:colcon.colcon_core.package_identification:Package 'src/ros_aruco_opencv/aruco_opencv_msgs' with type 'ros.ament_cmake' and name 'aruco_opencv_msgs'
[6.377s] Level 1:colcon.colcon_core.package_discovery:discover_packages(recursive) using defaults
[6.377s] Level 1:colcon.colcon_core.package_discovery:discover_packages(ignore) discover
[6.377s] Level 1:colcon.colcon_core.package_discovery:discover_packages(ignore) using defaults
[6.378s] Level 1:colcon.colcon_core.package_discovery:discover_packages(path) discover
[6.378s] Level 1:colcon.colcon_core.package_discovery:discover_packages(path) using defaults
[6.905s] Level 1:colcon.colcon_core.package_discovery:discover_packages(prefix_path) check parameters
[6.905s] Level 1:colcon.colcon_core.package_discovery:discover_packages(prefix_path) discover
[7.083s] DEBUG:colcon.colcon_installed_package_information.package_discovery:Found 258 installed packages in /opt/ros/foxy
[7.085s] Level 1:colcon.colcon_core.package_discovery:discover_packages(prefix_path) using defaults
[7.626s] Level 5:colcon.colcon_core.verb:set package 'aruco_opencv_msgs' build argument 'cmake_args' from command line to 'None'
[7.626s] Level 5:colcon.colcon_core.verb:set package 'aruco_opencv_msgs' build argument 'cmake_target' from command line to 'None'
[7.626s] Level 5:colcon.colcon_core.verb:set package 'aruco_opencv_msgs' build argument 'cmake_target_skip_unavailable' from command line to 'False'
[7.627s] Level 5:colcon.colcon_core.verb:set package 'aruco_opencv_msgs' build argument 'cmake_clean_cache' from command line to 'False'
[7.627s] Level 5:colcon.colcon_core.verb:set package 'aruco_opencv_msgs' build argument 'cmake_clean_first' from command line to 'False'
[7.627s] Level 5:colcon.colcon_core.verb:set package 'aruco_opencv_msgs' build argument 'cmake_force_configure' from command line to 'False'
[7.627s] Level 5:colcon.colcon_core.verb:set package 'aruco_opencv_msgs' build argument 'ament_cmake_args' from command line to 'None'
[7.627s] Level 5:colcon.colcon_core.verb:set package 'aruco_opencv_msgs' build argument 'catkin_cmake_args' from command line to 'None'
[7.627s] Level 5:colcon.colcon_core.verb:set package 'aruco_opencv_msgs' build argument 'catkin_skip_building_tests' from command line to 'False'
[7.627s] DEBUG:colcon.colcon_core.verb:Building package 'aruco_opencv_msgs' with the following arguments: {'ament_cmake_args': None, 'build_base': '/home/april/mobilerobotics_ws/build/aruco_opencv_msgs', 'catkin_cmake_args': None, 'catkin_skip_building_tests': False, 'cmake_args': None, 'cmake_clean_cache': False, 'cmake_clean_first': False, 'cmake_force_configure': False, 'cmake_target': None, 'cmake_target_skip_unavailable': False, 'install_base': '/home/april/mobilerobotics_ws/install/aruco_opencv_msgs', 'merge_install': False, 'path': '/home/april/mobilerobotics_ws/src/ros_aruco_opencv/aruco_opencv_msgs', 'symlink_install': False, 'test_result_base': None}
[7.695s] Level 5:colcon.colcon_core.verb:set package 'pathing' build argument 'cmake_args' from command line to 'None'
[7.695s] Level 5:colcon.colcon_core.verb:set package 'pathing' build argument 'cmake_target' from command line to 'None'
[7.695s] Level 5:colcon.colcon_core.verb:set package 'pathing' build argument 'cmake_target_skip_unavailable' from command line to 'False'
[7.695s] Level 5:colcon.colcon_core.verb:set package 'pathing' build argument 'cmake_clean_cache' from command line to 'False'
[7.695s] Level 5:colcon.colcon_core.verb:set package 'pathing' build argument 'cmake_clean_first' from command line to 'False'
[7.696s] Level 5:colcon.colcon_core.verb:set package 'pathing' build argument 'cmake_force_configure' from command line to 'False'
[7.696s] Level 5:colcon.colcon_core.verb:set package 'pathing' build argument 'ament_cmake_args' from command line to 'None'
[7.696s] Level 5:colcon.colcon_core.verb:set package 'pathing' build argument 'catkin_cmake_args' from command line to 'None'
[7.696s] Level 5:colcon.colcon_core.verb:set package 'pathing' build argument 'catkin_skip_building_tests' from command line to 'False'
[7.696s] DEBUG:colcon.colcon_core.verb:Building package 'pathing' with the following arguments: {'ament_cmake_args': None, 'build_base': '/home/april/mobilerobotics_ws/build/pathing', 'catkin_cmake_args': None, 'catkin_skip_building_tests': False, 'cmake_args': None, 'cmake_clean_cache': False, 'cmake_clean_first': False, 'cmake_force_configure': False, 'cmake_target': None, 'cmake_target_skip_unavailable': False, 'install_base': '/home/april/mobilerobotics_ws/install/pathing', 'merge_install': False, 'path': '/home/april/mobilerobotics_ws/src/pathing', 'symlink_install': False, 'test_result_base': None}
[7.830s] INFO:colcon.colcon_core.executor:Executing jobs using 'parallel' executor
[7.966s] DEBUG:colcon.colcon_parallel_executor.executor.parallel:run_until_complete
[7.967s] INFO:colcon.colcon_ros.task.ament_cmake.build:Building ROS package in '/home/april/mobilerobotics_ws/src/ros_aruco_opencv/aruco_opencv_msgs' with build type 'ament_cmake'
[7.968s] INFO:colcon.colcon_cmake.task.cmake.build:Building CMake package in '/home/april/mobilerobotics_ws/src/ros_aruco_opencv/aruco_opencv_msgs'
[8.065s] INFO:colcon.colcon_core.plugin_system:Skipping extension 'colcon_core.shell.bat': Not used on non-Windows systems
[8.065s] INFO:colcon.colcon_core.shell:Skip shell extension 'powershell' for command environment: Not usable outside of PowerShell
[8.065s] DEBUG:colcon.colcon_core.shell:Skip shell extension 'dsv' for command environment
[8.251s] INFO:colcon.colcon_ros.task.ament_python.build:Building ROS package in '/home/april/mobilerobotics_ws/src/pathing' with build type 'ament_python'
[8.255s] Level 1:colcon.colcon_core.shell:create_environment_hook('pathing', 'ament_prefix_path')
[8.343s] INFO:colcon.colcon_core.shell:Creating environment hook '/home/april/mobilerobotics_ws/install/pathing/share/pathing/hook/ament_prefix_path.ps1'
[8.347s] INFO:colcon.colcon_core.shell:Creating environment descriptor '/home/april/mobilerobotics_ws/install/pathing/share/pathing/hook/ament_prefix_path.dsv'
[8.349s] INFO:colcon.colcon_core.shell:Creating environment hook '/home/april/mobilerobotics_ws/install/pathing/share/pathing/hook/ament_prefix_path.sh'
[8.465s] INFO:colcon.colcon_core.shell:Skip shell extension 'powershell' for command environment: Not usable outside of PowerShell
[8.465s] DEBUG:colcon.colcon_core.shell:Skip shell extension 'dsv' for command environment
[8.753s] DEBUG:colcon.colcon_core.event_handler.log_command:Invoking command in '/home/april/mobilerobotics_ws/build/aruco_opencv_msgs': CMAKE_PREFIX_PATH=/opt/ros/foxy /usr/bin/cmake --build /home/april/mobilerobotics_ws/build/aruco_opencv_msgs -- -j2 -l2
[9.898s] INFO:colcon.colcon_core.task.python.build:Building Python package in '/home/april/mobilerobotics_ws/src/pathing'
[10.002s] INFO:colcon.colcon_core.shell:Skip shell extension 'powershell' for command environment: Not usable outside of PowerShell
[10.003s] DEBUG:colcon.colcon_core.shell:Skip shell extension 'dsv' for command environment
[10.703s] DEBUG:colcon.colcon_core.event_handler.log_command:Invoked command in '/home/april/mobilerobotics_ws/build/aruco_opencv_msgs' returned '0': CMAKE_PREFIX_PATH=/opt/ros/foxy /usr/bin/cmake --build /home/april/mobilerobotics_ws/build/aruco_opencv_msgs -- -j2 -l2
[11.359s] DEBUG:colcon.colcon_core.event_handler.log_command:Invoking command in '/home/april/mobilerobotics_ws/build/aruco_opencv_msgs': CMAKE_PREFIX_PATH=/opt/ros/foxy /usr/bin/cmake --install /home/april/mobilerobotics_ws/build/aruco_opencv_msgs
[11.706s] Level 1:colcon.colcon_core.environment:create_environment_scripts_only(aruco_opencv_msgs)
[11.723s] DEBUG:colcon.colcon_core.event_handler.log_command:Invoked command in '/home/april/mobilerobotics_ws/build/aruco_opencv_msgs' returned '0': CMAKE_PREFIX_PATH=/opt/ros/foxy /usr/bin/cmake --install /home/april/mobilerobotics_ws/build/aruco_opencv_msgs
[11.835s] Level 1:colcon.colcon_core.environment:checking '/home/april/mobilerobotics_ws/install/aruco_opencv_msgs' for CMake module files
[11.837s] Level 1:colcon.colcon_core.environment:checking '/home/april/mobilerobotics_ws/install/aruco_opencv_msgs' for CMake config files
[11.843s] Level 1:colcon.colcon_core.shell:create_environment_hook('aruco_opencv_msgs', 'cmake_prefix_path')
[11.947s] INFO:colcon.colcon_core.shell:Creating environment hook '/home/april/mobilerobotics_ws/install/aruco_opencv_msgs/share/aruco_opencv_msgs/hook/cmake_prefix_path.ps1'
[11.948s] INFO:colcon.colcon_core.shell:Creating environment descriptor '/home/april/mobilerobotics_ws/install/aruco_opencv_msgs/share/aruco_opencv_msgs/hook/cmake_prefix_path.dsv'
[11.950s] INFO:colcon.colcon_core.shell:Creating environment hook '/home/april/mobilerobotics_ws/install/aruco_opencv_msgs/share/aruco_opencv_msgs/hook/cmake_prefix_path.sh'
[11.952s] Level 1:colcon.colcon_core.environment:checking '/home/april/mobilerobotics_ws/install/aruco_opencv_msgs/lib'
[11.953s] Level 1:colcon.colcon_core.shell:create_environment_hook('aruco_opencv_msgs', 'ld_library_path_lib')
[12.028s] INFO:colcon.colcon_core.shell:Creating environment hook '/home/april/mobilerobotics_ws/install/aruco_opencv_msgs/share/aruco_opencv_msgs/hook/ld_library_path_lib.ps1'
[12.030s] INFO:colcon.colcon_core.shell:Creating environment descriptor '/home/april/mobilerobotics_ws/install/aruco_opencv_msgs/share/aruco_opencv_msgs/hook/ld_library_path_lib.dsv'
[12.032s] INFO:colcon.colcon_core.shell:Creating environment hook '/home/april/mobilerobotics_ws/install/aruco_opencv_msgs/share/aruco_opencv_msgs/hook/ld_library_path_lib.sh'
[12.034s] Level 1:colcon.colcon_core.environment:checking '/home/april/mobilerobotics_ws/install/aruco_opencv_msgs/bin'
[12.034s] Level 1:colcon.colcon_core.environment:checking '/home/april/mobilerobotics_ws/install/aruco_opencv_msgs/lib/pkgconfig/aruco_opencv_msgs.pc'
[12.036s] Level 1:colcon.colcon_core.environment:checking '/home/april/mobilerobotics_ws/install/aruco_opencv_msgs/lib/python3.8/site-packages'
[12.037s] Level 1:colcon.colcon_core.shell:create_environment_hook('aruco_opencv_msgs', 'pythonpath')
[12.102s] INFO:colcon.colcon_core.shell:Creating environment hook '/home/april/mobilerobotics_ws/install/aruco_opencv_msgs/share/aruco_opencv_msgs/hook/pythonpath.ps1'
[12.103s] INFO:colcon.colcon_core.shell:Creating environment descriptor '/home/april/mobilerobotics_ws/install/aruco_opencv_msgs/share/aruco_opencv_msgs/hook/pythonpath.dsv'
[12.104s] INFO:colcon.colcon_core.shell:Creating environment hook '/home/april/mobilerobotics_ws/install/aruco_opencv_msgs/share/aruco_opencv_msgs/hook/pythonpath.sh'
[12.106s] Level 1:colcon.colcon_core.environment:checking '/home/april/mobilerobotics_ws/install/aruco_opencv_msgs/bin'
[12.225s] INFO:colcon.colcon_core.shell:Creating package script '/home/april/mobilerobotics_ws/install/aruco_opencv_msgs/share/aruco_opencv_msgs/package.ps1'
[12.228s] INFO:colcon.colcon_core.shell:Creating package descriptor '/home/april/mobilerobotics_ws/install/aruco_opencv_msgs/share/aruco_opencv_msgs/package.dsv'
[12.231s] INFO:colcon.colcon_core.shell:Creating package script '/home/april/mobilerobotics_ws/install/aruco_opencv_msgs/share/aruco_opencv_msgs/package.sh'
[12.232s] INFO:colcon.colcon_core.shell:Creating package script '/home/april/mobilerobotics_ws/install/aruco_opencv_msgs/share/aruco_opencv_msgs/package.bash'
[12.233s] INFO:colcon.colcon_core.shell:Creating package script '/home/april/mobilerobotics_ws/install/aruco_opencv_msgs/share/aruco_opencv_msgs/package.zsh'
[12.236s] Level 1:colcon.colcon_core.environment:create_file_with_runtime_dependencies(/home/april/mobilerobotics_ws/install/aruco_opencv_msgs/share/colcon-core/packages/aruco_opencv_msgs)
[12.295s] DEBUG:colcon.colcon_core.event_handler.log_command:Invoking command in '/home/april/mobilerobotics_ws/src/pathing': PYTHONPATH=/home/april/mobilerobotics_ws/build/pathing/prefix_override:/home/april/mobilerobotics_ws/install/pathing/lib/python3.8/site-packages:${PYTHONPATH} /usr/bin/python3 setup.py egg_info --egg-base ../../build/pathing build --build-base /home/april/mobilerobotics_ws/build/pathing/build install --record /home/april/mobilerobotics_ws/build/pathing/install.log --single-version-externally-managed
[13.168s] Level 1:colcon.colcon_core.environment:create_environment_scripts_only(aruco_opencv_msgs)
[13.309s] Level 1:colcon.colcon_core.environment:checking '/home/april/mobilerobotics_ws/install/aruco_opencv_msgs' for CMake module files
[13.315s] Level 1:colcon.colcon_core.environment:checking '/home/april/mobilerobotics_ws/install/aruco_opencv_msgs' for CMake config files
[13.319s] Level 1:colcon.colcon_core.shell:create_environment_hook('aruco_opencv_msgs', 'cmake_prefix_path')
[13.585s] INFO:colcon.colcon_core.shell:Creating environment hook '/home/april/mobilerobotics_ws/install/aruco_opencv_msgs/share/aruco_opencv_msgs/hook/cmake_prefix_path.ps1'
[13.608s] INFO:colcon.colcon_core.shell:Creating environment descriptor '/home/april/mobilerobotics_ws/install/aruco_opencv_msgs/share/aruco_opencv_msgs/hook/cmake_prefix_path.dsv'
[13.609s] INFO:colcon.colcon_core.shell:Creating environment hook '/home/april/mobilerobotics_ws/install/aruco_opencv_msgs/share/aruco_opencv_msgs/hook/cmake_prefix_path.sh'
[13.610s] Level 1:colcon.colcon_core.environment:checking '/home/april/mobilerobotics_ws/install/aruco_opencv_msgs/lib'
[13.610s] Level 1:colcon.colcon_core.shell:create_environment_hook('aruco_opencv_msgs', 'ld_library_path_lib')
[13.720s] INFO:colcon.colcon_core.shell:Creating environment hook '/home/april/mobilerobotics_ws/install/aruco_opencv_msgs/share/aruco_opencv_msgs/hook/ld_library_path_lib.ps1'
[13.721s] INFO:colcon.colcon_core.shell:Creating environment descriptor '/home/april/mobilerobotics_ws/install/aruco_opencv_msgs/share/aruco_opencv_msgs/hook/ld_library_path_lib.dsv'
[13.721s] INFO:colcon.colcon_core.shell:Creating environment hook '/home/april/mobilerobotics_ws/install/aruco_opencv_msgs/share/aruco_opencv_msgs/hook/ld_library_path_lib.sh'
[13.722s] Level 1:colcon.colcon_core.environment:checking '/home/april/mobilerobotics_ws/install/aruco_opencv_msgs/bin'
[13.722s] Level 1:colcon.colcon_core.environment:checking '/home/april/mobilerobotics_ws/install/aruco_opencv_msgs/lib/pkgconfig/aruco_opencv_msgs.pc'
[13.723s] Level 1:colcon.colcon_core.environment:checking '/home/april/mobilerobotics_ws/install/aruco_opencv_msgs/lib/python3.8/site-packages'
[13.723s] Level 1:colcon.colcon_core.shell:create_environment_hook('aruco_opencv_msgs', 'pythonpath')
[13.846s] INFO:colcon.colcon_core.shell:Creating environment hook '/home/april/mobilerobotics_ws/install/aruco_opencv_msgs/share/aruco_opencv_msgs/hook/pythonpath.ps1'
[13.847s] INFO:colcon.colcon_core.shell:Creating environment descriptor '/home/april/mobilerobotics_ws/install/aruco_opencv_msgs/share/aruco_opencv_msgs/hook/pythonpath.dsv'
[13.850s] INFO:colcon.colcon_core.shell:Creating environment hook '/home/april/mobilerobotics_ws/install/aruco_opencv_msgs/share/aruco_opencv_msgs/hook/pythonpath.sh'
[13.852s] Level 1:colcon.colcon_core.environment:checking '/home/april/mobilerobotics_ws/install/aruco_opencv_msgs/bin'
[13.964s] INFO:colcon.colcon_core.shell:Creating package script '/home/april/mobilerobotics_ws/install/aruco_opencv_msgs/share/aruco_opencv_msgs/package.ps1'
[13.968s] INFO:colcon.colcon_core.shell:Creating package descriptor '/home/april/mobilerobotics_ws/install/aruco_opencv_msgs/share/aruco_opencv_msgs/package.dsv'
[13.970s] INFO:colcon.colcon_core.shell:Creating package script '/home/april/mobilerobotics_ws/install/aruco_opencv_msgs/share/aruco_opencv_msgs/package.sh'
[13.972s] INFO:colcon.colcon_core.shell:Creating package script '/home/april/mobilerobotics_ws/install/aruco_opencv_msgs/share/aruco_opencv_msgs/package.bash'
[13.974s] INFO:colcon.colcon_core.shell:Creating package script '/home/april/mobilerobotics_ws/install/aruco_opencv_msgs/share/aruco_opencv_msgs/package.zsh'
[13.975s] Level 1:colcon.colcon_core.environment:create_file_with_runtime_dependencies(/home/april/mobilerobotics_ws/install/aruco_opencv_msgs/share/colcon-core/packages/aruco_opencv_msgs)
[13.987s] DEBUG:colcon.colcon_core.event_handler.log_command:Invoked command in '/home/april/mobilerobotics_ws/src/pathing' returned '0': PYTHONPATH=/home/april/mobilerobotics_ws/build/pathing/prefix_override:/home/april/mobilerobotics_ws/install/pathing/lib/python3.8/site-packages:${PYTHONPATH} /usr/bin/python3 setup.py egg_info --egg-base ../../build/pathing build --build-base /home/april/mobilerobotics_ws/build/pathing/build install --record /home/april/mobilerobotics_ws/build/pathing/install.log --single-version-externally-managed
[14.090s] Level 1:colcon.colcon_core.environment:checking '/home/april/mobilerobotics_ws/install/pathing' for CMake module files
[14.094s] Level 1:colcon.colcon_core.environment:checking '/home/april/mobilerobotics_ws/install/pathing' for CMake config files
[14.098s] Level 1:colcon.colcon_core.environment:checking '/home/april/mobilerobotics_ws/install/pathing/lib'
[14.099s] Level 1:colcon.colcon_core.environment:checking '/home/april/mobilerobotics_ws/install/pathing/bin'
[14.099s] Level 1:colcon.colcon_core.environment:checking '/home/april/mobilerobotics_ws/install/pathing/lib/pkgconfig/pathing.pc'
[14.099s] Level 1:colcon.colcon_core.environment:checking '/home/april/mobilerobotics_ws/install/pathing/lib/python3.8/site-packages'
[14.100s] Level 1:colcon.colcon_core.shell:create_environment_hook('pathing', 'pythonpath')
[14.242s] INFO:colcon.colcon_core.shell:Creating environment hook '/home/april/mobilerobotics_ws/install/pathing/share/pathing/hook/pythonpath.ps1'
[14.244s] INFO:colcon.colcon_core.shell:Creating environment descriptor '/home/april/mobilerobotics_ws/install/pathing/share/pathing/hook/pythonpath.dsv'
[14.246s] INFO:colcon.colcon_core.shell:Creating environment hook '/home/april/mobilerobotics_ws/install/pathing/share/pathing/hook/pythonpath.sh'
[14.248s] Level 1:colcon.colcon_core.environment:checking '/home/april/mobilerobotics_ws/install/pathing/bin'
[14.248s] Level 1:colcon.colcon_core.environment:create_environment_scripts_only(pathing)
[14.349s] INFO:colcon.colcon_core.shell:Creating package script '/home/april/mobilerobotics_ws/install/pathing/share/pathing/package.ps1'
[14.350s] INFO:colcon.colcon_core.shell:Creating package descriptor '/home/april/mobilerobotics_ws/install/pathing/share/pathing/package.dsv'
[14.351s] INFO:colcon.colcon_core.shell:Creating package script '/home/april/mobilerobotics_ws/install/pathing/share/pathing/package.sh'
[14.353s] INFO:colcon.colcon_core.shell:Creating package script '/home/april/mobilerobotics_ws/install/pathing/share/pathing/package.bash'
[14.356s] INFO:colcon.colcon_core.shell:Creating package script '/home/april/mobilerobotics_ws/install/pathing/share/pathing/package.zsh'
[14.358s] Level 1:colcon.colcon_core.environment:create_file_with_runtime_dependencies(/home/april/mobilerobotics_ws/install/pathing/share/colcon-core/packages/pathing)
[14.359s] DEBUG:colcon.colcon_parallel_executor.executor.parallel:closing loop
[14.363s] DEBUG:colcon.colcon_parallel_executor.executor.parallel:loop closed
[14.364s] DEBUG:colcon.colcon_parallel_executor.executor.parallel:run_until_complete finished with '0'
[14.365s] DEBUG:colcon.colcon_core.event_reactor:joining thread
[14.575s] INFO:colcon.colcon_core.plugin_system:Skipping extension 'colcon_notification.desktop_notification.terminal_notifier': Not used on non-Darwin systems
[14.575s] INFO:colcon.colcon_core.plugin_system:Skipping extension 'colcon_notification.desktop_notification.win32': Not used on non-Windows systems
[14.575s] INFO:colcon.colcon_notification.desktop_notification:Sending desktop notification using 'notify2'
[14.641s] DEBUG:colcon.colcon_core.event_reactor:joined thread
[14.754s] INFO:colcon.colcon_core.shell:Creating prefix script '/home/april/mobilerobotics_ws/install/local_setup.ps1'
[14.758s] INFO:colcon.colcon_core.shell:Creating prefix util module '/home/april/mobilerobotics_ws/install/_local_setup_util_ps1.py'
[14.762s] INFO:colcon.colcon_core.shell:Creating prefix chain script '/home/april/mobilerobotics_ws/install/setup.ps1'
[14.854s] INFO:colcon.colcon_core.shell:Creating prefix script '/home/april/mobilerobotics_ws/install/local_setup.sh'
[14.857s] INFO:colcon.colcon_core.shell:Creating prefix util module '/home/april/mobilerobotics_ws/install/_local_setup_util_sh.py'
[14.858s] INFO:colcon.colcon_core.shell:Creating prefix chain script '/home/april/mobilerobotics_ws/install/setup.sh'
[14.957s] INFO:colcon.colcon_core.shell:Creating prefix script '/home/april/mobilerobotics_ws/install/local_setup.bash'
[14.959s] INFO:colcon.colcon_core.shell:Creating prefix chain script '/home/april/mobilerobotics_ws/install/setup.bash'
[15.066s] INFO:colcon.colcon_core.shell:Creating prefix script '/home/april/mobilerobotics_ws/install/local_setup.zsh'
[15.068s] INFO:colcon.colcon_core.shell:Creating prefix chain script '/home/april/mobilerobotics_ws/install/setup.zsh'
