[2.275s] Invoking command in '/home/april/mobilerobotics_ws/src/pathing': PYTHONPATH=/home/april/mobilerobotics_ws/build/pathing/prefix_override:/home/april/mobilerobotics_ws/install/pathing/lib/python3.8/site-packages:${PYTHONPATH} /usr/bin/python3 setup.py egg_info --egg-base ../../build/pathing build --build-base /home/april/mobilerobotics_ws/build/pathing/build install --record /home/april/mobilerobotics_ws/build/pathing/install.log --single-version-externally-managed
[2.806s] running egg_info
[2.807s] writing ../../build/pathing/pathing.egg-info/PKG-INFO
[2.808s] writing dependency_links to ../../build/pathing/pathing.egg-info/dependency_links.txt
[2.808s] writing entry points to ../../build/pathing/pathing.egg-info/entry_points.txt
[2.809s] writing requirements to ../../build/pathing/pathing.egg-info/requires.txt
[2.809s] writing top-level names to ../../build/pathing/pathing.egg-info/top_level.txt
[2.925s] reading manifest file '../../build/pathing/pathing.egg-info/SOURCES.txt'
[2.925s] writing manifest file '../../build/pathing/pathing.egg-info/SOURCES.txt'
[2.925s] running build
[2.925s] running build_py
[2.925s] running install
[2.925s] running install_lib
[2.925s] running install_data
[2.926s] running install_egg_info
[2.926s] removing '/home/april/mobilerobotics_ws/install/pathing/lib/python3.8/site-packages/pathing-0.0.0-py3.8.egg-info' (and everything under it)
[2.926s] Copying ../../build/pathing/pathing.egg-info to /home/april/mobilerobotics_ws/install/pathing/lib/python3.8/site-packages/pathing-0.0.0-py3.8.egg-info
[2.926s] running install_scripts
[2.959s] Installing angle script to /home/april/mobilerobotics_ws/install/pathing/lib/pathing
[2.960s] Installing forward script to /home/april/mobilerobotics_ws/install/pathing/lib/pathing
[2.960s] Installing planner script to /home/april/mobilerobotics_ws/install/pathing/lib/pathing
[2.961s] writing list of installed files to '/home/april/mobilerobotics_ws/build/pathing/install.log'
[3.107s] Invoked command in '/home/april/mobilerobotics_ws/src/pathing' returned '0': PYTHONPATH=/home/april/mobilerobotics_ws/build/pathing/prefix_override:/home/april/mobilerobotics_ws/install/pathing/lib/python3.8/site-packages:${PYTHONPATH} /usr/bin/python3 setup.py egg_info --egg-base ../../build/pathing build --build-base /home/april/mobilerobotics_ws/build/pathing/build install --record /home/april/mobilerobotics_ws/build/pathing/install.log --single-version-externally-managed
