[2.493s] Invoking command in '/home/april/mobilerobotics_ws/src/pathing': PYTHONPATH=/home/april/mobilerobotics_ws/build/pathing/prefix_override:/home/april/mobilerobotics_ws/install/pathing/lib/python3.8/site-packages:${PYTHONPATH} /usr/bin/python3 setup.py egg_info --egg-base ../../build/pathing build --build-base /home/april/mobilerobotics_ws/build/pathing/build install --record /home/april/mobilerobotics_ws/build/pathing/install.log --single-version-externally-managed
[2.988s] running egg_info
[2.989s] writing ../../build/pathing/pathing.egg-info/PKG-INFO
[2.991s] writing dependency_links to ../../build/pathing/pathing.egg-info/dependency_links.txt
[2.997s] writing entry points to ../../build/pathing/pathing.egg-info/entry_points.txt
[2.997s] writing requirements to ../../build/pathing/pathing.egg-info/requires.txt
[2.998s] writing top-level names to ../../build/pathing/pathing.egg-info/top_level.txt
[3.082s] reading manifest file '../../build/pathing/pathing.egg-info/SOURCES.txt'
[3.086s] writing manifest file '../../build/pathing/pathing.egg-info/SOURCES.txt'
[3.087s] running build
[3.088s] running build_py
[3.090s] copying pathing/standard_angle.py -> /home/april/mobilerobotics_ws/build/pathing/build/lib/pathing
[3.092s] running install
[3.095s] running install_lib
[3.097s] copying /home/april/mobilerobotics_ws/build/pathing/build/lib/pathing/standard_angle.py -> /home/april/mobilerobotics_ws/install/pathing/lib/python3.8/site-packages/pathing
[3.100s] byte-compiling /home/april/mobilerobotics_ws/install/pathing/lib/python3.8/site-packages/pathing/standard_angle.py to standard_angle.cpython-38.pyc
[3.107s] running install_data
[3.109s] running install_egg_info
[3.114s] removing '/home/april/mobilerobotics_ws/install/pathing/lib/python3.8/site-packages/pathing-0.0.0-py3.8.egg-info' (and everything under it)
[3.115s] Copying ../../build/pathing/pathing.egg-info to /home/april/mobilerobotics_ws/install/pathing/lib/python3.8/site-packages/pathing-0.0.0-py3.8.egg-info
[3.125s] running install_scripts
[3.163s] Installing angle script to /home/april/mobilerobotics_ws/install/pathing/lib/pathing
[3.163s] Installing forward script to /home/april/mobilerobotics_ws/install/pathing/lib/pathing
[3.163s] Installing planner script to /home/april/mobilerobotics_ws/install/pathing/lib/pathing
[3.164s] writing list of installed files to '/home/april/mobilerobotics_ws/build/pathing/install.log'
[3.207s] Invoked command in '/home/april/mobilerobotics_ws/src/pathing' returned '0': PYTHONPATH=/home/april/mobilerobotics_ws/build/pathing/prefix_override:/home/april/mobilerobotics_ws/install/pathing/lib/python3.8/site-packages:${PYTHONPATH} /usr/bin/python3 setup.py egg_info --egg-base ../../build/pathing build --build-base /home/april/mobilerobotics_ws/build/pathing/build install --record /home/april/mobilerobotics_ws/build/pathing/install.log --single-version-externally-managed
