[1.116s] Invoking command in '/home/april/mobilerobotics_ws/build/aruco_opencv_msgs': CMAKE_PREFIX_PATH=${CMAKE_PREFIX_PATH}:/home/april/mobilerobotics_ws/install/pathing:/opt/ros/foxy /usr/bin/cmake --build /home/april/mobilerobotics_ws/build/aruco_opencv_msgs -- -j2 -l2
[1.431s] [  2%] Built target aruco_opencv_msgs__cpp
[1.625s] [ 12%] Built target aruco_opencv_msgs__rosidl_generator_c
[1.629s] [ 23%] Built target aruco_opencv_msgs__rosidl_typesupport_introspection_cpp
[1.844s] [ 34%] Built target aruco_opencv_msgs__rosidl_typesupport_fastrtps_cpp
[1.915s] [ 44%] Built target aruco_opencv_msgs__rosidl_typesupport_c
[2.016s] [ 55%] Built target aruco_opencv_msgs__rosidl_typesupport_introspection_c
[2.175s] [ 65%] Built target aruco_opencv_msgs__rosidl_typesupport_cpp
[2.250s] [ 76%] Built target aruco_opencv_msgs__rosidl_typesupport_fastrtps_c
[2.340s] [ 76%] Built target aruco_opencv_msgs
[2.507s] [ 78%] Built target aruco_opencv_msgs__py
[2.640s] [ 87%] Built target aruco_opencv_msgs__python
[2.777s] [ 91%] Built target aruco_opencv_msgs__rosidl_typesupport_introspection_c__pyext
[2.889s] [ 95%] Built target aruco_opencv_msgs__rosidl_typesupport_fastrtps_c__pyext
[2.896s] [100%] Built target aruco_opencv_msgs__rosidl_typesupport_c__pyext
[3.029s] Invoked command in '/home/april/mobilerobotics_ws/build/aruco_opencv_msgs' returned '0': CMAKE_PREFIX_PATH=${CMAKE_PREFIX_PATH}:/home/april/mobilerobotics_ws/install/pathing:/opt/ros/foxy /usr/bin/cmake --build /home/april/mobilerobotics_ws/build/aruco_opencv_msgs -- -j2 -l2
[3.963s] Invoking command in '/home/april/mobilerobotics_ws/build/aruco_opencv_msgs': CMAKE_PREFIX_PATH=${CMAKE_PREFIX_PATH}:/home/april/mobilerobotics_ws/install/pathing:/opt/ros/foxy /usr/bin/cmake --install /home/april/mobilerobotics_ws/build/aruco_opencv_msgs
[4.034s] -- Install configuration: ""
[4.034s] -- Up-to-date: /home/april/mobilerobotics_ws/install/aruco_opencv_msgs/share/ament_index/resource_index/rosidl_interfaces/aruco_opencv_msgs
[4.035s] -- Up-to-date: /home/april/mobilerobotics_ws/install/aruco_opencv_msgs/include/aruco_opencv_msgs
[4.035s] -- Up-to-date: /home/april/mobilerobotics_ws/install/aruco_opencv_msgs/include/aruco_opencv_msgs/msg
[4.035s] -- Up-to-date: /home/april/mobilerobotics_ws/install/aruco_opencv_msgs/include/aruco_opencv_msgs/msg/rosidl_generator_c__visibility_control.h
[4.036s] -- Up-to-date: /home/april/mobilerobotics_ws/install/aruco_opencv_msgs/include/aruco_opencv_msgs/msg/detail
[4.036s] -- Up-to-date: /home/april/mobilerobotics_ws/install/aruco_opencv_msgs/include/aruco_opencv_msgs/msg/detail/aruco_detection__struct.h
[4.036s] -- Up-to-date: /home/april/mobilerobotics_ws/install/aruco_opencv_msgs/include/aruco_opencv_msgs/msg/detail/aruco_detection__functions.h
[4.037s] -- Up-to-date: /home/april/mobilerobotics_ws/install/aruco_opencv_msgs/include/aruco_opencv_msgs/msg/detail/board_pose__functions.h
[4.040s] -- Up-to-date: /home/april/mobilerobotics_ws/install/aruco_opencv_msgs/include/aruco_opencv_msgs/msg/detail/board_pose__functions.c
[4.042s] -- Up-to-date: /home/april/mobilerobotics_ws/install/aruco_opencv_msgs/include/aruco_opencv_msgs/msg/detail/marker_pose__struct.h
[4.045s] -- Up-to-date: /home/april/mobilerobotics_ws/install/aruco_opencv_msgs/include/aruco_opencv_msgs/msg/detail/marker_pose__functions.h
[4.047s] -- Up-to-date: /home/april/mobilerobotics_ws/install/aruco_opencv_msgs/include/aruco_opencv_msgs/msg/detail/board_pose__type_support.h
[4.048s] -- Up-to-date: /home/april/mobilerobotics_ws/install/aruco_opencv_msgs/include/aruco_opencv_msgs/msg/detail/marker_pose__type_support.h
[4.049s] -- Up-to-date: /home/april/mobilerobotics_ws/install/aruco_opencv_msgs/include/aruco_opencv_msgs/msg/detail/marker_pose__functions.c
[4.050s] -- Up-to-date: /home/april/mobilerobotics_ws/install/aruco_opencv_msgs/include/aruco_opencv_msgs/msg/detail/board_pose__struct.h
[4.051s] -- Up-to-date: /home/april/mobilerobotics_ws/install/aruco_opencv_msgs/include/aruco_opencv_msgs/msg/detail/aruco_detection__functions.c
[4.052s] -- Up-to-date: /home/april/mobilerobotics_ws/install/aruco_opencv_msgs/include/aruco_opencv_msgs/msg/detail/aruco_detection__type_support.h
[4.053s] -- Up-to-date: /home/april/mobilerobotics_ws/install/aruco_opencv_msgs/include/aruco_opencv_msgs/msg/aruco_detection.h
[4.054s] -- Up-to-date: /home/april/mobilerobotics_ws/install/aruco_opencv_msgs/include/aruco_opencv_msgs/msg/marker_pose.h
[4.054s] -- Up-to-date: /home/april/mobilerobotics_ws/install/aruco_opencv_msgs/include/aruco_opencv_msgs/msg/board_pose.h
[4.054s] -- Up-to-date: /home/april/mobilerobotics_ws/install/aruco_opencv_msgs/share/aruco_opencv_msgs/environment/library_path.sh
[4.056s] -- Up-to-date: /home/april/mobilerobotics_ws/install/aruco_opencv_msgs/share/aruco_opencv_msgs/environment/library_path.dsv
[4.056s] -- Up-to-date: /home/april/mobilerobotics_ws/install/aruco_opencv_msgs/lib/libaruco_opencv_msgs__rosidl_generator_c.so
[4.058s] -- Up-to-date: /home/april/mobilerobotics_ws/install/aruco_opencv_msgs/include/aruco_opencv_msgs
[4.058s] -- Up-to-date: /home/april/mobilerobotics_ws/install/aruco_opencv_msgs/include/aruco_opencv_msgs/msg
[4.058s] -- Up-to-date: /home/april/mobilerobotics_ws/install/aruco_opencv_msgs/include/aruco_opencv_msgs/msg/detail
[4.059s] -- Up-to-date: /home/april/mobilerobotics_ws/install/aruco_opencv_msgs/include/aruco_opencv_msgs/msg/detail/aruco_detection__rosidl_typesupport_fastrtps_c.h
[4.060s] -- Up-to-date: /home/april/mobilerobotics_ws/install/aruco_opencv_msgs/include/aruco_opencv_msgs/msg/detail/board_pose__rosidl_typesupport_fastrtps_c.h
[4.061s] -- Up-to-date: /home/april/mobilerobotics_ws/install/aruco_opencv_msgs/include/aruco_opencv_msgs/msg/detail/marker_pose__rosidl_typesupport_fastrtps_c.h
[4.063s] -- Up-to-date: /home/april/mobilerobotics_ws/install/aruco_opencv_msgs/include/aruco_opencv_msgs/msg/rosidl_typesupport_fastrtps_c__visibility_control.h
[4.067s] -- Up-to-date: /home/april/mobilerobotics_ws/install/aruco_opencv_msgs/lib/libaruco_opencv_msgs__rosidl_typesupport_fastrtps_c.so
[4.071s] -- Up-to-date: /home/april/mobilerobotics_ws/install/aruco_opencv_msgs/include/aruco_opencv_msgs
[4.072s] -- Up-to-date: /home/april/mobilerobotics_ws/install/aruco_opencv_msgs/include/aruco_opencv_msgs/msg
[4.074s] -- Up-to-date: /home/april/mobilerobotics_ws/install/aruco_opencv_msgs/include/aruco_opencv_msgs/msg/rosidl_typesupport_fastrtps_cpp__visibility_control.h
[4.075s] -- Up-to-date: /home/april/mobilerobotics_ws/install/aruco_opencv_msgs/include/aruco_opencv_msgs/msg/detail
[4.076s] -- Up-to-date: /home/april/mobilerobotics_ws/install/aruco_opencv_msgs/include/aruco_opencv_msgs/msg/detail/board_pose__rosidl_typesupport_fastrtps_cpp.hpp
[4.079s] -- Up-to-date: /home/april/mobilerobotics_ws/install/aruco_opencv_msgs/include/aruco_opencv_msgs/msg/detail/dds_fastrtps
[4.081s] -- Up-to-date: /home/april/mobilerobotics_ws/install/aruco_opencv_msgs/include/aruco_opencv_msgs/msg/detail/aruco_detection__rosidl_typesupport_fastrtps_cpp.hpp
[4.081s] -- Up-to-date: /home/april/mobilerobotics_ws/install/aruco_opencv_msgs/include/aruco_opencv_msgs/msg/detail/marker_pose__rosidl_typesupport_fastrtps_cpp.hpp
[4.083s] -- Up-to-date: /home/april/mobilerobotics_ws/install/aruco_opencv_msgs/lib/libaruco_opencv_msgs__rosidl_typesupport_fastrtps_cpp.so
[4.087s] -- Up-to-date: /home/april/mobilerobotics_ws/install/aruco_opencv_msgs/include/aruco_opencv_msgs
[4.088s] -- Up-to-date: /home/april/mobilerobotics_ws/install/aruco_opencv_msgs/include/aruco_opencv_msgs/msg
[4.092s] -- Up-to-date: /home/april/mobilerobotics_ws/install/aruco_opencv_msgs/include/aruco_opencv_msgs/msg/detail
[4.094s] -- Up-to-date: /home/april/mobilerobotics_ws/install/aruco_opencv_msgs/include/aruco_opencv_msgs/msg/detail/marker_pose__rosidl_typesupport_introspection_c.h
[4.096s] -- Up-to-date: /home/april/mobilerobotics_ws/install/aruco_opencv_msgs/include/aruco_opencv_msgs/msg/detail/board_pose__rosidl_typesupport_introspection_c.h
[4.097s] -- Up-to-date: /home/april/mobilerobotics_ws/install/aruco_opencv_msgs/include/aruco_opencv_msgs/msg/detail/aruco_detection__rosidl_typesupport_introspection_c.h
[4.098s] -- Up-to-date: /home/april/mobilerobotics_ws/install/aruco_opencv_msgs/include/aruco_opencv_msgs/msg/detail/aruco_detection__type_support.c
[4.099s] -- Up-to-date: /home/april/mobilerobotics_ws/install/aruco_opencv_msgs/include/aruco_opencv_msgs/msg/detail/marker_pose__type_support.c
[4.100s] -- Up-to-date: /home/april/mobilerobotics_ws/install/aruco_opencv_msgs/include/aruco_opencv_msgs/msg/detail/board_pose__type_support.c
[4.101s] -- Up-to-date: /home/april/mobilerobotics_ws/install/aruco_opencv_msgs/include/aruco_opencv_msgs/msg/rosidl_typesupport_introspection_c__visibility_control.h
[4.105s] -- Up-to-date: /home/april/mobilerobotics_ws/install/aruco_opencv_msgs/lib/libaruco_opencv_msgs__rosidl_typesupport_introspection_c.so
[4.115s] -- Up-to-date: /home/april/mobilerobotics_ws/install/aruco_opencv_msgs/lib/libaruco_opencv_msgs__rosidl_typesupport_c.so
[4.119s] -- Up-to-date: /home/april/mobilerobotics_ws/install/aruco_opencv_msgs/include/aruco_opencv_msgs
[4.120s] -- Up-to-date: /home/april/mobilerobotics_ws/install/aruco_opencv_msgs/include/aruco_opencv_msgs/msg
[4.121s] -- Up-to-date: /home/april/mobilerobotics_ws/install/aruco_opencv_msgs/include/aruco_opencv_msgs/msg/detail
[4.123s] -- Up-to-date: /home/april/mobilerobotics_ws/install/aruco_opencv_msgs/include/aruco_opencv_msgs/msg/detail/board_pose__traits.hpp
[4.124s] -- Up-to-date: /home/april/mobilerobotics_ws/install/aruco_opencv_msgs/include/aruco_opencv_msgs/msg/detail/board_pose__type_support.hpp
[4.125s] -- Up-to-date: /home/april/mobilerobotics_ws/install/aruco_opencv_msgs/include/aruco_opencv_msgs/msg/detail/aruco_detection__builder.hpp
[4.126s] -- Up-to-date: /home/april/mobilerobotics_ws/install/aruco_opencv_msgs/include/aruco_opencv_msgs/msg/detail/aruco_detection__type_support.hpp
[4.128s] -- Up-to-date: /home/april/mobilerobotics_ws/install/aruco_opencv_msgs/include/aruco_opencv_msgs/msg/detail/marker_pose__traits.hpp
[4.129s] -- Up-to-date: /home/april/mobilerobotics_ws/install/aruco_opencv_msgs/include/aruco_opencv_msgs/msg/detail/board_pose__builder.hpp
[4.130s] -- Up-to-date: /home/april/mobilerobotics_ws/install/aruco_opencv_msgs/include/aruco_opencv_msgs/msg/detail/marker_pose__builder.hpp
[4.131s] -- Up-to-date: /home/april/mobilerobotics_ws/install/aruco_opencv_msgs/include/aruco_opencv_msgs/msg/detail/marker_pose__struct.hpp
[4.132s] -- Up-to-date: /home/april/mobilerobotics_ws/install/aruco_opencv_msgs/include/aruco_opencv_msgs/msg/detail/board_pose__struct.hpp
[4.133s] -- Up-to-date: /home/april/mobilerobotics_ws/install/aruco_opencv_msgs/include/aruco_opencv_msgs/msg/detail/aruco_detection__traits.hpp
[4.134s] -- Up-to-date: /home/april/mobilerobotics_ws/install/aruco_opencv_msgs/include/aruco_opencv_msgs/msg/detail/aruco_detection__struct.hpp
[4.135s] -- Up-to-date: /home/april/mobilerobotics_ws/install/aruco_opencv_msgs/include/aruco_opencv_msgs/msg/detail/marker_pose__type_support.hpp
[4.136s] -- Up-to-date: /home/april/mobilerobotics_ws/install/aruco_opencv_msgs/include/aruco_opencv_msgs/msg/aruco_detection.hpp
[4.138s] -- Up-to-date: /home/april/mobilerobotics_ws/install/aruco_opencv_msgs/include/aruco_opencv_msgs/msg/rosidl_generator_cpp__visibility_control.hpp
[4.139s] -- Up-to-date: /home/april/mobilerobotics_ws/install/aruco_opencv_msgs/include/aruco_opencv_msgs/msg/board_pose.hpp
[4.140s] -- Up-to-date: /home/april/mobilerobotics_ws/install/aruco_opencv_msgs/include/aruco_opencv_msgs/msg/marker_pose.hpp
[4.142s] -- Up-to-date: /home/april/mobilerobotics_ws/install/aruco_opencv_msgs/include/aruco_opencv_msgs
[4.144s] -- Up-to-date: /home/april/mobilerobotics_ws/install/aruco_opencv_msgs/include/aruco_opencv_msgs/msg
[4.145s] -- Up-to-date: /home/april/mobilerobotics_ws/install/aruco_opencv_msgs/include/aruco_opencv_msgs/msg/detail
[4.147s] -- Up-to-date: /home/april/mobilerobotics_ws/install/aruco_opencv_msgs/include/aruco_opencv_msgs/msg/detail/aruco_detection__rosidl_typesupport_introspection_cpp.hpp
[4.148s] -- Up-to-date: /home/april/mobilerobotics_ws/install/aruco_opencv_msgs/include/aruco_opencv_msgs/msg/detail/marker_pose__rosidl_typesupport_introspection_cpp.hpp
[4.149s] -- Up-to-date: /home/april/mobilerobotics_ws/install/aruco_opencv_msgs/include/aruco_opencv_msgs/msg/detail/board_pose__rosidl_typesupport_introspection_cpp.hpp
[4.150s] -- Up-to-date: /home/april/mobilerobotics_ws/install/aruco_opencv_msgs/include/aruco_opencv_msgs/msg/detail/aruco_detection__type_support.cpp
[4.151s] -- Up-to-date: /home/april/mobilerobotics_ws/install/aruco_opencv_msgs/include/aruco_opencv_msgs/msg/detail/marker_pose__type_support.cpp
[4.152s] -- Up-to-date: /home/april/mobilerobotics_ws/install/aruco_opencv_msgs/include/aruco_opencv_msgs/msg/detail/board_pose__type_support.cpp
[4.157s] -- Up-to-date: /home/april/mobilerobotics_ws/install/aruco_opencv_msgs/lib/libaruco_opencv_msgs__rosidl_typesupport_introspection_cpp.so
[4.161s] -- Up-to-date: /home/april/mobilerobotics_ws/install/aruco_opencv_msgs/lib/libaruco_opencv_msgs__rosidl_typesupport_cpp.so
[4.162s] -- Up-to-date: /home/april/mobilerobotics_ws/install/aruco_opencv_msgs/share/aruco_opencv_msgs/environment/pythonpath.sh
[4.163s] -- Up-to-date: /home/april/mobilerobotics_ws/install/aruco_opencv_msgs/share/aruco_opencv_msgs/environment/pythonpath.dsv
[4.163s] -- Up-to-date: /home/april/mobilerobotics_ws/install/aruco_opencv_msgs/lib/python3.8/site-packages/aruco_opencv_msgs/__init__.py
[4.270s] -- Up-to-date: /home/april/mobilerobotics_ws/install/aruco_opencv_msgs/lib/python3.8/site-packages/aruco_opencv_msgs/msg
[4.271s] -- Up-to-date: /home/april/mobilerobotics_ws/install/aruco_opencv_msgs/lib/python3.8/site-packages/aruco_opencv_msgs/msg/_marker_pose.py
[4.272s] -- Up-to-date: /home/april/mobilerobotics_ws/install/aruco_opencv_msgs/lib/python3.8/site-packages/aruco_opencv_msgs/msg/_aruco_detection.py
[4.273s] -- Up-to-date: /home/april/mobilerobotics_ws/install/aruco_opencv_msgs/lib/python3.8/site-packages/aruco_opencv_msgs/msg/_board_pose_s.c
[4.274s] -- Up-to-date: /home/april/mobilerobotics_ws/install/aruco_opencv_msgs/lib/python3.8/site-packages/aruco_opencv_msgs/msg/__init__.py
[4.276s] -- Up-to-date: /home/april/mobilerobotics_ws/install/aruco_opencv_msgs/lib/python3.8/site-packages/aruco_opencv_msgs/msg/_aruco_detection_s.c
[4.277s] -- Up-to-date: /home/april/mobilerobotics_ws/install/aruco_opencv_msgs/lib/python3.8/site-packages/aruco_opencv_msgs/msg/_board_pose.py
[4.277s] -- Up-to-date: /home/april/mobilerobotics_ws/install/aruco_opencv_msgs/lib/python3.8/site-packages/aruco_opencv_msgs/msg/_marker_pose_s.c
[4.282s] -- Up-to-date: /home/april/mobilerobotics_ws/install/aruco_opencv_msgs/lib/python3.8/site-packages/aruco_opencv_msgs/aruco_opencv_msgs_s__rosidl_typesupport_fastrtps_c.cpython-38-x86_64-linux-gnu.so
[4.290s] -- Up-to-date: /home/april/mobilerobotics_ws/install/aruco_opencv_msgs/lib/python3.8/site-packages/aruco_opencv_msgs/aruco_opencv_msgs_s__rosidl_typesupport_introspection_c.cpython-38-x86_64-linux-gnu.so
[4.304s] -- Up-to-date: /home/april/mobilerobotics_ws/install/aruco_opencv_msgs/lib/python3.8/site-packages/aruco_opencv_msgs/aruco_opencv_msgs_s__rosidl_typesupport_c.cpython-38-x86_64-linux-gnu.so
[4.312s] -- Up-to-date: /home/april/mobilerobotics_ws/install/aruco_opencv_msgs/lib/libaruco_opencv_msgs__python.so
[4.316s] -- Up-to-date: /home/april/mobilerobotics_ws/install/aruco_opencv_msgs/share/aruco_opencv_msgs/msg/ArucoDetection.idl
[4.318s] -- Up-to-date: /home/april/mobilerobotics_ws/install/aruco_opencv_msgs/share/aruco_opencv_msgs/msg/BoardPose.idl
[4.319s] -- Up-to-date: /home/april/mobilerobotics_ws/install/aruco_opencv_msgs/share/aruco_opencv_msgs/msg/MarkerPose.idl
[4.320s] -- Up-to-date: /home/april/mobilerobotics_ws/install/aruco_opencv_msgs/share/aruco_opencv_msgs/msg/ArucoDetection.msg
[4.322s] -- Up-to-date: /home/april/mobilerobotics_ws/install/aruco_opencv_msgs/share/aruco_opencv_msgs/msg/BoardPose.msg
[4.323s] -- Up-to-date: /home/april/mobilerobotics_ws/install/aruco_opencv_msgs/share/aruco_opencv_msgs/msg/MarkerPose.msg
[4.324s] -- Up-to-date: /home/april/mobilerobotics_ws/install/aruco_opencv_msgs/share/ament_index/resource_index/package_run_dependencies/aruco_opencv_msgs
[4.325s] -- Up-to-date: /home/april/mobilerobotics_ws/install/aruco_opencv_msgs/share/ament_index/resource_index/parent_prefix_path/aruco_opencv_msgs
[4.326s] -- Up-to-date: /home/april/mobilerobotics_ws/install/aruco_opencv_msgs/share/aruco_opencv_msgs/environment/ament_prefix_path.sh
[4.328s] -- Up-to-date: /home/april/mobilerobotics_ws/install/aruco_opencv_msgs/share/aruco_opencv_msgs/environment/ament_prefix_path.dsv
[4.329s] -- Up-to-date: /home/april/mobilerobotics_ws/install/aruco_opencv_msgs/share/aruco_opencv_msgs/environment/path.sh
[4.331s] -- Up-to-date: /home/april/mobilerobotics_ws/install/aruco_opencv_msgs/share/aruco_opencv_msgs/environment/path.dsv
[4.332s] -- Up-to-date: /home/april/mobilerobotics_ws/install/aruco_opencv_msgs/share/aruco_opencv_msgs/local_setup.bash
[4.334s] -- Up-to-date: /home/april/mobilerobotics_ws/install/aruco_opencv_msgs/share/aruco_opencv_msgs/local_setup.sh
[4.335s] -- Up-to-date: /home/april/mobilerobotics_ws/install/aruco_opencv_msgs/share/aruco_opencv_msgs/local_setup.zsh
[4.336s] -- Up-to-date: /home/april/mobilerobotics_ws/install/aruco_opencv_msgs/share/aruco_opencv_msgs/local_setup.dsv
[4.338s] -- Installing: /home/april/mobilerobotics_ws/install/aruco_opencv_msgs/share/aruco_opencv_msgs/package.dsv
[4.340s] -- Up-to-date: /home/april/mobilerobotics_ws/install/aruco_opencv_msgs/share/ament_index/resource_index/packages/aruco_opencv_msgs
[4.342s] -- Up-to-date: /home/april/mobilerobotics_ws/install/aruco_opencv_msgs/share/aruco_opencv_msgs/cmake/aruco_opencv_msgs__rosidl_generator_cExport.cmake
[4.343s] -- Up-to-date: /home/april/mobilerobotics_ws/install/aruco_opencv_msgs/share/aruco_opencv_msgs/cmake/aruco_opencv_msgs__rosidl_generator_cExport-noconfig.cmake
[4.346s] -- Up-to-date: /home/april/mobilerobotics_ws/install/aruco_opencv_msgs/share/aruco_opencv_msgs/cmake/aruco_opencv_msgs__rosidl_typesupport_introspection_cExport.cmake
[4.348s] -- Up-to-date: /home/april/mobilerobotics_ws/install/aruco_opencv_msgs/share/aruco_opencv_msgs/cmake/aruco_opencv_msgs__rosidl_typesupport_introspection_cExport-noconfig.cmake
[4.350s] -- Up-to-date: /home/april/mobilerobotics_ws/install/aruco_opencv_msgs/share/aruco_opencv_msgs/cmake/aruco_opencv_msgs__rosidl_typesupport_cExport.cmake
[4.351s] -- Up-to-date: /home/april/mobilerobotics_ws/install/aruco_opencv_msgs/share/aruco_opencv_msgs/cmake/aruco_opencv_msgs__rosidl_typesupport_cExport-noconfig.cmake
[4.353s] -- Up-to-date: /home/april/mobilerobotics_ws/install/aruco_opencv_msgs/share/aruco_opencv_msgs/cmake/aruco_opencv_msgs__rosidl_generator_cppExport.cmake
[4.355s] -- Up-to-date: /home/april/mobilerobotics_ws/install/aruco_opencv_msgs/share/aruco_opencv_msgs/cmake/aruco_opencv_msgs__rosidl_typesupport_introspection_cppExport.cmake
[4.357s] -- Up-to-date: /home/april/mobilerobotics_ws/install/aruco_opencv_msgs/share/aruco_opencv_msgs/cmake/aruco_opencv_msgs__rosidl_typesupport_introspection_cppExport-noconfig.cmake
[4.359s] -- Up-to-date: /home/april/mobilerobotics_ws/install/aruco_opencv_msgs/share/aruco_opencv_msgs/cmake/aruco_opencv_msgs__rosidl_typesupport_cppExport.cmake
[4.360s] -- Up-to-date: /home/april/mobilerobotics_ws/install/aruco_opencv_msgs/share/aruco_opencv_msgs/cmake/aruco_opencv_msgs__rosidl_typesupport_cppExport-noconfig.cmake
[4.360s] -- Up-to-date: /home/april/mobilerobotics_ws/install/aruco_opencv_msgs/share/aruco_opencv_msgs/cmake/rosidl_cmake-extras.cmake
[4.361s] -- Up-to-date: /home/april/mobilerobotics_ws/install/aruco_opencv_msgs/share/aruco_opencv_msgs/cmake/ament_cmake_export_dependencies-extras.cmake
[4.363s] -- Up-to-date: /home/april/mobilerobotics_ws/install/aruco_opencv_msgs/share/aruco_opencv_msgs/cmake/ament_cmake_export_libraries-extras.cmake
[4.364s] -- Up-to-date: /home/april/mobilerobotics_ws/install/aruco_opencv_msgs/share/aruco_opencv_msgs/cmake/ament_cmake_export_targets-extras.cmake
[4.365s] -- Up-to-date: /home/april/mobilerobotics_ws/install/aruco_opencv_msgs/share/aruco_opencv_msgs/cmake/ament_cmake_export_include_directories-extras.cmake
[4.367s] -- Up-to-date: /home/april/mobilerobotics_ws/install/aruco_opencv_msgs/share/aruco_opencv_msgs/cmake/rosidl_cmake_export_typesupport_libraries-extras.cmake
[4.368s] -- Up-to-date: /home/april/mobilerobotics_ws/install/aruco_opencv_msgs/share/aruco_opencv_msgs/cmake/rosidl_cmake_export_typesupport_targets-extras.cmake
[4.370s] -- Up-to-date: /home/april/mobilerobotics_ws/install/aruco_opencv_msgs/share/aruco_opencv_msgs/cmake/aruco_opencv_msgsConfig.cmake
[4.371s] -- Up-to-date: /home/april/mobilerobotics_ws/install/aruco_opencv_msgs/share/aruco_opencv_msgs/cmake/aruco_opencv_msgsConfig-version.cmake
[4.372s] -- Up-to-date: /home/april/mobilerobotics_ws/install/aruco_opencv_msgs/share/aruco_opencv_msgs/package.xml
[4.395s] Invoked command in '/home/april/mobilerobotics_ws/build/aruco_opencv_msgs' returned '0': CMAKE_PREFIX_PATH=${CMAKE_PREFIX_PATH}:/home/april/mobilerobotics_ws/install/pathing:/opt/ros/foxy /usr/bin/cmake --install /home/april/mobilerobotics_ws/build/aruco_opencv_msgs
