[4.794s] Invoking command in '/home/april/mobilerobotics_ws/src/pathing': PYTHONPATH=/home/april/mobilerobotics_ws/build/pathing/prefix_override:/home/april/mobilerobotics_ws/install/pathing/lib/python3.8/site-packages:${PYTHONPATH} /usr/bin/python3 setup.py egg_info --egg-base ../../build/pathing build --build-base /home/april/mobilerobotics_ws/build/pathing/build install --record /home/april/mobilerobotics_ws/build/pathing/install.log --single-version-externally-managed
[5.757s] running egg_info
[5.763s] writing ../../build/pathing/pathing.egg-info/PKG-INFO
[5.763s] writing dependency_links to ../../build/pathing/pathing.egg-info/dependency_links.txt
[5.766s] writing entry points to ../../build/pathing/pathing.egg-info/entry_points.txt
[5.767s] writing requirements to ../../build/pathing/pathing.egg-info/requires.txt
[5.767s] writing top-level names to ../../build/pathing/pathing.egg-info/top_level.txt
[5.850s] reading manifest file '../../build/pathing/pathing.egg-info/SOURCES.txt'
[5.857s] writing manifest file '../../build/pathing/pathing.egg-info/SOURCES.txt'
[5.860s] running build
[5.861s] running build_py
[5.862s] copying pathing/better_soccer.py -> /home/april/mobilerobotics_ws/build/pathing/build/lib/pathing
[5.867s] running install
[5.871s] running install_lib
[5.876s] copying /home/april/mobilerobotics_ws/build/pathing/build/lib/pathing/better_soccer.py -> /home/april/mobilerobotics_ws/install/pathing/lib/python3.8/site-packages/pathing
[5.880s] byte-compiling /home/april/mobilerobotics_ws/install/pathing/lib/python3.8/site-packages/pathing/better_soccer.py to better_soccer.cpython-38.pyc
[5.888s] running install_data
[5.891s] running install_egg_info
[5.907s] removing '/home/april/mobilerobotics_ws/install/pathing/lib/python3.8/site-packages/pathing-0.0.0-py3.8.egg-info' (and everything under it)
[5.907s] Copying ../../build/pathing/pathing.egg-info to /home/april/mobilerobotics_ws/install/pathing/lib/python3.8/site-packages/pathing-0.0.0-py3.8.egg-info
[5.908s] running install_scripts
[5.994s] Installing planner script to /home/april/mobilerobotics_ws/install/pathing/lib/pathing
[5.996s] writing list of installed files to '/home/april/mobilerobotics_ws/build/pathing/install.log'
[6.096s] Invoked command in '/home/april/mobilerobotics_ws/src/pathing' returned '0': PYTHONPATH=/home/april/mobilerobotics_ws/build/pathing/prefix_override:/home/april/mobilerobotics_ws/install/pathing/lib/python3.8/site-packages:${PYTHONPATH} /usr/bin/python3 setup.py egg_info --egg-base ../../build/pathing build --build-base /home/april/mobilerobotics_ws/build/pathing/build install --record /home/april/mobilerobotics_ws/build/pathing/install.log --single-version-externally-managed
