[4.085s] Invoking command in '/home/april/mobilerobotics_ws/src/pathing': PYTHONPATH=/home/april/mobilerobotics_ws/build/pathing/prefix_override:/home/april/mobilerobotics_ws/install/pathing/lib/python3.8/site-packages:${PYTHONPATH} /usr/bin/python3 setup.py egg_info --egg-base ../../build/pathing build --build-base /home/april/mobilerobotics_ws/build/pathing/build install --record /home/april/mobilerobotics_ws/build/pathing/install.log --single-version-externally-managed
[4.991s] running egg_info
[4.992s] writing ../../build/pathing/pathing.egg-info/PKG-INFO
[4.994s] writing dependency_links to ../../build/pathing/pathing.egg-info/dependency_links.txt
[4.994s] writing entry points to ../../build/pathing/pathing.egg-info/entry_points.txt
[4.995s] writing requirements to ../../build/pathing/pathing.egg-info/requires.txt
[4.995s] writing top-level names to ../../build/pathing/pathing.egg-info/top_level.txt
[5.056s] reading manifest file '../../build/pathing/pathing.egg-info/SOURCES.txt'
[5.058s] writing manifest file '../../build/pathing/pathing.egg-info/SOURCES.txt'
[5.058s] running build
[5.058s] running build_py
[5.058s] copying pathing/better_soccer.py -> /home/april/mobilerobotics_ws/build/pathing/build/lib/pathing
[5.061s] running install
[5.063s] running install_lib
[5.068s] copying /home/april/mobilerobotics_ws/build/pathing/build/lib/pathing/better_soccer.py -> /home/april/mobilerobotics_ws/install/pathing/lib/python3.8/site-packages/pathing
[5.074s] byte-compiling /home/april/mobilerobotics_ws/install/pathing/lib/python3.8/site-packages/pathing/better_soccer.py to better_soccer.cpython-38.pyc
[5.103s] running install_data
[5.105s] running install_egg_info
[5.120s] removing '/home/april/mobilerobotics_ws/install/pathing/lib/python3.8/site-packages/pathing-0.0.0-py3.8.egg-info' (and everything under it)
[5.120s] Copying ../../build/pathing/pathing.egg-info to /home/april/mobilerobotics_ws/install/pathing/lib/python3.8/site-packages/pathing-0.0.0-py3.8.egg-info
[5.125s] running install_scripts
[5.177s] Installing angle script to /home/april/mobilerobotics_ws/install/pathing/lib/pathing
[5.178s] Installing forward script to /home/april/mobilerobotics_ws/install/pathing/lib/pathing
[5.178s] Installing planner script to /home/april/mobilerobotics_ws/install/pathing/lib/pathing
[5.179s] writing list of installed files to '/home/april/mobilerobotics_ws/build/pathing/install.log'
[5.480s] Invoked command in '/home/april/mobilerobotics_ws/src/pathing' returned '0': PYTHONPATH=/home/april/mobilerobotics_ws/build/pathing/prefix_override:/home/april/mobilerobotics_ws/install/pathing/lib/python3.8/site-packages:${PYTHONPATH} /usr/bin/python3 setup.py egg_info --egg-base ../../build/pathing build --build-base /home/april/mobilerobotics_ws/build/pathing/build install --record /home/april/mobilerobotics_ws/build/pathing/install.log --single-version-externally-managed
