[3.655s] Invoking command in '/home/april/mobilerobotics_ws/src/pathing': PYTHONPATH=/home/april/mobilerobotics_ws/build/pathing/prefix_override:/home/april/mobilerobotics_ws/install/pathing/lib/python3.8/site-packages:${PYTHONPATH} /usr/bin/python3 setup.py egg_info --egg-base ../../build/pathing build --build-base /home/april/mobilerobotics_ws/build/pathing/build install --record /home/april/mobilerobotics_ws/build/pathing/install.log --single-version-externally-managed
[4.577s] running egg_info
[4.581s] writing ../../build/pathing/pathing.egg-info/PKG-INFO
[4.585s] writing dependency_links to ../../build/pathing/pathing.egg-info/dependency_links.txt
[4.585s] writing entry points to ../../build/pathing/pathing.egg-info/entry_points.txt
[4.588s] writing requirements to ../../build/pathing/pathing.egg-info/requires.txt
[4.589s] writing top-level names to ../../build/pathing/pathing.egg-info/top_level.txt
[4.676s] reading manifest file '../../build/pathing/pathing.egg-info/SOURCES.txt'
[4.683s] writing manifest file '../../build/pathing/pathing.egg-info/SOURCES.txt'
[4.692s] running build
[4.696s] running build_py
[4.697s] copying pathing/better_soccer.py -> /home/april/mobilerobotics_ws/build/pathing/build/lib/pathing
[4.697s] running install
[4.697s] running install_lib
[4.700s] copying /home/april/mobilerobotics_ws/build/pathing/build/lib/pathing/better_soccer.py -> /home/april/mobilerobotics_ws/install/pathing/lib/python3.8/site-packages/pathing
[4.714s] byte-compiling /home/april/mobilerobotics_ws/install/pathing/lib/python3.8/site-packages/pathing/better_soccer.py to better_soccer.cpython-38.pyc
[4.730s] running install_data
[4.730s] running install_egg_info
[4.730s] removing '/home/april/mobilerobotics_ws/install/pathing/lib/python3.8/site-packages/pathing-0.0.0-py3.8.egg-info' (and everything under it)
[4.731s] Copying ../../build/pathing/pathing.egg-info to /home/april/mobilerobotics_ws/install/pathing/lib/python3.8/site-packages/pathing-0.0.0-py3.8.egg-info
[4.731s] running install_scripts
[4.752s] Installing planner script to /home/april/mobilerobotics_ws/install/pathing/lib/pathing
[4.766s] writing list of installed files to '/home/april/mobilerobotics_ws/build/pathing/install.log'
[4.870s] Invoked command in '/home/april/mobilerobotics_ws/src/pathing' returned '0': PYTHONPATH=/home/april/mobilerobotics_ws/build/pathing/prefix_override:/home/april/mobilerobotics_ws/install/pathing/lib/python3.8/site-packages:${PYTHONPATH} /usr/bin/python3 setup.py egg_info --egg-base ../../build/pathing build --build-base /home/april/mobilerobotics_ws/build/pathing/build install --record /home/april/mobilerobotics_ws/build/pathing/install.log --single-version-externally-managed
