[3.790s] Invoking command in '/home/april/mobilerobotics_ws/src/pathing': PYTHONPATH=/home/april/mobilerobotics_ws/build/pathing/prefix_override:/home/april/mobilerobotics_ws/install/pathing/lib/python3.8/site-packages:${PYTHONPATH} /usr/bin/python3 setup.py egg_info --egg-base ../../build/pathing build --build-base /home/april/mobilerobotics_ws/build/pathing/build install --record /home/april/mobilerobotics_ws/build/pathing/install.log --single-version-externally-managed
[4.804s] running egg_info
[4.804s] writing ../../build/pathing/pathing.egg-info/PKG-INFO
[4.805s] writing dependency_links to ../../build/pathing/pathing.egg-info/dependency_links.txt
[4.805s] writing entry points to ../../build/pathing/pathing.egg-info/entry_points.txt
[4.805s] writing requirements to ../../build/pathing/pathing.egg-info/requires.txt
[4.806s] writing top-level names to ../../build/pathing/pathing.egg-info/top_level.txt
[4.886s] reading manifest file '../../build/pathing/pathing.egg-info/SOURCES.txt'
[4.895s] writing manifest file '../../build/pathing/pathing.egg-info/SOURCES.txt'
[4.897s] running build
[4.898s] running build_py
[4.901s] copying pathing/better_soccer.py -> /home/april/mobilerobotics_ws/build/pathing/build/lib/pathing
[4.908s] running install
[4.911s] running install_lib
[4.913s] copying /home/april/mobilerobotics_ws/build/pathing/build/lib/pathing/better_soccer.py -> /home/april/mobilerobotics_ws/install/pathing/lib/python3.8/site-packages/pathing
[4.916s] byte-compiling /home/april/mobilerobotics_ws/install/pathing/lib/python3.8/site-packages/pathing/better_soccer.py to better_soccer.cpython-38.pyc
[4.953s] running install_data
[4.956s] running install_egg_info
[4.960s] removing '/home/april/mobilerobotics_ws/install/pathing/lib/python3.8/site-packages/pathing-0.0.0-py3.8.egg-info' (and everything under it)
[4.961s] Copying ../../build/pathing/pathing.egg-info to /home/april/mobilerobotics_ws/install/pathing/lib/python3.8/site-packages/pathing-0.0.0-py3.8.egg-info
[4.978s] running install_scripts
[5.043s] Installing angle script to /home/april/mobilerobotics_ws/install/pathing/lib/pathing
[5.043s] Installing forward script to /home/april/mobilerobotics_ws/install/pathing/lib/pathing
[5.044s] Installing planner script to /home/april/mobilerobotics_ws/install/pathing/lib/pathing
[5.045s] writing list of installed files to '/home/april/mobilerobotics_ws/build/pathing/install.log'
[5.097s] Invoked command in '/home/april/mobilerobotics_ws/src/pathing' returned '0': PYTHONPATH=/home/april/mobilerobotics_ws/build/pathing/prefix_override:/home/april/mobilerobotics_ws/install/pathing/lib/python3.8/site-packages:${PYTHONPATH} /usr/bin/python3 setup.py egg_info --egg-base ../../build/pathing build --build-base /home/april/mobilerobotics_ws/build/pathing/build install --record /home/april/mobilerobotics_ws/build/pathing/install.log --single-version-externally-managed
