[10.385s] Invoking command in '/home/april/mobilerobotics_ws/src/pathing': PYTHONPATH=/home/april/mobilerobotics_ws/build/pathing/prefix_override:/home/april/mobilerobotics_ws/install/pathing/lib/python3.8/site-packages:${PYTHONPATH} /usr/bin/python3 setup.py egg_info --egg-base ../../build/pathing build --build-base /home/april/mobilerobotics_ws/build/pathing/build install --record /home/april/mobilerobotics_ws/build/pathing/install.log --single-version-externally-managed
[12.451s] running egg_info
[12.453s] writing ../../build/pathing/pathing.egg-info/PKG-INFO
[12.455s] writing dependency_links to ../../build/pathing/pathing.egg-info/dependency_links.txt
[12.458s] writing entry points to ../../build/pathing/pathing.egg-info/entry_points.txt
[12.462s] writing requirements to ../../build/pathing/pathing.egg-info/requires.txt
[12.467s] writing top-level names to ../../build/pathing/pathing.egg-info/top_level.txt
[12.657s] reading manifest file '../../build/pathing/pathing.egg-info/SOURCES.txt'
[12.667s] writing manifest file '../../build/pathing/pathing.egg-info/SOURCES.txt'
[12.670s] running build
[12.679s] running build_py
[12.682s] copying pathing/better_soccer.py -> /home/april/mobilerobotics_ws/build/pathing/build/lib/pathing
[12.691s] running install
[12.698s] running install_lib
[12.708s] copying /home/april/mobilerobotics_ws/build/pathing/build/lib/pathing/better_soccer.py -> /home/april/mobilerobotics_ws/install/pathing/lib/python3.8/site-packages/pathing
[12.714s] byte-compiling /home/april/mobilerobotics_ws/install/pathing/lib/python3.8/site-packages/pathing/better_soccer.py to better_soccer.cpython-38.pyc
[12.735s] running install_data
[12.738s] running install_egg_info
[12.746s] removing '/home/april/mobilerobotics_ws/install/pathing/lib/python3.8/site-packages/pathing-0.0.0-py3.8.egg-info' (and everything under it)
[12.749s] Copying ../../build/pathing/pathing.egg-info to /home/april/mobilerobotics_ws/install/pathing/lib/python3.8/site-packages/pathing-0.0.0-py3.8.egg-info
[12.759s] running install_scripts
[12.863s] Installing planner script to /home/april/mobilerobotics_ws/install/pathing/lib/pathing
[12.885s] writing list of installed files to '/home/april/mobilerobotics_ws/build/pathing/install.log'
[13.065s] Invoked command in '/home/april/mobilerobotics_ws/src/pathing' returned '0': PYTHONPATH=/home/april/mobilerobotics_ws/build/pathing/prefix_override:/home/april/mobilerobotics_ws/install/pathing/lib/python3.8/site-packages:${PYTHONPATH} /usr/bin/python3 setup.py egg_info --egg-base ../../build/pathing build --build-base /home/april/mobilerobotics_ws/build/pathing/build install --record /home/april/mobilerobotics_ws/build/pathing/install.log --single-version-externally-managed
