[4.207s] Invoking command in '/home/april/mobilerobotics_ws/src/pathing': PYTHONPATH=/home/april/mobilerobotics_ws/build/pathing/prefix_override:/home/april/mobilerobotics_ws/install/pathing/lib/python3.8/site-packages:${PYTHONPATH} /usr/bin/python3 setup.py egg_info --egg-base ../../build/pathing build --build-base /home/april/mobilerobotics_ws/build/pathing/build install --record /home/april/mobilerobotics_ws/build/pathing/install.log --single-version-externally-managed
[4.900s] running egg_info
[4.901s] writing ../../build/pathing/pathing.egg-info/PKG-INFO
[4.903s] writing dependency_links to ../../build/pathing/pathing.egg-info/dependency_links.txt
[4.904s] writing entry points to ../../build/pathing/pathing.egg-info/entry_points.txt
[4.905s] writing requirements to ../../build/pathing/pathing.egg-info/requires.txt
[4.906s] writing top-level names to ../../build/pathing/pathing.egg-info/top_level.txt
[4.975s] reading manifest file '../../build/pathing/pathing.egg-info/SOURCES.txt'
[4.976s] writing manifest file '../../build/pathing/pathing.egg-info/SOURCES.txt'
[4.977s] running build
[4.978s] running build_py
[4.978s] copying pathing/better_soccer.py -> /home/april/mobilerobotics_ws/build/pathing/build/lib/pathing
[4.980s] copying pathing/standard_movement.py -> /home/april/mobilerobotics_ws/build/pathing/build/lib/pathing
[4.983s] running install
[4.986s] running install_lib
[4.988s] copying /home/april/mobilerobotics_ws/build/pathing/build/lib/pathing/better_soccer.py -> /home/april/mobilerobotics_ws/install/pathing/lib/python3.8/site-packages/pathing
[4.988s] copying /home/april/mobilerobotics_ws/build/pathing/build/lib/pathing/standard_movement.py -> /home/april/mobilerobotics_ws/install/pathing/lib/python3.8/site-packages/pathing
[4.989s] byte-compiling /home/april/mobilerobotics_ws/install/pathing/lib/python3.8/site-packages/pathing/better_soccer.py to better_soccer.cpython-38.pyc
[4.996s] byte-compiling /home/april/mobilerobotics_ws/install/pathing/lib/python3.8/site-packages/pathing/standard_movement.py to standard_movement.cpython-38.pyc
[5.000s] running install_data
[5.001s] running install_egg_info
[5.005s] removing '/home/april/mobilerobotics_ws/install/pathing/lib/python3.8/site-packages/pathing-0.0.0-py3.8.egg-info' (and everything under it)
[5.006s] Copying ../../build/pathing/pathing.egg-info to /home/april/mobilerobotics_ws/install/pathing/lib/python3.8/site-packages/pathing-0.0.0-py3.8.egg-info
[5.019s] running install_scripts
[5.055s] Installing angle script to /home/april/mobilerobotics_ws/install/pathing/lib/pathing
[5.056s] Installing forward script to /home/april/mobilerobotics_ws/install/pathing/lib/pathing
[5.057s] Installing planner script to /home/april/mobilerobotics_ws/install/pathing/lib/pathing
[5.059s] writing list of installed files to '/home/april/mobilerobotics_ws/build/pathing/install.log'
[5.442s] Invoked command in '/home/april/mobilerobotics_ws/src/pathing' returned '0': PYTHONPATH=/home/april/mobilerobotics_ws/build/pathing/prefix_override:/home/april/mobilerobotics_ws/install/pathing/lib/python3.8/site-packages:${PYTHONPATH} /usr/bin/python3 setup.py egg_info --egg-base ../../build/pathing build --build-base /home/april/mobilerobotics_ws/build/pathing/build install --record /home/april/mobilerobotics_ws/build/pathing/install.log --single-version-externally-managed
