[0.801s] Invoking command in '/home/april/mobilerobotics_ws/build/aruco_opencv_msgs': CMAKE_PREFIX_PATH=/opt/ros/foxy /usr/bin/cmake --build /home/april/mobilerobotics_ws/build/aruco_opencv_msgs -- -j2 -l2
[1.165s] [  2%] Built target aruco_opencv_msgs__cpp
[1.186s] [ 12%] Built target aruco_opencv_msgs__rosidl_generator_c
[1.320s] [ 23%] Built target aruco_opencv_msgs__rosidl_typesupport_fastrtps_cpp
[1.395s] [ 34%] Built target aruco_opencv_msgs__rosidl_typesupport_introspection_cpp
[1.603s] [ 44%] Built target aruco_opencv_msgs__rosidl_typesupport_introspection_c
[1.621s] [ 55%] Built target aruco_opencv_msgs__rosidl_typesupport_c
[1.809s] [ 65%] Built target aruco_opencv_msgs__rosidl_typesupport_cpp
[1.892s] [ 76%] Built target aruco_opencv_msgs__rosidl_typesupport_fastrtps_c
[2.002s] [ 76%] Built target aruco_opencv_msgs
[2.135s] [ 78%] Built target aruco_opencv_msgs__py
[2.272s] [ 87%] Built target aruco_opencv_msgs__python
[2.458s] [ 91%] Built target aruco_opencv_msgs__rosidl_typesupport_introspection_c__pyext
[2.541s] [ 95%] Built target aruco_opencv_msgs__rosidl_typesupport_c__pyext
[2.700s] [100%] Built target aruco_opencv_msgs__rosidl_typesupport_fastrtps_c__pyext
[2.782s] Invoked command in '/home/april/mobilerobotics_ws/build/aruco_opencv_msgs' returned '0': CMAKE_PREFIX_PATH=/opt/ros/foxy /usr/bin/cmake --build /home/april/mobilerobotics_ws/build/aruco_opencv_msgs -- -j2 -l2
[3.559s] Invoking command in '/home/april/mobilerobotics_ws/build/aruco_opencv_msgs': CMAKE_PREFIX_PATH=/opt/ros/foxy /usr/bin/cmake --install /home/april/mobilerobotics_ws/build/aruco_opencv_msgs
[3.615s] -- Install configuration: ""
[3.615s] -- Up-to-date: /home/april/mobilerobotics_ws/install/aruco_opencv_msgs/share/ament_index/resource_index/rosidl_interfaces/aruco_opencv_msgs
[3.622s] -- Up-to-date: /home/april/mobilerobotics_ws/install/aruco_opencv_msgs/include/aruco_opencv_msgs
[3.623s] -- Up-to-date: /home/april/mobilerobotics_ws/install/aruco_opencv_msgs/include/aruco_opencv_msgs/msg
[3.625s] -- Up-to-date: /home/april/mobilerobotics_ws/install/aruco_opencv_msgs/include/aruco_opencv_msgs/msg/rosidl_generator_c__visibility_control.h
[3.626s] -- Up-to-date: /home/april/mobilerobotics_ws/install/aruco_opencv_msgs/include/aruco_opencv_msgs/msg/detail
[3.627s] -- Up-to-date: /home/april/mobilerobotics_ws/install/aruco_opencv_msgs/include/aruco_opencv_msgs/msg/detail/aruco_detection__struct.h
[3.628s] -- Up-to-date: /home/april/mobilerobotics_ws/install/aruco_opencv_msgs/include/aruco_opencv_msgs/msg/detail/aruco_detection__functions.h
[3.628s] -- Up-to-date: /home/april/mobilerobotics_ws/install/aruco_opencv_msgs/include/aruco_opencv_msgs/msg/detail/board_pose__functions.h
[3.628s] -- Up-to-date: /home/april/mobilerobotics_ws/install/aruco_opencv_msgs/include/aruco_opencv_msgs/msg/detail/board_pose__functions.c
[3.628s] -- Up-to-date: /home/april/mobilerobotics_ws/install/aruco_opencv_msgs/include/aruco_opencv_msgs/msg/detail/marker_pose__struct.h
[3.628s] -- Up-to-date: /home/april/mobilerobotics_ws/install/aruco_opencv_msgs/include/aruco_opencv_msgs/msg/detail/marker_pose__functions.h
[3.628s] -- Up-to-date: /home/april/mobilerobotics_ws/install/aruco_opencv_msgs/include/aruco_opencv_msgs/msg/detail/board_pose__type_support.h
[3.628s] -- Up-to-date: /home/april/mobilerobotics_ws/install/aruco_opencv_msgs/include/aruco_opencv_msgs/msg/detail/marker_pose__type_support.h
[3.629s] -- Up-to-date: /home/april/mobilerobotics_ws/install/aruco_opencv_msgs/include/aruco_opencv_msgs/msg/detail/marker_pose__functions.c
[3.629s] -- Up-to-date: /home/april/mobilerobotics_ws/install/aruco_opencv_msgs/include/aruco_opencv_msgs/msg/detail/board_pose__struct.h
[3.629s] -- Up-to-date: /home/april/mobilerobotics_ws/install/aruco_opencv_msgs/include/aruco_opencv_msgs/msg/detail/aruco_detection__functions.c
[3.629s] -- Up-to-date: /home/april/mobilerobotics_ws/install/aruco_opencv_msgs/include/aruco_opencv_msgs/msg/detail/aruco_detection__type_support.h
[3.630s] -- Up-to-date: /home/april/mobilerobotics_ws/install/aruco_opencv_msgs/include/aruco_opencv_msgs/msg/aruco_detection.h
[3.633s] -- Up-to-date: /home/april/mobilerobotics_ws/install/aruco_opencv_msgs/include/aruco_opencv_msgs/msg/marker_pose.h
[3.634s] -- Up-to-date: /home/april/mobilerobotics_ws/install/aruco_opencv_msgs/include/aruco_opencv_msgs/msg/board_pose.h
[3.634s] -- Up-to-date: /home/april/mobilerobotics_ws/install/aruco_opencv_msgs/share/aruco_opencv_msgs/environment/library_path.sh
[3.635s] -- Up-to-date: /home/april/mobilerobotics_ws/install/aruco_opencv_msgs/share/aruco_opencv_msgs/environment/library_path.dsv
[3.635s] -- Up-to-date: /home/april/mobilerobotics_ws/install/aruco_opencv_msgs/lib/libaruco_opencv_msgs__rosidl_generator_c.so
[3.641s] -- Up-to-date: /home/april/mobilerobotics_ws/install/aruco_opencv_msgs/include/aruco_opencv_msgs
[3.641s] -- Up-to-date: /home/april/mobilerobotics_ws/install/aruco_opencv_msgs/include/aruco_opencv_msgs/msg
[3.642s] -- Up-to-date: /home/april/mobilerobotics_ws/install/aruco_opencv_msgs/include/aruco_opencv_msgs/msg/detail
[3.643s] -- Up-to-date: /home/april/mobilerobotics_ws/install/aruco_opencv_msgs/include/aruco_opencv_msgs/msg/detail/aruco_detection__rosidl_typesupport_fastrtps_c.h
[3.643s] -- Up-to-date: /home/april/mobilerobotics_ws/install/aruco_opencv_msgs/include/aruco_opencv_msgs/msg/detail/board_pose__rosidl_typesupport_fastrtps_c.h
[3.643s] -- Up-to-date: /home/april/mobilerobotics_ws/install/aruco_opencv_msgs/include/aruco_opencv_msgs/msg/detail/marker_pose__rosidl_typesupport_fastrtps_c.h
[3.647s] -- Up-to-date: /home/april/mobilerobotics_ws/install/aruco_opencv_msgs/include/aruco_opencv_msgs/msg/rosidl_typesupport_fastrtps_c__visibility_control.h
[3.648s] -- Up-to-date: /home/april/mobilerobotics_ws/install/aruco_opencv_msgs/lib/libaruco_opencv_msgs__rosidl_typesupport_fastrtps_c.so
[3.649s] -- Up-to-date: /home/april/mobilerobotics_ws/install/aruco_opencv_msgs/include/aruco_opencv_msgs
[3.649s] -- Up-to-date: /home/april/mobilerobotics_ws/install/aruco_opencv_msgs/include/aruco_opencv_msgs/msg
[3.650s] -- Up-to-date: /home/april/mobilerobotics_ws/install/aruco_opencv_msgs/include/aruco_opencv_msgs/msg/rosidl_typesupport_fastrtps_cpp__visibility_control.h
[3.650s] -- Up-to-date: /home/april/mobilerobotics_ws/install/aruco_opencv_msgs/include/aruco_opencv_msgs/msg/detail
[3.650s] -- Up-to-date: /home/april/mobilerobotics_ws/install/aruco_opencv_msgs/include/aruco_opencv_msgs/msg/detail/board_pose__rosidl_typesupport_fastrtps_cpp.hpp
[3.651s] -- Up-to-date: /home/april/mobilerobotics_ws/install/aruco_opencv_msgs/include/aruco_opencv_msgs/msg/detail/dds_fastrtps
[3.651s] -- Up-to-date: /home/april/mobilerobotics_ws/install/aruco_opencv_msgs/include/aruco_opencv_msgs/msg/detail/aruco_detection__rosidl_typesupport_fastrtps_cpp.hpp
[3.651s] -- Up-to-date: /home/april/mobilerobotics_ws/install/aruco_opencv_msgs/include/aruco_opencv_msgs/msg/detail/marker_pose__rosidl_typesupport_fastrtps_cpp.hpp
[3.656s] -- Up-to-date: /home/april/mobilerobotics_ws/install/aruco_opencv_msgs/lib/libaruco_opencv_msgs__rosidl_typesupport_fastrtps_cpp.so
[3.657s] -- Up-to-date: /home/april/mobilerobotics_ws/install/aruco_opencv_msgs/include/aruco_opencv_msgs
[3.657s] -- Up-to-date: /home/april/mobilerobotics_ws/install/aruco_opencv_msgs/include/aruco_opencv_msgs/msg
[3.657s] -- Up-to-date: /home/april/mobilerobotics_ws/install/aruco_opencv_msgs/include/aruco_opencv_msgs/msg/detail
[3.658s] -- Up-to-date: /home/april/mobilerobotics_ws/install/aruco_opencv_msgs/include/aruco_opencv_msgs/msg/detail/marker_pose__rosidl_typesupport_introspection_c.h
[3.658s] -- Up-to-date: /home/april/mobilerobotics_ws/install/aruco_opencv_msgs/include/aruco_opencv_msgs/msg/detail/board_pose__rosidl_typesupport_introspection_c.h
[3.658s] -- Up-to-date: /home/april/mobilerobotics_ws/install/aruco_opencv_msgs/include/aruco_opencv_msgs/msg/detail/aruco_detection__rosidl_typesupport_introspection_c.h
[3.658s] -- Up-to-date: /home/april/mobilerobotics_ws/install/aruco_opencv_msgs/include/aruco_opencv_msgs/msg/detail/aruco_detection__type_support.c
[3.658s] -- Up-to-date: /home/april/mobilerobotics_ws/install/aruco_opencv_msgs/include/aruco_opencv_msgs/msg/detail/marker_pose__type_support.c
[3.658s] -- Up-to-date: /home/april/mobilerobotics_ws/install/aruco_opencv_msgs/include/aruco_opencv_msgs/msg/detail/board_pose__type_support.c
[3.658s] -- Up-to-date: /home/april/mobilerobotics_ws/install/aruco_opencv_msgs/include/aruco_opencv_msgs/msg/rosidl_typesupport_introspection_c__visibility_control.h
[3.673s] -- Up-to-date: /home/april/mobilerobotics_ws/install/aruco_opencv_msgs/lib/libaruco_opencv_msgs__rosidl_typesupport_introspection_c.so
[3.673s] -- Up-to-date: /home/april/mobilerobotics_ws/install/aruco_opencv_msgs/lib/libaruco_opencv_msgs__rosidl_typesupport_c.so
[3.673s] -- Up-to-date: /home/april/mobilerobotics_ws/install/aruco_opencv_msgs/include/aruco_opencv_msgs
[3.673s] -- Up-to-date: /home/april/mobilerobotics_ws/install/aruco_opencv_msgs/include/aruco_opencv_msgs/msg
[3.673s] -- Up-to-date: /home/april/mobilerobotics_ws/install/aruco_opencv_msgs/include/aruco_opencv_msgs/msg/detail
[3.673s] -- Up-to-date: /home/april/mobilerobotics_ws/install/aruco_opencv_msgs/include/aruco_opencv_msgs/msg/detail/board_pose__traits.hpp
[3.673s] -- Up-to-date: /home/april/mobilerobotics_ws/install/aruco_opencv_msgs/include/aruco_opencv_msgs/msg/detail/board_pose__type_support.hpp
[3.673s] -- Up-to-date: /home/april/mobilerobotics_ws/install/aruco_opencv_msgs/include/aruco_opencv_msgs/msg/detail/aruco_detection__builder.hpp
[3.674s] -- Up-to-date: /home/april/mobilerobotics_ws/install/aruco_opencv_msgs/include/aruco_opencv_msgs/msg/detail/aruco_detection__type_support.hpp
[3.674s] -- Up-to-date: /home/april/mobilerobotics_ws/install/aruco_opencv_msgs/include/aruco_opencv_msgs/msg/detail/marker_pose__traits.hpp
[3.674s] -- Up-to-date: /home/april/mobilerobotics_ws/install/aruco_opencv_msgs/include/aruco_opencv_msgs/msg/detail/board_pose__builder.hpp
[3.674s] -- Up-to-date: /home/april/mobilerobotics_ws/install/aruco_opencv_msgs/include/aruco_opencv_msgs/msg/detail/marker_pose__builder.hpp
[3.674s] -- Up-to-date: /home/april/mobilerobotics_ws/install/aruco_opencv_msgs/include/aruco_opencv_msgs/msg/detail/marker_pose__struct.hpp
[3.674s] -- Up-to-date: /home/april/mobilerobotics_ws/install/aruco_opencv_msgs/include/aruco_opencv_msgs/msg/detail/board_pose__struct.hpp
[3.674s] -- Up-to-date: /home/april/mobilerobotics_ws/install/aruco_opencv_msgs/include/aruco_opencv_msgs/msg/detail/aruco_detection__traits.hpp
[3.674s] -- Up-to-date: /home/april/mobilerobotics_ws/install/aruco_opencv_msgs/include/aruco_opencv_msgs/msg/detail/aruco_detection__struct.hpp
[3.675s] -- Up-to-date: /home/april/mobilerobotics_ws/install/aruco_opencv_msgs/include/aruco_opencv_msgs/msg/detail/marker_pose__type_support.hpp
[3.675s] -- Up-to-date: /home/april/mobilerobotics_ws/install/aruco_opencv_msgs/include/aruco_opencv_msgs/msg/aruco_detection.hpp
[3.675s] -- Up-to-date: /home/april/mobilerobotics_ws/install/aruco_opencv_msgs/include/aruco_opencv_msgs/msg/rosidl_generator_cpp__visibility_control.hpp
[3.675s] -- Up-to-date: /home/april/mobilerobotics_ws/install/aruco_opencv_msgs/include/aruco_opencv_msgs/msg/board_pose.hpp
[3.675s] -- Up-to-date: /home/april/mobilerobotics_ws/install/aruco_opencv_msgs/include/aruco_opencv_msgs/msg/marker_pose.hpp
[3.675s] -- Up-to-date: /home/april/mobilerobotics_ws/install/aruco_opencv_msgs/include/aruco_opencv_msgs
[3.675s] -- Up-to-date: /home/april/mobilerobotics_ws/install/aruco_opencv_msgs/include/aruco_opencv_msgs/msg
[3.679s] -- Up-to-date: /home/april/mobilerobotics_ws/install/aruco_opencv_msgs/include/aruco_opencv_msgs/msg/detail
[3.679s] -- Up-to-date: /home/april/mobilerobotics_ws/install/aruco_opencv_msgs/include/aruco_opencv_msgs/msg/detail/aruco_detection__rosidl_typesupport_introspection_cpp.hpp
[3.679s] -- Up-to-date: /home/april/mobilerobotics_ws/install/aruco_opencv_msgs/include/aruco_opencv_msgs/msg/detail/marker_pose__rosidl_typesupport_introspection_cpp.hpp
[3.679s] -- Up-to-date: /home/april/mobilerobotics_ws/install/aruco_opencv_msgs/include/aruco_opencv_msgs/msg/detail/board_pose__rosidl_typesupport_introspection_cpp.hpp
[3.679s] -- Up-to-date: /home/april/mobilerobotics_ws/install/aruco_opencv_msgs/include/aruco_opencv_msgs/msg/detail/aruco_detection__type_support.cpp
[3.679s] -- Up-to-date: /home/april/mobilerobotics_ws/install/aruco_opencv_msgs/include/aruco_opencv_msgs/msg/detail/marker_pose__type_support.cpp
[3.679s] -- Up-to-date: /home/april/mobilerobotics_ws/install/aruco_opencv_msgs/include/aruco_opencv_msgs/msg/detail/board_pose__type_support.cpp
[3.680s] -- Up-to-date: /home/april/mobilerobotics_ws/install/aruco_opencv_msgs/lib/libaruco_opencv_msgs__rosidl_typesupport_introspection_cpp.so
[3.680s] -- Up-to-date: /home/april/mobilerobotics_ws/install/aruco_opencv_msgs/lib/libaruco_opencv_msgs__rosidl_typesupport_cpp.so
[3.680s] -- Up-to-date: /home/april/mobilerobotics_ws/install/aruco_opencv_msgs/share/aruco_opencv_msgs/environment/pythonpath.sh
[3.680s] -- Up-to-date: /home/april/mobilerobotics_ws/install/aruco_opencv_msgs/share/aruco_opencv_msgs/environment/pythonpath.dsv
[3.680s] -- Up-to-date: /home/april/mobilerobotics_ws/install/aruco_opencv_msgs/lib/python3.8/site-packages/aruco_opencv_msgs/__init__.py
[3.806s] -- Up-to-date: /home/april/mobilerobotics_ws/install/aruco_opencv_msgs/lib/python3.8/site-packages/aruco_opencv_msgs/msg
[3.806s] -- Up-to-date: /home/april/mobilerobotics_ws/install/aruco_opencv_msgs/lib/python3.8/site-packages/aruco_opencv_msgs/msg/_marker_pose.py
[3.807s] -- Up-to-date: /home/april/mobilerobotics_ws/install/aruco_opencv_msgs/lib/python3.8/site-packages/aruco_opencv_msgs/msg/_aruco_detection.py
[3.808s] -- Up-to-date: /home/april/mobilerobotics_ws/install/aruco_opencv_msgs/lib/python3.8/site-packages/aruco_opencv_msgs/msg/_board_pose_s.c
[3.808s] -- Up-to-date: /home/april/mobilerobotics_ws/install/aruco_opencv_msgs/lib/python3.8/site-packages/aruco_opencv_msgs/msg/__init__.py
[3.808s] -- Up-to-date: /home/april/mobilerobotics_ws/install/aruco_opencv_msgs/lib/python3.8/site-packages/aruco_opencv_msgs/msg/_aruco_detection_s.c
[3.809s] -- Up-to-date: /home/april/mobilerobotics_ws/install/aruco_opencv_msgs/lib/python3.8/site-packages/aruco_opencv_msgs/msg/_board_pose.py
[3.809s] -- Up-to-date: /home/april/mobilerobotics_ws/install/aruco_opencv_msgs/lib/python3.8/site-packages/aruco_opencv_msgs/msg/_marker_pose_s.c
[3.810s] -- Up-to-date: /home/april/mobilerobotics_ws/install/aruco_opencv_msgs/lib/python3.8/site-packages/aruco_opencv_msgs/aruco_opencv_msgs_s__rosidl_typesupport_fastrtps_c.cpython-38-x86_64-linux-gnu.so
[3.810s] -- Up-to-date: /home/april/mobilerobotics_ws/install/aruco_opencv_msgs/lib/python3.8/site-packages/aruco_opencv_msgs/aruco_opencv_msgs_s__rosidl_typesupport_introspection_c.cpython-38-x86_64-linux-gnu.so
[3.820s] -- Up-to-date: /home/april/mobilerobotics_ws/install/aruco_opencv_msgs/lib/python3.8/site-packages/aruco_opencv_msgs/aruco_opencv_msgs_s__rosidl_typesupport_c.cpython-38-x86_64-linux-gnu.so
[3.824s] -- Up-to-date: /home/april/mobilerobotics_ws/install/aruco_opencv_msgs/lib/libaruco_opencv_msgs__python.so
[3.828s] -- Up-to-date: /home/april/mobilerobotics_ws/install/aruco_opencv_msgs/share/aruco_opencv_msgs/msg/ArucoDetection.idl
[3.828s] -- Up-to-date: /home/april/mobilerobotics_ws/install/aruco_opencv_msgs/share/aruco_opencv_msgs/msg/BoardPose.idl
[3.829s] -- Up-to-date: /home/april/mobilerobotics_ws/install/aruco_opencv_msgs/share/aruco_opencv_msgs/msg/MarkerPose.idl
[3.829s] -- Up-to-date: /home/april/mobilerobotics_ws/install/aruco_opencv_msgs/share/aruco_opencv_msgs/msg/ArucoDetection.msg
[3.829s] -- Up-to-date: /home/april/mobilerobotics_ws/install/aruco_opencv_msgs/share/aruco_opencv_msgs/msg/BoardPose.msg
[3.830s] -- Up-to-date: /home/april/mobilerobotics_ws/install/aruco_opencv_msgs/share/aruco_opencv_msgs/msg/MarkerPose.msg
[3.832s] -- Up-to-date: /home/april/mobilerobotics_ws/install/aruco_opencv_msgs/share/ament_index/resource_index/package_run_dependencies/aruco_opencv_msgs
[3.833s] -- Up-to-date: /home/april/mobilerobotics_ws/install/aruco_opencv_msgs/share/ament_index/resource_index/parent_prefix_path/aruco_opencv_msgs
[3.834s] -- Up-to-date: /home/april/mobilerobotics_ws/install/aruco_opencv_msgs/share/aruco_opencv_msgs/environment/ament_prefix_path.sh
[3.834s] -- Up-to-date: /home/april/mobilerobotics_ws/install/aruco_opencv_msgs/share/aruco_opencv_msgs/environment/ament_prefix_path.dsv
[3.836s] -- Up-to-date: /home/april/mobilerobotics_ws/install/aruco_opencv_msgs/share/aruco_opencv_msgs/environment/path.sh
[3.836s] -- Up-to-date: /home/april/mobilerobotics_ws/install/aruco_opencv_msgs/share/aruco_opencv_msgs/environment/path.dsv
[3.837s] -- Up-to-date: /home/april/mobilerobotics_ws/install/aruco_opencv_msgs/share/aruco_opencv_msgs/local_setup.bash
[3.838s] -- Up-to-date: /home/april/mobilerobotics_ws/install/aruco_opencv_msgs/share/aruco_opencv_msgs/local_setup.sh
[3.838s] -- Up-to-date: /home/april/mobilerobotics_ws/install/aruco_opencv_msgs/share/aruco_opencv_msgs/local_setup.zsh
[3.838s] -- Up-to-date: /home/april/mobilerobotics_ws/install/aruco_opencv_msgs/share/aruco_opencv_msgs/local_setup.dsv
[3.839s] -- Installing: /home/april/mobilerobotics_ws/install/aruco_opencv_msgs/share/aruco_opencv_msgs/package.dsv
[3.840s] -- Up-to-date: /home/april/mobilerobotics_ws/install/aruco_opencv_msgs/share/ament_index/resource_index/packages/aruco_opencv_msgs
[3.840s] -- Up-to-date: /home/april/mobilerobotics_ws/install/aruco_opencv_msgs/share/aruco_opencv_msgs/cmake/aruco_opencv_msgs__rosidl_generator_cExport.cmake
[3.841s] -- Up-to-date: /home/april/mobilerobotics_ws/install/aruco_opencv_msgs/share/aruco_opencv_msgs/cmake/aruco_opencv_msgs__rosidl_generator_cExport-noconfig.cmake
[3.842s] -- Up-to-date: /home/april/mobilerobotics_ws/install/aruco_opencv_msgs/share/aruco_opencv_msgs/cmake/aruco_opencv_msgs__rosidl_typesupport_introspection_cExport.cmake
[3.842s] -- Up-to-date: /home/april/mobilerobotics_ws/install/aruco_opencv_msgs/share/aruco_opencv_msgs/cmake/aruco_opencv_msgs__rosidl_typesupport_introspection_cExport-noconfig.cmake
[3.844s] -- Up-to-date: /home/april/mobilerobotics_ws/install/aruco_opencv_msgs/share/aruco_opencv_msgs/cmake/aruco_opencv_msgs__rosidl_typesupport_cExport.cmake
[3.846s] -- Up-to-date: /home/april/mobilerobotics_ws/install/aruco_opencv_msgs/share/aruco_opencv_msgs/cmake/aruco_opencv_msgs__rosidl_typesupport_cExport-noconfig.cmake
[3.847s] -- Up-to-date: /home/april/mobilerobotics_ws/install/aruco_opencv_msgs/share/aruco_opencv_msgs/cmake/aruco_opencv_msgs__rosidl_generator_cppExport.cmake
[3.847s] -- Up-to-date: /home/april/mobilerobotics_ws/install/aruco_opencv_msgs/share/aruco_opencv_msgs/cmake/aruco_opencv_msgs__rosidl_typesupport_introspection_cppExport.cmake
[3.849s] -- Up-to-date: /home/april/mobilerobotics_ws/install/aruco_opencv_msgs/share/aruco_opencv_msgs/cmake/aruco_opencv_msgs__rosidl_typesupport_introspection_cppExport-noconfig.cmake
[3.849s] -- Up-to-date: /home/april/mobilerobotics_ws/install/aruco_opencv_msgs/share/aruco_opencv_msgs/cmake/aruco_opencv_msgs__rosidl_typesupport_cppExport.cmake
[3.852s] -- Up-to-date: /home/april/mobilerobotics_ws/install/aruco_opencv_msgs/share/aruco_opencv_msgs/cmake/aruco_opencv_msgs__rosidl_typesupport_cppExport-noconfig.cmake
[3.853s] -- Up-to-date: /home/april/mobilerobotics_ws/install/aruco_opencv_msgs/share/aruco_opencv_msgs/cmake/rosidl_cmake-extras.cmake
[3.854s] -- Up-to-date: /home/april/mobilerobotics_ws/install/aruco_opencv_msgs/share/aruco_opencv_msgs/cmake/ament_cmake_export_dependencies-extras.cmake
[3.854s] -- Up-to-date: /home/april/mobilerobotics_ws/install/aruco_opencv_msgs/share/aruco_opencv_msgs/cmake/ament_cmake_export_libraries-extras.cmake
[3.854s] -- Up-to-date: /home/april/mobilerobotics_ws/install/aruco_opencv_msgs/share/aruco_opencv_msgs/cmake/ament_cmake_export_targets-extras.cmake
[3.854s] -- Up-to-date: /home/april/mobilerobotics_ws/install/aruco_opencv_msgs/share/aruco_opencv_msgs/cmake/ament_cmake_export_include_directories-extras.cmake
[3.854s] -- Up-to-date: /home/april/mobilerobotics_ws/install/aruco_opencv_msgs/share/aruco_opencv_msgs/cmake/rosidl_cmake_export_typesupport_libraries-extras.cmake
[3.854s] -- Up-to-date: /home/april/mobilerobotics_ws/install/aruco_opencv_msgs/share/aruco_opencv_msgs/cmake/rosidl_cmake_export_typesupport_targets-extras.cmake
[3.855s] -- Up-to-date: /home/april/mobilerobotics_ws/install/aruco_opencv_msgs/share/aruco_opencv_msgs/cmake/aruco_opencv_msgsConfig.cmake
[3.858s] -- Up-to-date: /home/april/mobilerobotics_ws/install/aruco_opencv_msgs/share/aruco_opencv_msgs/cmake/aruco_opencv_msgsConfig-version.cmake
[3.858s] -- Up-to-date: /home/april/mobilerobotics_ws/install/aruco_opencv_msgs/share/aruco_opencv_msgs/package.xml
[3.869s] Invoked command in '/home/april/mobilerobotics_ws/build/aruco_opencv_msgs' returned '0': CMAKE_PREFIX_PATH=/opt/ros/foxy /usr/bin/cmake --install /home/april/mobilerobotics_ws/build/aruco_opencv_msgs
