[4.296s] Invoking command in '/home/april/mobilerobotics_ws/src/pathing': PYTHONPATH=/home/april/mobilerobotics_ws/build/pathing/prefix_override:/home/april/mobilerobotics_ws/install/pathing/lib/python3.8/site-packages:${PYTHONPATH} /usr/bin/python3 setup.py egg_info --egg-base ../../build/pathing build --build-base /home/april/mobilerobotics_ws/build/pathing/build install --record /home/april/mobilerobotics_ws/build/pathing/install.log --single-version-externally-managed
[5.239s] running egg_info
[5.242s] writing ../../build/pathing/pathing.egg-info/PKG-INFO
[5.247s] writing dependency_links to ../../build/pathing/pathing.egg-info/dependency_links.txt
[5.248s] writing entry points to ../../build/pathing/pathing.egg-info/entry_points.txt
[5.255s] writing requirements to ../../build/pathing/pathing.egg-info/requires.txt
[5.256s] writing top-level names to ../../build/pathing/pathing.egg-info/top_level.txt
[5.349s] reading manifest file '../../build/pathing/pathing.egg-info/SOURCES.txt'
[5.356s] writing manifest file '../../build/pathing/pathing.egg-info/SOURCES.txt'
[5.356s] running build
[5.359s] running build_py
[5.360s] copying pathing/better_soccer.py -> /home/april/mobilerobotics_ws/build/pathing/build/lib/pathing
[5.360s] running install
[5.366s] running install_lib
[5.366s] copying /home/april/mobilerobotics_ws/build/pathing/build/lib/pathing/better_soccer.py -> /home/april/mobilerobotics_ws/install/pathing/lib/python3.8/site-packages/pathing
[5.366s] byte-compiling /home/april/mobilerobotics_ws/install/pathing/lib/python3.8/site-packages/pathing/better_soccer.py to better_soccer.cpython-38.pyc
[5.369s] running install_data
[5.370s] running install_egg_info
[5.373s] removing '/home/april/mobilerobotics_ws/install/pathing/lib/python3.8/site-packages/pathing-0.0.0-py3.8.egg-info' (and everything under it)
[5.374s] Copying ../../build/pathing/pathing.egg-info to /home/april/mobilerobotics_ws/install/pathing/lib/python3.8/site-packages/pathing-0.0.0-py3.8.egg-info
[5.445s] running install_scripts
[5.446s] Installing planner script to /home/april/mobilerobotics_ws/install/pathing/lib/pathing
[5.448s] writing list of installed files to '/home/april/mobilerobotics_ws/build/pathing/install.log'
[5.883s] Invoked command in '/home/april/mobilerobotics_ws/src/pathing' returned '0': PYTHONPATH=/home/april/mobilerobotics_ws/build/pathing/prefix_override:/home/april/mobilerobotics_ws/install/pathing/lib/python3.8/site-packages:${PYTHONPATH} /usr/bin/python3 setup.py egg_info --egg-base ../../build/pathing build --build-base /home/april/mobilerobotics_ws/build/pathing/build install --record /home/april/mobilerobotics_ws/build/pathing/install.log --single-version-externally-managed
