[4.729s] Invoking command in '/home/april/mobilerobotics_ws/src/pathing': PYTHONPATH=/home/april/mobilerobotics_ws/build/pathing/prefix_override:/home/april/mobilerobotics_ws/install/pathing/lib/python3.8/site-packages:${PYTHONPATH} /usr/bin/python3 setup.py egg_info --egg-base ../../build/pathing build --build-base /home/april/mobilerobotics_ws/build/pathing/build install --record /home/april/mobilerobotics_ws/build/pathing/install.log --single-version-externally-managed
[6.122s] running egg_info
[6.124s] writing ../../build/pathing/pathing.egg-info/PKG-INFO
[6.128s] writing dependency_links to ../../build/pathing/pathing.egg-info/dependency_links.txt
[6.131s] writing entry points to ../../build/pathing/pathing.egg-info/entry_points.txt
[6.131s] writing requirements to ../../build/pathing/pathing.egg-info/requires.txt
[6.132s] writing top-level names to ../../build/pathing/pathing.egg-info/top_level.txt
[6.220s] reading manifest file '../../build/pathing/pathing.egg-info/SOURCES.txt'
[6.227s] writing manifest file '../../build/pathing/pathing.egg-info/SOURCES.txt'
[6.227s] running build
[6.228s] running build_py
[6.233s] copying pathing/better_soccer.py -> /home/april/mobilerobotics_ws/build/pathing/build/lib/pathing
[6.242s] running install
[6.248s] running install_lib
[6.254s] copying /home/april/mobilerobotics_ws/build/pathing/build/lib/pathing/better_soccer.py -> /home/april/mobilerobotics_ws/install/pathing/lib/python3.8/site-packages/pathing
[6.260s] byte-compiling /home/april/mobilerobotics_ws/install/pathing/lib/python3.8/site-packages/pathing/better_soccer.py to better_soccer.cpython-38.pyc
[6.309s]   File "/home/april/mobilerobotics_ws/install/pathing/lib/python3.8/site-packages/pathing/better_soccer.py", line 350
[6.309s]     def turn(self, angle_cw):
[6.309s]     ^
[6.310s] SyntaxError: invalid syntax
[6.310s] 
[6.310s] running install_data
[6.311s] running install_egg_info
[6.311s] removing '/home/april/mobilerobotics_ws/install/pathing/lib/python3.8/site-packages/pathing-0.0.0-py3.8.egg-info' (and everything under it)
[6.311s] Copying ../../build/pathing/pathing.egg-info to /home/april/mobilerobotics_ws/install/pathing/lib/python3.8/site-packages/pathing-0.0.0-py3.8.egg-info
[6.312s] running install_scripts
[6.396s] Installing angle script to /home/april/mobilerobotics_ws/install/pathing/lib/pathing
[6.402s] Installing forward script to /home/april/mobilerobotics_ws/install/pathing/lib/pathing
[6.420s] Installing planner script to /home/april/mobilerobotics_ws/install/pathing/lib/pathing
[6.450s] writing list of installed files to '/home/april/mobilerobotics_ws/build/pathing/install.log'
[6.866s] Invoked command in '/home/april/mobilerobotics_ws/src/pathing' returned '0': PYTHONPATH=/home/april/mobilerobotics_ws/build/pathing/prefix_override:/home/april/mobilerobotics_ws/install/pathing/lib/python3.8/site-packages:${PYTHONPATH} /usr/bin/python3 setup.py egg_info --egg-base ../../build/pathing build --build-base /home/april/mobilerobotics_ws/build/pathing/build install --record /home/april/mobilerobotics_ws/build/pathing/install.log --single-version-externally-managed
