[2.357s] Invoking command in '/home/april/mobilerobotics_ws/src/pathing': PYTHONPATH=/home/april/mobilerobotics_ws/build/pathing/prefix_override:/home/april/mobilerobotics_ws/install/pathing/lib/python3.8/site-packages:${PYTHONPATH} /usr/bin/python3 setup.py egg_info --egg-base ../../build/pathing build --build-base /home/april/mobilerobotics_ws/build/pathing/build install --record /home/april/mobilerobotics_ws/build/pathing/install.log --single-version-externally-managed
[2.841s] running egg_info
[2.841s] writing ../../build/pathing/pathing.egg-info/PKG-INFO
[2.844s] writing dependency_links to ../../build/pathing/pathing.egg-info/dependency_links.txt
[2.846s] writing entry points to ../../build/pathing/pathing.egg-info/entry_points.txt
[2.847s] writing requirements to ../../build/pathing/pathing.egg-info/requires.txt
[2.848s] writing top-level names to ../../build/pathing/pathing.egg-info/top_level.txt
[2.924s] reading manifest file '../../build/pathing/pathing.egg-info/SOURCES.txt'
[2.926s] writing manifest file '../../build/pathing/pathing.egg-info/SOURCES.txt'
[2.926s] running build
[2.927s] running build_py
[2.928s] copying pathing/standard_movement.py -> /home/april/mobilerobotics_ws/build/pathing/build/lib/pathing
[2.928s] running install
[2.931s] running install_lib
[2.934s] copying /home/april/mobilerobotics_ws/build/pathing/build/lib/pathing/standard_movement.py -> /home/april/mobilerobotics_ws/install/pathing/lib/python3.8/site-packages/pathing
[2.939s] byte-compiling /home/april/mobilerobotics_ws/install/pathing/lib/python3.8/site-packages/pathing/standard_movement.py to standard_movement.cpython-38.pyc
[2.945s] running install_data
[2.946s] running install_egg_info
[2.951s] removing '/home/april/mobilerobotics_ws/install/pathing/lib/python3.8/site-packages/pathing-0.0.0-py3.8.egg-info' (and everything under it)
[2.952s] Copying ../../build/pathing/pathing.egg-info to /home/april/mobilerobotics_ws/install/pathing/lib/python3.8/site-packages/pathing-0.0.0-py3.8.egg-info
[2.954s] running install_scripts
[2.996s] Installing angle script to /home/april/mobilerobotics_ws/install/pathing/lib/pathing
[2.997s] Installing forward script to /home/april/mobilerobotics_ws/install/pathing/lib/pathing
[2.998s] Installing planner script to /home/april/mobilerobotics_ws/install/pathing/lib/pathing
[3.000s] writing list of installed files to '/home/april/mobilerobotics_ws/build/pathing/install.log'
[3.047s] Invoked command in '/home/april/mobilerobotics_ws/src/pathing' returned '0': PYTHONPATH=/home/april/mobilerobotics_ws/build/pathing/prefix_override:/home/april/mobilerobotics_ws/install/pathing/lib/python3.8/site-packages:${PYTHONPATH} /usr/bin/python3 setup.py egg_info --egg-base ../../build/pathing build --build-base /home/april/mobilerobotics_ws/build/pathing/build install --record /home/april/mobilerobotics_ws/build/pathing/install.log --single-version-externally-managed
