[3.855s] Invoking command in '/home/april/mobilerobotics_ws/src/pathing': PYTHONPATH=/home/april/mobilerobotics_ws/build/pathing/prefix_override:/home/april/mobilerobotics_ws/install/pathing/lib/python3.8/site-packages:${PYTHONPATH} /usr/bin/python3 setup.py egg_info --egg-base ../../build/pathing build --build-base /home/april/mobilerobotics_ws/build/pathing/build install --record /home/april/mobilerobotics_ws/build/pathing/install.log --single-version-externally-managed
[4.870s] running egg_info
[4.885s] writing ../../build/pathing/pathing.egg-info/PKG-INFO
[4.887s] writing dependency_links to ../../build/pathing/pathing.egg-info/dependency_links.txt
[4.888s] writing entry points to ../../build/pathing/pathing.egg-info/entry_points.txt
[4.889s] writing requirements to ../../build/pathing/pathing.egg-info/requires.txt
[4.890s] writing top-level names to ../../build/pathing/pathing.egg-info/top_level.txt
[5.020s] reading manifest file '../../build/pathing/pathing.egg-info/SOURCES.txt'
[5.022s] writing manifest file '../../build/pathing/pathing.egg-info/SOURCES.txt'
[5.022s] running build
[5.022s] running build_py
[5.023s] copying pathing/better_soccer.py -> /home/april/mobilerobotics_ws/build/pathing/build/lib/pathing
[5.024s] running install
[5.028s] running install_lib
[5.033s] copying /home/april/mobilerobotics_ws/build/pathing/build/lib/pathing/better_soccer.py -> /home/april/mobilerobotics_ws/install/pathing/lib/python3.8/site-packages/pathing
[5.035s] byte-compiling /home/april/mobilerobotics_ws/install/pathing/lib/python3.8/site-packages/pathing/better_soccer.py to better_soccer.cpython-38.pyc
[5.041s] running install_data
[5.049s] running install_egg_info
[5.051s] removing '/home/april/mobilerobotics_ws/install/pathing/lib/python3.8/site-packages/pathing-0.0.0-py3.8.egg-info' (and everything under it)
[5.051s] Copying ../../build/pathing/pathing.egg-info to /home/april/mobilerobotics_ws/install/pathing/lib/python3.8/site-packages/pathing-0.0.0-py3.8.egg-info
[5.058s] running install_scripts
[5.140s] Installing planner script to /home/april/mobilerobotics_ws/install/pathing/lib/pathing
[5.142s] writing list of installed files to '/home/april/mobilerobotics_ws/build/pathing/install.log'
[5.187s] Invoked command in '/home/april/mobilerobotics_ws/src/pathing' returned '0': PYTHONPATH=/home/april/mobilerobotics_ws/build/pathing/prefix_override:/home/april/mobilerobotics_ws/install/pathing/lib/python3.8/site-packages:${PYTHONPATH} /usr/bin/python3 setup.py egg_info --egg-base ../../build/pathing build --build-base /home/april/mobilerobotics_ws/build/pathing/build install --record /home/april/mobilerobotics_ws/build/pathing/install.log --single-version-externally-managed
