[2.376s] Invoking command in '/home/april/mobilerobotics_ws/src/pathing': PYTHONPATH=/home/april/mobilerobotics_ws/build/pathing/prefix_override:/home/april/mobilerobotics_ws/install/pathing/lib/python3.8/site-packages:${PYTHONPATH} /usr/bin/python3 setup.py egg_info --egg-base ../../build/pathing build --build-base /home/april/mobilerobotics_ws/build/pathing/build install --record /home/april/mobilerobotics_ws/build/pathing/install.log --single-version-externally-managed
[2.860s] running egg_info
[2.862s] writing ../../build/pathing/pathing.egg-info/PKG-INFO
[2.863s] writing dependency_links to ../../build/pathing/pathing.egg-info/dependency_links.txt
[2.865s] writing entry points to ../../build/pathing/pathing.egg-info/entry_points.txt
[2.866s] writing requirements to ../../build/pathing/pathing.egg-info/requires.txt
[2.867s] writing top-level names to ../../build/pathing/pathing.egg-info/top_level.txt
[2.928s] reading manifest file '../../build/pathing/pathing.egg-info/SOURCES.txt'
[2.930s] writing manifest file '../../build/pathing/pathing.egg-info/SOURCES.txt'
[2.931s] running build
[2.931s] running build_py
[2.931s] copying pathing/better_soccer.py -> /home/april/mobilerobotics_ws/build/pathing/build/lib/pathing
[2.931s] running install
[2.933s] running install_lib
[2.933s] copying /home/april/mobilerobotics_ws/build/pathing/build/lib/pathing/better_soccer.py -> /home/april/mobilerobotics_ws/install/pathing/lib/python3.8/site-packages/pathing
[2.934s] byte-compiling /home/april/mobilerobotics_ws/install/pathing/lib/python3.8/site-packages/pathing/better_soccer.py to better_soccer.cpython-38.pyc
[2.938s] running install_data
[2.940s] running install_egg_info
[2.944s] removing '/home/april/mobilerobotics_ws/install/pathing/lib/python3.8/site-packages/pathing-0.0.0-py3.8.egg-info' (and everything under it)
[2.947s] Copying ../../build/pathing/pathing.egg-info to /home/april/mobilerobotics_ws/install/pathing/lib/python3.8/site-packages/pathing-0.0.0-py3.8.egg-info
[2.951s] running install_scripts
[2.991s] Installing planner script to /home/april/mobilerobotics_ws/install/pathing/lib/pathing
[2.991s] writing list of installed files to '/home/april/mobilerobotics_ws/build/pathing/install.log'
[3.076s] Invoked command in '/home/april/mobilerobotics_ws/src/pathing' returned '0': PYTHONPATH=/home/april/mobilerobotics_ws/build/pathing/prefix_override:/home/april/mobilerobotics_ws/install/pathing/lib/python3.8/site-packages:${PYTHONPATH} /usr/bin/python3 setup.py egg_info --egg-base ../../build/pathing build --build-base /home/april/mobilerobotics_ws/build/pathing/build install --record /home/april/mobilerobotics_ws/build/pathing/install.log --single-version-externally-managed
