[0.716s] Invoking command in '/home/april/mobilerobotics_ws/build/aruco_opencv_msgs': CMAKE_PREFIX_PATH=${CMAKE_PREFIX_PATH}:/opt/ros/foxy:/home/april/mobilerobotics_ws/install/pathing /usr/bin/cmake --build /home/april/mobilerobotics_ws/build/aruco_opencv_msgs -- -j2 -l2
[0.845s] [  2%] Built target aruco_opencv_msgs__cpp
[0.899s] [ 12%] Built target aruco_opencv_msgs__rosidl_generator_c
[0.899s] [ 23%] Built target aruco_opencv_msgs__rosidl_typesupport_introspection_cpp
[0.968s] [ 34%] Built target aruco_opencv_msgs__rosidl_typesupport_cpp
[1.014s] [ 44%] Built target aruco_opencv_msgs__rosidl_typesupport_fastrtps_cpp
[1.064s] [ 55%] Built target aruco_opencv_msgs__rosidl_typesupport_c
[1.085s] [ 65%] Built target aruco_opencv_msgs__rosidl_typesupport_introspection_c
[1.131s] [ 76%] Built target aruco_opencv_msgs__rosidl_typesupport_fastrtps_c
[1.175s] [ 76%] Built target aruco_opencv_msgs
[1.215s] [ 78%] Built target aruco_opencv_msgs__py
[1.266s] [ 87%] Built target aruco_opencv_msgs__python
[1.330s] [ 91%] Built target aruco_opencv_msgs__rosidl_typesupport_c__pyext
[1.380s] [ 95%] Built target aruco_opencv_msgs__rosidl_typesupport_introspection_c__pyext
[1.388s] [100%] Built target aruco_opencv_msgs__rosidl_typesupport_fastrtps_c__pyext
[1.743s] Invoked command in '/home/april/mobilerobotics_ws/build/aruco_opencv_msgs' returned '0': CMAKE_PREFIX_PATH=${CMAKE_PREFIX_PATH}:/opt/ros/foxy:/home/april/mobilerobotics_ws/install/pathing /usr/bin/cmake --build /home/april/mobilerobotics_ws/build/aruco_opencv_msgs -- -j2 -l2
[2.063s] Invoking command in '/home/april/mobilerobotics_ws/build/aruco_opencv_msgs': CMAKE_PREFIX_PATH=${CMAKE_PREFIX_PATH}:/opt/ros/foxy:/home/april/mobilerobotics_ws/install/pathing /usr/bin/cmake --install /home/april/mobilerobotics_ws/build/aruco_opencv_msgs
[2.085s] -- Install configuration: ""
[2.086s] -- Up-to-date: /home/april/mobilerobotics_ws/install/aruco_opencv_msgs/share/ament_index/resource_index/rosidl_interfaces/aruco_opencv_msgs
[2.086s] -- Up-to-date: /home/april/mobilerobotics_ws/install/aruco_opencv_msgs/include/aruco_opencv_msgs
[2.087s] -- Up-to-date: /home/april/mobilerobotics_ws/install/aruco_opencv_msgs/include/aruco_opencv_msgs/msg
[2.087s] -- Up-to-date: /home/april/mobilerobotics_ws/install/aruco_opencv_msgs/include/aruco_opencv_msgs/msg/rosidl_generator_c__visibility_control.h
[2.087s] -- Up-to-date: /home/april/mobilerobotics_ws/install/aruco_opencv_msgs/include/aruco_opencv_msgs/msg/detail
[2.088s] -- Up-to-date: /home/april/mobilerobotics_ws/install/aruco_opencv_msgs/include/aruco_opencv_msgs/msg/detail/aruco_detection__struct.h
[2.088s] -- Up-to-date: /home/april/mobilerobotics_ws/install/aruco_opencv_msgs/include/aruco_opencv_msgs/msg/detail/aruco_detection__functions.h
[2.089s] -- Up-to-date: /home/april/mobilerobotics_ws/install/aruco_opencv_msgs/include/aruco_opencv_msgs/msg/detail/board_pose__functions.h
[2.089s] -- Up-to-date: /home/april/mobilerobotics_ws/install/aruco_opencv_msgs/include/aruco_opencv_msgs/msg/detail/board_pose__functions.c
[2.089s] -- Up-to-date: /home/april/mobilerobotics_ws/install/aruco_opencv_msgs/include/aruco_opencv_msgs/msg/detail/marker_pose__struct.h
[2.091s] -- Up-to-date: /home/april/mobilerobotics_ws/install/aruco_opencv_msgs/include/aruco_opencv_msgs/msg/detail/marker_pose__functions.h
[2.091s] -- Up-to-date: /home/april/mobilerobotics_ws/install/aruco_opencv_msgs/include/aruco_opencv_msgs/msg/detail/board_pose__type_support.h
[2.092s] -- Up-to-date: /home/april/mobilerobotics_ws/install/aruco_opencv_msgs/include/aruco_opencv_msgs/msg/detail/marker_pose__type_support.h
[2.092s] -- Up-to-date: /home/april/mobilerobotics_ws/install/aruco_opencv_msgs/include/aruco_opencv_msgs/msg/detail/marker_pose__functions.c
[2.096s] -- Up-to-date: /home/april/mobilerobotics_ws/install/aruco_opencv_msgs/include/aruco_opencv_msgs/msg/detail/board_pose__struct.h
[2.098s] -- Up-to-date: /home/april/mobilerobotics_ws/install/aruco_opencv_msgs/include/aruco_opencv_msgs/msg/detail/aruco_detection__functions.c
[2.098s] -- Up-to-date: /home/april/mobilerobotics_ws/install/aruco_opencv_msgs/include/aruco_opencv_msgs/msg/detail/aruco_detection__type_support.h
[2.098s] -- Up-to-date: /home/april/mobilerobotics_ws/install/aruco_opencv_msgs/include/aruco_opencv_msgs/msg/aruco_detection.h
[2.099s] -- Up-to-date: /home/april/mobilerobotics_ws/install/aruco_opencv_msgs/include/aruco_opencv_msgs/msg/marker_pose.h
[2.099s] -- Up-to-date: /home/april/mobilerobotics_ws/install/aruco_opencv_msgs/include/aruco_opencv_msgs/msg/board_pose.h
[2.107s] -- Up-to-date: /home/april/mobilerobotics_ws/install/aruco_opencv_msgs/share/aruco_opencv_msgs/environment/library_path.sh
[2.107s] -- Up-to-date: /home/april/mobilerobotics_ws/install/aruco_opencv_msgs/share/aruco_opencv_msgs/environment/library_path.dsv
[2.107s] -- Up-to-date: /home/april/mobilerobotics_ws/install/aruco_opencv_msgs/lib/libaruco_opencv_msgs__rosidl_generator_c.so
[2.108s] -- Up-to-date: /home/april/mobilerobotics_ws/install/aruco_opencv_msgs/include/aruco_opencv_msgs
[2.108s] -- Up-to-date: /home/april/mobilerobotics_ws/install/aruco_opencv_msgs/include/aruco_opencv_msgs/msg
[2.108s] -- Up-to-date: /home/april/mobilerobotics_ws/install/aruco_opencv_msgs/include/aruco_opencv_msgs/msg/detail
[2.109s] -- Up-to-date: /home/april/mobilerobotics_ws/install/aruco_opencv_msgs/include/aruco_opencv_msgs/msg/detail/aruco_detection__rosidl_typesupport_fastrtps_c.h
[2.109s] -- Up-to-date: /home/april/mobilerobotics_ws/install/aruco_opencv_msgs/include/aruco_opencv_msgs/msg/detail/board_pose__rosidl_typesupport_fastrtps_c.h
[2.109s] -- Up-to-date: /home/april/mobilerobotics_ws/install/aruco_opencv_msgs/include/aruco_opencv_msgs/msg/detail/marker_pose__rosidl_typesupport_fastrtps_c.h
[2.110s] -- Up-to-date: /home/april/mobilerobotics_ws/install/aruco_opencv_msgs/include/aruco_opencv_msgs/msg/rosidl_typesupport_fastrtps_c__visibility_control.h
[2.110s] -- Up-to-date: /home/april/mobilerobotics_ws/install/aruco_opencv_msgs/lib/libaruco_opencv_msgs__rosidl_typesupport_fastrtps_c.so
[2.110s] -- Up-to-date: /home/april/mobilerobotics_ws/install/aruco_opencv_msgs/include/aruco_opencv_msgs
[2.110s] -- Up-to-date: /home/april/mobilerobotics_ws/install/aruco_opencv_msgs/include/aruco_opencv_msgs/msg
[2.111s] -- Up-to-date: /home/april/mobilerobotics_ws/install/aruco_opencv_msgs/include/aruco_opencv_msgs/msg/rosidl_typesupport_fastrtps_cpp__visibility_control.h
[2.111s] -- Up-to-date: /home/april/mobilerobotics_ws/install/aruco_opencv_msgs/include/aruco_opencv_msgs/msg/detail
[2.111s] -- Up-to-date: /home/april/mobilerobotics_ws/install/aruco_opencv_msgs/include/aruco_opencv_msgs/msg/detail/board_pose__rosidl_typesupport_fastrtps_cpp.hpp
[2.112s] -- Up-to-date: /home/april/mobilerobotics_ws/install/aruco_opencv_msgs/include/aruco_opencv_msgs/msg/detail/dds_fastrtps
[2.112s] -- Up-to-date: /home/april/mobilerobotics_ws/install/aruco_opencv_msgs/include/aruco_opencv_msgs/msg/detail/aruco_detection__rosidl_typesupport_fastrtps_cpp.hpp
[2.112s] -- Up-to-date: /home/april/mobilerobotics_ws/install/aruco_opencv_msgs/include/aruco_opencv_msgs/msg/detail/marker_pose__rosidl_typesupport_fastrtps_cpp.hpp
[2.113s] -- Up-to-date: /home/april/mobilerobotics_ws/install/aruco_opencv_msgs/lib/libaruco_opencv_msgs__rosidl_typesupport_fastrtps_cpp.so
[2.113s] -- Up-to-date: /home/april/mobilerobotics_ws/install/aruco_opencv_msgs/include/aruco_opencv_msgs
[2.113s] -- Up-to-date: /home/april/mobilerobotics_ws/install/aruco_opencv_msgs/include/aruco_opencv_msgs/msg
[2.114s] -- Up-to-date: /home/april/mobilerobotics_ws/install/aruco_opencv_msgs/include/aruco_opencv_msgs/msg/detail
[2.114s] -- Up-to-date: /home/april/mobilerobotics_ws/install/aruco_opencv_msgs/include/aruco_opencv_msgs/msg/detail/marker_pose__rosidl_typesupport_introspection_c.h
[2.114s] -- Up-to-date: /home/april/mobilerobotics_ws/install/aruco_opencv_msgs/include/aruco_opencv_msgs/msg/detail/board_pose__rosidl_typesupport_introspection_c.h
[2.114s] -- Up-to-date: /home/april/mobilerobotics_ws/install/aruco_opencv_msgs/include/aruco_opencv_msgs/msg/detail/aruco_detection__rosidl_typesupport_introspection_c.h
[2.123s] -- Up-to-date: /home/april/mobilerobotics_ws/install/aruco_opencv_msgs/include/aruco_opencv_msgs/msg/detail/aruco_detection__type_support.c
[2.123s] -- Up-to-date: /home/april/mobilerobotics_ws/install/aruco_opencv_msgs/include/aruco_opencv_msgs/msg/detail/marker_pose__type_support.c
[2.123s] -- Up-to-date: /home/april/mobilerobotics_ws/install/aruco_opencv_msgs/include/aruco_opencv_msgs/msg/detail/board_pose__type_support.c
[2.123s] -- Up-to-date: /home/april/mobilerobotics_ws/install/aruco_opencv_msgs/include/aruco_opencv_msgs/msg/rosidl_typesupport_introspection_c__visibility_control.h
[2.124s] -- Up-to-date: /home/april/mobilerobotics_ws/install/aruco_opencv_msgs/lib/libaruco_opencv_msgs__rosidl_typesupport_introspection_c.so
[2.124s] -- Up-to-date: /home/april/mobilerobotics_ws/install/aruco_opencv_msgs/lib/libaruco_opencv_msgs__rosidl_typesupport_c.so
[2.124s] -- Up-to-date: /home/april/mobilerobotics_ws/install/aruco_opencv_msgs/include/aruco_opencv_msgs
[2.124s] -- Up-to-date: /home/april/mobilerobotics_ws/install/aruco_opencv_msgs/include/aruco_opencv_msgs/msg
[2.124s] -- Up-to-date: /home/april/mobilerobotics_ws/install/aruco_opencv_msgs/include/aruco_opencv_msgs/msg/detail
[2.124s] -- Up-to-date: /home/april/mobilerobotics_ws/install/aruco_opencv_msgs/include/aruco_opencv_msgs/msg/detail/board_pose__traits.hpp
[2.125s] -- Up-to-date: /home/april/mobilerobotics_ws/install/aruco_opencv_msgs/include/aruco_opencv_msgs/msg/detail/board_pose__type_support.hpp
[2.125s] -- Up-to-date: /home/april/mobilerobotics_ws/install/aruco_opencv_msgs/include/aruco_opencv_msgs/msg/detail/aruco_detection__builder.hpp
[2.125s] -- Up-to-date: /home/april/mobilerobotics_ws/install/aruco_opencv_msgs/include/aruco_opencv_msgs/msg/detail/aruco_detection__type_support.hpp
[2.125s] -- Up-to-date: /home/april/mobilerobotics_ws/install/aruco_opencv_msgs/include/aruco_opencv_msgs/msg/detail/marker_pose__traits.hpp
[2.125s] -- Up-to-date: /home/april/mobilerobotics_ws/install/aruco_opencv_msgs/include/aruco_opencv_msgs/msg/detail/board_pose__builder.hpp
[2.125s] -- Up-to-date: /home/april/mobilerobotics_ws/install/aruco_opencv_msgs/include/aruco_opencv_msgs/msg/detail/marker_pose__builder.hpp
[2.125s] -- Up-to-date: /home/april/mobilerobotics_ws/install/aruco_opencv_msgs/include/aruco_opencv_msgs/msg/detail/marker_pose__struct.hpp
[2.126s] -- Up-to-date: /home/april/mobilerobotics_ws/install/aruco_opencv_msgs/include/aruco_opencv_msgs/msg/detail/board_pose__struct.hpp
[2.126s] -- Up-to-date: /home/april/mobilerobotics_ws/install/aruco_opencv_msgs/include/aruco_opencv_msgs/msg/detail/aruco_detection__traits.hpp
[2.126s] -- Up-to-date: /home/april/mobilerobotics_ws/install/aruco_opencv_msgs/include/aruco_opencv_msgs/msg/detail/aruco_detection__struct.hpp
[2.126s] -- Up-to-date: /home/april/mobilerobotics_ws/install/aruco_opencv_msgs/include/aruco_opencv_msgs/msg/detail/marker_pose__type_support.hpp
[2.126s] -- Up-to-date: /home/april/mobilerobotics_ws/install/aruco_opencv_msgs/include/aruco_opencv_msgs/msg/aruco_detection.hpp
[2.126s] -- Up-to-date: /home/april/mobilerobotics_ws/install/aruco_opencv_msgs/include/aruco_opencv_msgs/msg/rosidl_generator_cpp__visibility_control.hpp
[2.127s] -- Up-to-date: /home/april/mobilerobotics_ws/install/aruco_opencv_msgs/include/aruco_opencv_msgs/msg/board_pose.hpp
[2.127s] -- Up-to-date: /home/april/mobilerobotics_ws/install/aruco_opencv_msgs/include/aruco_opencv_msgs/msg/marker_pose.hpp
[2.127s] -- Up-to-date: /home/april/mobilerobotics_ws/install/aruco_opencv_msgs/include/aruco_opencv_msgs
[2.127s] -- Up-to-date: /home/april/mobilerobotics_ws/install/aruco_opencv_msgs/include/aruco_opencv_msgs/msg
[2.127s] -- Up-to-date: /home/april/mobilerobotics_ws/install/aruco_opencv_msgs/include/aruco_opencv_msgs/msg/detail
[2.127s] -- Up-to-date: /home/april/mobilerobotics_ws/install/aruco_opencv_msgs/include/aruco_opencv_msgs/msg/detail/aruco_detection__rosidl_typesupport_introspection_cpp.hpp
[2.128s] -- Up-to-date: /home/april/mobilerobotics_ws/install/aruco_opencv_msgs/include/aruco_opencv_msgs/msg/detail/marker_pose__rosidl_typesupport_introspection_cpp.hpp
[2.128s] -- Up-to-date: /home/april/mobilerobotics_ws/install/aruco_opencv_msgs/include/aruco_opencv_msgs/msg/detail/board_pose__rosidl_typesupport_introspection_cpp.hpp
[2.128s] -- Up-to-date: /home/april/mobilerobotics_ws/install/aruco_opencv_msgs/include/aruco_opencv_msgs/msg/detail/aruco_detection__type_support.cpp
[2.128s] -- Up-to-date: /home/april/mobilerobotics_ws/install/aruco_opencv_msgs/include/aruco_opencv_msgs/msg/detail/marker_pose__type_support.cpp
[2.128s] -- Up-to-date: /home/april/mobilerobotics_ws/install/aruco_opencv_msgs/include/aruco_opencv_msgs/msg/detail/board_pose__type_support.cpp
[2.128s] -- Up-to-date: /home/april/mobilerobotics_ws/install/aruco_opencv_msgs/lib/libaruco_opencv_msgs__rosidl_typesupport_introspection_cpp.so
[2.128s] -- Up-to-date: /home/april/mobilerobotics_ws/install/aruco_opencv_msgs/lib/libaruco_opencv_msgs__rosidl_typesupport_cpp.so
[2.129s] -- Up-to-date: /home/april/mobilerobotics_ws/install/aruco_opencv_msgs/share/aruco_opencv_msgs/environment/pythonpath.sh
[2.129s] -- Up-to-date: /home/april/mobilerobotics_ws/install/aruco_opencv_msgs/share/aruco_opencv_msgs/environment/pythonpath.dsv
[2.129s] -- Up-to-date: /home/april/mobilerobotics_ws/install/aruco_opencv_msgs/lib/python3.8/site-packages/aruco_opencv_msgs/__init__.py
[2.187s] -- Up-to-date: /home/april/mobilerobotics_ws/install/aruco_opencv_msgs/lib/python3.8/site-packages/aruco_opencv_msgs/msg
[2.188s] -- Up-to-date: /home/april/mobilerobotics_ws/install/aruco_opencv_msgs/lib/python3.8/site-packages/aruco_opencv_msgs/msg/_marker_pose.py
[2.188s] -- Up-to-date: /home/april/mobilerobotics_ws/install/aruco_opencv_msgs/lib/python3.8/site-packages/aruco_opencv_msgs/msg/_aruco_detection.py
[2.188s] -- Up-to-date: /home/april/mobilerobotics_ws/install/aruco_opencv_msgs/lib/python3.8/site-packages/aruco_opencv_msgs/msg/_board_pose_s.c
[2.188s] -- Up-to-date: /home/april/mobilerobotics_ws/install/aruco_opencv_msgs/lib/python3.8/site-packages/aruco_opencv_msgs/msg/__init__.py
[2.188s] -- Up-to-date: /home/april/mobilerobotics_ws/install/aruco_opencv_msgs/lib/python3.8/site-packages/aruco_opencv_msgs/msg/_aruco_detection_s.c
[2.189s] -- Up-to-date: /home/april/mobilerobotics_ws/install/aruco_opencv_msgs/lib/python3.8/site-packages/aruco_opencv_msgs/msg/_board_pose.py
[2.189s] -- Up-to-date: /home/april/mobilerobotics_ws/install/aruco_opencv_msgs/lib/python3.8/site-packages/aruco_opencv_msgs/msg/_marker_pose_s.c
[2.189s] -- Up-to-date: /home/april/mobilerobotics_ws/install/aruco_opencv_msgs/lib/python3.8/site-packages/aruco_opencv_msgs/aruco_opencv_msgs_s__rosidl_typesupport_fastrtps_c.cpython-38-x86_64-linux-gnu.so
[2.189s] -- Up-to-date: /home/april/mobilerobotics_ws/install/aruco_opencv_msgs/lib/python3.8/site-packages/aruco_opencv_msgs/aruco_opencv_msgs_s__rosidl_typesupport_introspection_c.cpython-38-x86_64-linux-gnu.so
[2.190s] -- Up-to-date: /home/april/mobilerobotics_ws/install/aruco_opencv_msgs/lib/python3.8/site-packages/aruco_opencv_msgs/aruco_opencv_msgs_s__rosidl_typesupport_c.cpython-38-x86_64-linux-gnu.so
[2.190s] -- Up-to-date: /home/april/mobilerobotics_ws/install/aruco_opencv_msgs/lib/libaruco_opencv_msgs__python.so
[2.190s] -- Up-to-date: /home/april/mobilerobotics_ws/install/aruco_opencv_msgs/share/aruco_opencv_msgs/msg/ArucoDetection.idl
[2.190s] -- Up-to-date: /home/april/mobilerobotics_ws/install/aruco_opencv_msgs/share/aruco_opencv_msgs/msg/BoardPose.idl
[2.191s] -- Up-to-date: /home/april/mobilerobotics_ws/install/aruco_opencv_msgs/share/aruco_opencv_msgs/msg/MarkerPose.idl
[2.191s] -- Up-to-date: /home/april/mobilerobotics_ws/install/aruco_opencv_msgs/share/aruco_opencv_msgs/msg/ArucoDetection.msg
[2.191s] -- Up-to-date: /home/april/mobilerobotics_ws/install/aruco_opencv_msgs/share/aruco_opencv_msgs/msg/BoardPose.msg
[2.191s] -- Up-to-date: /home/april/mobilerobotics_ws/install/aruco_opencv_msgs/share/aruco_opencv_msgs/msg/MarkerPose.msg
[2.191s] -- Up-to-date: /home/april/mobilerobotics_ws/install/aruco_opencv_msgs/share/ament_index/resource_index/package_run_dependencies/aruco_opencv_msgs
[2.197s] -- Up-to-date: /home/april/mobilerobotics_ws/install/aruco_opencv_msgs/share/ament_index/resource_index/parent_prefix_path/aruco_opencv_msgs
[2.197s] -- Up-to-date: /home/april/mobilerobotics_ws/install/aruco_opencv_msgs/share/aruco_opencv_msgs/environment/ament_prefix_path.sh
[2.197s] -- Up-to-date: /home/april/mobilerobotics_ws/install/aruco_opencv_msgs/share/aruco_opencv_msgs/environment/ament_prefix_path.dsv
[2.198s] -- Up-to-date: /home/april/mobilerobotics_ws/install/aruco_opencv_msgs/share/aruco_opencv_msgs/environment/path.sh
[2.198s] -- Up-to-date: /home/april/mobilerobotics_ws/install/aruco_opencv_msgs/share/aruco_opencv_msgs/environment/path.dsv
[2.198s] -- Up-to-date: /home/april/mobilerobotics_ws/install/aruco_opencv_msgs/share/aruco_opencv_msgs/local_setup.bash
[2.199s] -- Up-to-date: /home/april/mobilerobotics_ws/install/aruco_opencv_msgs/share/aruco_opencv_msgs/local_setup.sh
[2.200s] -- Up-to-date: /home/april/mobilerobotics_ws/install/aruco_opencv_msgs/share/aruco_opencv_msgs/local_setup.zsh
[2.200s] -- Up-to-date: /home/april/mobilerobotics_ws/install/aruco_opencv_msgs/share/aruco_opencv_msgs/local_setup.dsv
[2.200s] -- Installing: /home/april/mobilerobotics_ws/install/aruco_opencv_msgs/share/aruco_opencv_msgs/package.dsv
[2.201s] -- Up-to-date: /home/april/mobilerobotics_ws/install/aruco_opencv_msgs/share/ament_index/resource_index/packages/aruco_opencv_msgs
[2.202s] -- Up-to-date: /home/april/mobilerobotics_ws/install/aruco_opencv_msgs/share/aruco_opencv_msgs/cmake/aruco_opencv_msgs__rosidl_generator_cExport.cmake
[2.203s] -- Up-to-date: /home/april/mobilerobotics_ws/install/aruco_opencv_msgs/share/aruco_opencv_msgs/cmake/aruco_opencv_msgs__rosidl_generator_cExport-noconfig.cmake
[2.203s] -- Up-to-date: /home/april/mobilerobotics_ws/install/aruco_opencv_msgs/share/aruco_opencv_msgs/cmake/aruco_opencv_msgs__rosidl_typesupport_introspection_cExport.cmake
[2.203s] -- Up-to-date: /home/april/mobilerobotics_ws/install/aruco_opencv_msgs/share/aruco_opencv_msgs/cmake/aruco_opencv_msgs__rosidl_typesupport_introspection_cExport-noconfig.cmake
[2.204s] -- Up-to-date: /home/april/mobilerobotics_ws/install/aruco_opencv_msgs/share/aruco_opencv_msgs/cmake/aruco_opencv_msgs__rosidl_typesupport_cExport.cmake
[2.204s] -- Up-to-date: /home/april/mobilerobotics_ws/install/aruco_opencv_msgs/share/aruco_opencv_msgs/cmake/aruco_opencv_msgs__rosidl_typesupport_cExport-noconfig.cmake
[2.205s] -- Up-to-date: /home/april/mobilerobotics_ws/install/aruco_opencv_msgs/share/aruco_opencv_msgs/cmake/aruco_opencv_msgs__rosidl_generator_cppExport.cmake
[2.206s] -- Up-to-date: /home/april/mobilerobotics_ws/install/aruco_opencv_msgs/share/aruco_opencv_msgs/cmake/aruco_opencv_msgs__rosidl_typesupport_introspection_cppExport.cmake
[2.206s] -- Up-to-date: /home/april/mobilerobotics_ws/install/aruco_opencv_msgs/share/aruco_opencv_msgs/cmake/aruco_opencv_msgs__rosidl_typesupport_introspection_cppExport-noconfig.cmake
[2.206s] -- Up-to-date: /home/april/mobilerobotics_ws/install/aruco_opencv_msgs/share/aruco_opencv_msgs/cmake/aruco_opencv_msgs__rosidl_typesupport_cppExport.cmake
[2.206s] -- Up-to-date: /home/april/mobilerobotics_ws/install/aruco_opencv_msgs/share/aruco_opencv_msgs/cmake/aruco_opencv_msgs__rosidl_typesupport_cppExport-noconfig.cmake
[2.206s] -- Up-to-date: /home/april/mobilerobotics_ws/install/aruco_opencv_msgs/share/aruco_opencv_msgs/cmake/rosidl_cmake-extras.cmake
[2.206s] -- Up-to-date: /home/april/mobilerobotics_ws/install/aruco_opencv_msgs/share/aruco_opencv_msgs/cmake/ament_cmake_export_dependencies-extras.cmake
[2.207s] -- Up-to-date: /home/april/mobilerobotics_ws/install/aruco_opencv_msgs/share/aruco_opencv_msgs/cmake/ament_cmake_export_libraries-extras.cmake
[2.207s] -- Up-to-date: /home/april/mobilerobotics_ws/install/aruco_opencv_msgs/share/aruco_opencv_msgs/cmake/ament_cmake_export_targets-extras.cmake
[2.216s] -- Up-to-date: /home/april/mobilerobotics_ws/install/aruco_opencv_msgs/share/aruco_opencv_msgs/cmake/ament_cmake_export_include_directories-extras.cmake
[2.216s] -- Up-to-date: /home/april/mobilerobotics_ws/install/aruco_opencv_msgs/share/aruco_opencv_msgs/cmake/rosidl_cmake_export_typesupport_libraries-extras.cmake
[2.217s] -- Up-to-date: /home/april/mobilerobotics_ws/install/aruco_opencv_msgs/share/aruco_opencv_msgs/cmake/rosidl_cmake_export_typesupport_targets-extras.cmake
[2.217s] -- Up-to-date: /home/april/mobilerobotics_ws/install/aruco_opencv_msgs/share/aruco_opencv_msgs/cmake/aruco_opencv_msgsConfig.cmake
[2.218s] -- Up-to-date: /home/april/mobilerobotics_ws/install/aruco_opencv_msgs/share/aruco_opencv_msgs/cmake/aruco_opencv_msgsConfig-version.cmake
[2.219s] -- Up-to-date: /home/april/mobilerobotics_ws/install/aruco_opencv_msgs/share/aruco_opencv_msgs/package.xml
[2.221s] Invoked command in '/home/april/mobilerobotics_ws/build/aruco_opencv_msgs' returned '0': CMAKE_PREFIX_PATH=${CMAKE_PREFIX_PATH}:/opt/ros/foxy:/home/april/mobilerobotics_ws/install/pathing /usr/bin/cmake --install /home/april/mobilerobotics_ws/build/aruco_opencv_msgs
