[4.257s] Invoking command in '/home/april/mobilerobotics_ws/src/pathing': PYTHONPATH=/home/april/mobilerobotics_ws/build/pathing/prefix_override:/home/april/mobilerobotics_ws/install/pathing/lib/python3.8/site-packages:${PYTHONPATH} /usr/bin/python3 setup.py egg_info --egg-base ../../build/pathing build --build-base /home/april/mobilerobotics_ws/build/pathing/build install --record /home/april/mobilerobotics_ws/build/pathing/install.log --single-version-externally-managed
[5.125s] running egg_info
[5.126s] writing ../../build/pathing/pathing.egg-info/PKG-INFO
[5.127s] writing dependency_links to ../../build/pathing/pathing.egg-info/dependency_links.txt
[5.127s] writing entry points to ../../build/pathing/pathing.egg-info/entry_points.txt
[5.128s] writing requirements to ../../build/pathing/pathing.egg-info/requires.txt
[5.128s] writing top-level names to ../../build/pathing/pathing.egg-info/top_level.txt
[5.219s] reading manifest file '../../build/pathing/pathing.egg-info/SOURCES.txt'
[5.223s] writing manifest file '../../build/pathing/pathing.egg-info/SOURCES.txt'
[5.224s] running build
[5.224s] running build_py
[5.225s] copying pathing/better_soccer.py -> /home/april/mobilerobotics_ws/build/pathing/build/lib/pathing
[5.227s] running install
[5.230s] running install_lib
[5.234s] copying /home/april/mobilerobotics_ws/build/pathing/build/lib/pathing/better_soccer.py -> /home/april/mobilerobotics_ws/install/pathing/lib/python3.8/site-packages/pathing
[5.238s] byte-compiling /home/april/mobilerobotics_ws/install/pathing/lib/python3.8/site-packages/pathing/better_soccer.py to better_soccer.cpython-38.pyc
[5.248s] running install_data
[5.250s] running install_egg_info
[5.255s] removing '/home/april/mobilerobotics_ws/install/pathing/lib/python3.8/site-packages/pathing-0.0.0-py3.8.egg-info' (and everything under it)
[5.255s] Copying ../../build/pathing/pathing.egg-info to /home/april/mobilerobotics_ws/install/pathing/lib/python3.8/site-packages/pathing-0.0.0-py3.8.egg-info
[5.261s] running install_scripts
[5.286s] Installing planner script to /home/april/mobilerobotics_ws/install/pathing/lib/pathing
[5.287s] writing list of installed files to '/home/april/mobilerobotics_ws/build/pathing/install.log'
[5.560s] Invoked command in '/home/april/mobilerobotics_ws/src/pathing' returned '0': PYTHONPATH=/home/april/mobilerobotics_ws/build/pathing/prefix_override:/home/april/mobilerobotics_ws/install/pathing/lib/python3.8/site-packages:${PYTHONPATH} /usr/bin/python3 setup.py egg_info --egg-base ../../build/pathing build --build-base /home/april/mobilerobotics_ws/build/pathing/build install --record /home/april/mobilerobotics_ws/build/pathing/install.log --single-version-externally-managed
