[2.636s] Invoking command in '/home/april/mobilerobotics_ws/src/pathing': PYTHONPATH=/home/april/mobilerobotics_ws/build/pathing/prefix_override:/home/april/mobilerobotics_ws/install/pathing/lib/python3.8/site-packages:${PYTHONPATH} /usr/bin/python3 setup.py egg_info --egg-base ../../build/pathing build --build-base /home/april/mobilerobotics_ws/build/pathing/build install --record /home/april/mobilerobotics_ws/build/pathing/install.log --single-version-externally-managed
[3.062s] running egg_info
[3.063s] writing ../../build/pathing/pathing.egg-info/PKG-INFO
[3.067s] writing dependency_links to ../../build/pathing/pathing.egg-info/dependency_links.txt
[3.068s] writing entry points to ../../build/pathing/pathing.egg-info/entry_points.txt
[3.068s] writing requirements to ../../build/pathing/pathing.egg-info/requires.txt
[3.069s] writing top-level names to ../../build/pathing/pathing.egg-info/top_level.txt
[3.127s] reading manifest file '../../build/pathing/pathing.egg-info/SOURCES.txt'
[3.130s] writing manifest file '../../build/pathing/pathing.egg-info/SOURCES.txt'
[3.130s] running build
[3.131s] running build_py
[3.134s] copying pathing/better_soccer.py -> /home/april/mobilerobotics_ws/build/pathing/build/lib/pathing
[3.136s] running install
[3.138s] running install_lib
[3.142s] copying /home/april/mobilerobotics_ws/build/pathing/build/lib/pathing/better_soccer.py -> /home/april/mobilerobotics_ws/install/pathing/lib/python3.8/site-packages/pathing
[3.142s] byte-compiling /home/april/mobilerobotics_ws/install/pathing/lib/python3.8/site-packages/pathing/better_soccer.py to better_soccer.cpython-38.pyc
[3.154s] running install_data
[3.156s] running install_egg_info
[3.167s] removing '/home/april/mobilerobotics_ws/install/pathing/lib/python3.8/site-packages/pathing-0.0.0-py3.8.egg-info' (and everything under it)
[3.167s] Copying ../../build/pathing/pathing.egg-info to /home/april/mobilerobotics_ws/install/pathing/lib/python3.8/site-packages/pathing-0.0.0-py3.8.egg-info
[3.168s] running install_scripts
[3.216s] Installing planner script to /home/april/mobilerobotics_ws/install/pathing/lib/pathing
[3.217s] writing list of installed files to '/home/april/mobilerobotics_ws/build/pathing/install.log'
[3.415s] Invoked command in '/home/april/mobilerobotics_ws/src/pathing' returned '0': PYTHONPATH=/home/april/mobilerobotics_ws/build/pathing/prefix_override:/home/april/mobilerobotics_ws/install/pathing/lib/python3.8/site-packages:${PYTHONPATH} /usr/bin/python3 setup.py egg_info --egg-base ../../build/pathing build --build-base /home/april/mobilerobotics_ws/build/pathing/build install --record /home/april/mobilerobotics_ws/build/pathing/install.log --single-version-externally-managed
