[4.077s] Invoking command in '/home/april/mobilerobotics_ws/src/pathing': PYTHONPATH=/home/april/mobilerobotics_ws/build/pathing/prefix_override:/home/april/mobilerobotics_ws/install/pathing/lib/python3.8/site-packages:${PYTHONPATH} /usr/bin/python3 setup.py egg_info --egg-base ../../build/pathing build --build-base /home/april/mobilerobotics_ws/build/pathing/build install --record /home/april/mobilerobotics_ws/build/pathing/install.log --single-version-externally-managed
[4.971s] running egg_info
[4.973s] writing ../../build/pathing/pathing.egg-info/PKG-INFO
[4.974s] writing dependency_links to ../../build/pathing/pathing.egg-info/dependency_links.txt
[4.977s] writing entry points to ../../build/pathing/pathing.egg-info/entry_points.txt
[4.977s] writing requirements to ../../build/pathing/pathing.egg-info/requires.txt
[4.977s] writing top-level names to ../../build/pathing/pathing.egg-info/top_level.txt
[5.071s] reading manifest file '../../build/pathing/pathing.egg-info/SOURCES.txt'
[5.083s] writing manifest file '../../build/pathing/pathing.egg-info/SOURCES.txt'
[5.085s] running build
[5.087s] running build_py
[5.087s] copying pathing/better_soccer.py -> /home/april/mobilerobotics_ws/build/pathing/build/lib/pathing
[5.089s] running install
[5.092s] running install_lib
[5.097s] copying /home/april/mobilerobotics_ws/build/pathing/build/lib/pathing/better_soccer.py -> /home/april/mobilerobotics_ws/install/pathing/lib/python3.8/site-packages/pathing
[5.099s] byte-compiling /home/april/mobilerobotics_ws/install/pathing/lib/python3.8/site-packages/pathing/better_soccer.py to better_soccer.cpython-38.pyc
[5.110s] running install_data
[5.111s] running install_egg_info
[5.116s] removing '/home/april/mobilerobotics_ws/install/pathing/lib/python3.8/site-packages/pathing-0.0.0-py3.8.egg-info' (and everything under it)
[5.118s] Copying ../../build/pathing/pathing.egg-info to /home/april/mobilerobotics_ws/install/pathing/lib/python3.8/site-packages/pathing-0.0.0-py3.8.egg-info
[5.120s] running install_scripts
[5.150s] Installing planner script to /home/april/mobilerobotics_ws/install/pathing/lib/pathing
[5.151s] writing list of installed files to '/home/april/mobilerobotics_ws/build/pathing/install.log'
[5.250s] Invoked command in '/home/april/mobilerobotics_ws/src/pathing' returned '0': PYTHONPATH=/home/april/mobilerobotics_ws/build/pathing/prefix_override:/home/april/mobilerobotics_ws/install/pathing/lib/python3.8/site-packages:${PYTHONPATH} /usr/bin/python3 setup.py egg_info --egg-base ../../build/pathing build --build-base /home/april/mobilerobotics_ws/build/pathing/build install --record /home/april/mobilerobotics_ws/build/pathing/install.log --single-version-externally-managed
