[5.943s] DEBUG:colcon:Command line arguments: ['/usr/bin/colcon', 'build']
[5.943s] DEBUG:colcon:Parsed command line arguments: Namespace(allow_overriding=[], ament_cmake_args=None, base_paths=['.'], build_base='build', catkin_cmake_args=None, catkin_skip_building_tests=False, cmake_args=None, cmake_clean_cache=False, cmake_clean_first=False, cmake_force_configure=False, cmake_target=None, cmake_target_skip_unavailable=False, continue_on_error=False, event_handlers=None, executor='parallel', ignore_user_meta=False, install_base='install', log_base=None, log_level=None, main=<bound method BuildVerb.main of <colcon_core.verb.build.BuildVerb object at 0x7f5c45299490>>, merge_install=False, metas=['./colcon.meta'], packages_above=None, packages_above_and_dependencies=None, packages_above_depth=None, packages_end=None, packages_ignore=None, packages_ignore_regex=None, packages_select=None, packages_select_build_failed=False, packages_select_by_dep=None, packages_select_regex=None, packages_select_test_failures=False, packages_skip=None, packages_skip_build_finished=False, packages_skip_by_dep=None, packages_skip_regex=None, packages_skip_test_passed=False, packages_skip_up_to=None, packages_start=None, packages_up_to=None, packages_up_to_regex=None, parallel_workers=2, paths=None, symlink_install=False, test_result_base=None, verb_extension=<colcon_core.verb.build.BuildVerb object at 0x7f5c45299490>, verb_name='build', verb_parser=<colcon_defaults.argument_parser.defaults.DefaultArgumentsDecorator object at 0x7f5c450d5100>)
[6.210s] Level 1:colcon.colcon_core.package_discovery:discover_packages(colcon_meta) check parameters
[6.211s] Level 1:colcon.colcon_core.package_discovery:discover_packages(recursive) check parameters
[6.211s] Level 1:colcon.colcon_core.package_discovery:discover_packages(ignore) check parameters
[6.211s] Level 1:colcon.colcon_core.package_discovery:discover_packages(path) check parameters
[6.211s] Level 1:colcon.colcon_core.package_discovery:discover_packages(colcon_meta) discover
[6.211s] Level 1:colcon.colcon_core.package_discovery:discover_packages(recursive) discover
[6.211s] INFO:colcon.colcon_core.package_discovery:Crawling recursively for packages in '/home/april/mobilerobotics_ws'
[6.211s] Level 1:colcon.colcon_core.package_identification:_identify(.) by extensions ['ignore', 'ignore_ament_install']
[6.211s] Level 1:colcon.colcon_core.package_identification:_identify(.) by extension 'ignore'
[6.211s] Level 1:colcon.colcon_core.package_identification:_identify(.) by extension 'ignore_ament_install'
[6.211s] Level 1:colcon.colcon_core.package_identification:_identify(.) by extensions ['colcon_pkg']
[6.211s] Level 1:colcon.colcon_core.package_identification:_identify(.) by extension 'colcon_pkg'
[6.211s] Level 1:colcon.colcon_core.package_identification:_identify(.) by extensions ['colcon_meta']
[6.211s] Level 1:colcon.colcon_core.package_identification:_identify(.) by extension 'colcon_meta'
[6.212s] Level 1:colcon.colcon_core.package_identification:_identify(.) by extensions ['ros']
[6.212s] Level 1:colcon.colcon_core.package_identification:_identify(.) by extension 'ros'
[6.241s] Level 1:colcon.colcon_core.package_identification:_identify(.) by extensions ['cmake', 'python']
[6.241s] Level 1:colcon.colcon_core.package_identification:_identify(.) by extension 'cmake'
[6.241s] Level 1:colcon.colcon_core.package_identification:_identify(.) by extension 'python'
[6.242s] Level 1:colcon.colcon_core.package_identification:_identify(.) by extensions ['python_setup_py']
[6.242s] Level 1:colcon.colcon_core.package_identification:_identify(.) by extension 'python_setup_py'
[6.242s] Level 1:colcon.colcon_core.package_identification:_identify(build) by extensions ['ignore', 'ignore_ament_install']
[6.242s] Level 1:colcon.colcon_core.package_identification:_identify(build) by extension 'ignore'
[6.243s] Level 1:colcon.colcon_core.package_identification:_identify(build) ignored
[6.243s] Level 1:colcon.colcon_core.package_identification:_identify(install) by extensions ['ignore', 'ignore_ament_install']
[6.244s] Level 1:colcon.colcon_core.package_identification:_identify(install) by extension 'ignore'
[6.245s] Level 1:colcon.colcon_core.package_identification:_identify(install) ignored
[6.246s] Level 1:colcon.colcon_core.package_identification:_identify(log) by extensions ['ignore', 'ignore_ament_install']
[6.247s] Level 1:colcon.colcon_core.package_identification:_identify(log) by extension 'ignore'
[6.248s] Level 1:colcon.colcon_core.package_identification:_identify(log) ignored
[6.249s] Level 1:colcon.colcon_core.package_identification:_identify(src) by extensions ['ignore', 'ignore_ament_install']
[6.249s] Level 1:colcon.colcon_core.package_identification:_identify(src) by extension 'ignore'
[6.250s] Level 1:colcon.colcon_core.package_identification:_identify(src) by extension 'ignore_ament_install'
[6.250s] Level 1:colcon.colcon_core.package_identification:_identify(src) by extensions ['colcon_pkg']
[6.251s] Level 1:colcon.colcon_core.package_identification:_identify(src) by extension 'colcon_pkg'
[6.252s] Level 1:colcon.colcon_core.package_identification:_identify(src) by extensions ['colcon_meta']
[6.252s] Level 1:colcon.colcon_core.package_identification:_identify(src) by extension 'colcon_meta'
[6.253s] Level 1:colcon.colcon_core.package_identification:_identify(src) by extensions ['ros']
[6.253s] Level 1:colcon.colcon_core.package_identification:_identify(src) by extension 'ros'
[6.254s] Level 1:colcon.colcon_core.package_identification:_identify(src) by extensions ['cmake', 'python']
[6.254s] Level 1:colcon.colcon_core.package_identification:_identify(src) by extension 'cmake'
[6.255s] Level 1:colcon.colcon_core.package_identification:_identify(src) by extension 'python'
[6.255s] Level 1:colcon.colcon_core.package_identification:_identify(src) by extensions ['python_setup_py']
[6.256s] Level 1:colcon.colcon_core.package_identification:_identify(src) by extension 'python_setup_py'
[6.257s] Level 1:colcon.colcon_core.package_identification:_identify(src/pathing) by extensions ['ignore', 'ignore_ament_install']
[6.257s] Level 1:colcon.colcon_core.package_identification:_identify(src/pathing) by extension 'ignore'
[6.258s] Level 1:colcon.colcon_core.package_identification:_identify(src/pathing) by extension 'ignore_ament_install'
[6.258s] Level 1:colcon.colcon_core.package_identification:_identify(src/pathing) by extensions ['colcon_pkg']
[6.260s] Level 1:colcon.colcon_core.package_identification:_identify(src/pathing) by extension 'colcon_pkg'
[6.260s] Level 1:colcon.colcon_core.package_identification:_identify(src/pathing) by extensions ['colcon_meta']
[6.260s] Level 1:colcon.colcon_core.package_identification:_identify(src/pathing) by extension 'colcon_meta'
[6.260s] Level 1:colcon.colcon_core.package_identification:_identify(src/pathing) by extensions ['ros']
[6.261s] Level 1:colcon.colcon_core.package_identification:_identify(src/pathing) by extension 'ros'
[6.267s] DEBUG:colcon.colcon_core.package_identification:Package 'src/pathing' with type 'ros.ament_python' and name 'pathing'
[6.268s] Level 1:colcon.colcon_core.package_identification:_identify(src/ros_aruco_opencv) by extensions ['ignore', 'ignore_ament_install']
[6.268s] Level 1:colcon.colcon_core.package_identification:_identify(src/ros_aruco_opencv) by extension 'ignore'
[6.268s] Level 1:colcon.colcon_core.package_identification:_identify(src/ros_aruco_opencv) by extension 'ignore_ament_install'
[6.269s] Level 1:colcon.colcon_core.package_identification:_identify(src/ros_aruco_opencv) by extensions ['colcon_pkg']
[6.269s] Level 1:colcon.colcon_core.package_identification:_identify(src/ros_aruco_opencv) by extension 'colcon_pkg'
[6.269s] Level 1:colcon.colcon_core.package_identification:_identify(src/ros_aruco_opencv) by extensions ['colcon_meta']
[6.269s] Level 1:colcon.colcon_core.package_identification:_identify(src/ros_aruco_opencv) by extension 'colcon_meta'
[6.269s] Level 1:colcon.colcon_core.package_identification:_identify(src/ros_aruco_opencv) by extensions ['ros']
[6.270s] Level 1:colcon.colcon_core.package_identification:_identify(src/ros_aruco_opencv) by extension 'ros'
[6.270s] Level 1:colcon.colcon_core.package_identification:_identify(src/ros_aruco_opencv) by extensions ['cmake', 'python']
[6.270s] Level 1:colcon.colcon_core.package_identification:_identify(src/ros_aruco_opencv) by extension 'cmake'
[6.271s] Level 1:colcon.colcon_core.package_identification:_identify(src/ros_aruco_opencv) by extension 'python'
[6.271s] Level 1:colcon.colcon_core.package_identification:_identify(src/ros_aruco_opencv) by extensions ['python_setup_py']
[6.271s] Level 1:colcon.colcon_core.package_identification:_identify(src/ros_aruco_opencv) by extension 'python_setup_py'
[6.271s] Level 1:colcon.colcon_core.package_identification:_identify(src/ros_aruco_opencv/aruco_opencv_msgs) by extensions ['ignore', 'ignore_ament_install']
[6.271s] Level 1:colcon.colcon_core.package_identification:_identify(src/ros_aruco_opencv/aruco_opencv_msgs) by extension 'ignore'
[6.271s] Level 1:colcon.colcon_core.package_identification:_identify(src/ros_aruco_opencv/aruco_opencv_msgs) by extension 'ignore_ament_install'
[6.272s] Level 1:colcon.colcon_core.package_identification:_identify(src/ros_aruco_opencv/aruco_opencv_msgs) by extensions ['colcon_pkg']
[6.272s] Level 1:colcon.colcon_core.package_identification:_identify(src/ros_aruco_opencv/aruco_opencv_msgs) by extension 'colcon_pkg'
[6.272s] Level 1:colcon.colcon_core.package_identification:_identify(src/ros_aruco_opencv/aruco_opencv_msgs) by extensions ['colcon_meta']
[6.272s] Level 1:colcon.colcon_core.package_identification:_identify(src/ros_aruco_opencv/aruco_opencv_msgs) by extension 'colcon_meta'
[6.272s] Level 1:colcon.colcon_core.package_identification:_identify(src/ros_aruco_opencv/aruco_opencv_msgs) by extensions ['ros']
[6.272s] Level 1:colcon.colcon_core.package_identification:_identify(src/ros_aruco_opencv/aruco_opencv_msgs) by extension 'ros'
[6.272s] DEBUG:colcon.colcon_core.package_identification:Package 'src/ros_aruco_opencv/aruco_opencv_msgs' with type 'ros.ament_cmake' and name 'aruco_opencv_msgs'
[6.273s] Level 1:colcon.colcon_core.package_discovery:discover_packages(recursive) using defaults
[6.273s] Level 1:colcon.colcon_core.package_discovery:discover_packages(ignore) discover
[6.273s] Level 1:colcon.colcon_core.package_discovery:discover_packages(ignore) using defaults
[6.273s] Level 1:colcon.colcon_core.package_discovery:discover_packages(path) discover
[6.273s] Level 1:colcon.colcon_core.package_discovery:discover_packages(path) using defaults
[6.789s] Level 1:colcon.colcon_core.package_discovery:discover_packages(prefix_path) check parameters
[6.789s] Level 1:colcon.colcon_core.package_discovery:discover_packages(prefix_path) discover
[6.971s] DEBUG:colcon.colcon_installed_package_information.package_discovery:Found 258 installed packages in /opt/ros/foxy
[6.972s] Level 1:colcon.colcon_core.package_discovery:discover_packages(prefix_path) using defaults
[7.373s] Level 5:colcon.colcon_core.verb:set package 'aruco_opencv_msgs' build argument 'cmake_args' from command line to 'None'
[7.373s] Level 5:colcon.colcon_core.verb:set package 'aruco_opencv_msgs' build argument 'cmake_target' from command line to 'None'
[7.373s] Level 5:colcon.colcon_core.verb:set package 'aruco_opencv_msgs' build argument 'cmake_target_skip_unavailable' from command line to 'False'
[7.373s] Level 5:colcon.colcon_core.verb:set package 'aruco_opencv_msgs' build argument 'cmake_clean_cache' from command line to 'False'
[7.373s] Level 5:colcon.colcon_core.verb:set package 'aruco_opencv_msgs' build argument 'cmake_clean_first' from command line to 'False'
[7.374s] Level 5:colcon.colcon_core.verb:set package 'aruco_opencv_msgs' build argument 'cmake_force_configure' from command line to 'False'
[7.374s] Level 5:colcon.colcon_core.verb:set package 'aruco_opencv_msgs' build argument 'ament_cmake_args' from command line to 'None'
[7.375s] Level 5:colcon.colcon_core.verb:set package 'aruco_opencv_msgs' build argument 'catkin_cmake_args' from command line to 'None'
[7.375s] Level 5:colcon.colcon_core.verb:set package 'aruco_opencv_msgs' build argument 'catkin_skip_building_tests' from command line to 'False'
[7.375s] DEBUG:colcon.colcon_core.verb:Building package 'aruco_opencv_msgs' with the following arguments: {'ament_cmake_args': None, 'build_base': '/home/april/mobilerobotics_ws/build/aruco_opencv_msgs', 'catkin_cmake_args': None, 'catkin_skip_building_tests': False, 'cmake_args': None, 'cmake_clean_cache': False, 'cmake_clean_first': False, 'cmake_force_configure': False, 'cmake_target': None, 'cmake_target_skip_unavailable': False, 'install_base': '/home/april/mobilerobotics_ws/install/aruco_opencv_msgs', 'merge_install': False, 'path': '/home/april/mobilerobotics_ws/src/ros_aruco_opencv/aruco_opencv_msgs', 'symlink_install': False, 'test_result_base': None}
[7.500s] Level 5:colcon.colcon_core.verb:set package 'pathing' build argument 'cmake_args' from command line to 'None'
[7.500s] Level 5:colcon.colcon_core.verb:set package 'pathing' build argument 'cmake_target' from command line to 'None'
[7.500s] Level 5:colcon.colcon_core.verb:set package 'pathing' build argument 'cmake_target_skip_unavailable' from command line to 'False'
[7.500s] Level 5:colcon.colcon_core.verb:set package 'pathing' build argument 'cmake_clean_cache' from command line to 'False'
[7.500s] Level 5:colcon.colcon_core.verb:set package 'pathing' build argument 'cmake_clean_first' from command line to 'False'
[7.500s] Level 5:colcon.colcon_core.verb:set package 'pathing' build argument 'cmake_force_configure' from command line to 'False'
[7.500s] Level 5:colcon.colcon_core.verb:set package 'pathing' build argument 'ament_cmake_args' from command line to 'None'
[7.500s] Level 5:colcon.colcon_core.verb:set package 'pathing' build argument 'catkin_cmake_args' from command line to 'None'
[7.500s] Level 5:colcon.colcon_core.verb:set package 'pathing' build argument 'catkin_skip_building_tests' from command line to 'False'
[7.500s] DEBUG:colcon.colcon_core.verb:Building package 'pathing' with the following arguments: {'ament_cmake_args': None, 'build_base': '/home/april/mobilerobotics_ws/build/pathing', 'catkin_cmake_args': None, 'catkin_skip_building_tests': False, 'cmake_args': None, 'cmake_clean_cache': False, 'cmake_clean_first': False, 'cmake_force_configure': False, 'cmake_target': None, 'cmake_target_skip_unavailable': False, 'install_base': '/home/april/mobilerobotics_ws/install/pathing', 'merge_install': False, 'path': '/home/april/mobilerobotics_ws/src/pathing', 'symlink_install': False, 'test_result_base': None}
[7.603s] INFO:colcon.colcon_core.executor:Executing jobs using 'parallel' executor
[7.703s] DEBUG:colcon.colcon_parallel_executor.executor.parallel:run_until_complete
[7.705s] INFO:colcon.colcon_ros.task.ament_cmake.build:Building ROS package in '/home/april/mobilerobotics_ws/src/ros_aruco_opencv/aruco_opencv_msgs' with build type 'ament_cmake'
[7.706s] INFO:colcon.colcon_cmake.task.cmake.build:Building CMake package in '/home/april/mobilerobotics_ws/src/ros_aruco_opencv/aruco_opencv_msgs'
[7.796s] INFO:colcon.colcon_core.plugin_system:Skipping extension 'colcon_core.shell.bat': Not used on non-Windows systems
[7.797s] INFO:colcon.colcon_core.shell:Skip shell extension 'powershell' for command environment: Not usable outside of PowerShell
[7.797s] DEBUG:colcon.colcon_core.shell:Skip shell extension 'dsv' for command environment
[8.061s] INFO:colcon.colcon_ros.task.ament_python.build:Building ROS package in '/home/april/mobilerobotics_ws/src/pathing' with build type 'ament_python'
[8.064s] Level 1:colcon.colcon_core.shell:create_environment_hook('pathing', 'ament_prefix_path')
[8.150s] INFO:colcon.colcon_core.shell:Creating environment hook '/home/april/mobilerobotics_ws/install/pathing/share/pathing/hook/ament_prefix_path.ps1'
[8.158s] INFO:colcon.colcon_core.shell:Creating environment descriptor '/home/april/mobilerobotics_ws/install/pathing/share/pathing/hook/ament_prefix_path.dsv'
[8.163s] INFO:colcon.colcon_core.shell:Creating environment hook '/home/april/mobilerobotics_ws/install/pathing/share/pathing/hook/ament_prefix_path.sh'
[8.268s] INFO:colcon.colcon_core.shell:Skip shell extension 'powershell' for command environment: Not usable outside of PowerShell
[8.268s] DEBUG:colcon.colcon_core.shell:Skip shell extension 'dsv' for command environment
[8.514s] DEBUG:colcon.colcon_core.event_handler.log_command:Invoking command in '/home/april/mobilerobotics_ws/build/aruco_opencv_msgs': CMAKE_PREFIX_PATH=/opt/ros/foxy /usr/bin/cmake --build /home/april/mobilerobotics_ws/build/aruco_opencv_msgs -- -j2 -l2
[9.647s] INFO:colcon.colcon_core.task.python.build:Building Python package in '/home/april/mobilerobotics_ws/src/pathing'
[9.808s] INFO:colcon.colcon_core.shell:Skip shell extension 'powershell' for command environment: Not usable outside of PowerShell
[9.809s] DEBUG:colcon.colcon_core.shell:Skip shell extension 'dsv' for command environment
[10.489s] DEBUG:colcon.colcon_core.event_handler.log_command:Invoked command in '/home/april/mobilerobotics_ws/build/aruco_opencv_msgs' returned '0': CMAKE_PREFIX_PATH=/opt/ros/foxy /usr/bin/cmake --build /home/april/mobilerobotics_ws/build/aruco_opencv_msgs -- -j2 -l2
[11.280s] DEBUG:colcon.colcon_core.event_handler.log_command:Invoking command in '/home/april/mobilerobotics_ws/build/aruco_opencv_msgs': CMAKE_PREFIX_PATH=/opt/ros/foxy /usr/bin/cmake --install /home/april/mobilerobotics_ws/build/aruco_opencv_msgs
[11.567s] Level 1:colcon.colcon_core.environment:create_environment_scripts_only(aruco_opencv_msgs)
[11.576s] DEBUG:colcon.colcon_core.event_handler.log_command:Invoked command in '/home/april/mobilerobotics_ws/build/aruco_opencv_msgs' returned '0': CMAKE_PREFIX_PATH=/opt/ros/foxy /usr/bin/cmake --install /home/april/mobilerobotics_ws/build/aruco_opencv_msgs
[11.722s] Level 1:colcon.colcon_core.environment:checking '/home/april/mobilerobotics_ws/install/aruco_opencv_msgs' for CMake module files
[11.726s] Level 1:colcon.colcon_core.environment:checking '/home/april/mobilerobotics_ws/install/aruco_opencv_msgs' for CMake config files
[11.729s] Level 1:colcon.colcon_core.shell:create_environment_hook('aruco_opencv_msgs', 'cmake_prefix_path')
[11.838s] INFO:colcon.colcon_core.shell:Creating environment hook '/home/april/mobilerobotics_ws/install/aruco_opencv_msgs/share/aruco_opencv_msgs/hook/cmake_prefix_path.ps1'
[11.842s] INFO:colcon.colcon_core.shell:Creating environment descriptor '/home/april/mobilerobotics_ws/install/aruco_opencv_msgs/share/aruco_opencv_msgs/hook/cmake_prefix_path.dsv'
[11.845s] INFO:colcon.colcon_core.shell:Creating environment hook '/home/april/mobilerobotics_ws/install/aruco_opencv_msgs/share/aruco_opencv_msgs/hook/cmake_prefix_path.sh'
[11.849s] Level 1:colcon.colcon_core.environment:checking '/home/april/mobilerobotics_ws/install/aruco_opencv_msgs/lib'
[11.850s] Level 1:colcon.colcon_core.shell:create_environment_hook('aruco_opencv_msgs', 'ld_library_path_lib')
[11.962s] INFO:colcon.colcon_core.shell:Creating environment hook '/home/april/mobilerobotics_ws/install/aruco_opencv_msgs/share/aruco_opencv_msgs/hook/ld_library_path_lib.ps1'
[11.962s] INFO:colcon.colcon_core.shell:Creating environment descriptor '/home/april/mobilerobotics_ws/install/aruco_opencv_msgs/share/aruco_opencv_msgs/hook/ld_library_path_lib.dsv'
[11.963s] INFO:colcon.colcon_core.shell:Creating environment hook '/home/april/mobilerobotics_ws/install/aruco_opencv_msgs/share/aruco_opencv_msgs/hook/ld_library_path_lib.sh'
[11.964s] Level 1:colcon.colcon_core.environment:checking '/home/april/mobilerobotics_ws/install/aruco_opencv_msgs/bin'
[11.964s] Level 1:colcon.colcon_core.environment:checking '/home/april/mobilerobotics_ws/install/aruco_opencv_msgs/lib/pkgconfig/aruco_opencv_msgs.pc'
[11.964s] Level 1:colcon.colcon_core.environment:checking '/home/april/mobilerobotics_ws/install/aruco_opencv_msgs/lib/python3.8/site-packages'
[11.964s] Level 1:colcon.colcon_core.shell:create_environment_hook('aruco_opencv_msgs', 'pythonpath')
[12.048s] INFO:colcon.colcon_core.shell:Creating environment hook '/home/april/mobilerobotics_ws/install/aruco_opencv_msgs/share/aruco_opencv_msgs/hook/pythonpath.ps1'
[12.050s] INFO:colcon.colcon_core.shell:Creating environment descriptor '/home/april/mobilerobotics_ws/install/aruco_opencv_msgs/share/aruco_opencv_msgs/hook/pythonpath.dsv'
[12.052s] INFO:colcon.colcon_core.shell:Creating environment hook '/home/april/mobilerobotics_ws/install/aruco_opencv_msgs/share/aruco_opencv_msgs/hook/pythonpath.sh'
[12.056s] Level 1:colcon.colcon_core.environment:checking '/home/april/mobilerobotics_ws/install/aruco_opencv_msgs/bin'
[12.185s] INFO:colcon.colcon_core.shell:Creating package script '/home/april/mobilerobotics_ws/install/aruco_opencv_msgs/share/aruco_opencv_msgs/package.ps1'
[12.189s] INFO:colcon.colcon_core.shell:Creating package descriptor '/home/april/mobilerobotics_ws/install/aruco_opencv_msgs/share/aruco_opencv_msgs/package.dsv'
[12.191s] INFO:colcon.colcon_core.shell:Creating package script '/home/april/mobilerobotics_ws/install/aruco_opencv_msgs/share/aruco_opencv_msgs/package.sh'
[12.194s] INFO:colcon.colcon_core.shell:Creating package script '/home/april/mobilerobotics_ws/install/aruco_opencv_msgs/share/aruco_opencv_msgs/package.bash'
[12.196s] INFO:colcon.colcon_core.shell:Creating package script '/home/april/mobilerobotics_ws/install/aruco_opencv_msgs/share/aruco_opencv_msgs/package.zsh'
[12.198s] Level 1:colcon.colcon_core.environment:create_file_with_runtime_dependencies(/home/april/mobilerobotics_ws/install/aruco_opencv_msgs/share/colcon-core/packages/aruco_opencv_msgs)
[12.234s] DEBUG:colcon.colcon_core.event_handler.log_command:Invoking command in '/home/april/mobilerobotics_ws/src/pathing': PYTHONPATH=/home/april/mobilerobotics_ws/build/pathing/prefix_override:/home/april/mobilerobotics_ws/install/pathing/lib/python3.8/site-packages:${PYTHONPATH} /usr/bin/python3 setup.py egg_info --egg-base ../../build/pathing build --build-base /home/april/mobilerobotics_ws/build/pathing/build install --record /home/april/mobilerobotics_ws/build/pathing/install.log --single-version-externally-managed
[12.816s] Level 1:colcon.colcon_core.environment:create_environment_scripts_only(aruco_opencv_msgs)
[12.948s] Level 1:colcon.colcon_core.environment:checking '/home/april/mobilerobotics_ws/install/aruco_opencv_msgs' for CMake module files
[12.950s] Level 1:colcon.colcon_core.environment:checking '/home/april/mobilerobotics_ws/install/aruco_opencv_msgs' for CMake config files
[12.951s] Level 1:colcon.colcon_core.shell:create_environment_hook('aruco_opencv_msgs', 'cmake_prefix_path')
[13.068s] INFO:colcon.colcon_core.shell:Creating environment hook '/home/april/mobilerobotics_ws/install/aruco_opencv_msgs/share/aruco_opencv_msgs/hook/cmake_prefix_path.ps1'
[13.073s] INFO:colcon.colcon_core.shell:Creating environment descriptor '/home/april/mobilerobotics_ws/install/aruco_opencv_msgs/share/aruco_opencv_msgs/hook/cmake_prefix_path.dsv'
[13.075s] INFO:colcon.colcon_core.shell:Creating environment hook '/home/april/mobilerobotics_ws/install/aruco_opencv_msgs/share/aruco_opencv_msgs/hook/cmake_prefix_path.sh'
[13.079s] Level 1:colcon.colcon_core.environment:checking '/home/april/mobilerobotics_ws/install/aruco_opencv_msgs/lib'
[13.079s] Level 1:colcon.colcon_core.shell:create_environment_hook('aruco_opencv_msgs', 'ld_library_path_lib')
[13.215s] INFO:colcon.colcon_core.shell:Creating environment hook '/home/april/mobilerobotics_ws/install/aruco_opencv_msgs/share/aruco_opencv_msgs/hook/ld_library_path_lib.ps1'
[13.217s] INFO:colcon.colcon_core.shell:Creating environment descriptor '/home/april/mobilerobotics_ws/install/aruco_opencv_msgs/share/aruco_opencv_msgs/hook/ld_library_path_lib.dsv'
[13.219s] INFO:colcon.colcon_core.shell:Creating environment hook '/home/april/mobilerobotics_ws/install/aruco_opencv_msgs/share/aruco_opencv_msgs/hook/ld_library_path_lib.sh'
[13.221s] Level 1:colcon.colcon_core.environment:checking '/home/april/mobilerobotics_ws/install/aruco_opencv_msgs/bin'
[13.221s] Level 1:colcon.colcon_core.environment:checking '/home/april/mobilerobotics_ws/install/aruco_opencv_msgs/lib/pkgconfig/aruco_opencv_msgs.pc'
[13.222s] Level 1:colcon.colcon_core.environment:checking '/home/april/mobilerobotics_ws/install/aruco_opencv_msgs/lib/python3.8/site-packages'
[13.222s] Level 1:colcon.colcon_core.shell:create_environment_hook('aruco_opencv_msgs', 'pythonpath')
[13.357s] INFO:colcon.colcon_core.shell:Creating environment hook '/home/april/mobilerobotics_ws/install/aruco_opencv_msgs/share/aruco_opencv_msgs/hook/pythonpath.ps1'
[13.363s] INFO:colcon.colcon_core.shell:Creating environment descriptor '/home/april/mobilerobotics_ws/install/aruco_opencv_msgs/share/aruco_opencv_msgs/hook/pythonpath.dsv'
[13.369s] INFO:colcon.colcon_core.shell:Creating environment hook '/home/april/mobilerobotics_ws/install/aruco_opencv_msgs/share/aruco_opencv_msgs/hook/pythonpath.sh'
[13.372s] Level 1:colcon.colcon_core.environment:checking '/home/april/mobilerobotics_ws/install/aruco_opencv_msgs/bin'
[13.463s] INFO:colcon.colcon_core.shell:Creating package script '/home/april/mobilerobotics_ws/install/aruco_opencv_msgs/share/aruco_opencv_msgs/package.ps1'
[13.466s] INFO:colcon.colcon_core.shell:Creating package descriptor '/home/april/mobilerobotics_ws/install/aruco_opencv_msgs/share/aruco_opencv_msgs/package.dsv'
[13.468s] INFO:colcon.colcon_core.shell:Creating package script '/home/april/mobilerobotics_ws/install/aruco_opencv_msgs/share/aruco_opencv_msgs/package.sh'
[13.470s] INFO:colcon.colcon_core.shell:Creating package script '/home/april/mobilerobotics_ws/install/aruco_opencv_msgs/share/aruco_opencv_msgs/package.bash'
[13.471s] INFO:colcon.colcon_core.shell:Creating package script '/home/april/mobilerobotics_ws/install/aruco_opencv_msgs/share/aruco_opencv_msgs/package.zsh'
[13.471s] Level 1:colcon.colcon_core.environment:create_file_with_runtime_dependencies(/home/april/mobilerobotics_ws/install/aruco_opencv_msgs/share/colcon-core/packages/aruco_opencv_msgs)
[13.491s] DEBUG:colcon.colcon_core.event_handler.log_command:Invoked command in '/home/april/mobilerobotics_ws/src/pathing' returned '0': PYTHONPATH=/home/april/mobilerobotics_ws/build/pathing/prefix_override:/home/april/mobilerobotics_ws/install/pathing/lib/python3.8/site-packages:${PYTHONPATH} /usr/bin/python3 setup.py egg_info --egg-base ../../build/pathing build --build-base /home/april/mobilerobotics_ws/build/pathing/build install --record /home/april/mobilerobotics_ws/build/pathing/install.log --single-version-externally-managed
[13.572s] Level 1:colcon.colcon_core.environment:checking '/home/april/mobilerobotics_ws/install/pathing' for CMake module files
[13.573s] Level 1:colcon.colcon_core.environment:checking '/home/april/mobilerobotics_ws/install/pathing' for CMake config files
[13.573s] Level 1:colcon.colcon_core.environment:checking '/home/april/mobilerobotics_ws/install/pathing/lib'
[13.574s] Level 1:colcon.colcon_core.environment:checking '/home/april/mobilerobotics_ws/install/pathing/bin'
[13.574s] Level 1:colcon.colcon_core.environment:checking '/home/april/mobilerobotics_ws/install/pathing/lib/pkgconfig/pathing.pc'
[13.574s] Level 1:colcon.colcon_core.environment:checking '/home/april/mobilerobotics_ws/install/pathing/lib/python3.8/site-packages'
[13.574s] Level 1:colcon.colcon_core.shell:create_environment_hook('pathing', 'pythonpath')
[13.664s] INFO:colcon.colcon_core.shell:Creating environment hook '/home/april/mobilerobotics_ws/install/pathing/share/pathing/hook/pythonpath.ps1'
[13.665s] INFO:colcon.colcon_core.shell:Creating environment descriptor '/home/april/mobilerobotics_ws/install/pathing/share/pathing/hook/pythonpath.dsv'
[13.667s] INFO:colcon.colcon_core.shell:Creating environment hook '/home/april/mobilerobotics_ws/install/pathing/share/pathing/hook/pythonpath.sh'
[13.669s] Level 1:colcon.colcon_core.environment:checking '/home/april/mobilerobotics_ws/install/pathing/bin'
[13.670s] Level 1:colcon.colcon_core.environment:create_environment_scripts_only(pathing)
[13.801s] INFO:colcon.colcon_core.shell:Creating package script '/home/april/mobilerobotics_ws/install/pathing/share/pathing/package.ps1'
[13.803s] INFO:colcon.colcon_core.shell:Creating package descriptor '/home/april/mobilerobotics_ws/install/pathing/share/pathing/package.dsv'
[13.805s] INFO:colcon.colcon_core.shell:Creating package script '/home/april/mobilerobotics_ws/install/pathing/share/pathing/package.sh'
[13.808s] INFO:colcon.colcon_core.shell:Creating package script '/home/april/mobilerobotics_ws/install/pathing/share/pathing/package.bash'
[13.809s] INFO:colcon.colcon_core.shell:Creating package script '/home/april/mobilerobotics_ws/install/pathing/share/pathing/package.zsh'
[13.811s] Level 1:colcon.colcon_core.environment:create_file_with_runtime_dependencies(/home/april/mobilerobotics_ws/install/pathing/share/colcon-core/packages/pathing)
[13.820s] DEBUG:colcon.colcon_parallel_executor.executor.parallel:closing loop
[13.822s] DEBUG:colcon.colcon_parallel_executor.executor.parallel:loop closed
[13.822s] DEBUG:colcon.colcon_parallel_executor.executor.parallel:run_until_complete finished with '0'
[13.823s] DEBUG:colcon.colcon_core.event_reactor:joining thread
[14.011s] INFO:colcon.colcon_core.plugin_system:Skipping extension 'colcon_notification.desktop_notification.terminal_notifier': Not used on non-Darwin systems
[14.011s] INFO:colcon.colcon_core.plugin_system:Skipping extension 'colcon_notification.desktop_notification.win32': Not used on non-Windows systems
[14.011s] INFO:colcon.colcon_notification.desktop_notification:Sending desktop notification using 'notify2'
[14.062s] DEBUG:colcon.colcon_core.event_reactor:joined thread
[14.185s] INFO:colcon.colcon_core.shell:Creating prefix script '/home/april/mobilerobotics_ws/install/local_setup.ps1'
[14.187s] INFO:colcon.colcon_core.shell:Creating prefix util module '/home/april/mobilerobotics_ws/install/_local_setup_util_ps1.py'
[14.191s] INFO:colcon.colcon_core.shell:Creating prefix chain script '/home/april/mobilerobotics_ws/install/setup.ps1'
[14.296s] INFO:colcon.colcon_core.shell:Creating prefix script '/home/april/mobilerobotics_ws/install/local_setup.sh'
[14.298s] INFO:colcon.colcon_core.shell:Creating prefix util module '/home/april/mobilerobotics_ws/install/_local_setup_util_sh.py'
[14.300s] INFO:colcon.colcon_core.shell:Creating prefix chain script '/home/april/mobilerobotics_ws/install/setup.sh'
[14.367s] INFO:colcon.colcon_core.shell:Creating prefix script '/home/april/mobilerobotics_ws/install/local_setup.bash'
[14.368s] INFO:colcon.colcon_core.shell:Creating prefix chain script '/home/april/mobilerobotics_ws/install/setup.bash'
[14.458s] INFO:colcon.colcon_core.shell:Creating prefix script '/home/april/mobilerobotics_ws/install/local_setup.zsh'
[14.461s] INFO:colcon.colcon_core.shell:Creating prefix chain script '/home/april/mobilerobotics_ws/install/setup.zsh'
