[4.195s] Invoking command in '/home/april/mobilerobotics_ws/src/pathing': PYTHONPATH=/home/april/mobilerobotics_ws/build/pathing/prefix_override:/home/april/mobilerobotics_ws/install/pathing/lib/python3.8/site-packages:${PYTHONPATH} /usr/bin/python3 setup.py egg_info --egg-base ../../build/pathing build --build-base /home/april/mobilerobotics_ws/build/pathing/build install --record /home/april/mobilerobotics_ws/build/pathing/install.log --single-version-externally-managed
[5.130s] running egg_info
[5.131s] writing ../../build/pathing/pathing.egg-info/PKG-INFO
[5.133s] writing dependency_links to ../../build/pathing/pathing.egg-info/dependency_links.txt
[5.136s] writing entry points to ../../build/pathing/pathing.egg-info/entry_points.txt
[5.137s] writing requirements to ../../build/pathing/pathing.egg-info/requires.txt
[5.138s] writing top-level names to ../../build/pathing/pathing.egg-info/top_level.txt
[5.211s] reading manifest file '../../build/pathing/pathing.egg-info/SOURCES.txt'
[5.216s] writing manifest file '../../build/pathing/pathing.egg-info/SOURCES.txt'
[5.217s] running build
[5.217s] running build_py
[5.217s] running install
[5.223s] running install_lib
[5.226s] running install_data
[5.228s] running install_egg_info
[5.233s] removing '/home/april/mobilerobotics_ws/install/pathing/lib/python3.8/site-packages/pathing-0.0.0-py3.8.egg-info' (and everything under it)
[5.236s] Copying ../../build/pathing/pathing.egg-info to /home/april/mobilerobotics_ws/install/pathing/lib/python3.8/site-packages/pathing-0.0.0-py3.8.egg-info
[5.245s] running install_scripts
[5.305s] Installing planner script to /home/april/mobilerobotics_ws/install/pathing/lib/pathing
[5.307s] writing list of installed files to '/home/april/mobilerobotics_ws/build/pathing/install.log'
[5.366s] Invoked command in '/home/april/mobilerobotics_ws/src/pathing' returned '0': PYTHONPATH=/home/april/mobilerobotics_ws/build/pathing/prefix_override:/home/april/mobilerobotics_ws/install/pathing/lib/python3.8/site-packages:${PYTHONPATH} /usr/bin/python3 setup.py egg_info --egg-base ../../build/pathing build --build-base /home/april/mobilerobotics_ws/build/pathing/build install --record /home/april/mobilerobotics_ws/build/pathing/install.log --single-version-externally-managed
