[4.023s] Invoking command in '/home/april/mobilerobotics_ws/src/pathing': PYTHONPATH=/home/april/mobilerobotics_ws/build/pathing/prefix_override:/home/april/mobilerobotics_ws/install/pathing/lib/python3.8/site-packages:${PYTHONPATH} /usr/bin/python3 setup.py egg_info --egg-base ../../build/pathing build --build-base /home/april/mobilerobotics_ws/build/pathing/build install --record /home/april/mobilerobotics_ws/build/pathing/install.log --single-version-externally-managed
[4.986s] running egg_info
[4.987s] writing ../../build/pathing/pathing.egg-info/PKG-INFO
[4.989s] writing dependency_links to ../../build/pathing/pathing.egg-info/dependency_links.txt
[4.989s] writing entry points to ../../build/pathing/pathing.egg-info/entry_points.txt
[4.989s] writing requirements to ../../build/pathing/pathing.egg-info/requires.txt
[4.990s] writing top-level names to ../../build/pathing/pathing.egg-info/top_level.txt
[5.060s] reading manifest file '../../build/pathing/pathing.egg-info/SOURCES.txt'
[5.070s] writing manifest file '../../build/pathing/pathing.egg-info/SOURCES.txt'
[5.073s] running build
[5.073s] running build_py
[5.078s] running install
[5.117s] running install_lib
[5.118s] running install_data
[5.126s] running install_egg_info
[5.196s] removing '/home/april/mobilerobotics_ws/install/pathing/lib/python3.8/site-packages/pathing-0.0.0-py3.8.egg-info' (and everything under it)
[5.225s] Copying ../../build/pathing/pathing.egg-info to /home/april/mobilerobotics_ws/install/pathing/lib/python3.8/site-packages/pathing-0.0.0-py3.8.egg-info
[5.244s] running install_scripts
[5.329s] Installing planner script to /home/april/mobilerobotics_ws/install/pathing/lib/pathing
[5.329s] writing list of installed files to '/home/april/mobilerobotics_ws/build/pathing/install.log'
[5.729s] Invoked command in '/home/april/mobilerobotics_ws/src/pathing' returned '0': PYTHONPATH=/home/april/mobilerobotics_ws/build/pathing/prefix_override:/home/april/mobilerobotics_ws/install/pathing/lib/python3.8/site-packages:${PYTHONPATH} /usr/bin/python3 setup.py egg_info --egg-base ../../build/pathing build --build-base /home/april/mobilerobotics_ws/build/pathing/build install --record /home/april/mobilerobotics_ws/build/pathing/install.log --single-version-externally-managed
