[3.922s] Invoking command in '/home/april/mobilerobotics_ws/src/pathing': PYTHONPATH=/home/april/mobilerobotics_ws/build/pathing/prefix_override:/home/april/mobilerobotics_ws/install/pathing/lib/python3.8/site-packages:${PYTHONPATH} /usr/bin/python3 setup.py egg_info --egg-base ../../build/pathing build --build-base /home/april/mobilerobotics_ws/build/pathing/build install --record /home/april/mobilerobotics_ws/build/pathing/install.log --single-version-externally-managed
[4.778s] running egg_info
[4.786s] writing ../../build/pathing/pathing.egg-info/PKG-INFO
[4.787s] writing dependency_links to ../../build/pathing/pathing.egg-info/dependency_links.txt
[4.788s] writing entry points to ../../build/pathing/pathing.egg-info/entry_points.txt
[4.794s] writing requirements to ../../build/pathing/pathing.egg-info/requires.txt
[4.795s] writing top-level names to ../../build/pathing/pathing.egg-info/top_level.txt
[4.879s] reading manifest file '../../build/pathing/pathing.egg-info/SOURCES.txt'
[4.880s] writing manifest file '../../build/pathing/pathing.egg-info/SOURCES.txt'
[4.881s] running build
[4.881s] running build_py
[4.882s] copying pathing/better_soccer.py -> /home/april/mobilerobotics_ws/build/pathing/build/lib/pathing
[4.882s] running install
[4.883s] running install_lib
[4.884s] copying /home/april/mobilerobotics_ws/build/pathing/build/lib/pathing/better_soccer.py -> /home/april/mobilerobotics_ws/install/pathing/lib/python3.8/site-packages/pathing
[4.885s] byte-compiling /home/april/mobilerobotics_ws/install/pathing/lib/python3.8/site-packages/pathing/better_soccer.py to better_soccer.cpython-38.pyc
[4.889s] running install_data
[4.890s] running install_egg_info
[4.891s] removing '/home/april/mobilerobotics_ws/install/pathing/lib/python3.8/site-packages/pathing-0.0.0-py3.8.egg-info' (and everything under it)
[4.891s] Copying ../../build/pathing/pathing.egg-info to /home/april/mobilerobotics_ws/install/pathing/lib/python3.8/site-packages/pathing-0.0.0-py3.8.egg-info
[4.901s] running install_scripts
[4.940s] Installing planner script to /home/april/mobilerobotics_ws/install/pathing/lib/pathing
[4.942s] writing list of installed files to '/home/april/mobilerobotics_ws/build/pathing/install.log'
[4.998s] Invoked command in '/home/april/mobilerobotics_ws/src/pathing' returned '0': PYTHONPATH=/home/april/mobilerobotics_ws/build/pathing/prefix_override:/home/april/mobilerobotics_ws/install/pathing/lib/python3.8/site-packages:${PYTHONPATH} /usr/bin/python3 setup.py egg_info --egg-base ../../build/pathing build --build-base /home/april/mobilerobotics_ws/build/pathing/build install --record /home/april/mobilerobotics_ws/build/pathing/install.log --single-version-externally-managed
