[5.716s] DEBUG:colcon:Command line arguments: ['/usr/bin/colcon', 'build']
[5.716s] DEBUG:colcon:Parsed command line arguments: Namespace(allow_overriding=[], ament_cmake_args=None, base_paths=['.'], build_base='build', catkin_cmake_args=None, catkin_skip_building_tests=False, cmake_args=None, cmake_clean_cache=False, cmake_clean_first=False, cmake_force_configure=False, cmake_target=None, cmake_target_skip_unavailable=False, continue_on_error=False, event_handlers=None, executor='parallel', ignore_user_meta=False, install_base='install', log_base=None, log_level=None, main=<bound method BuildVerb.main of <colcon_core.verb.build.BuildVerb object at 0x7ff791626130>>, merge_install=False, metas=['./colcon.meta'], packages_above=None, packages_above_and_dependencies=None, packages_above_depth=None, packages_end=None, packages_ignore=None, packages_ignore_regex=None, packages_select=None, packages_select_build_failed=False, packages_select_by_dep=None, packages_select_regex=None, packages_select_test_failures=False, packages_skip=None, packages_skip_build_finished=False, packages_skip_by_dep=None, packages_skip_regex=None, packages_skip_test_passed=False, packages_skip_up_to=None, packages_start=None, packages_up_to=None, packages_up_to_regex=None, parallel_workers=2, paths=None, symlink_install=False, test_result_base=None, verb_extension=<colcon_core.verb.build.BuildVerb object at 0x7ff791626130>, verb_name='build', verb_parser=<colcon_defaults.argument_parser.defaults.DefaultArgumentsDecorator object at 0x7ff79159c610>)
[5.964s] Level 1:colcon.colcon_core.package_discovery:discover_packages(colcon_meta) check parameters
[5.964s] Level 1:colcon.colcon_core.package_discovery:discover_packages(recursive) check parameters
[5.965s] Level 1:colcon.colcon_core.package_discovery:discover_packages(ignore) check parameters
[5.965s] Level 1:colcon.colcon_core.package_discovery:discover_packages(path) check parameters
[5.965s] Level 1:colcon.colcon_core.package_discovery:discover_packages(colcon_meta) discover
[5.965s] Level 1:colcon.colcon_core.package_discovery:discover_packages(recursive) discover
[5.965s] INFO:colcon.colcon_core.package_discovery:Crawling recursively for packages in '/home/april/mobilerobotics_ws'
[5.966s] Level 1:colcon.colcon_core.package_identification:_identify(.) by extensions ['ignore', 'ignore_ament_install']
[5.966s] Level 1:colcon.colcon_core.package_identification:_identify(.) by extension 'ignore'
[5.966s] Level 1:colcon.colcon_core.package_identification:_identify(.) by extension 'ignore_ament_install'
[5.967s] Level 1:colcon.colcon_core.package_identification:_identify(.) by extensions ['colcon_pkg']
[5.967s] Level 1:colcon.colcon_core.package_identification:_identify(.) by extension 'colcon_pkg'
[5.967s] Level 1:colcon.colcon_core.package_identification:_identify(.) by extensions ['colcon_meta']
[5.967s] Level 1:colcon.colcon_core.package_identification:_identify(.) by extension 'colcon_meta'
[5.967s] Level 1:colcon.colcon_core.package_identification:_identify(.) by extensions ['ros']
[5.967s] Level 1:colcon.colcon_core.package_identification:_identify(.) by extension 'ros'
[6.013s] Level 1:colcon.colcon_core.package_identification:_identify(.) by extensions ['cmake', 'python']
[6.013s] Level 1:colcon.colcon_core.package_identification:_identify(.) by extension 'cmake'
[6.013s] Level 1:colcon.colcon_core.package_identification:_identify(.) by extension 'python'
[6.013s] Level 1:colcon.colcon_core.package_identification:_identify(.) by extensions ['python_setup_py']
[6.014s] Level 1:colcon.colcon_core.package_identification:_identify(.) by extension 'python_setup_py'
[6.014s] Level 1:colcon.colcon_core.package_identification:_identify(build) by extensions ['ignore', 'ignore_ament_install']
[6.014s] Level 1:colcon.colcon_core.package_identification:_identify(build) by extension 'ignore'
[6.015s] Level 1:colcon.colcon_core.package_identification:_identify(build) ignored
[6.015s] Level 1:colcon.colcon_core.package_identification:_identify(install) by extensions ['ignore', 'ignore_ament_install']
[6.015s] Level 1:colcon.colcon_core.package_identification:_identify(install) by extension 'ignore'
[6.016s] Level 1:colcon.colcon_core.package_identification:_identify(install) ignored
[6.016s] Level 1:colcon.colcon_core.package_identification:_identify(log) by extensions ['ignore', 'ignore_ament_install']
[6.016s] Level 1:colcon.colcon_core.package_identification:_identify(log) by extension 'ignore'
[6.016s] Level 1:colcon.colcon_core.package_identification:_identify(log) ignored
[6.017s] Level 1:colcon.colcon_core.package_identification:_identify(src) by extensions ['ignore', 'ignore_ament_install']
[6.018s] Level 1:colcon.colcon_core.package_identification:_identify(src) by extension 'ignore'
[6.018s] Level 1:colcon.colcon_core.package_identification:_identify(src) by extension 'ignore_ament_install'
[6.018s] Level 1:colcon.colcon_core.package_identification:_identify(src) by extensions ['colcon_pkg']
[6.018s] Level 1:colcon.colcon_core.package_identification:_identify(src) by extension 'colcon_pkg'
[6.018s] Level 1:colcon.colcon_core.package_identification:_identify(src) by extensions ['colcon_meta']
[6.019s] Level 1:colcon.colcon_core.package_identification:_identify(src) by extension 'colcon_meta'
[6.019s] Level 1:colcon.colcon_core.package_identification:_identify(src) by extensions ['ros']
[6.019s] Level 1:colcon.colcon_core.package_identification:_identify(src) by extension 'ros'
[6.019s] Level 1:colcon.colcon_core.package_identification:_identify(src) by extensions ['cmake', 'python']
[6.019s] Level 1:colcon.colcon_core.package_identification:_identify(src) by extension 'cmake'
[6.020s] Level 1:colcon.colcon_core.package_identification:_identify(src) by extension 'python'
[6.020s] Level 1:colcon.colcon_core.package_identification:_identify(src) by extensions ['python_setup_py']
[6.020s] Level 1:colcon.colcon_core.package_identification:_identify(src) by extension 'python_setup_py'
[6.020s] Level 1:colcon.colcon_core.package_identification:_identify(src/pathing) by extensions ['ignore', 'ignore_ament_install']
[6.021s] Level 1:colcon.colcon_core.package_identification:_identify(src/pathing) by extension 'ignore'
[6.021s] Level 1:colcon.colcon_core.package_identification:_identify(src/pathing) by extension 'ignore_ament_install'
[6.021s] Level 1:colcon.colcon_core.package_identification:_identify(src/pathing) by extensions ['colcon_pkg']
[6.021s] Level 1:colcon.colcon_core.package_identification:_identify(src/pathing) by extension 'colcon_pkg'
[6.022s] Level 1:colcon.colcon_core.package_identification:_identify(src/pathing) by extensions ['colcon_meta']
[6.022s] Level 1:colcon.colcon_core.package_identification:_identify(src/pathing) by extension 'colcon_meta'
[6.022s] Level 1:colcon.colcon_core.package_identification:_identify(src/pathing) by extensions ['ros']
[6.022s] Level 1:colcon.colcon_core.package_identification:_identify(src/pathing) by extension 'ros'
[6.028s] DEBUG:colcon.colcon_core.package_identification:Package 'src/pathing' with type 'ros.ament_python' and name 'pathing'
[6.029s] Level 1:colcon.colcon_core.package_identification:_identify(src/ros_aruco_opencv) by extensions ['ignore', 'ignore_ament_install']
[6.029s] Level 1:colcon.colcon_core.package_identification:_identify(src/ros_aruco_opencv) by extension 'ignore'
[6.030s] Level 1:colcon.colcon_core.package_identification:_identify(src/ros_aruco_opencv) by extension 'ignore_ament_install'
[6.030s] Level 1:colcon.colcon_core.package_identification:_identify(src/ros_aruco_opencv) by extensions ['colcon_pkg']
[6.030s] Level 1:colcon.colcon_core.package_identification:_identify(src/ros_aruco_opencv) by extension 'colcon_pkg'
[6.030s] Level 1:colcon.colcon_core.package_identification:_identify(src/ros_aruco_opencv) by extensions ['colcon_meta']
[6.030s] Level 1:colcon.colcon_core.package_identification:_identify(src/ros_aruco_opencv) by extension 'colcon_meta'
[6.031s] Level 1:colcon.colcon_core.package_identification:_identify(src/ros_aruco_opencv) by extensions ['ros']
[6.031s] Level 1:colcon.colcon_core.package_identification:_identify(src/ros_aruco_opencv) by extension 'ros'
[6.031s] Level 1:colcon.colcon_core.package_identification:_identify(src/ros_aruco_opencv) by extensions ['cmake', 'python']
[6.031s] Level 1:colcon.colcon_core.package_identification:_identify(src/ros_aruco_opencv) by extension 'cmake'
[6.032s] Level 1:colcon.colcon_core.package_identification:_identify(src/ros_aruco_opencv) by extension 'python'
[6.032s] Level 1:colcon.colcon_core.package_identification:_identify(src/ros_aruco_opencv) by extensions ['python_setup_py']
[6.032s] Level 1:colcon.colcon_core.package_identification:_identify(src/ros_aruco_opencv) by extension 'python_setup_py'
[6.032s] Level 1:colcon.colcon_core.package_identification:_identify(src/ros_aruco_opencv/aruco_opencv_msgs) by extensions ['ignore', 'ignore_ament_install']
[6.033s] Level 1:colcon.colcon_core.package_identification:_identify(src/ros_aruco_opencv/aruco_opencv_msgs) by extension 'ignore'
[6.033s] Level 1:colcon.colcon_core.package_identification:_identify(src/ros_aruco_opencv/aruco_opencv_msgs) by extension 'ignore_ament_install'
[6.033s] Level 1:colcon.colcon_core.package_identification:_identify(src/ros_aruco_opencv/aruco_opencv_msgs) by extensions ['colcon_pkg']
[6.033s] Level 1:colcon.colcon_core.package_identification:_identify(src/ros_aruco_opencv/aruco_opencv_msgs) by extension 'colcon_pkg'
[6.033s] Level 1:colcon.colcon_core.package_identification:_identify(src/ros_aruco_opencv/aruco_opencv_msgs) by extensions ['colcon_meta']
[6.034s] Level 1:colcon.colcon_core.package_identification:_identify(src/ros_aruco_opencv/aruco_opencv_msgs) by extension 'colcon_meta'
[6.034s] Level 1:colcon.colcon_core.package_identification:_identify(src/ros_aruco_opencv/aruco_opencv_msgs) by extensions ['ros']
[6.034s] Level 1:colcon.colcon_core.package_identification:_identify(src/ros_aruco_opencv/aruco_opencv_msgs) by extension 'ros'
[6.036s] DEBUG:colcon.colcon_core.package_identification:Package 'src/ros_aruco_opencv/aruco_opencv_msgs' with type 'ros.ament_cmake' and name 'aruco_opencv_msgs'
[6.036s] Level 1:colcon.colcon_core.package_discovery:discover_packages(recursive) using defaults
[6.036s] Level 1:colcon.colcon_core.package_discovery:discover_packages(ignore) discover
[6.036s] Level 1:colcon.colcon_core.package_discovery:discover_packages(ignore) using defaults
[6.036s] Level 1:colcon.colcon_core.package_discovery:discover_packages(path) discover
[6.037s] Level 1:colcon.colcon_core.package_discovery:discover_packages(path) using defaults
[6.450s] Level 1:colcon.colcon_core.package_discovery:discover_packages(prefix_path) check parameters
[6.450s] Level 1:colcon.colcon_core.package_discovery:discover_packages(prefix_path) discover
[6.639s] DEBUG:colcon.colcon_installed_package_information.package_discovery:Found 3 installed packages in /home/april/mobilerobotics_ws/install
[6.693s] DEBUG:colcon.colcon_installed_package_information.package_discovery:Found 258 installed packages in /opt/ros/foxy
[6.696s] Level 1:colcon.colcon_core.package_discovery:discover_packages(prefix_path) using defaults
[7.004s] WARNING:colcon.colcon_core.package_selection:Some selected packages are already built in one or more underlay workspaces:
	'aruco_opencv_msgs' is in: /home/april/mobilerobotics_ws/install/aruco_opencv_msgs
If a package in a merged underlay workspace is overridden and it installs headers, then all packages in the overlay must sort their include directories by workspace order. Failure to do so may result in build failures or undefined behavior at run time.
If the overridden package is used by another package in any underlay, then the overriding package in the overlay must be API and ABI compatible or undefined behavior at run time may occur.

If you understand the risks and want to override a package anyways, add the following to the command line:
	--allow-overriding aruco_opencv_msgs

This may be promoted to an error in a future release of colcon-override-check.
[7.078s] Level 5:colcon.colcon_core.verb:set package 'aruco_opencv_msgs' build argument 'cmake_args' from command line to 'None'
[7.078s] Level 5:colcon.colcon_core.verb:set package 'aruco_opencv_msgs' build argument 'cmake_target' from command line to 'None'
[7.078s] Level 5:colcon.colcon_core.verb:set package 'aruco_opencv_msgs' build argument 'cmake_target_skip_unavailable' from command line to 'False'
[7.078s] Level 5:colcon.colcon_core.verb:set package 'aruco_opencv_msgs' build argument 'cmake_clean_cache' from command line to 'False'
[7.078s] Level 5:colcon.colcon_core.verb:set package 'aruco_opencv_msgs' build argument 'cmake_clean_first' from command line to 'False'
[7.078s] Level 5:colcon.colcon_core.verb:set package 'aruco_opencv_msgs' build argument 'cmake_force_configure' from command line to 'False'
[7.078s] Level 5:colcon.colcon_core.verb:set package 'aruco_opencv_msgs' build argument 'ament_cmake_args' from command line to 'None'
[7.079s] Level 5:colcon.colcon_core.verb:set package 'aruco_opencv_msgs' build argument 'catkin_cmake_args' from command line to 'None'
[7.079s] Level 5:colcon.colcon_core.verb:set package 'aruco_opencv_msgs' build argument 'catkin_skip_building_tests' from command line to 'False'
[7.079s] DEBUG:colcon.colcon_core.verb:Building package 'aruco_opencv_msgs' with the following arguments: {'ament_cmake_args': None, 'build_base': '/home/april/mobilerobotics_ws/build/aruco_opencv_msgs', 'catkin_cmake_args': None, 'catkin_skip_building_tests': False, 'cmake_args': None, 'cmake_clean_cache': False, 'cmake_clean_first': False, 'cmake_force_configure': False, 'cmake_target': None, 'cmake_target_skip_unavailable': False, 'install_base': '/home/april/mobilerobotics_ws/install/aruco_opencv_msgs', 'merge_install': False, 'path': '/home/april/mobilerobotics_ws/src/ros_aruco_opencv/aruco_opencv_msgs', 'symlink_install': False, 'test_result_base': None}
[7.163s] Level 5:colcon.colcon_core.verb:set package 'pathing' build argument 'cmake_args' from command line to 'None'
[7.163s] Level 5:colcon.colcon_core.verb:set package 'pathing' build argument 'cmake_target' from command line to 'None'
[7.163s] Level 5:colcon.colcon_core.verb:set package 'pathing' build argument 'cmake_target_skip_unavailable' from command line to 'False'
[7.164s] Level 5:colcon.colcon_core.verb:set package 'pathing' build argument 'cmake_clean_cache' from command line to 'False'
[7.164s] Level 5:colcon.colcon_core.verb:set package 'pathing' build argument 'cmake_clean_first' from command line to 'False'
[7.164s] Level 5:colcon.colcon_core.verb:set package 'pathing' build argument 'cmake_force_configure' from command line to 'False'
[7.164s] Level 5:colcon.colcon_core.verb:set package 'pathing' build argument 'ament_cmake_args' from command line to 'None'
[7.164s] Level 5:colcon.colcon_core.verb:set package 'pathing' build argument 'catkin_cmake_args' from command line to 'None'
[7.164s] Level 5:colcon.colcon_core.verb:set package 'pathing' build argument 'catkin_skip_building_tests' from command line to 'False'
[7.164s] DEBUG:colcon.colcon_core.verb:Building package 'pathing' with the following arguments: {'ament_cmake_args': None, 'build_base': '/home/april/mobilerobotics_ws/build/pathing', 'catkin_cmake_args': None, 'catkin_skip_building_tests': False, 'cmake_args': None, 'cmake_clean_cache': False, 'cmake_clean_first': False, 'cmake_force_configure': False, 'cmake_target': None, 'cmake_target_skip_unavailable': False, 'install_base': '/home/april/mobilerobotics_ws/install/pathing', 'merge_install': False, 'path': '/home/april/mobilerobotics_ws/src/pathing', 'symlink_install': False, 'test_result_base': None}
[7.265s] INFO:colcon.colcon_core.executor:Executing jobs using 'parallel' executor
[7.354s] DEBUG:colcon.colcon_parallel_executor.executor.parallel:run_until_complete
[7.354s] INFO:colcon.colcon_ros.task.ament_cmake.build:Building ROS package in '/home/april/mobilerobotics_ws/src/ros_aruco_opencv/aruco_opencv_msgs' with build type 'ament_cmake'
[7.355s] INFO:colcon.colcon_cmake.task.cmake.build:Building CMake package in '/home/april/mobilerobotics_ws/src/ros_aruco_opencv/aruco_opencv_msgs'
[7.450s] INFO:colcon.colcon_core.plugin_system:Skipping extension 'colcon_core.shell.bat': Not used on non-Windows systems
[7.458s] INFO:colcon.colcon_core.shell:Skip shell extension 'powershell' for command environment: Not usable outside of PowerShell
[7.458s] DEBUG:colcon.colcon_core.shell:Skip shell extension 'dsv' for command environment
[7.789s] INFO:colcon.colcon_ros.task.ament_python.build:Building ROS package in '/home/april/mobilerobotics_ws/src/pathing' with build type 'ament_python'
[7.792s] Level 1:colcon.colcon_core.shell:create_environment_hook('pathing', 'ament_prefix_path')
[7.855s] INFO:colcon.colcon_core.shell:Creating environment hook '/home/april/mobilerobotics_ws/install/pathing/share/pathing/hook/ament_prefix_path.ps1'
[7.856s] INFO:colcon.colcon_core.shell:Creating environment descriptor '/home/april/mobilerobotics_ws/install/pathing/share/pathing/hook/ament_prefix_path.dsv'
[7.857s] INFO:colcon.colcon_core.shell:Creating environment hook '/home/april/mobilerobotics_ws/install/pathing/share/pathing/hook/ament_prefix_path.sh'
[7.957s] INFO:colcon.colcon_core.shell:Skip shell extension 'powershell' for command environment: Not usable outside of PowerShell
[7.957s] DEBUG:colcon.colcon_core.shell:Skip shell extension 'dsv' for command environment
[8.380s] DEBUG:colcon.colcon_core.event_handler.log_command:Invoking command in '/home/april/mobilerobotics_ws/build/aruco_opencv_msgs': CMAKE_PREFIX_PATH=${CMAKE_PREFIX_PATH}:/home/april/mobilerobotics_ws/install/pathing:/opt/ros/foxy /usr/bin/cmake --build /home/april/mobilerobotics_ws/build/aruco_opencv_msgs -- -j2 -l2
[9.496s] INFO:colcon.colcon_core.task.python.build:Building Python package in '/home/april/mobilerobotics_ws/src/pathing'
[9.625s] INFO:colcon.colcon_core.shell:Skip shell extension 'powershell' for command environment: Not usable outside of PowerShell
[9.625s] DEBUG:colcon.colcon_core.shell:Skip shell extension 'dsv' for command environment
[10.455s] DEBUG:colcon.colcon_core.event_handler.log_command:Invoked command in '/home/april/mobilerobotics_ws/build/aruco_opencv_msgs' returned '0': CMAKE_PREFIX_PATH=${CMAKE_PREFIX_PATH}:/home/april/mobilerobotics_ws/install/pathing:/opt/ros/foxy /usr/bin/cmake --build /home/april/mobilerobotics_ws/build/aruco_opencv_msgs -- -j2 -l2
[11.231s] DEBUG:colcon.colcon_core.event_handler.log_command:Invoking command in '/home/april/mobilerobotics_ws/build/aruco_opencv_msgs': CMAKE_PREFIX_PATH=${CMAKE_PREFIX_PATH}:/home/april/mobilerobotics_ws/install/pathing:/opt/ros/foxy /usr/bin/cmake --install /home/april/mobilerobotics_ws/build/aruco_opencv_msgs
[11.530s] DEBUG:colcon.colcon_core.event_handler.log_command:Invoking command in '/home/april/mobilerobotics_ws/src/pathing': PYTHONPATH=/home/april/mobilerobotics_ws/build/pathing/prefix_override:/home/april/mobilerobotics_ws/install/pathing/lib/python3.8/site-packages:${PYTHONPATH} /usr/bin/python3 setup.py egg_info --egg-base ../../build/pathing build --build-base /home/april/mobilerobotics_ws/build/pathing/build install --record /home/april/mobilerobotics_ws/build/pathing/install.log --single-version-externally-managed
[11.580s] Level 1:colcon.colcon_core.environment:create_environment_scripts_only(aruco_opencv_msgs)
[11.581s] DEBUG:colcon.colcon_core.event_handler.log_command:Invoked command in '/home/april/mobilerobotics_ws/build/aruco_opencv_msgs' returned '0': CMAKE_PREFIX_PATH=${CMAKE_PREFIX_PATH}:/home/april/mobilerobotics_ws/install/pathing:/opt/ros/foxy /usr/bin/cmake --install /home/april/mobilerobotics_ws/build/aruco_opencv_msgs
[11.686s] Level 1:colcon.colcon_core.environment:checking '/home/april/mobilerobotics_ws/install/aruco_opencv_msgs' for CMake module files
[11.690s] Level 1:colcon.colcon_core.environment:checking '/home/april/mobilerobotics_ws/install/aruco_opencv_msgs' for CMake config files
[11.693s] Level 1:colcon.colcon_core.shell:create_environment_hook('aruco_opencv_msgs', 'cmake_prefix_path')
[11.800s] INFO:colcon.colcon_core.shell:Creating environment hook '/home/april/mobilerobotics_ws/install/aruco_opencv_msgs/share/aruco_opencv_msgs/hook/cmake_prefix_path.ps1'
[11.802s] INFO:colcon.colcon_core.shell:Creating environment descriptor '/home/april/mobilerobotics_ws/install/aruco_opencv_msgs/share/aruco_opencv_msgs/hook/cmake_prefix_path.dsv'
[11.804s] INFO:colcon.colcon_core.shell:Creating environment hook '/home/april/mobilerobotics_ws/install/aruco_opencv_msgs/share/aruco_opencv_msgs/hook/cmake_prefix_path.sh'
[11.808s] Level 1:colcon.colcon_core.environment:checking '/home/april/mobilerobotics_ws/install/aruco_opencv_msgs/lib'
[11.809s] Level 1:colcon.colcon_core.shell:create_environment_hook('aruco_opencv_msgs', 'ld_library_path_lib')
[11.916s] INFO:colcon.colcon_core.shell:Creating environment hook '/home/april/mobilerobotics_ws/install/aruco_opencv_msgs/share/aruco_opencv_msgs/hook/ld_library_path_lib.ps1'
[11.918s] INFO:colcon.colcon_core.shell:Creating environment descriptor '/home/april/mobilerobotics_ws/install/aruco_opencv_msgs/share/aruco_opencv_msgs/hook/ld_library_path_lib.dsv'
[11.920s] INFO:colcon.colcon_core.shell:Creating environment hook '/home/april/mobilerobotics_ws/install/aruco_opencv_msgs/share/aruco_opencv_msgs/hook/ld_library_path_lib.sh'
[11.922s] Level 1:colcon.colcon_core.environment:checking '/home/april/mobilerobotics_ws/install/aruco_opencv_msgs/bin'
[11.923s] Level 1:colcon.colcon_core.environment:checking '/home/april/mobilerobotics_ws/install/aruco_opencv_msgs/lib/pkgconfig/aruco_opencv_msgs.pc'
[11.924s] Level 1:colcon.colcon_core.environment:checking '/home/april/mobilerobotics_ws/install/aruco_opencv_msgs/lib/python3.8/site-packages'
[11.924s] Level 1:colcon.colcon_core.shell:create_environment_hook('aruco_opencv_msgs', 'pythonpath')
[12.011s] INFO:colcon.colcon_core.shell:Creating environment hook '/home/april/mobilerobotics_ws/install/aruco_opencv_msgs/share/aruco_opencv_msgs/hook/pythonpath.ps1'
[12.012s] INFO:colcon.colcon_core.shell:Creating environment descriptor '/home/april/mobilerobotics_ws/install/aruco_opencv_msgs/share/aruco_opencv_msgs/hook/pythonpath.dsv'
[12.013s] INFO:colcon.colcon_core.shell:Creating environment hook '/home/april/mobilerobotics_ws/install/aruco_opencv_msgs/share/aruco_opencv_msgs/hook/pythonpath.sh'
[12.015s] Level 1:colcon.colcon_core.environment:checking '/home/april/mobilerobotics_ws/install/aruco_opencv_msgs/bin'
[12.126s] INFO:colcon.colcon_core.shell:Creating package script '/home/april/mobilerobotics_ws/install/aruco_opencv_msgs/share/aruco_opencv_msgs/package.ps1'
[12.130s] INFO:colcon.colcon_core.shell:Creating package descriptor '/home/april/mobilerobotics_ws/install/aruco_opencv_msgs/share/aruco_opencv_msgs/package.dsv'
[12.132s] INFO:colcon.colcon_core.shell:Creating package script '/home/april/mobilerobotics_ws/install/aruco_opencv_msgs/share/aruco_opencv_msgs/package.sh'
[12.145s] INFO:colcon.colcon_core.shell:Creating package script '/home/april/mobilerobotics_ws/install/aruco_opencv_msgs/share/aruco_opencv_msgs/package.bash'
[12.149s] INFO:colcon.colcon_core.shell:Creating package script '/home/april/mobilerobotics_ws/install/aruco_opencv_msgs/share/aruco_opencv_msgs/package.zsh'
[12.158s] Level 1:colcon.colcon_core.environment:create_file_with_runtime_dependencies(/home/april/mobilerobotics_ws/install/aruco_opencv_msgs/share/colcon-core/packages/aruco_opencv_msgs)
[12.746s] DEBUG:colcon.colcon_core.event_handler.log_command:Invoked command in '/home/april/mobilerobotics_ws/src/pathing' returned '0': PYTHONPATH=/home/april/mobilerobotics_ws/build/pathing/prefix_override:/home/april/mobilerobotics_ws/install/pathing/lib/python3.8/site-packages:${PYTHONPATH} /usr/bin/python3 setup.py egg_info --egg-base ../../build/pathing build --build-base /home/april/mobilerobotics_ws/build/pathing/build install --record /home/april/mobilerobotics_ws/build/pathing/install.log --single-version-externally-managed
[12.878s] Level 1:colcon.colcon_core.environment:checking '/home/april/mobilerobotics_ws/install/pathing' for CMake module files
[12.881s] Level 1:colcon.colcon_core.environment:checking '/home/april/mobilerobotics_ws/install/pathing' for CMake config files
[12.888s] Level 1:colcon.colcon_core.environment:checking '/home/april/mobilerobotics_ws/install/pathing/lib'
[12.889s] Level 1:colcon.colcon_core.environment:checking '/home/april/mobilerobotics_ws/install/pathing/bin'
[12.890s] Level 1:colcon.colcon_core.environment:checking '/home/april/mobilerobotics_ws/install/pathing/lib/pkgconfig/pathing.pc'
[12.891s] Level 1:colcon.colcon_core.environment:checking '/home/april/mobilerobotics_ws/install/pathing/lib/python3.8/site-packages'
[12.891s] Level 1:colcon.colcon_core.shell:create_environment_hook('pathing', 'pythonpath')
[13.000s] INFO:colcon.colcon_core.shell:Creating environment hook '/home/april/mobilerobotics_ws/install/pathing/share/pathing/hook/pythonpath.ps1'
[13.003s] INFO:colcon.colcon_core.shell:Creating environment descriptor '/home/april/mobilerobotics_ws/install/pathing/share/pathing/hook/pythonpath.dsv'
[13.005s] INFO:colcon.colcon_core.shell:Creating environment hook '/home/april/mobilerobotics_ws/install/pathing/share/pathing/hook/pythonpath.sh'
[13.006s] Level 1:colcon.colcon_core.environment:checking '/home/april/mobilerobotics_ws/install/pathing/bin'
[13.006s] Level 1:colcon.colcon_core.environment:create_environment_scripts_only(pathing)
[13.173s] INFO:colcon.colcon_core.shell:Creating package script '/home/april/mobilerobotics_ws/install/pathing/share/pathing/package.ps1'
[13.174s] INFO:colcon.colcon_core.shell:Creating package descriptor '/home/april/mobilerobotics_ws/install/pathing/share/pathing/package.dsv'
[13.176s] INFO:colcon.colcon_core.shell:Creating package script '/home/april/mobilerobotics_ws/install/pathing/share/pathing/package.sh'
[13.178s] INFO:colcon.colcon_core.shell:Creating package script '/home/april/mobilerobotics_ws/install/pathing/share/pathing/package.bash'
[13.181s] INFO:colcon.colcon_core.shell:Creating package script '/home/april/mobilerobotics_ws/install/pathing/share/pathing/package.zsh'
[13.182s] Level 1:colcon.colcon_core.environment:create_file_with_runtime_dependencies(/home/april/mobilerobotics_ws/install/pathing/share/colcon-core/packages/pathing)
[13.396s] Level 1:colcon.colcon_core.environment:create_environment_scripts_only(aruco_opencv_msgs)
[13.480s] Level 1:colcon.colcon_core.environment:checking '/home/april/mobilerobotics_ws/install/aruco_opencv_msgs' for CMake module files
[13.481s] Level 1:colcon.colcon_core.environment:checking '/home/april/mobilerobotics_ws/install/aruco_opencv_msgs' for CMake config files
[13.490s] Level 1:colcon.colcon_core.shell:create_environment_hook('aruco_opencv_msgs', 'cmake_prefix_path')
[13.581s] INFO:colcon.colcon_core.shell:Creating environment hook '/home/april/mobilerobotics_ws/install/aruco_opencv_msgs/share/aruco_opencv_msgs/hook/cmake_prefix_path.ps1'
[13.583s] INFO:colcon.colcon_core.shell:Creating environment descriptor '/home/april/mobilerobotics_ws/install/aruco_opencv_msgs/share/aruco_opencv_msgs/hook/cmake_prefix_path.dsv'
[13.591s] INFO:colcon.colcon_core.shell:Creating environment hook '/home/april/mobilerobotics_ws/install/aruco_opencv_msgs/share/aruco_opencv_msgs/hook/cmake_prefix_path.sh'
[13.593s] Level 1:colcon.colcon_core.environment:checking '/home/april/mobilerobotics_ws/install/aruco_opencv_msgs/lib'
[13.593s] Level 1:colcon.colcon_core.shell:create_environment_hook('aruco_opencv_msgs', 'ld_library_path_lib')
[13.685s] INFO:colcon.colcon_core.shell:Creating environment hook '/home/april/mobilerobotics_ws/install/aruco_opencv_msgs/share/aruco_opencv_msgs/hook/ld_library_path_lib.ps1'
[13.686s] INFO:colcon.colcon_core.shell:Creating environment descriptor '/home/april/mobilerobotics_ws/install/aruco_opencv_msgs/share/aruco_opencv_msgs/hook/ld_library_path_lib.dsv'
[13.687s] INFO:colcon.colcon_core.shell:Creating environment hook '/home/april/mobilerobotics_ws/install/aruco_opencv_msgs/share/aruco_opencv_msgs/hook/ld_library_path_lib.sh'
[13.688s] Level 1:colcon.colcon_core.environment:checking '/home/april/mobilerobotics_ws/install/aruco_opencv_msgs/bin'
[13.689s] Level 1:colcon.colcon_core.environment:checking '/home/april/mobilerobotics_ws/install/aruco_opencv_msgs/lib/pkgconfig/aruco_opencv_msgs.pc'
[13.690s] Level 1:colcon.colcon_core.environment:checking '/home/april/mobilerobotics_ws/install/aruco_opencv_msgs/lib/python3.8/site-packages'
[13.690s] Level 1:colcon.colcon_core.shell:create_environment_hook('aruco_opencv_msgs', 'pythonpath')
[13.803s] INFO:colcon.colcon_core.shell:Creating environment hook '/home/april/mobilerobotics_ws/install/aruco_opencv_msgs/share/aruco_opencv_msgs/hook/pythonpath.ps1'
[13.808s] INFO:colcon.colcon_core.shell:Creating environment descriptor '/home/april/mobilerobotics_ws/install/aruco_opencv_msgs/share/aruco_opencv_msgs/hook/pythonpath.dsv'
[13.812s] INFO:colcon.colcon_core.shell:Creating environment hook '/home/april/mobilerobotics_ws/install/aruco_opencv_msgs/share/aruco_opencv_msgs/hook/pythonpath.sh'
[13.816s] Level 1:colcon.colcon_core.environment:checking '/home/april/mobilerobotics_ws/install/aruco_opencv_msgs/bin'
[13.927s] INFO:colcon.colcon_core.shell:Creating package script '/home/april/mobilerobotics_ws/install/aruco_opencv_msgs/share/aruco_opencv_msgs/package.ps1'
[13.930s] INFO:colcon.colcon_core.shell:Creating package descriptor '/home/april/mobilerobotics_ws/install/aruco_opencv_msgs/share/aruco_opencv_msgs/package.dsv'
[13.931s] INFO:colcon.colcon_core.shell:Creating package script '/home/april/mobilerobotics_ws/install/aruco_opencv_msgs/share/aruco_opencv_msgs/package.sh'
[13.934s] INFO:colcon.colcon_core.shell:Creating package script '/home/april/mobilerobotics_ws/install/aruco_opencv_msgs/share/aruco_opencv_msgs/package.bash'
[13.935s] INFO:colcon.colcon_core.shell:Creating package script '/home/april/mobilerobotics_ws/install/aruco_opencv_msgs/share/aruco_opencv_msgs/package.zsh'
[13.937s] Level 1:colcon.colcon_core.environment:create_file_with_runtime_dependencies(/home/april/mobilerobotics_ws/install/aruco_opencv_msgs/share/colcon-core/packages/aruco_opencv_msgs)
[13.941s] DEBUG:colcon.colcon_parallel_executor.executor.parallel:closing loop
[13.941s] DEBUG:colcon.colcon_parallel_executor.executor.parallel:loop closed
[13.942s] DEBUG:colcon.colcon_parallel_executor.executor.parallel:run_until_complete finished with '0'
[13.942s] DEBUG:colcon.colcon_core.event_reactor:joining thread
[14.063s] INFO:colcon.colcon_core.plugin_system:Skipping extension 'colcon_notification.desktop_notification.terminal_notifier': Not used on non-Darwin systems
[14.063s] INFO:colcon.colcon_core.plugin_system:Skipping extension 'colcon_notification.desktop_notification.win32': Not used on non-Windows systems
[14.063s] INFO:colcon.colcon_notification.desktop_notification:Sending desktop notification using 'notify2'
[14.103s] DEBUG:colcon.colcon_core.event_reactor:joined thread
[14.216s] INFO:colcon.colcon_core.shell:Creating prefix script '/home/april/mobilerobotics_ws/install/local_setup.ps1'
[14.218s] INFO:colcon.colcon_core.shell:Creating prefix util module '/home/april/mobilerobotics_ws/install/_local_setup_util_ps1.py'
[14.221s] INFO:colcon.colcon_core.shell:Creating prefix chain script '/home/april/mobilerobotics_ws/install/setup.ps1'
[14.330s] INFO:colcon.colcon_core.shell:Creating prefix script '/home/april/mobilerobotics_ws/install/local_setup.sh'
[14.331s] INFO:colcon.colcon_core.shell:Creating prefix util module '/home/april/mobilerobotics_ws/install/_local_setup_util_sh.py'
[14.331s] INFO:colcon.colcon_core.shell:Creating prefix chain script '/home/april/mobilerobotics_ws/install/setup.sh'
[14.467s] INFO:colcon.colcon_core.shell:Creating prefix script '/home/april/mobilerobotics_ws/install/local_setup.bash'
[14.474s] INFO:colcon.colcon_core.shell:Creating prefix chain script '/home/april/mobilerobotics_ws/install/setup.bash'
[14.611s] INFO:colcon.colcon_core.shell:Creating prefix script '/home/april/mobilerobotics_ws/install/local_setup.zsh'
[14.613s] INFO:colcon.colcon_core.shell:Creating prefix chain script '/home/april/mobilerobotics_ws/install/setup.zsh'
