[4.198s] Invoking command in '/home/april/mobilerobotics_ws/src/pathing': PYTHONPATH=/home/april/mobilerobotics_ws/build/pathing/prefix_override:/home/april/mobilerobotics_ws/install/pathing/lib/python3.8/site-packages:${PYTHONPATH} /usr/bin/python3 setup.py egg_info --egg-base ../../build/pathing build --build-base /home/april/mobilerobotics_ws/build/pathing/build install --record /home/april/mobilerobotics_ws/build/pathing/install.log --single-version-externally-managed
[5.065s] running egg_info
[5.066s] writing ../../build/pathing/pathing.egg-info/PKG-INFO
[5.068s] writing dependency_links to ../../build/pathing/pathing.egg-info/dependency_links.txt
[5.075s] writing entry points to ../../build/pathing/pathing.egg-info/entry_points.txt
[5.075s] writing requirements to ../../build/pathing/pathing.egg-info/requires.txt
[5.075s] writing top-level names to ../../build/pathing/pathing.egg-info/top_level.txt
[5.156s] reading manifest file '../../build/pathing/pathing.egg-info/SOURCES.txt'
[5.157s] writing manifest file '../../build/pathing/pathing.egg-info/SOURCES.txt'
[5.157s] running build
[5.157s] running build_py
[5.158s] copying pathing/better_soccer.py -> /home/april/mobilerobotics_ws/build/pathing/build/lib/pathing
[5.158s] running install
[5.165s] running install_lib
[5.169s] copying /home/april/mobilerobotics_ws/build/pathing/build/lib/pathing/better_soccer.py -> /home/april/mobilerobotics_ws/install/pathing/lib/python3.8/site-packages/pathing
[5.175s] byte-compiling /home/april/mobilerobotics_ws/install/pathing/lib/python3.8/site-packages/pathing/better_soccer.py to better_soccer.cpython-38.pyc
[5.192s] running install_data
[5.193s] running install_egg_info
[5.197s] removing '/home/april/mobilerobotics_ws/install/pathing/lib/python3.8/site-packages/pathing-0.0.0-py3.8.egg-info' (and everything under it)
[5.198s] Copying ../../build/pathing/pathing.egg-info to /home/april/mobilerobotics_ws/install/pathing/lib/python3.8/site-packages/pathing-0.0.0-py3.8.egg-info
[5.205s] running install_scripts
[5.259s] Installing angle script to /home/april/mobilerobotics_ws/install/pathing/lib/pathing
[5.260s] Installing forward script to /home/april/mobilerobotics_ws/install/pathing/lib/pathing
[5.261s] Installing planner script to /home/april/mobilerobotics_ws/install/pathing/lib/pathing
[5.262s] writing list of installed files to '/home/april/mobilerobotics_ws/build/pathing/install.log'
[5.544s] Invoked command in '/home/april/mobilerobotics_ws/src/pathing' returned '0': PYTHONPATH=/home/april/mobilerobotics_ws/build/pathing/prefix_override:/home/april/mobilerobotics_ws/install/pathing/lib/python3.8/site-packages:${PYTHONPATH} /usr/bin/python3 setup.py egg_info --egg-base ../../build/pathing build --build-base /home/april/mobilerobotics_ws/build/pathing/build install --record /home/april/mobilerobotics_ws/build/pathing/install.log --single-version-externally-managed
