[5.139s] Invoking command in '/home/april/mobilerobotics_ws/src/pathing': PYTHONPATH=/home/april/mobilerobotics_ws/build/pathing/prefix_override:/home/april/mobilerobotics_ws/install/pathing/lib/python3.8/site-packages:${PYTHONPATH} /usr/bin/python3 setup.py egg_info --egg-base ../../build/pathing build --build-base /home/april/mobilerobotics_ws/build/pathing/build install --record /home/april/mobilerobotics_ws/build/pathing/install.log --single-version-externally-managed
[6.625s] running egg_info
[6.631s] writing ../../build/pathing/pathing.egg-info/PKG-INFO
[6.632s] writing dependency_links to ../../build/pathing/pathing.egg-info/dependency_links.txt
[6.633s] writing entry points to ../../build/pathing/pathing.egg-info/entry_points.txt
[6.655s] writing requirements to ../../build/pathing/pathing.egg-info/requires.txt
[6.657s] writing top-level names to ../../build/pathing/pathing.egg-info/top_level.txt
[6.921s] reading manifest file '../../build/pathing/pathing.egg-info/SOURCES.txt'
[6.944s] writing manifest file '../../build/pathing/pathing.egg-info/SOURCES.txt'
[6.945s] running build
[6.945s] running build_py
[6.956s] copying pathing/better_soccer.py -> /home/april/mobilerobotics_ws/build/pathing/build/lib/pathing
[6.983s] running install
[6.984s] running install_lib
[6.991s] copying /home/april/mobilerobotics_ws/build/pathing/build/lib/pathing/better_soccer.py -> /home/april/mobilerobotics_ws/install/pathing/lib/python3.8/site-packages/pathing
[6.991s] byte-compiling /home/april/mobilerobotics_ws/install/pathing/lib/python3.8/site-packages/pathing/better_soccer.py to better_soccer.cpython-38.pyc
[7.062s] running install_data
[7.075s] running install_egg_info
[7.075s] removing '/home/april/mobilerobotics_ws/install/pathing/lib/python3.8/site-packages/pathing-0.0.0-py3.8.egg-info' (and everything under it)
[7.079s] Copying ../../build/pathing/pathing.egg-info to /home/april/mobilerobotics_ws/install/pathing/lib/python3.8/site-packages/pathing-0.0.0-py3.8.egg-info
[7.080s] running install_scripts
[7.209s] Installing planner script to /home/april/mobilerobotics_ws/install/pathing/lib/pathing
[7.209s] writing list of installed files to '/home/april/mobilerobotics_ws/build/pathing/install.log'
[7.554s] Invoked command in '/home/april/mobilerobotics_ws/src/pathing' returned '0': PYTHONPATH=/home/april/mobilerobotics_ws/build/pathing/prefix_override:/home/april/mobilerobotics_ws/install/pathing/lib/python3.8/site-packages:${PYTHONPATH} /usr/bin/python3 setup.py egg_info --egg-base ../../build/pathing build --build-base /home/april/mobilerobotics_ws/build/pathing/build install --record /home/april/mobilerobotics_ws/build/pathing/install.log --single-version-externally-managed
