[2.237s] Invoking command in '/home/april/mobilerobotics_ws/src/pathing': PYTHONPATH=/home/april/mobilerobotics_ws/build/pathing/prefix_override:/home/april/mobilerobotics_ws/install/pathing/lib/python3.8/site-packages:${PYTHONPATH} /usr/bin/python3 setup.py egg_info --egg-base ../../build/pathing build --build-base /home/april/mobilerobotics_ws/build/pathing/build install --record /home/april/mobilerobotics_ws/build/pathing/install.log --single-version-externally-managed
[2.786s] running egg_info
[2.786s] writing ../../build/pathing/pathing.egg-info/PKG-INFO
[2.786s] writing dependency_links to ../../build/pathing/pathing.egg-info/dependency_links.txt
[2.787s] writing entry points to ../../build/pathing/pathing.egg-info/entry_points.txt
[2.787s] writing requirements to ../../build/pathing/pathing.egg-info/requires.txt
[2.787s] writing top-level names to ../../build/pathing/pathing.egg-info/top_level.txt
[2.851s] reading manifest file '../../build/pathing/pathing.egg-info/SOURCES.txt'
[2.852s] writing manifest file '../../build/pathing/pathing.egg-info/SOURCES.txt'
[2.853s] running build
[2.853s] running build_py
[2.853s] copying pathing/standard_movement.py -> /home/april/mobilerobotics_ws/build/pathing/build/lib/pathing
[2.853s] running install
[2.854s] running install_lib
[2.855s] copying /home/april/mobilerobotics_ws/build/pathing/build/lib/pathing/standard_movement.py -> /home/april/mobilerobotics_ws/install/pathing/lib/python3.8/site-packages/pathing
[2.856s] byte-compiling /home/april/mobilerobotics_ws/install/pathing/lib/python3.8/site-packages/pathing/standard_movement.py to standard_movement.cpython-38.pyc
[2.858s] running install_data
[2.858s] running install_egg_info
[2.867s] removing '/home/april/mobilerobotics_ws/install/pathing/lib/python3.8/site-packages/pathing-0.0.0-py3.8.egg-info' (and everything under it)
[2.868s] Copying ../../build/pathing/pathing.egg-info to /home/april/mobilerobotics_ws/install/pathing/lib/python3.8/site-packages/pathing-0.0.0-py3.8.egg-info
[2.869s] running install_scripts
[2.902s] Installing angle script to /home/april/mobilerobotics_ws/install/pathing/lib/pathing
[2.902s] Installing forward script to /home/april/mobilerobotics_ws/install/pathing/lib/pathing
[2.902s] Installing planner script to /home/april/mobilerobotics_ws/install/pathing/lib/pathing
[2.902s] writing list of installed files to '/home/april/mobilerobotics_ws/build/pathing/install.log'
[2.932s] Invoked command in '/home/april/mobilerobotics_ws/src/pathing' returned '0': PYTHONPATH=/home/april/mobilerobotics_ws/build/pathing/prefix_override:/home/april/mobilerobotics_ws/install/pathing/lib/python3.8/site-packages:${PYTHONPATH} /usr/bin/python3 setup.py egg_info --egg-base ../../build/pathing build --build-base /home/april/mobilerobotics_ws/build/pathing/build install --record /home/april/mobilerobotics_ws/build/pathing/install.log --single-version-externally-managed
