/home/april/mobilerobotics_ws/install/pathing/lib/python3.8/site-packages/pathing/better_soccer.py
/home/april/mobilerobotics_ws/install/pathing/lib/python3.8/site-packages/pathing/__init__.py
/home/april/mobilerobotics_ws/install/pathing/lib/python3.8/site-packages/pathing/soccer.py
/home/april/mobilerobotics_ws/install/pathing/lib/python3.8/site-packages/pathing/standard_movement.py
/home/april/mobilerobotics_ws/install/pathing/lib/python3.8/site-packages/pathing/standard_angle.py
/home/april/mobilerobotics_ws/install/pathing/lib/python3.8/site-packages/pathing/pathing.py
/home/april/mobilerobotics_ws/install/pathing/lib/python3.8/site-packages/pathing/__pycache__/better_soccer.cpython-38.pyc
/home/april/mobilerobotics_ws/install/pathing/lib/python3.8/site-packages/pathing/__pycache__/__init__.cpython-38.pyc
/home/april/mobilerobotics_ws/install/pathing/lib/python3.8/site-packages/pathing/__pycache__/soccer.cpython-38.pyc
/home/april/mobilerobotics_ws/install/pathing/lib/python3.8/site-packages/pathing/__pycache__/standard_movement.cpython-38.pyc
/home/april/mobilerobotics_ws/install/pathing/lib/python3.8/site-packages/pathing/__pycache__/standard_angle.cpython-38.pyc
/home/april/mobilerobotics_ws/install/pathing/lib/python3.8/site-packages/pathing/__pycache__/pathing.cpython-38.pyc
/home/april/mobilerobotics_ws/install/pathing/share/ament_index/resource_index/packages/pathing
/home/april/mobilerobotics_ws/install/pathing/share/pathing/package.xml
/home/april/mobilerobotics_ws/install/pathing/lib/python3.8/site-packages/pathing-0.0.0-py3.8.egg-info/SOURCES.txt
/home/april/mobilerobotics_ws/install/pathing/lib/python3.8/site-packages/pathing-0.0.0-py3.8.egg-info/dependency_links.txt
/home/april/mobilerobotics_ws/install/pathing/lib/python3.8/site-packages/pathing-0.0.0-py3.8.egg-info/zip-safe
/home/april/mobilerobotics_ws/install/pathing/lib/python3.8/site-packages/pathing-0.0.0-py3.8.egg-info/entry_points.txt
/home/april/mobilerobotics_ws/install/pathing/lib/python3.8/site-packages/pathing-0.0.0-py3.8.egg-info/PKG-INFO
/home/april/mobilerobotics_ws/install/pathing/lib/python3.8/site-packages/pathing-0.0.0-py3.8.egg-info/top_level.txt
/home/april/mobilerobotics_ws/install/pathing/lib/python3.8/site-packages/pathing-0.0.0-py3.8.egg-info/requires.txt
/home/april/mobilerobotics_ws/install/pathing/lib/pathing/angle
/home/april/mobilerobotics_ws/install/pathing/lib/pathing/forward
/home/april/mobilerobotics_ws/install/pathing/lib/pathing/planner
