[2.356s] Invoking command in '/home/april/mobilerobotics_ws/src/pathing': PYTHONPATH=/home/april/mobilerobotics_ws/build/pathing/prefix_override:/home/april/mobilerobotics_ws/install/pathing/lib/python3.8/site-packages:${PYTHONPATH} /usr/bin/python3 setup.py egg_info --egg-base ../../build/pathing build --build-base /home/april/mobilerobotics_ws/build/pathing/build install --record /home/april/mobilerobotics_ws/build/pathing/install.log --single-version-externally-managed
[2.930s] running egg_info
[2.941s] writing ../../build/pathing/pathing.egg-info/PKG-INFO
[2.941s] writing dependency_links to ../../build/pathing/pathing.egg-info/dependency_links.txt
[2.942s] writing entry points to ../../build/pathing/pathing.egg-info/entry_points.txt
[2.942s] writing requirements to ../../build/pathing/pathing.egg-info/requires.txt
[2.942s] writing top-level names to ../../build/pathing/pathing.egg-info/top_level.txt
[3.007s] reading manifest file '../../build/pathing/pathing.egg-info/SOURCES.txt'
[3.008s] writing manifest file '../../build/pathing/pathing.egg-info/SOURCES.txt'
[3.009s] running build
[3.010s] running build_py
[3.010s] copying pathing/standard_movement.py -> /home/april/mobilerobotics_ws/build/pathing/build/lib/pathing
[3.012s] running install
[3.014s] running install_lib
[3.016s] copying /home/april/mobilerobotics_ws/build/pathing/build/lib/pathing/standard_movement.py -> /home/april/mobilerobotics_ws/install/pathing/lib/python3.8/site-packages/pathing
[3.018s] byte-compiling /home/april/mobilerobotics_ws/install/pathing/lib/python3.8/site-packages/pathing/standard_movement.py to standard_movement.cpython-38.pyc
[3.021s] running install_data
[3.023s] running install_egg_info
[3.027s] removing '/home/april/mobilerobotics_ws/install/pathing/lib/python3.8/site-packages/pathing-0.0.0-py3.8.egg-info' (and everything under it)
[3.027s] Copying ../../build/pathing/pathing.egg-info to /home/april/mobilerobotics_ws/install/pathing/lib/python3.8/site-packages/pathing-0.0.0-py3.8.egg-info
[3.028s] running install_scripts
[3.046s] Installing angle script to /home/april/mobilerobotics_ws/install/pathing/lib/pathing
[3.047s] Installing forward script to /home/april/mobilerobotics_ws/install/pathing/lib/pathing
[3.047s] Installing planner script to /home/april/mobilerobotics_ws/install/pathing/lib/pathing
[3.049s] writing list of installed files to '/home/april/mobilerobotics_ws/build/pathing/install.log'
[3.179s] Invoked command in '/home/april/mobilerobotics_ws/src/pathing' returned '0': PYTHONPATH=/home/april/mobilerobotics_ws/build/pathing/prefix_override:/home/april/mobilerobotics_ws/install/pathing/lib/python3.8/site-packages:${PYTHONPATH} /usr/bin/python3 setup.py egg_info --egg-base ../../build/pathing build --build-base /home/april/mobilerobotics_ws/build/pathing/build install --record /home/april/mobilerobotics_ws/build/pathing/install.log --single-version-externally-managed
