[2.249s] Invoking command in '/home/april/mobilerobotics_ws/src/pathing': PYTHONPATH=/home/april/mobilerobotics_ws/build/pathing/prefix_override:/home/april/mobilerobotics_ws/install/pathing/lib/python3.8/site-packages:${PYTHONPATH} /usr/bin/python3 setup.py egg_info --egg-base ../../build/pathing build --build-base /home/april/mobilerobotics_ws/build/pathing/build install --record /home/april/mobilerobotics_ws/build/pathing/install.log --single-version-externally-managed
[2.723s] running egg_info
[2.725s] writing ../../build/pathing/pathing.egg-info/PKG-INFO
[2.727s] writing dependency_links to ../../build/pathing/pathing.egg-info/dependency_links.txt
[2.728s] writing entry points to ../../build/pathing/pathing.egg-info/entry_points.txt
[2.729s] writing requirements to ../../build/pathing/pathing.egg-info/requires.txt
[2.729s] writing top-level names to ../../build/pathing/pathing.egg-info/top_level.txt
[2.792s] reading manifest file '../../build/pathing/pathing.egg-info/SOURCES.txt'
[2.797s] writing manifest file '../../build/pathing/pathing.egg-info/SOURCES.txt'
[2.798s] running build
[2.799s] running build_py
[2.801s] copying pathing/better_soccer.py -> /home/april/mobilerobotics_ws/build/pathing/build/lib/pathing
[2.804s] running install
[2.807s] running install_lib
[2.808s] copying /home/april/mobilerobotics_ws/build/pathing/build/lib/pathing/better_soccer.py -> /home/april/mobilerobotics_ws/install/pathing/lib/python3.8/site-packages/pathing
[2.809s] byte-compiling /home/april/mobilerobotics_ws/install/pathing/lib/python3.8/site-packages/pathing/better_soccer.py to better_soccer.cpython-38.pyc
[2.813s] running install_data
[2.814s] running install_egg_info
[2.817s] removing '/home/april/mobilerobotics_ws/install/pathing/lib/python3.8/site-packages/pathing-0.0.0-py3.8.egg-info' (and everything under it)
[2.824s] Copying ../../build/pathing/pathing.egg-info to /home/april/mobilerobotics_ws/install/pathing/lib/python3.8/site-packages/pathing-0.0.0-py3.8.egg-info
[2.824s] running install_scripts
[2.859s] Installing planner script to /home/april/mobilerobotics_ws/install/pathing/lib/pathing
[2.859s] writing list of installed files to '/home/april/mobilerobotics_ws/build/pathing/install.log'
[3.063s] Invoked command in '/home/april/mobilerobotics_ws/src/pathing' returned '0': PYTHONPATH=/home/april/mobilerobotics_ws/build/pathing/prefix_override:/home/april/mobilerobotics_ws/install/pathing/lib/python3.8/site-packages:${PYTHONPATH} /usr/bin/python3 setup.py egg_info --egg-base ../../build/pathing build --build-base /home/april/mobilerobotics_ws/build/pathing/build install --record /home/april/mobilerobotics_ws/build/pathing/install.log --single-version-externally-managed
