[2.396s] Invoking command in '/home/april/mobilerobotics_ws/src/pathing': PYTHONPATH=/home/april/mobilerobotics_ws/build/pathing/prefix_override:/home/april/mobilerobotics_ws/install/pathing/lib/python3.8/site-packages:${PYTHONPATH} /usr/bin/python3 setup.py egg_info --egg-base ../../build/pathing build --build-base /home/april/mobilerobotics_ws/build/pathing/build install --record /home/april/mobilerobotics_ws/build/pathing/install.log --single-version-externally-managed
[2.986s] running egg_info
[3.018s] writing ../../build/pathing/pathing.egg-info/PKG-INFO
[3.018s] writing dependency_links to ../../build/pathing/pathing.egg-info/dependency_links.txt
[3.018s] writing entry points to ../../build/pathing/pathing.egg-info/entry_points.txt
[3.019s] writing requirements to ../../build/pathing/pathing.egg-info/requires.txt
[3.019s] writing top-level names to ../../build/pathing/pathing.egg-info/top_level.txt
[3.077s] reading manifest file '../../build/pathing/pathing.egg-info/SOURCES.txt'
[3.078s] writing manifest file '../../build/pathing/pathing.egg-info/SOURCES.txt'
[3.078s] running build
[3.079s] running build_py
[3.079s] copying pathing/standard_movement.py -> /home/april/mobilerobotics_ws/build/pathing/build/lib/pathing
[3.079s] running install
[3.080s] running install_lib
[3.093s] copying /home/april/mobilerobotics_ws/build/pathing/build/lib/pathing/standard_movement.py -> /home/april/mobilerobotics_ws/install/pathing/lib/python3.8/site-packages/pathing
[3.093s] byte-compiling /home/april/mobilerobotics_ws/install/pathing/lib/python3.8/site-packages/pathing/standard_movement.py to standard_movement.cpython-38.pyc
[3.093s] running install_data
[3.093s] running install_egg_info
[3.096s] removing '/home/april/mobilerobotics_ws/install/pathing/lib/python3.8/site-packages/pathing-0.0.0-py3.8.egg-info' (and everything under it)
[3.097s] Copying ../../build/pathing/pathing.egg-info to /home/april/mobilerobotics_ws/install/pathing/lib/python3.8/site-packages/pathing-0.0.0-py3.8.egg-info
[3.099s] running install_scripts
[3.125s] Installing angle script to /home/april/mobilerobotics_ws/install/pathing/lib/pathing
[3.126s] Installing forward script to /home/april/mobilerobotics_ws/install/pathing/lib/pathing
[3.126s] Installing planner script to /home/april/mobilerobotics_ws/install/pathing/lib/pathing
[3.127s] writing list of installed files to '/home/april/mobilerobotics_ws/build/pathing/install.log'
[3.236s] Invoked command in '/home/april/mobilerobotics_ws/src/pathing' returned '0': PYTHONPATH=/home/april/mobilerobotics_ws/build/pathing/prefix_override:/home/april/mobilerobotics_ws/install/pathing/lib/python3.8/site-packages:${PYTHONPATH} /usr/bin/python3 setup.py egg_info --egg-base ../../build/pathing build --build-base /home/april/mobilerobotics_ws/build/pathing/build install --record /home/april/mobilerobotics_ws/build/pathing/install.log --single-version-externally-managed
