[3.782s] Invoking command in '/home/april/mobilerobotics_ws/src/pathing': PYTHONPATH=/home/april/mobilerobotics_ws/build/pathing/prefix_override:/home/april/mobilerobotics_ws/install/pathing/lib/python3.8/site-packages:${PYTHONPATH} /usr/bin/python3 setup.py egg_info --egg-base ../../build/pathing build --build-base /home/april/mobilerobotics_ws/build/pathing/build install --record /home/april/mobilerobotics_ws/build/pathing/install.log --single-version-externally-managed
[4.610s] running egg_info
[4.611s] writing ../../build/pathing/pathing.egg-info/PKG-INFO
[4.612s] writing dependency_links to ../../build/pathing/pathing.egg-info/dependency_links.txt
[4.612s] writing entry points to ../../build/pathing/pathing.egg-info/entry_points.txt
[4.612s] writing requirements to ../../build/pathing/pathing.egg-info/requires.txt
[4.613s] writing top-level names to ../../build/pathing/pathing.egg-info/top_level.txt
[4.687s] reading manifest file '../../build/pathing/pathing.egg-info/SOURCES.txt'
[4.690s] writing manifest file '../../build/pathing/pathing.egg-info/SOURCES.txt'
[4.692s] running build
[4.692s] running build_py
[4.694s] copying pathing/better_soccer.py -> /home/april/mobilerobotics_ws/build/pathing/build/lib/pathing
[4.697s] running install
[4.700s] running install_lib
[4.705s] copying /home/april/mobilerobotics_ws/build/pathing/build/lib/pathing/better_soccer.py -> /home/april/mobilerobotics_ws/install/pathing/lib/python3.8/site-packages/pathing
[4.709s] byte-compiling /home/april/mobilerobotics_ws/install/pathing/lib/python3.8/site-packages/pathing/better_soccer.py to better_soccer.cpython-38.pyc
[4.717s] running install_data
[4.718s] running install_egg_info
[4.721s] removing '/home/april/mobilerobotics_ws/install/pathing/lib/python3.8/site-packages/pathing-0.0.0-py3.8.egg-info' (and everything under it)
[4.721s] Copying ../../build/pathing/pathing.egg-info to /home/april/mobilerobotics_ws/install/pathing/lib/python3.8/site-packages/pathing-0.0.0-py3.8.egg-info
[4.724s] running install_scripts
[4.783s] Installing planner script to /home/april/mobilerobotics_ws/install/pathing/lib/pathing
[4.784s] writing list of installed files to '/home/april/mobilerobotics_ws/build/pathing/install.log'
[4.835s] Invoked command in '/home/april/mobilerobotics_ws/src/pathing' returned '0': PYTHONPATH=/home/april/mobilerobotics_ws/build/pathing/prefix_override:/home/april/mobilerobotics_ws/install/pathing/lib/python3.8/site-packages:${PYTHONPATH} /usr/bin/python3 setup.py egg_info --egg-base ../../build/pathing build --build-base /home/april/mobilerobotics_ws/build/pathing/build install --record /home/april/mobilerobotics_ws/build/pathing/install.log --single-version-externally-managed
