[4.863s] Invoking command in '/home/april/mobilerobotics_ws/src/pathing': PYTHONPATH=/home/april/mobilerobotics_ws/build/pathing/prefix_override:/home/april/mobilerobotics_ws/install/pathing/lib/python3.8/site-packages:${PYTHONPATH} /usr/bin/python3 setup.py egg_info --egg-base ../../build/pathing build --build-base /home/april/mobilerobotics_ws/build/pathing/build install --record /home/april/mobilerobotics_ws/build/pathing/install.log --single-version-externally-managed
[5.926s] running egg_info
[5.929s] writing ../../build/pathing/pathing.egg-info/PKG-INFO
[5.931s] writing dependency_links to ../../build/pathing/pathing.egg-info/dependency_links.txt
[5.932s] writing entry points to ../../build/pathing/pathing.egg-info/entry_points.txt
[5.933s] writing requirements to ../../build/pathing/pathing.egg-info/requires.txt
[5.934s] writing top-level names to ../../build/pathing/pathing.egg-info/top_level.txt
[6.089s] reading manifest file '../../build/pathing/pathing.egg-info/SOURCES.txt'
[6.091s] writing manifest file '../../build/pathing/pathing.egg-info/SOURCES.txt'
[6.092s] running build
[6.093s] running build_py
[6.095s] copying pathing/better_soccer.py -> /home/april/mobilerobotics_ws/build/pathing/build/lib/pathing
[6.099s] running install
[6.108s] running install_lib
[6.109s] copying /home/april/mobilerobotics_ws/build/pathing/build/lib/pathing/better_soccer.py -> /home/april/mobilerobotics_ws/install/pathing/lib/python3.8/site-packages/pathing
[6.115s] byte-compiling /home/april/mobilerobotics_ws/install/pathing/lib/python3.8/site-packages/pathing/better_soccer.py to better_soccer.cpython-38.pyc
[6.124s] running install_data
[6.127s] running install_egg_info
[6.133s] removing '/home/april/mobilerobotics_ws/install/pathing/lib/python3.8/site-packages/pathing-0.0.0-py3.8.egg-info' (and everything under it)
[6.133s] Copying ../../build/pathing/pathing.egg-info to /home/april/mobilerobotics_ws/install/pathing/lib/python3.8/site-packages/pathing-0.0.0-py3.8.egg-info
[6.138s] running install_scripts
[6.190s] Installing planner script to /home/april/mobilerobotics_ws/install/pathing/lib/pathing
[6.192s] writing list of installed files to '/home/april/mobilerobotics_ws/build/pathing/install.log'
[6.638s] Invoked command in '/home/april/mobilerobotics_ws/src/pathing' returned '0': PYTHONPATH=/home/april/mobilerobotics_ws/build/pathing/prefix_override:/home/april/mobilerobotics_ws/install/pathing/lib/python3.8/site-packages:${PYTHONPATH} /usr/bin/python3 setup.py egg_info --egg-base ../../build/pathing build --build-base /home/april/mobilerobotics_ws/build/pathing/build install --record /home/april/mobilerobotics_ws/build/pathing/install.log --single-version-externally-managed
