[4.297s] Invoking command in '/home/april/mobilerobotics_ws/src/pathing': PYTHONPATH=/home/april/mobilerobotics_ws/build/pathing/prefix_override:/home/april/mobilerobotics_ws/install/pathing/lib/python3.8/site-packages:${PYTHONPATH} /usr/bin/python3 setup.py egg_info --egg-base ../../build/pathing build --build-base /home/april/mobilerobotics_ws/build/pathing/build install --record /home/april/mobilerobotics_ws/build/pathing/install.log --single-version-externally-managed
[5.365s] running egg_info
[5.366s] writing ../../build/pathing/pathing.egg-info/PKG-INFO
[5.366s] writing dependency_links to ../../build/pathing/pathing.egg-info/dependency_links.txt
[5.366s] writing entry points to ../../build/pathing/pathing.egg-info/entry_points.txt
[5.367s] writing requirements to ../../build/pathing/pathing.egg-info/requires.txt
[5.367s] writing top-level names to ../../build/pathing/pathing.egg-info/top_level.txt
[5.428s] reading manifest file '../../build/pathing/pathing.egg-info/SOURCES.txt'
[5.429s] writing manifest file '../../build/pathing/pathing.egg-info/SOURCES.txt'
[5.430s] running build
[5.430s] running build_py
[5.431s] copying pathing/better_soccer.py -> /home/april/mobilerobotics_ws/build/pathing/build/lib/pathing
[5.433s] running install
[5.436s] running install_lib
[5.440s] copying /home/april/mobilerobotics_ws/build/pathing/build/lib/pathing/better_soccer.py -> /home/april/mobilerobotics_ws/install/pathing/lib/python3.8/site-packages/pathing
[5.444s] byte-compiling /home/april/mobilerobotics_ws/install/pathing/lib/python3.8/site-packages/pathing/better_soccer.py to better_soccer.cpython-38.pyc
[5.467s] running install_data
[5.469s] running install_egg_info
[5.473s] removing '/home/april/mobilerobotics_ws/install/pathing/lib/python3.8/site-packages/pathing-0.0.0-py3.8.egg-info' (and everything under it)
[5.474s] Copying ../../build/pathing/pathing.egg-info to /home/april/mobilerobotics_ws/install/pathing/lib/python3.8/site-packages/pathing-0.0.0-py3.8.egg-info
[5.476s] running install_scripts
[5.524s] Installing angle script to /home/april/mobilerobotics_ws/install/pathing/lib/pathing
[5.526s] Installing forward script to /home/april/mobilerobotics_ws/install/pathing/lib/pathing
[5.527s] Installing planner script to /home/april/mobilerobotics_ws/install/pathing/lib/pathing
[5.529s] writing list of installed files to '/home/april/mobilerobotics_ws/build/pathing/install.log'
[5.611s] Invoked command in '/home/april/mobilerobotics_ws/src/pathing' returned '0': PYTHONPATH=/home/april/mobilerobotics_ws/build/pathing/prefix_override:/home/april/mobilerobotics_ws/install/pathing/lib/python3.8/site-packages:${PYTHONPATH} /usr/bin/python3 setup.py egg_info --egg-base ../../build/pathing build --build-base /home/april/mobilerobotics_ws/build/pathing/build install --record /home/april/mobilerobotics_ws/build/pathing/install.log --single-version-externally-managed
