[2.844s] Invoking command in '/home/april/mobilerobotics_ws/src/pathing': PYTHONPATH=/home/april/mobilerobotics_ws/build/pathing/prefix_override:/home/april/mobilerobotics_ws/install/pathing/lib/python3.8/site-packages:${PYTHONPATH} /usr/bin/python3 setup.py egg_info --egg-base ../../build/pathing build --build-base /home/april/mobilerobotics_ws/build/pathing/build install --record /home/april/mobilerobotics_ws/build/pathing/install.log --single-version-externally-managed
[3.314s] running egg_info
[3.316s] writing ../../build/pathing/pathing.egg-info/PKG-INFO
[3.317s] writing dependency_links to ../../build/pathing/pathing.egg-info/dependency_links.txt
[3.317s] writing entry points to ../../build/pathing/pathing.egg-info/entry_points.txt
[3.320s] writing requirements to ../../build/pathing/pathing.egg-info/requires.txt
[3.320s] writing top-level names to ../../build/pathing/pathing.egg-info/top_level.txt
[3.397s] reading manifest file '../../build/pathing/pathing.egg-info/SOURCES.txt'
[3.399s] writing manifest file '../../build/pathing/pathing.egg-info/SOURCES.txt'
[3.401s] running build
[3.401s] running build_py
[3.406s] copying pathing/better_soccer.py -> /home/april/mobilerobotics_ws/build/pathing/build/lib/pathing
[3.409s] running install
[3.410s] running install_lib
[3.413s] copying /home/april/mobilerobotics_ws/build/pathing/build/lib/pathing/better_soccer.py -> /home/april/mobilerobotics_ws/install/pathing/lib/python3.8/site-packages/pathing
[3.414s] byte-compiling /home/april/mobilerobotics_ws/install/pathing/lib/python3.8/site-packages/pathing/better_soccer.py to better_soccer.cpython-38.pyc
[3.419s]   File "/home/april/mobilerobotics_ws/install/pathing/lib/python3.8/site-packages/pathing/better_soccer.py", line 236
[3.420s]     if (min(dists) < o.obs_radius or self.new_walkable == len(self.final_path):
[3.420s]                                                                               ^
[3.420s] SyntaxError: invalid syntax
[3.421s] 
[3.421s] running install_data
[3.424s] running install_egg_info
[3.428s] removing '/home/april/mobilerobotics_ws/install/pathing/lib/python3.8/site-packages/pathing-0.0.0-py3.8.egg-info' (and everything under it)
[3.428s] Copying ../../build/pathing/pathing.egg-info to /home/april/mobilerobotics_ws/install/pathing/lib/python3.8/site-packages/pathing-0.0.0-py3.8.egg-info
[3.432s] running install_scripts
[3.472s] Installing planner script to /home/april/mobilerobotics_ws/install/pathing/lib/pathing
[3.474s] writing list of installed files to '/home/april/mobilerobotics_ws/build/pathing/install.log'
[3.542s] Invoked command in '/home/april/mobilerobotics_ws/src/pathing' returned '0': PYTHONPATH=/home/april/mobilerobotics_ws/build/pathing/prefix_override:/home/april/mobilerobotics_ws/install/pathing/lib/python3.8/site-packages:${PYTHONPATH} /usr/bin/python3 setup.py egg_info --egg-base ../../build/pathing build --build-base /home/april/mobilerobotics_ws/build/pathing/build install --record /home/april/mobilerobotics_ws/build/pathing/install.log --single-version-externally-managed
