[4.388s] Invoking command in '/home/april/mobilerobotics_ws/src/pathing': PYTHONPATH=/home/april/mobilerobotics_ws/build/pathing/prefix_override:/home/april/mobilerobotics_ws/install/pathing/lib/python3.8/site-packages:${PYTHONPATH} /usr/bin/python3 setup.py egg_info --egg-base ../../build/pathing build --build-base /home/april/mobilerobotics_ws/build/pathing/build install --record /home/april/mobilerobotics_ws/build/pathing/install.log --single-version-externally-managed
[5.196s] running egg_info
[5.202s] writing ../../build/pathing/pathing.egg-info/PKG-INFO
[5.204s] writing dependency_links to ../../build/pathing/pathing.egg-info/dependency_links.txt
[5.207s] writing entry points to ../../build/pathing/pathing.egg-info/entry_points.txt
[5.209s] writing requirements to ../../build/pathing/pathing.egg-info/requires.txt
[5.212s] writing top-level names to ../../build/pathing/pathing.egg-info/top_level.txt
[5.320s] reading manifest file '../../build/pathing/pathing.egg-info/SOURCES.txt'
[5.322s] writing manifest file '../../build/pathing/pathing.egg-info/SOURCES.txt'
[5.323s] running build
[5.323s] running build_py
[5.324s] copying pathing/better_soccer.py -> /home/april/mobilerobotics_ws/build/pathing/build/lib/pathing
[5.326s] running install
[5.328s] running install_lib
[5.331s] copying /home/april/mobilerobotics_ws/build/pathing/build/lib/pathing/better_soccer.py -> /home/april/mobilerobotics_ws/install/pathing/lib/python3.8/site-packages/pathing
[5.334s] byte-compiling /home/april/mobilerobotics_ws/install/pathing/lib/python3.8/site-packages/pathing/better_soccer.py to better_soccer.cpython-38.pyc
[5.343s] running install_data
[5.346s] running install_egg_info
[5.354s] removing '/home/april/mobilerobotics_ws/install/pathing/lib/python3.8/site-packages/pathing-0.0.0-py3.8.egg-info' (and everything under it)
[5.358s] Copying ../../build/pathing/pathing.egg-info to /home/april/mobilerobotics_ws/install/pathing/lib/python3.8/site-packages/pathing-0.0.0-py3.8.egg-info
[5.368s] running install_scripts
[5.417s] Installing planner script to /home/april/mobilerobotics_ws/install/pathing/lib/pathing
[5.419s] writing list of installed files to '/home/april/mobilerobotics_ws/build/pathing/install.log'
[5.637s] Invoked command in '/home/april/mobilerobotics_ws/src/pathing' returned '0': PYTHONPATH=/home/april/mobilerobotics_ws/build/pathing/prefix_override:/home/april/mobilerobotics_ws/install/pathing/lib/python3.8/site-packages:${PYTHONPATH} /usr/bin/python3 setup.py egg_info --egg-base ../../build/pathing build --build-base /home/april/mobilerobotics_ws/build/pathing/build install --record /home/april/mobilerobotics_ws/build/pathing/install.log --single-version-externally-managed
