[1.842s] Invoking command in '/home/april/mobilerobotics_ws/src/pathing': PYTHONPATH=/home/april/mobilerobotics_ws/build/pathing/prefix_override:/home/april/mobilerobotics_ws/install/pathing/lib/python3.8/site-packages:${PYTHONPATH} /usr/bin/python3 setup.py egg_info --egg-base ../../build/pathing build --build-base /home/april/mobilerobotics_ws/build/pathing/build install --record /home/april/mobilerobotics_ws/build/pathing/install.log --single-version-externally-managed
[2.322s] running egg_info
[2.323s] writing ../../build/pathing/pathing.egg-info/PKG-INFO
[2.323s] writing dependency_links to ../../build/pathing/pathing.egg-info/dependency_links.txt
[2.324s] writing entry points to ../../build/pathing/pathing.egg-info/entry_points.txt
[2.324s] writing requirements to ../../build/pathing/pathing.egg-info/requires.txt
[2.324s] writing top-level names to ../../build/pathing/pathing.egg-info/top_level.txt
[2.391s] reading manifest file '../../build/pathing/pathing.egg-info/SOURCES.txt'
[2.392s] writing manifest file '../../build/pathing/pathing.egg-info/SOURCES.txt'
[2.393s] running build
[2.393s] running build_py
[2.393s] copying pathing/better_soccer.py -> /home/april/mobilerobotics_ws/build/pathing/build/lib/pathing
[2.397s] running install
[2.398s] running install_lib
[2.399s] copying /home/april/mobilerobotics_ws/build/pathing/build/lib/pathing/better_soccer.py -> /home/april/mobilerobotics_ws/install/pathing/lib/python3.8/site-packages/pathing
[2.399s] byte-compiling /home/april/mobilerobotics_ws/install/pathing/lib/python3.8/site-packages/pathing/better_soccer.py to better_soccer.cpython-38.pyc
[2.403s] running install_data
[2.403s] running install_egg_info
[2.406s] removing '/home/april/mobilerobotics_ws/install/pathing/lib/python3.8/site-packages/pathing-0.0.0-py3.8.egg-info' (and everything under it)
[2.406s] Copying ../../build/pathing/pathing.egg-info to /home/april/mobilerobotics_ws/install/pathing/lib/python3.8/site-packages/pathing-0.0.0-py3.8.egg-info
[2.409s] running install_scripts
[2.434s] Installing planner script to /home/april/mobilerobotics_ws/install/pathing/lib/pathing
[2.434s] writing list of installed files to '/home/april/mobilerobotics_ws/build/pathing/install.log'
[2.499s] Invoked command in '/home/april/mobilerobotics_ws/src/pathing' returned '0': PYTHONPATH=/home/april/mobilerobotics_ws/build/pathing/prefix_override:/home/april/mobilerobotics_ws/install/pathing/lib/python3.8/site-packages:${PYTHONPATH} /usr/bin/python3 setup.py egg_info --egg-base ../../build/pathing build --build-base /home/april/mobilerobotics_ws/build/pathing/build install --record /home/april/mobilerobotics_ws/build/pathing/install.log --single-version-externally-managed
