[9.326s] Invoking command in '/home/april/mobilerobotics_ws/src/pathing': PYTHONPATH=/home/april/mobilerobotics_ws/build/pathing/prefix_override:/home/april/mobilerobotics_ws/install/pathing/lib/python3.8/site-packages:${PYTHONPATH} /usr/bin/python3 setup.py egg_info --egg-base ../../build/pathing build --build-base /home/april/mobilerobotics_ws/build/pathing/build install --record /home/april/mobilerobotics_ws/build/pathing/install.log --single-version-externally-managed
[11.473s] running egg_info
[11.479s] writing ../../build/pathing/pathing.egg-info/PKG-INFO
[11.480s] writing dependency_links to ../../build/pathing/pathing.egg-info/dependency_links.txt
[11.480s] writing entry points to ../../build/pathing/pathing.egg-info/entry_points.txt
[11.480s] writing requirements to ../../build/pathing/pathing.egg-info/requires.txt
[11.481s] writing top-level names to ../../build/pathing/pathing.egg-info/top_level.txt
[11.672s] reading manifest file '../../build/pathing/pathing.egg-info/SOURCES.txt'
[11.678s] writing manifest file '../../build/pathing/pathing.egg-info/SOURCES.txt'
[11.680s] running build
[11.681s] running build_py
[11.682s] copying pathing/better_soccer.py -> /home/april/mobilerobotics_ws/build/pathing/build/lib/pathing
[11.686s] running install
[11.691s] running install_lib
[11.697s] copying /home/april/mobilerobotics_ws/build/pathing/build/lib/pathing/better_soccer.py -> /home/april/mobilerobotics_ws/install/pathing/lib/python3.8/site-packages/pathing
[11.701s] byte-compiling /home/april/mobilerobotics_ws/install/pathing/lib/python3.8/site-packages/pathing/better_soccer.py to better_soccer.cpython-38.pyc
[11.729s] running install_data
[11.731s] running install_egg_info
[11.739s] removing '/home/april/mobilerobotics_ws/install/pathing/lib/python3.8/site-packages/pathing-0.0.0-py3.8.egg-info' (and everything under it)
[11.747s] Copying ../../build/pathing/pathing.egg-info to /home/april/mobilerobotics_ws/install/pathing/lib/python3.8/site-packages/pathing-0.0.0-py3.8.egg-info
[11.756s] running install_scripts
[11.895s] Installing planner script to /home/april/mobilerobotics_ws/install/pathing/lib/pathing
[11.896s] writing list of installed files to '/home/april/mobilerobotics_ws/build/pathing/install.log'
[12.015s] Invoked command in '/home/april/mobilerobotics_ws/src/pathing' returned '0': PYTHONPATH=/home/april/mobilerobotics_ws/build/pathing/prefix_override:/home/april/mobilerobotics_ws/install/pathing/lib/python3.8/site-packages:${PYTHONPATH} /usr/bin/python3 setup.py egg_info --egg-base ../../build/pathing build --build-base /home/april/mobilerobotics_ws/build/pathing/build install --record /home/april/mobilerobotics_ws/build/pathing/install.log --single-version-externally-managed
