[3.991s] Invoking command in '/home/april/mobilerobotics_ws/src/pathing': PYTHONPATH=/home/april/mobilerobotics_ws/build/pathing/prefix_override:/home/april/mobilerobotics_ws/install/pathing/lib/python3.8/site-packages:${PYTHONPATH} /usr/bin/python3 setup.py egg_info --egg-base ../../build/pathing build --build-base /home/april/mobilerobotics_ws/build/pathing/build install --record /home/april/mobilerobotics_ws/build/pathing/install.log --single-version-externally-managed
[4.942s] running egg_info
[4.951s] writing ../../build/pathing/pathing.egg-info/PKG-INFO
[4.952s] writing dependency_links to ../../build/pathing/pathing.egg-info/dependency_links.txt
[4.953s] writing entry points to ../../build/pathing/pathing.egg-info/entry_points.txt
[4.953s] writing requirements to ../../build/pathing/pathing.egg-info/requires.txt
[4.954s] writing top-level names to ../../build/pathing/pathing.egg-info/top_level.txt
[5.099s] reading manifest file '../../build/pathing/pathing.egg-info/SOURCES.txt'
[5.105s] writing manifest file '../../build/pathing/pathing.egg-info/SOURCES.txt'
[5.112s] running build
[5.115s] running build_py
[5.116s] copying pathing/better_soccer.py -> /home/april/mobilerobotics_ws/build/pathing/build/lib/pathing
[5.131s] running install
[5.133s] running install_lib
[5.139s] copying /home/april/mobilerobotics_ws/build/pathing/build/lib/pathing/better_soccer.py -> /home/april/mobilerobotics_ws/install/pathing/lib/python3.8/site-packages/pathing
[5.156s] byte-compiling /home/april/mobilerobotics_ws/install/pathing/lib/python3.8/site-packages/pathing/better_soccer.py to better_soccer.cpython-38.pyc
[5.172s] running install_data
[5.174s] running install_egg_info
[5.180s] removing '/home/april/mobilerobotics_ws/install/pathing/lib/python3.8/site-packages/pathing-0.0.0-py3.8.egg-info' (and everything under it)
[5.182s] Copying ../../build/pathing/pathing.egg-info to /home/april/mobilerobotics_ws/install/pathing/lib/python3.8/site-packages/pathing-0.0.0-py3.8.egg-info
[5.187s] running install_scripts
[5.256s] Installing planner script to /home/april/mobilerobotics_ws/install/pathing/lib/pathing
[5.261s] writing list of installed files to '/home/april/mobilerobotics_ws/build/pathing/install.log'
[6.075s] Invoked command in '/home/april/mobilerobotics_ws/src/pathing' returned '0': PYTHONPATH=/home/april/mobilerobotics_ws/build/pathing/prefix_override:/home/april/mobilerobotics_ws/install/pathing/lib/python3.8/site-packages:${PYTHONPATH} /usr/bin/python3 setup.py egg_info --egg-base ../../build/pathing build --build-base /home/april/mobilerobotics_ws/build/pathing/build install --record /home/april/mobilerobotics_ws/build/pathing/install.log --single-version-externally-managed
