[4.707s] Invoking command in '/home/april/mobilerobotics_ws/src/pathing': PYTHONPATH=/home/april/mobilerobotics_ws/build/pathing/prefix_override:/home/april/mobilerobotics_ws/install/pathing/lib/python3.8/site-packages:${PYTHONPATH} /usr/bin/python3 setup.py egg_info --egg-base ../../build/pathing build --build-base /home/april/mobilerobotics_ws/build/pathing/build install --record /home/april/mobilerobotics_ws/build/pathing/install.log --single-version-externally-managed
[5.529s] running egg_info
[5.531s] writing ../../build/pathing/pathing.egg-info/PKG-INFO
[5.534s] writing dependency_links to ../../build/pathing/pathing.egg-info/dependency_links.txt
[5.534s] writing entry points to ../../build/pathing/pathing.egg-info/entry_points.txt
[5.534s] writing requirements to ../../build/pathing/pathing.egg-info/requires.txt
[5.534s] writing top-level names to ../../build/pathing/pathing.egg-info/top_level.txt
[5.626s] reading manifest file '../../build/pathing/pathing.egg-info/SOURCES.txt'
[5.637s] writing manifest file '../../build/pathing/pathing.egg-info/SOURCES.txt'
[5.647s] running build
[5.648s] running build_py
[5.650s] copying pathing/better_soccer.py -> /home/april/mobilerobotics_ws/build/pathing/build/lib/pathing
[5.654s] running install
[5.659s] running install_lib
[5.662s] copying /home/april/mobilerobotics_ws/build/pathing/build/lib/pathing/better_soccer.py -> /home/april/mobilerobotics_ws/install/pathing/lib/python3.8/site-packages/pathing
[5.666s] byte-compiling /home/april/mobilerobotics_ws/install/pathing/lib/python3.8/site-packages/pathing/better_soccer.py to better_soccer.cpython-38.pyc
[5.685s] running install_data
[5.689s] running install_egg_info
[5.694s] removing '/home/april/mobilerobotics_ws/install/pathing/lib/python3.8/site-packages/pathing-0.0.0-py3.8.egg-info' (and everything under it)
[5.696s] Copying ../../build/pathing/pathing.egg-info to /home/april/mobilerobotics_ws/install/pathing/lib/python3.8/site-packages/pathing-0.0.0-py3.8.egg-info
[5.703s] running install_scripts
[5.791s] Installing planner script to /home/april/mobilerobotics_ws/install/pathing/lib/pathing
[5.792s] writing list of installed files to '/home/april/mobilerobotics_ws/build/pathing/install.log'
[6.084s] Invoked command in '/home/april/mobilerobotics_ws/src/pathing' returned '0': PYTHONPATH=/home/april/mobilerobotics_ws/build/pathing/prefix_override:/home/april/mobilerobotics_ws/install/pathing/lib/python3.8/site-packages:${PYTHONPATH} /usr/bin/python3 setup.py egg_info --egg-base ../../build/pathing build --build-base /home/april/mobilerobotics_ws/build/pathing/build install --record /home/april/mobilerobotics_ws/build/pathing/install.log --single-version-externally-managed
