[9.520s] Invoking command in '/home/april/mobilerobotics_ws/src/pathing': PYTHONPATH=/home/april/mobilerobotics_ws/build/pathing/prefix_override:/home/april/mobilerobotics_ws/install/pathing/lib/python3.8/site-packages:${PYTHONPATH} /usr/bin/python3 setup.py egg_info --egg-base ../../build/pathing build --build-base /home/april/mobilerobotics_ws/build/pathing/build install --record /home/april/mobilerobotics_ws/build/pathing/install.log --single-version-externally-managed
[11.904s] running egg_info
[11.906s] writing ../../build/pathing/pathing.egg-info/PKG-INFO
[11.907s] writing dependency_links to ../../build/pathing/pathing.egg-info/dependency_links.txt
[11.907s] writing entry points to ../../build/pathing/pathing.egg-info/entry_points.txt
[11.908s] writing requirements to ../../build/pathing/pathing.egg-info/requires.txt
[11.909s] writing top-level names to ../../build/pathing/pathing.egg-info/top_level.txt
[12.122s] reading manifest file '../../build/pathing/pathing.egg-info/SOURCES.txt'
[12.130s] writing manifest file '../../build/pathing/pathing.egg-info/SOURCES.txt'
[12.132s] running build
[12.134s] running build_py
[12.136s] copying pathing/better_soccer.py -> /home/april/mobilerobotics_ws/build/pathing/build/lib/pathing
[12.140s] running install
[12.153s] running install_lib
[12.170s] copying /home/april/mobilerobotics_ws/build/pathing/build/lib/pathing/better_soccer.py -> /home/april/mobilerobotics_ws/install/pathing/lib/python3.8/site-packages/pathing
[12.189s] byte-compiling /home/april/mobilerobotics_ws/install/pathing/lib/python3.8/site-packages/pathing/better_soccer.py to better_soccer.cpython-38.pyc
[12.212s] running install_data
[12.215s] running install_egg_info
[12.225s] removing '/home/april/mobilerobotics_ws/install/pathing/lib/python3.8/site-packages/pathing-0.0.0-py3.8.egg-info' (and everything under it)
[12.231s] Copying ../../build/pathing/pathing.egg-info to /home/april/mobilerobotics_ws/install/pathing/lib/python3.8/site-packages/pathing-0.0.0-py3.8.egg-info
[12.250s] running install_scripts
[12.387s] Installing planner script to /home/april/mobilerobotics_ws/install/pathing/lib/pathing
[12.392s] writing list of installed files to '/home/april/mobilerobotics_ws/build/pathing/install.log'
[12.503s] Invoked command in '/home/april/mobilerobotics_ws/src/pathing' returned '0': PYTHONPATH=/home/april/mobilerobotics_ws/build/pathing/prefix_override:/home/april/mobilerobotics_ws/install/pathing/lib/python3.8/site-packages:${PYTHONPATH} /usr/bin/python3 setup.py egg_info --egg-base ../../build/pathing build --build-base /home/april/mobilerobotics_ws/build/pathing/build install --record /home/april/mobilerobotics_ws/build/pathing/install.log --single-version-externally-managed
