[3.686s] Invoking command in '/home/april/mobilerobotics_ws/src/pathing': PYTHONPATH=/home/april/mobilerobotics_ws/build/pathing/prefix_override:/home/april/mobilerobotics_ws/install/pathing/lib/python3.8/site-packages:${PYTHONPATH} /usr/bin/python3 setup.py egg_info --egg-base ../../build/pathing build --build-base /home/april/mobilerobotics_ws/build/pathing/build install --record /home/april/mobilerobotics_ws/build/pathing/install.log --single-version-externally-managed
[4.782s] running egg_info
[4.788s] writing ../../build/pathing/pathing.egg-info/PKG-INFO
[4.791s] writing dependency_links to ../../build/pathing/pathing.egg-info/dependency_links.txt
[4.793s] writing entry points to ../../build/pathing/pathing.egg-info/entry_points.txt
[4.795s] writing requirements to ../../build/pathing/pathing.egg-info/requires.txt
[4.796s] writing top-level names to ../../build/pathing/pathing.egg-info/top_level.txt
[4.889s] reading manifest file '../../build/pathing/pathing.egg-info/SOURCES.txt'
[4.894s] writing manifest file '../../build/pathing/pathing.egg-info/SOURCES.txt'
[4.902s] running build
[4.902s] running build_py
[4.903s] copying pathing/better_soccer.py -> /home/april/mobilerobotics_ws/build/pathing/build/lib/pathing
[4.903s] running install
[4.903s] running install_lib
[4.907s] copying /home/april/mobilerobotics_ws/build/pathing/build/lib/pathing/better_soccer.py -> /home/april/mobilerobotics_ws/install/pathing/lib/python3.8/site-packages/pathing
[4.908s] byte-compiling /home/april/mobilerobotics_ws/install/pathing/lib/python3.8/site-packages/pathing/better_soccer.py to better_soccer.cpython-38.pyc
[4.916s] running install_data
[4.917s] running install_egg_info
[4.919s] removing '/home/april/mobilerobotics_ws/install/pathing/lib/python3.8/site-packages/pathing-0.0.0-py3.8.egg-info' (and everything under it)
[4.920s] Copying ../../build/pathing/pathing.egg-info to /home/april/mobilerobotics_ws/install/pathing/lib/python3.8/site-packages/pathing-0.0.0-py3.8.egg-info
[4.922s] running install_scripts
[4.989s] Installing planner script to /home/april/mobilerobotics_ws/install/pathing/lib/pathing
[4.993s] writing list of installed files to '/home/april/mobilerobotics_ws/build/pathing/install.log'
[5.092s] Invoked command in '/home/april/mobilerobotics_ws/src/pathing' returned '0': PYTHONPATH=/home/april/mobilerobotics_ws/build/pathing/prefix_override:/home/april/mobilerobotics_ws/install/pathing/lib/python3.8/site-packages:${PYTHONPATH} /usr/bin/python3 setup.py egg_info --egg-base ../../build/pathing build --build-base /home/april/mobilerobotics_ws/build/pathing/build install --record /home/april/mobilerobotics_ws/build/pathing/install.log --single-version-externally-managed
